Running with c=1, seed=4
GPU Not Enabled
Learning rate eta = 1.0
The size of local train datasets:  [1652, 1652, 1651, 1651, 1651, 1651, 1651, 1651, 1651, 1651]
Shuffling 16520 1.2 -DP local randomizers results is (eps,  1e-08 )-DP in the shuffle model for eps between 0.06864230678113897 and 0.0693993910471074
The final epsilon, delta is ( 14.24881364270569 , 1e-05 )
Iter: 0 | Train Loss: 0.7413997054100037, Train Acc: 0.0, Train Grad Norm 18.126903533935547, | Test Loss: 0.7437925338745117, Test Acc: 0.0, Test Grad Norm: 19.0118350982666
Iter: 20 | Train Loss: 0.1836460530757904, Train Acc: 0.0, Train Grad Norm 1.8950194120407104, | Test Loss: 0.1998983472585678, Test Acc: 0.0, Test Grad Norm: 1.8203243017196655 | Elapsed Time: 15.004318475723267
Iter: 40 | Train Loss: 0.5109599232673645, Train Acc: 0.0, Train Grad Norm 5.350726127624512, | Test Loss: 0.5459316968917847, Test Acc: 0.0, Test Grad Norm: 5.606834411621094 | Elapsed Time: 30.005173683166504
Patience count 1
Iter: 60 | Train Loss: 0.4375813603401184, Train Acc: 0.0, Train Grad Norm 5.7862701416015625, | Test Loss: 0.44434854388237, Test Acc: 0.0, Test Grad Norm: 4.231352806091309 | Elapsed Time: 45.06151080131531
Patience count 2
Iter: 80 | Train Loss: 0.24551446735858917, Train Acc: 0.0, Train Grad Norm 1.7923095226287842, | Test Loss: 0.4413105547428131, Test Acc: 0.0, Test Grad Norm: 14.334784507751465 | Elapsed Time: 60.02210736274719
Patience count 3
Iter: 100 | Train Loss: 0.17724230885505676, Train Acc: 0.0, Train Grad Norm 2.5406875610351562, | Test Loss: 0.23588354885578156, Test Acc: 0.0, Test Grad Norm: 5.338948726654053 | Elapsed Time: 75.00125217437744
Learning was stopped
Learning rate eta = 0.5
The size of local train datasets:  [1652, 1652, 1651, 1651, 1651, 1651, 1651, 1651, 1651, 1651]
Shuffling 16520 1.2 -DP local randomizers results is (eps,  1e-08 )-DP in the shuffle model for eps between 0.06864230678113897 and 0.0693993910471074
The final epsilon, delta is ( 14.24881364270569 , 1e-05 )
Iter: 0 | Train Loss: 0.7413997054100037, Train Acc: 0.0, Train Grad Norm 18.126903533935547, | Test Loss: 0.7437925338745117, Test Acc: 0.0, Test Grad Norm: 19.0118350982666
Iter: 20 | Train Loss: 0.24853312969207764, Train Acc: 0.0, Train Grad Norm 4.777490615844727, | Test Loss: 0.27591314911842346, Test Acc: 0.0, Test Grad Norm: 3.887864828109741 | Elapsed Time: 15.034190893173218
Iter: 40 | Train Loss: 0.11014360934495926, Train Acc: 0.0, Train Grad Norm 0.8492699861526489, | Test Loss: 0.17614738643169403, Test Acc: 0.0, Test Grad Norm: 1.1887609958648682 | Elapsed Time: 30.186402082443237
Iter: 60 | Train Loss: 0.06578138470649719, Train Acc: 0.0, Train Grad Norm 0.1298590749502182, | Test Loss: 0.06608004122972488, Test Acc: 0.0, Test Grad Norm: 0.10619330406188965 | Elapsed Time: 45.603041887283325
Iter: 80 | Train Loss: 0.04918244853615761, Train Acc: 0.0, Train Grad Norm 0.07114439457654953, | Test Loss: 0.04999780282378197, Test Acc: 0.0, Test Grad Norm: 0.1279727965593338 | Elapsed Time: 60.74524235725403
Iter: 100 | Train Loss: 0.08385618031024933, Train Acc: 0.0, Train Grad Norm 0.5595988631248474, | Test Loss: 0.13012750446796417, Test Acc: 0.0, Test Grad Norm: 1.2695600986480713 | Elapsed Time: 76.03962731361389
Patience count 1
Iter: 120 | Train Loss: 0.10975424945354462, Train Acc: 0.0, Train Grad Norm 0.8509516716003418, | Test Loss: 0.14170384407043457, Test Acc: 0.0, Test Grad Norm: 1.2730705738067627 | Elapsed Time: 91.15564393997192
Patience count 2
Iter: 140 | Train Loss: 0.16754071414470673, Train Acc: 0.0, Train Grad Norm 0.559947669506073, | Test Loss: 0.791673481464386, Test Acc: 0.0, Test Grad Norm: 25.30396270751953 | Elapsed Time: 106.28254699707031
Patience count 3
Iter: 160 | Train Loss: 0.1453939974308014, Train Acc: 0.0, Train Grad Norm 0.3264564275741577, | Test Loss: 0.34387093782424927, Test Acc: 0.0, Test Grad Norm: 8.054219245910645 | Elapsed Time: 121.51928234100342
Learning was stopped
Learning rate eta = 0.25
The size of local train datasets:  [1652, 1652, 1651, 1651, 1651, 1651, 1651, 1651, 1651, 1651]
Shuffling 16520 1.2 -DP local randomizers results is (eps,  1e-08 )-DP in the shuffle model for eps between 0.06864230678113897 and 0.0693993910471074
The final epsilon, delta is ( 14.24881364270569 , 1e-05 )
Iter: 0 | Train Loss: 0.7413997054100037, Train Acc: 0.0, Train Grad Norm 18.126903533935547, | Test Loss: 0.7437925338745117, Test Acc: 0.0, Test Grad Norm: 19.0118350982666
Iter: 20 | Train Loss: 0.40154603123664856, Train Acc: 0.0, Train Grad Norm 9.44366455078125, | Test Loss: 0.3946980834007263, Test Acc: 0.0, Test Grad Norm: 9.321637153625488 | Elapsed Time: 15.20454216003418
Iter: 40 | Train Loss: 0.24012091755867004, Train Acc: 0.0, Train Grad Norm 5.092962741851807, | Test Loss: 0.2367931753396988, Test Acc: 0.0, Test Grad Norm: 4.953200340270996 | Elapsed Time: 30.350345611572266
Iter: 60 | Train Loss: 0.14213915169239044, Train Acc: 0.0, Train Grad Norm 2.4382052421569824, | Test Loss: 0.1402484029531479, Test Acc: 0.0, Test Grad Norm: 2.297778606414795 | Elapsed Time: 45.62118625640869
Iter: 80 | Train Loss: 0.08325904607772827, Train Acc: 0.0, Train Grad Norm 0.8335072994232178, | Test Loss: 0.14273913204669952, Test Acc: 0.0, Test Grad Norm: 1.146438479423523 | Elapsed Time: 60.72305369377136
Iter: 100 | Train Loss: 0.07652082294225693, Train Acc: 0.0, Train Grad Norm 0.4305514097213745, | Test Loss: 0.12920796871185303, Test Acc: 0.0, Test Grad Norm: 1.0740501880645752 | Elapsed Time: 75.94182467460632
Iter: 120 | Train Loss: 0.06750591099262238, Train Acc: 0.0, Train Grad Norm 0.10709470510482788, | Test Loss: 0.13739226758480072, Test Acc: 0.0, Test Grad Norm: 1.652230978012085 | Elapsed Time: 91.11430668830872
Iter: 140 | Train Loss: 0.07149545103311539, Train Acc: 0.0, Train Grad Norm 0.0588015653192997, | Test Loss: 0.1865759938955307, Test Acc: 0.0, Test Grad Norm: 3.5854251384735107 | Elapsed Time: 106.36208033561707
Patience count 1
Iter: 160 | Train Loss: 0.06097358837723732, Train Acc: 0.0, Train Grad Norm 0.1344979703426361, | Test Loss: 0.14483541250228882, Test Acc: 0.0, Test Grad Norm: 2.2101306915283203 | Elapsed Time: 121.55444622039795
Iter: 180 | Train Loss: 0.06515342742204666, Train Acc: 0.0, Train Grad Norm 0.04249567538499832, | Test Loss: 0.12288814783096313, Test Acc: 0.0, Test Grad Norm: 1.1651753187179565 | Elapsed Time: 136.79880619049072
Patience count 1
Iter: 200 | Train Loss: 0.06602409482002258, Train Acc: 0.0, Train Grad Norm 0.04106516391038895, | Test Loss: 0.1321956068277359, Test Acc: 0.0, Test Grad Norm: 1.3752589225769043 | Elapsed Time: 152.08523535728455
Patience count 2
Iter: 220 | Train Loss: 0.058368366211652756, Train Acc: 0.0, Train Grad Norm 0.030266841873526573, | Test Loss: 0.07222464680671692, Test Acc: 0.0, Test Grad Norm: 0.21386899054050446 | Elapsed Time: 167.25164604187012
Iter: 240 | Train Loss: 0.053045738488435745, Train Acc: 0.0, Train Grad Norm 0.05034824088215828, | Test Loss: 0.05613863840699196, Test Acc: 0.0, Test Grad Norm: 0.06557899713516235 | Elapsed Time: 182.47498655319214
Iter: 260 | Train Loss: 0.050076261162757874, Train Acc: 0.0, Train Grad Norm 0.01717277802526951, | Test Loss: 0.05168571323156357, Test Acc: 0.0, Test Grad Norm: 0.038339804857969284 | Elapsed Time: 197.85851645469666
Iter: 280 | Train Loss: 0.05831822007894516, Train Acc: 0.0, Train Grad Norm 0.05193531513214111, | Test Loss: 0.06021563336253166, Test Acc: 0.0, Test Grad Norm: 0.12974031269550323 | Elapsed Time: 213.1085991859436
Patience count 1
Iter: 300 | Train Loss: 0.05161980539560318, Train Acc: 0.0, Train Grad Norm 0.0548318475484848, | Test Loss: 0.0569881871342659, Test Acc: 0.0, Test Grad Norm: 0.26233455538749695 | Elapsed Time: 228.2655692100525
Iter: 320 | Train Loss: 0.05560553818941116, Train Acc: 0.0, Train Grad Norm 0.05591798946261406, | Test Loss: 0.05881618335843086, Test Acc: 0.0, Test Grad Norm: 0.22930406033992767 | Elapsed Time: 243.578852891922
Patience count 2
Iter: 340 | Train Loss: 0.06266537308692932, Train Acc: 0.0, Train Grad Norm 0.0910753458738327, | Test Loss: 0.06138195842504501, Test Acc: 0.0, Test Grad Norm: 0.14997997879981995 | Elapsed Time: 258.7314522266388
Patience count 3
Iter: 360 | Train Loss: 0.0743781104683876, Train Acc: 0.0, Train Grad Norm 0.12165023386478424, | Test Loss: 0.06458821147680283, Test Acc: 0.0, Test Grad Norm: 0.068876251578331 | Elapsed Time: 273.92188930511475
Learning was stopped
Learning rate eta = 0.125
The size of local train datasets:  [1652, 1652, 1651, 1651, 1651, 1651, 1651, 1651, 1651, 1651]
Shuffling 16520 1.2 -DP local randomizers results is (eps,  1e-08 )-DP in the shuffle model for eps between 0.06864230678113897 and 0.0693993910471074
The final epsilon, delta is ( 14.24881364270569 , 1e-05 )
Iter: 0 | Train Loss: 0.7413997054100037, Train Acc: 0.0, Train Grad Norm 18.126903533935547, | Test Loss: 0.7437925338745117, Test Acc: 0.0, Test Grad Norm: 19.0118350982666
Iter: 20 | Train Loss: 0.5687217116355896, Train Acc: 0.0, Train Grad Norm 13.64293098449707, | Test Loss: 0.566723108291626, Test Acc: 0.0, Test Grad Norm: 14.147184371948242 | Elapsed Time: 15.26426911354065
Iter: 40 | Train Loss: 0.4032374322414398, Train Acc: 0.0, Train Grad Norm 9.167351722717285, | Test Loss: 0.39903342723846436, Test Acc: 0.0, Test Grad Norm: 9.439756393432617 | Elapsed Time: 30.54792308807373
Iter: 60 | Train Loss: 0.2809428870677948, Train Acc: 0.0, Train Grad Norm 5.945995330810547, | Test Loss: 0.27478840947151184, Test Acc: 0.0, Test Grad Norm: 5.950951099395752 | Elapsed Time: 45.74812984466553
Iter: 80 | Train Loss: 0.19373849034309387, Train Acc: 0.0, Train Grad Norm 3.6579082012176514, | Test Loss: 0.18799041211605072, Test Acc: 0.0, Test Grad Norm: 3.483675718307495 | Elapsed Time: 61.09483623504639
Iter: 100 | Train Loss: 0.1372767835855484, Train Acc: 0.0, Train Grad Norm 2.2567830085754395, | Test Loss: 0.13345476984977722, Test Acc: 0.0, Test Grad Norm: 2.241694688796997 | Elapsed Time: 76.27452993392944
Iter: 120 | Train Loss: 0.09373562037944794, Train Acc: 0.0, Train Grad Norm 1.1189781427383423, | Test Loss: 0.09098110347986221, Test Acc: 0.0, Test Grad Norm: 1.0037274360656738 | Elapsed Time: 91.57690930366516
Iter: 140 | Train Loss: 0.08065373450517654, Train Acc: 0.0, Train Grad Norm 0.8572922945022583, | Test Loss: 0.07818169891834259, Test Acc: 0.0, Test Grad Norm: 0.81089848279953 | Elapsed Time: 106.88990783691406
Iter: 160 | Train Loss: 0.07170185446739197, Train Acc: 0.0, Train Grad Norm 0.5980517864227295, | Test Loss: 0.06959214806556702, Test Acc: 0.0, Test Grad Norm: 0.5891249179840088 | Elapsed Time: 122.15940952301025
Iter: 180 | Train Loss: 0.060572534799575806, Train Acc: 0.0, Train Grad Norm 0.23764768242835999, | Test Loss: 0.05809152498841286, Test Acc: 0.0, Test Grad Norm: 0.2162792682647705 | Elapsed Time: 137.33286690711975
Iter: 200 | Train Loss: 0.05483505502343178, Train Acc: 0.0, Train Grad Norm 0.05831516161561012, | Test Loss: 0.05616338551044464, Test Acc: 0.0, Test Grad Norm: 0.06357915699481964 | Elapsed Time: 152.60292172431946
Iter: 220 | Train Loss: 0.052846360951662064, Train Acc: 0.0, Train Grad Norm 0.015598397701978683, | Test Loss: 0.054550740867853165, Test Acc: 0.0, Test Grad Norm: 0.04924916848540306 | Elapsed Time: 167.94242763519287
Iter: 240 | Train Loss: 0.05731770396232605, Train Acc: 0.0, Train Grad Norm 0.026601899415254593, | Test Loss: 0.052944932132959366, Test Acc: 0.0, Test Grad Norm: 0.01628963090479374 | Elapsed Time: 183.17615675926208
Patience count 1
Iter: 260 | Train Loss: 0.054433126002550125, Train Acc: 0.0, Train Grad Norm 0.04908444732427597, | Test Loss: 0.04976129159331322, Test Acc: 0.0, Test Grad Norm: 0.0355139896273613 | Elapsed Time: 198.35239362716675
Iter: 280 | Train Loss: 0.050126660615205765, Train Acc: 0.0, Train Grad Norm 0.04869627207517624, | Test Loss: 0.04878298565745354, Test Acc: 0.0, Test Grad Norm: 0.06510177254676819 | Elapsed Time: 213.73854899406433
Iter: 300 | Train Loss: 0.04259401559829712, Train Acc: 0.0, Train Grad Norm 0.0179895032197237, | Test Loss: 0.04116670787334442, Test Acc: 0.0, Test Grad Norm: 0.011779212392866611 | Elapsed Time: 228.91910552978516
Iter: 320 | Train Loss: 0.04101315885782242, Train Acc: 0.0, Train Grad Norm 0.012359918095171452, | Test Loss: 0.039043743163347244, Test Acc: 0.0, Test Grad Norm: 0.006667252164334059 | Elapsed Time: 244.44324660301208
Iter: 340 | Train Loss: 0.039627332240343094, Train Acc: 0.0, Train Grad Norm 0.01231478527188301, | Test Loss: 0.039839886128902435, Test Acc: 0.0, Test Grad Norm: 0.03459934890270233 | Elapsed Time: 259.8479046821594
Iter: 360 | Train Loss: 0.041014961898326874, Train Acc: 0.0, Train Grad Norm 0.027922606095671654, | Test Loss: 0.04234231263399124, Test Acc: 0.0, Test Grad Norm: 0.074243925511837 | Elapsed Time: 275.23892617225647
Iter: 380 | Train Loss: 0.04294321686029434, Train Acc: 0.0, Train Grad Norm 0.020305130630731583, | Test Loss: 0.046741656959056854, Test Acc: 0.0, Test Grad Norm: 0.0983610600233078 | Elapsed Time: 290.52854084968567
Patience count 1
Iter: 400 | Train Loss: 0.03961603716015816, Train Acc: 0.0, Train Grad Norm 0.03992940112948418, | Test Loss: 0.04612547531723976, Test Acc: 0.0, Test Grad Norm: 0.16996191442012787 | Elapsed Time: 305.993940114975
Iter: 420 | Train Loss: 0.036732252687215805, Train Acc: 0.0, Train Grad Norm 0.013737800531089306, | Test Loss: 0.0463356077671051, Test Acc: 0.0, Test Grad Norm: 0.18993186950683594 | Elapsed Time: 321.28767681121826
Iter: 440 | Train Loss: 0.03782325237989426, Train Acc: 0.0, Train Grad Norm 0.032038189470767975, | Test Loss: 0.0399123840034008, Test Acc: 0.0, Test Grad Norm: 0.09239142388105392 | Elapsed Time: 336.71988105773926
Iter: 460 | Train Loss: 0.03885544091463089, Train Acc: 0.0, Train Grad Norm 0.01629655435681343, | Test Loss: 0.04173174500465393, Test Acc: 0.0, Test Grad Norm: 0.08004870265722275 | Elapsed Time: 352.1727216243744
Patience count 1
Iter: 480 | Train Loss: 0.04420021176338196, Train Acc: 0.0, Train Grad Norm 0.028894972056150436, | Test Loss: 0.05716738849878311, Test Acc: 0.0, Test Grad Norm: 0.26137980818748474 | Elapsed Time: 367.4785952568054
Patience count 2
Iter: 500 | Train Loss: 0.04343237727880478, Train Acc: 0.0, Train Grad Norm 0.023786887526512146, | Test Loss: 0.05353771522641182, Test Acc: 0.0, Test Grad Norm: 0.18271788954734802 | Elapsed Time: 382.7973384857178
Patience count 3
Running with c=3, seed=4
GPU Not Enabled
Learning rate eta = 1.0
The size of local train datasets:  [1652, 1652, 1651, 1651, 1651, 1651, 1651, 1651, 1651, 1651]
Shuffling 16520 1.2 -DP local randomizers results is (eps,  1e-08 )-DP in the shuffle model for eps between 0.06864230678113897 and 0.0693993910471074
The final epsilon, delta is ( 14.24881364270569 , 1e-05 )
Iter: 0 | Train Loss: 0.7413997054100037, Train Acc: 0.0, Train Grad Norm 18.126903533935547, | Test Loss: 0.7437925338745117, Test Acc: 0.0, Test Grad Norm: 19.0118350982666
Iter: 20 | Train Loss: 0.20013566315174103, Train Acc: 0.0, Train Grad Norm 2.9918413162231445, | Test Loss: 0.2944089472293854, Test Acc: 0.0, Test Grad Norm: 9.479095458984375 | Elapsed Time: 15.137152671813965
Iter: 40 | Train Loss: 0.14649339020252228, Train Acc: 0.0, Train Grad Norm 0.7835074663162231, | Test Loss: 0.4237357974052429, Test Acc: 0.0, Test Grad Norm: 26.872304916381836 | Elapsed Time: 30.173670768737793
Iter: 60 | Train Loss: 0.09550508856773376, Train Acc: 0.0, Train Grad Norm 0.3164551854133606, | Test Loss: 0.29714956879615784, Test Acc: 0.0, Test Grad Norm: 17.4780330657959 | Elapsed Time: 45.71543550491333
Iter: 80 | Train Loss: 0.12732850015163422, Train Acc: 0.0, Train Grad Norm 0.6459563374519348, | Test Loss: 0.12325676530599594, Test Acc: 0.0, Test Grad Norm: 2.224379777908325 | Elapsed Time: 61.20246744155884
Patience count 1
Iter: 100 | Train Loss: 0.14296241104602814, Train Acc: 0.0, Train Grad Norm 0.4600178897380829, | Test Loss: 0.19072288274765015, Test Acc: 0.0, Test Grad Norm: 6.5558342933654785 | Elapsed Time: 76.37268233299255
Patience count 2
Iter: 120 | Train Loss: 0.11376023292541504, Train Acc: 0.0, Train Grad Norm 0.4037363827228546, | Test Loss: 0.12163372337818146, Test Acc: 0.0, Test Grad Norm: 2.6436569690704346 | Elapsed Time: 91.37215423583984
Patience count 3
Iter: 140 | Train Loss: 0.13109858334064484, Train Acc: 0.0, Train Grad Norm 0.4421212375164032, | Test Loss: 0.13558734953403473, Test Acc: 0.0, Test Grad Norm: 1.2582933902740479 | Elapsed Time: 106.60879898071289
Learning was stopped
Learning rate eta = 0.5
The size of local train datasets:  [1652, 1652, 1651, 1651, 1651, 1651, 1651, 1651, 1651, 1651]
Shuffling 16520 1.2 -DP local randomizers results is (eps,  1e-08 )-DP in the shuffle model for eps between 0.06864230678113897 and 0.0693993910471074
The final epsilon, delta is ( 14.24881364270569 , 1e-05 )
Iter: 0 | Train Loss: 0.7413997054100037, Train Acc: 0.0, Train Grad Norm 18.126903533935547, | Test Loss: 0.7437925338745117, Test Acc: 0.0, Test Grad Norm: 19.0118350982666
Iter: 20 | Train Loss: 0.246308371424675, Train Acc: 0.0, Train Grad Norm 6.108092308044434, | Test Loss: 0.24441775679588318, Test Acc: 0.0, Test Grad Norm: 6.132375240325928 | Elapsed Time: 15.205804586410522
Iter: 40 | Train Loss: 0.10347562283277512, Train Acc: 0.0, Train Grad Norm 0.7835651636123657, | Test Loss: 0.0958220586180687, Test Acc: 0.0, Test Grad Norm: 0.8462846279144287 | Elapsed Time: 30.33994460105896
Iter: 60 | Train Loss: 0.07783679664134979, Train Acc: 0.0, Train Grad Norm 0.056811779737472534, | Test Loss: 0.08465473353862762, Test Acc: 0.0, Test Grad Norm: 0.5319628715515137 | Elapsed Time: 45.56667160987854
Iter: 80 | Train Loss: 0.06409679353237152, Train Acc: 0.0, Train Grad Norm 0.08878177404403687, | Test Loss: 0.11563501507043839, Test Acc: 0.0, Test Grad Norm: 2.4674015045166016 | Elapsed Time: 60.67762899398804
Iter: 100 | Train Loss: 0.08785130828619003, Train Acc: 0.0, Train Grad Norm 0.0791916623711586, | Test Loss: 0.08868925273418427, Test Acc: 0.0, Test Grad Norm: 0.2889595031738281 | Elapsed Time: 75.90708923339844
Patience count 1
Iter: 120 | Train Loss: 0.1346070021390915, Train Acc: 0.0, Train Grad Norm 0.5188606381416321, | Test Loss: 0.11412028968334198, Test Acc: 0.0, Test Grad Norm: 0.28115183115005493 | Elapsed Time: 90.95256090164185
Patience count 2
Iter: 140 | Train Loss: 0.234231635928154, Train Acc: 0.0, Train Grad Norm 1.6079005002975464, | Test Loss: 0.21788841485977173, Test Acc: 0.0, Test Grad Norm: 2.6433217525482178 | Elapsed Time: 107.05152487754822
Patience count 3
Iter: 160 | Train Loss: 0.16830939054489136, Train Acc: 0.0, Train Grad Norm 1.6062716245651245, | Test Loss: 0.14996016025543213, Test Acc: 0.0, Test Grad Norm: 2.672344446182251 | Elapsed Time: 121.9803466796875
Learning was stopped
Learning rate eta = 0.25
The size of local train datasets:  [1652, 1652, 1651, 1651, 1651, 1651, 1651, 1651, 1651, 1651]
Shuffling 16520 1.2 -DP local randomizers results is (eps,  1e-08 )-DP in the shuffle model for eps between 0.06864230678113897 and 0.0693993910471074
The final epsilon, delta is ( 14.24881364270569 , 1e-05 )
Iter: 0 | Train Loss: 0.7413997054100037, Train Acc: 0.0, Train Grad Norm 18.126903533935547, | Test Loss: 0.7437925338745117, Test Acc: 0.0, Test Grad Norm: 19.0118350982666
Iter: 20 | Train Loss: 0.47394147515296936, Train Acc: 0.0, Train Grad Norm 11.082135200500488, | Test Loss: 0.4668882191181183, Test Acc: 0.0, Test Grad Norm: 11.059212684631348 | Elapsed Time: 14.978258609771729
Iter: 40 | Train Loss: 0.31843385100364685, Train Acc: 0.0, Train Grad Norm 6.8488311767578125, | Test Loss: 0.3132949471473694, Test Acc: 0.0, Test Grad Norm: 6.840342998504639 | Elapsed Time: 29.973025798797607
Iter: 60 | Train Loss: 0.1878547966480255, Train Acc: 0.0, Train Grad Norm 3.241764545440674, | Test Loss: 0.18532857298851013, Test Acc: 0.0, Test Grad Norm: 2.9830267429351807 | Elapsed Time: 44.862947940826416
Iter: 80 | Train Loss: 0.10544286668300629, Train Acc: 0.0, Train Grad Norm 1.193519949913025, | Test Loss: 0.10248345881700516, Test Acc: 0.0, Test Grad Norm: 1.3484656810760498 | Elapsed Time: 59.783626317977905
Iter: 100 | Train Loss: 0.08314366638660431, Train Acc: 0.0, Train Grad Norm 0.556127667427063, | Test Loss: 0.08878489583730698, Test Acc: 0.0, Test Grad Norm: 0.935917317867279 | Elapsed Time: 74.90155363082886
Iter: 120 | Train Loss: 0.06435656547546387, Train Acc: 0.0, Train Grad Norm 0.25999128818511963, | Test Loss: 0.05953598767518997, Test Acc: 0.0, Test Grad Norm: 0.25180119276046753 | Elapsed Time: 90.11810779571533
Iter: 140 | Train Loss: 0.06181061640381813, Train Acc: 0.0, Train Grad Norm 0.13164089620113373, | Test Loss: 0.05977097153663635, Test Acc: 0.0, Test Grad Norm: 0.1630692183971405 | Elapsed Time: 105.08831071853638
Iter: 160 | Train Loss: 0.065105140209198, Train Acc: 0.0, Train Grad Norm 0.06002694368362427, | Test Loss: 0.06272967904806137, Test Acc: 0.0, Test Grad Norm: 0.047118641436100006 | Elapsed Time: 120.13511538505554
Patience count 1
Iter: 180 | Train Loss: 0.048454541712999344, Train Acc: 0.0, Train Grad Norm 0.038353413343429565, | Test Loss: 0.054905325174331665, Test Acc: 0.0, Test Grad Norm: 0.13534818589687347 | Elapsed Time: 135.12784957885742
Iter: 200 | Train Loss: 0.03530682995915413, Train Acc: 0.0, Train Grad Norm 0.022737473249435425, | Test Loss: 0.03585634380578995, Test Acc: 0.0, Test Grad Norm: 0.022639691829681396 | Elapsed Time: 150.07270550727844
Iter: 220 | Train Loss: 0.03495950996875763, Train Acc: 0.0, Train Grad Norm 0.006552123464643955, | Test Loss: 0.04199579358100891, Test Acc: 0.0, Test Grad Norm: 0.0859791710972786 | Elapsed Time: 165.12925004959106
Iter: 240 | Train Loss: 0.04876205697655678, Train Acc: 0.0, Train Grad Norm 0.04871538281440735, | Test Loss: 0.048274632543325424, Test Acc: 0.0, Test Grad Norm: 0.045236896723508835 | Elapsed Time: 180.22431564331055
Patience count 1
Iter: 260 | Train Loss: 0.04314994066953659, Train Acc: 0.0, Train Grad Norm 0.01412341557443142, | Test Loss: 0.042057644575834274, Test Acc: 0.0, Test Grad Norm: 0.021245818585157394 | Elapsed Time: 195.2314429283142
Patience count 2
Iter: 280 | Train Loss: 0.04605061560869217, Train Acc: 0.0, Train Grad Norm 0.102375328540802, | Test Loss: 0.04458659142255783, Test Acc: 0.0, Test Grad Norm: 0.07215867191553116 | Elapsed Time: 210.17018675804138
Patience count 3
Iter: 300 | Train Loss: 0.04193461686372757, Train Acc: 0.0, Train Grad Norm 0.030760981142520905, | Test Loss: 0.04236837103962898, Test Acc: 0.0, Test Grad Norm: 0.03463190421462059 | Elapsed Time: 225.24393510818481
Learning was stopped
Learning rate eta = 0.125
The size of local train datasets:  [1652, 1652, 1651, 1651, 1651, 1651, 1651, 1651, 1651, 1651]
Shuffling 16520 1.2 -DP local randomizers results is (eps,  1e-08 )-DP in the shuffle model for eps between 0.06864230678113897 and 0.0693993910471074
The final epsilon, delta is ( 14.24881364270569 , 1e-05 )
Iter: 0 | Train Loss: 0.7413997054100037, Train Acc: 0.0, Train Grad Norm 18.126903533935547, | Test Loss: 0.7437925338745117, Test Acc: 0.0, Test Grad Norm: 19.0118350982666
Iter: 20 | Train Loss: 0.5481675863265991, Train Acc: 0.0, Train Grad Norm 13.085506439208984, | Test Loss: 0.5522661209106445, Test Acc: 0.0, Test Grad Norm: 13.85055923461914 | Elapsed Time: 15.023437261581421
Iter: 40 | Train Loss: 0.4479258060455322, Train Acc: 0.0, Train Grad Norm 10.66441822052002, | Test Loss: 0.44880935549736023, Test Acc: 0.0, Test Grad Norm: 11.14161205291748 | Elapsed Time: 30.06149435043335
Iter: 60 | Train Loss: 0.3176079988479614, Train Acc: 0.0, Train Grad Norm 7.00225305557251, | Test Loss: 0.312324583530426, Test Acc: 0.0, Test Grad Norm: 6.976611614227295 | Elapsed Time: 45.1663453578949
Iter: 80 | Train Loss: 0.23312364518642426, Train Acc: 0.0, Train Grad Norm 4.6923298835754395, | Test Loss: 0.22939476370811462, Test Acc: 0.0, Test Grad Norm: 4.756681442260742 | Elapsed Time: 60.12081503868103
Iter: 100 | Train Loss: 0.1769847571849823, Train Acc: 0.0, Train Grad Norm 3.207897424697876, | Test Loss: 0.17353855073451996, Test Acc: 0.0, Test Grad Norm: 3.243217706680298 | Elapsed Time: 75.10389590263367
Iter: 120 | Train Loss: 0.12065715342760086, Train Acc: 0.0, Train Grad Norm 1.7215131521224976, | Test Loss: 0.11776312440633774, Test Acc: 0.0, Test Grad Norm: 1.780909538269043 | Elapsed Time: 90.260733127594
Iter: 140 | Train Loss: 0.09288066625595093, Train Acc: 0.0, Train Grad Norm 0.8631384372711182, | Test Loss: 0.08999446034431458, Test Acc: 0.0, Test Grad Norm: 0.8948314785957336 | Elapsed Time: 105.25774931907654
Iter: 160 | Train Loss: 0.07521744817495346, Train Acc: 0.0, Train Grad Norm 0.3825148046016693, | Test Loss: 0.07258009165525436, Test Acc: 0.0, Test Grad Norm: 0.34065496921539307 | Elapsed Time: 120.20817518234253
Iter: 180 | Train Loss: 0.06496238708496094, Train Acc: 0.0, Train Grad Norm 0.1966198831796646, | Test Loss: 0.06247738003730774, Test Acc: 0.0, Test Grad Norm: 0.19566521048545837 | Elapsed Time: 135.22190594673157
Iter: 200 | Train Loss: 0.06079791486263275, Train Acc: 0.0, Train Grad Norm 0.1459677815437317, | Test Loss: 0.05877813324332237, Test Acc: 0.0, Test Grad Norm: 0.13099750876426697 | Elapsed Time: 150.3848431110382
Iter: 220 | Train Loss: 0.0571734793484211, Train Acc: 0.0, Train Grad Norm 0.023027287796139717, | Test Loss: 0.05685310438275337, Test Acc: 0.0, Test Grad Norm: 0.02569509483873844 | Elapsed Time: 165.3950502872467
Iter: 240 | Train Loss: 0.0643736943602562, Train Acc: 0.0, Train Grad Norm 0.0697721317410469, | Test Loss: 0.06475827097892761, Test Acc: 0.0, Test Grad Norm: 0.061318766325712204 | Elapsed Time: 180.38293600082397
Patience count 1
Iter: 260 | Train Loss: 0.06230342015624046, Train Acc: 0.0, Train Grad Norm 0.04183674976229668, | Test Loss: 0.06569379568099976, Test Acc: 0.0, Test Grad Norm: 0.04724331572651863 | Elapsed Time: 195.46384716033936
Patience count 2
Iter: 280 | Train Loss: 0.05659502372145653, Train Acc: 0.0, Train Grad Norm 0.025263551622629166, | Test Loss: 0.056986477226018906, Test Acc: 0.0, Test Grad Norm: 0.026389669626951218 | Elapsed Time: 210.6807563304901
Iter: 300 | Train Loss: 0.055821869522333145, Train Acc: 0.0, Train Grad Norm 0.017548955976963043, | Test Loss: 0.054548393934965134, Test Acc: 0.0, Test Grad Norm: 0.013073351234197617 | Elapsed Time: 225.7001929283142
Iter: 320 | Train Loss: 0.05447811260819435, Train Acc: 0.0, Train Grad Norm 0.01523654256016016, | Test Loss: 0.055404696613550186, Test Acc: 0.0, Test Grad Norm: 0.01772269606590271 | Elapsed Time: 240.7826497554779
Iter: 340 | Train Loss: 0.057572949677705765, Train Acc: 0.0, Train Grad Norm 0.014280813746154308, | Test Loss: 0.06020159646868706, Test Acc: 0.0, Test Grad Norm: 0.030903048813343048 | Elapsed Time: 255.7763547897339
Patience count 1
Iter: 360 | Train Loss: 0.05301310494542122, Train Acc: 0.0, Train Grad Norm 0.01010790653526783, | Test Loss: 0.05196968466043472, Test Acc: 0.0, Test Grad Norm: 0.011274679563939571 | Elapsed Time: 270.8421485424042
Iter: 380 | Train Loss: 0.05336357280611992, Train Acc: 0.0, Train Grad Norm 0.01630266197025776, | Test Loss: 0.056129198521375656, Test Acc: 0.0, Test Grad Norm: 0.04728503152728081 | Elapsed Time: 285.96592593193054
Iter: 400 | Train Loss: 0.050481148064136505, Train Acc: 0.0, Train Grad Norm 0.009775154292583466, | Test Loss: 0.05989730358123779, Test Acc: 0.0, Test Grad Norm: 0.08103922009468079 | Elapsed Time: 300.98158025741577
Iter: 420 | Train Loss: 0.0496700294315815, Train Acc: 0.0, Train Grad Norm 0.010113473050296307, | Test Loss: 0.061781127005815506, Test Acc: 0.0, Test Grad Norm: 0.11938469856977463 | Elapsed Time: 316.0293724536896
Iter: 440 | Train Loss: 0.0468980111181736, Train Acc: 0.0, Train Grad Norm 0.014584233053028584, | Test Loss: 0.07973339408636093, Test Acc: 0.0, Test Grad Norm: 0.33774781227111816 | Elapsed Time: 331.25085854530334
Iter: 460 | Train Loss: 0.051980044692754745, Train Acc: 0.0, Train Grad Norm 0.06927430629730225, | Test Loss: 0.09359575062990189, Test Acc: 0.0, Test Grad Norm: 0.5705240368843079 | Elapsed Time: 346.290554523468
Patience count 1
Iter: 480 | Train Loss: 0.05225922167301178, Train Acc: 0.0, Train Grad Norm 0.05398327857255936, | Test Loss: 0.10162579268217087, Test Acc: 0.0, Test Grad Norm: 0.6779044270515442 | Elapsed Time: 361.2966253757477
Patience count 2
Iter: 500 | Train Loss: 0.050527557730674744, Train Acc: 0.0, Train Grad Norm 0.06014689803123474, | Test Loss: 0.09607783704996109, Test Acc: 0.0, Test Grad Norm: 0.6041813492774963 | Elapsed Time: 376.42778754234314
Patience count 3
Running with c=10, seed=4
GPU Not Enabled
Learning rate eta = 1.0
The size of local train datasets:  [1652, 1652, 1651, 1651, 1651, 1651, 1651, 1651, 1651, 1651]
Shuffling 16520 1.2 -DP local randomizers results is (eps,  1e-08 )-DP in the shuffle model for eps between 0.06864230678113897 and 0.0693993910471074
The final epsilon, delta is ( 14.24881364270569 , 1e-05 )
Iter: 0 | Train Loss: 0.7413997054100037, Train Acc: 0.0, Train Grad Norm 18.126903533935547, | Test Loss: 0.7437925338745117, Test Acc: 0.0, Test Grad Norm: 19.0118350982666
Iter: 20 | Train Loss: 0.05061456188559532, Train Acc: 0.0, Train Grad Norm 0.023780135437846184, | Test Loss: 0.05110563337802887, Test Acc: 0.0, Test Grad Norm: 0.040543489158153534 | Elapsed Time: 15.987528562545776
Iter: 40 | Train Loss: 0.2556905746459961, Train Acc: 0.0, Train Grad Norm 1.8075041770935059, | Test Loss: 1.6329739093780518, Test Acc: 0.0, Test Grad Norm: 98.29503631591797 | Elapsed Time: 31.580650806427002
Patience count 1
Iter: 60 | Train Loss: 0.1531631350517273, Train Acc: 0.0, Train Grad Norm 1.549136996269226, | Test Loss: 0.46459347009658813, Test Acc: 0.0, Test Grad Norm: 17.658248901367188 | Elapsed Time: 48.75599813461304
Patience count 2
Iter: 80 | Train Loss: 0.09412817656993866, Train Acc: 0.0, Train Grad Norm 0.6139756441116333, | Test Loss: 0.13284219801425934, Test Acc: 0.0, Test Grad Norm: 3.473670482635498 | Elapsed Time: 64.97984147071838
Patience count 3
Iter: 100 | Train Loss: 0.11911777406930923, Train Acc: 0.0, Train Grad Norm 0.5102561116218567, | Test Loss: 0.2741655707359314, Test Acc: 0.0, Test Grad Norm: 8.121785163879395 | Elapsed Time: 80.37374949455261
Learning was stopped
Learning rate eta = 0.5
The size of local train datasets:  [1652, 1652, 1651, 1651, 1651, 1651, 1651, 1651, 1651, 1651]
Shuffling 16520 1.2 -DP local randomizers results is (eps,  1e-08 )-DP in the shuffle model for eps between 0.06864230678113897 and 0.0693993910471074
The final epsilon, delta is ( 14.24881364270569 , 1e-05 )
Iter: 0 | Train Loss: 0.7413997054100037, Train Acc: 0.0, Train Grad Norm 18.126903533935547, | Test Loss: 0.7437925338745117, Test Acc: 0.0, Test Grad Norm: 19.0118350982666
Iter: 20 | Train Loss: 0.34079810976982117, Train Acc: 0.0, Train Grad Norm 7.222420692443848, | Test Loss: 0.332441508769989, Test Acc: 0.0, Test Grad Norm: 7.142450332641602 | Elapsed Time: 17.23546314239502
Iter: 40 | Train Loss: 0.11765386164188385, Train Acc: 0.0, Train Grad Norm 1.6257398128509521, | Test Loss: 0.1144690066576004, Test Acc: 0.0, Test Grad Norm: 1.516838788986206 | Elapsed Time: 33.97055530548096
Iter: 60 | Train Loss: 0.0677867978811264, Train Acc: 0.0, Train Grad Norm 0.5862919092178345, | Test Loss: 0.10107391327619553, Test Acc: 0.0, Test Grad Norm: 1.6015419960021973 | Elapsed Time: 49.31146717071533
Iter: 80 | Train Loss: 0.07128128409385681, Train Acc: 0.0, Train Grad Norm 0.06949924677610397, | Test Loss: 0.20666556060314178, Test Acc: 0.0, Test Grad Norm: 3.6896233558654785 | Elapsed Time: 64.57145547866821
Patience count 1
Iter: 100 | Train Loss: 0.11518968641757965, Train Acc: 0.0, Train Grad Norm 0.15009771287441254, | Test Loss: 0.4805102050304413, Test Acc: 0.0, Test Grad Norm: 9.489853858947754 | Elapsed Time: 79.59073901176453
Patience count 2
Iter: 120 | Train Loss: 0.15337391197681427, Train Acc: 0.0, Train Grad Norm 0.2877824604511261, | Test Loss: 0.8226669430732727, Test Acc: 0.0, Test Grad Norm: 20.444438934326172 | Elapsed Time: 94.52860021591187
Patience count 3
Iter: 140 | Train Loss: 0.22768321633338928, Train Acc: 0.0, Train Grad Norm 0.6386551856994629, | Test Loss: 1.436147689819336, Test Acc: 0.0, Test Grad Norm: 50.62702941894531 | Elapsed Time: 109.46857166290283
Learning was stopped
Learning rate eta = 0.25
The size of local train datasets:  [1652, 1652, 1651, 1651, 1651, 1651, 1651, 1651, 1651, 1651]
Shuffling 16520 1.2 -DP local randomizers results is (eps,  1e-08 )-DP in the shuffle model for eps between 0.06864230678113897 and 0.0693993910471074
The final epsilon, delta is ( 14.24881364270569 , 1e-05 )
Iter: 0 | Train Loss: 0.7413997054100037, Train Acc: 0.0, Train Grad Norm 18.126903533935547, | Test Loss: 0.7437925338745117, Test Acc: 0.0, Test Grad Norm: 19.0118350982666
Iter: 20 | Train Loss: 0.5624223947525024, Train Acc: 0.0, Train Grad Norm 13.496467590332031, | Test Loss: 0.5870341658592224, Test Acc: 0.0, Test Grad Norm: 15.668817520141602 | Elapsed Time: 15.077558517456055
Iter: 40 | Train Loss: 0.3711816072463989, Train Acc: 0.0, Train Grad Norm 7.794394493103027, | Test Loss: 0.3957430422306061, Test Acc: 0.0, Test Grad Norm: 10.081364631652832 | Elapsed Time: 30.059939861297607
Iter: 60 | Train Loss: 0.2485332489013672, Train Acc: 0.0, Train Grad Norm 4.458116054534912, | Test Loss: 0.27453354001045227, Test Acc: 0.0, Test Grad Norm: 6.650028228759766 | Elapsed Time: 45.04421353340149
Iter: 80 | Train Loss: 0.1596573293209076, Train Acc: 0.0, Train Grad Norm 1.9735538959503174, | Test Loss: 0.1985098123550415, Test Acc: 0.0, Test Grad Norm: 4.814323425292969 | Elapsed Time: 60.15986704826355
Iter: 100 | Train Loss: 0.11741920560598373, Train Acc: 0.0, Train Grad Norm 0.4337468445301056, | Test Loss: 0.12619389593601227, Test Acc: 0.0, Test Grad Norm: 1.6727403402328491 | Elapsed Time: 75.1374716758728
Iter: 120 | Train Loss: 0.10970211029052734, Train Acc: 0.0, Train Grad Norm 0.3084585666656494, | Test Loss: 0.17835891246795654, Test Acc: 0.0, Test Grad Norm: 3.6731972694396973 | Elapsed Time: 90.09202027320862
Iter: 140 | Train Loss: 0.11322353780269623, Train Acc: 0.0, Train Grad Norm 0.5029937028884888, | Test Loss: 0.2483305037021637, Test Acc: 0.0, Test Grad Norm: 6.642680644989014 | Elapsed Time: 105.21759009361267
Iter: 160 | Train Loss: 0.09696203470230103, Train Acc: 0.0, Train Grad Norm 0.6984685659408569, | Test Loss: 0.278739333152771, Test Acc: 0.0, Test Grad Norm: 8.12612533569336 | Elapsed Time: 120.18052768707275
Iter: 180 | Train Loss: 0.05295509845018387, Train Acc: 0.0, Train Grad Norm 0.058359015733003616, | Test Loss: 0.06891091167926788, Test Acc: 0.0, Test Grad Norm: 0.8118165135383606 | Elapsed Time: 135.15296459197998
Iter: 200 | Train Loss: 0.06538940221071243, Train Acc: 0.0, Train Grad Norm 0.09565067291259766, | Test Loss: 0.0923609808087349, Test Acc: 0.0, Test Grad Norm: 1.3115075826644897 | Elapsed Time: 150.2237205505371
Patience count 1
Iter: 220 | Train Loss: 0.07181146740913391, Train Acc: 0.0, Train Grad Norm 0.12768855690956116, | Test Loss: 0.10862217098474503, Test Acc: 0.0, Test Grad Norm: 1.9077738523483276 | Elapsed Time: 165.18608164787292
Patience count 2
Iter: 240 | Train Loss: 0.08666523545980453, Train Acc: 0.0, Train Grad Norm 0.20978321135044098, | Test Loss: 0.19020570814609528, Test Acc: 0.0, Test Grad Norm: 5.441903591156006 | Elapsed Time: 180.14165544509888
Patience count 3
Iter: 260 | Train Loss: 0.10173366963863373, Train Acc: 0.0, Train Grad Norm 0.2666473686695099, | Test Loss: 0.4010581076145172, Test Acc: 0.0, Test Grad Norm: 16.381322860717773 | Elapsed Time: 195.16938853263855
Learning was stopped
Learning rate eta = 0.125
The size of local train datasets:  [1652, 1652, 1651, 1651, 1651, 1651, 1651, 1651, 1651, 1651]
Shuffling 16520 1.2 -DP local randomizers results is (eps,  1e-08 )-DP in the shuffle model for eps between 0.06864230678113897 and 0.0693993910471074
The final epsilon, delta is ( 14.24881364270569 , 1e-05 )
Iter: 0 | Train Loss: 0.7413997054100037, Train Acc: 0.0, Train Grad Norm 18.126903533935547, | Test Loss: 0.7437925338745117, Test Acc: 0.0, Test Grad Norm: 19.0118350982666
Iter: 20 | Train Loss: 0.5607506036758423, Train Acc: 0.0, Train Grad Norm 13.280725479125977, | Test Loss: 0.5599913001060486, Test Acc: 0.0, Test Grad Norm: 13.771644592285156 | Elapsed Time: 14.962864637374878
Iter: 40 | Train Loss: 0.4266594350337982, Train Acc: 0.0, Train Grad Norm 9.711134910583496, | Test Loss: 0.4284219741821289, Test Acc: 0.0, Test Grad Norm: 10.260757446289062 | Elapsed Time: 29.974833726882935
Iter: 60 | Train Loss: 0.34916430711746216, Train Acc: 0.0, Train Grad Norm 7.696281433105469, | Test Loss: 0.3501034677028656, Test Acc: 0.0, Test Grad Norm: 8.178060531616211 | Elapsed Time: 44.87701916694641
Iter: 80 | Train Loss: 0.2550848722457886, Train Acc: 0.0, Train Grad Norm 5.180715084075928, | Test Loss: 0.25071001052856445, Test Acc: 0.0, Test Grad Norm: 4.953337669372559 | Elapsed Time: 59.89137077331543
Iter: 100 | Train Loss: 0.18604515492916107, Train Acc: 0.0, Train Grad Norm 3.399503469467163, | Test Loss: 0.18246829509735107, Test Acc: 0.0, Test Grad Norm: 3.3446617126464844 | Elapsed Time: 74.79655528068542
Iter: 120 | Train Loss: 0.1326274275779724, Train Acc: 0.0, Train Grad Norm 1.9482192993164062, | Test Loss: 0.12953582406044006, Test Acc: 0.0, Test Grad Norm: 1.8986862897872925 | Elapsed Time: 89.77912068367004
Iter: 140 | Train Loss: 0.09152010083198547, Train Acc: 0.0, Train Grad Norm 0.925299882888794, | Test Loss: 0.08907917141914368, Test Acc: 0.0, Test Grad Norm: 0.8743107914924622 | Elapsed Time: 104.832759141922
Iter: 160 | Train Loss: 0.06753569096326828, Train Acc: 0.0, Train Grad Norm 0.31304576992988586, | Test Loss: 0.06499040871858597, Test Acc: 0.0, Test Grad Norm: 0.2833402454853058 | Elapsed Time: 119.65404272079468
Iter: 180 | Train Loss: 0.06385922431945801, Train Acc: 0.0, Train Grad Norm 0.11587212979793549, | Test Loss: 0.06919977813959122, Test Acc: 0.0, Test Grad Norm: 0.16975674033164978 | Elapsed Time: 134.44635200500488
Iter: 200 | Train Loss: 0.04910039156675339, Train Acc: 0.0, Train Grad Norm 0.015427363105118275, | Test Loss: 0.05983622744679451, Test Acc: 0.0, Test Grad Norm: 0.21036843955516815 | Elapsed Time: 149.38667750358582
Iter: 220 | Train Loss: 0.04900553077459335, Train Acc: 0.0, Train Grad Norm 0.01709587685763836, | Test Loss: 0.07551182061433792, Test Acc: 0.0, Test Grad Norm: 0.5403644442558289 | Elapsed Time: 164.1290783882141
Iter: 240 | Train Loss: 0.0443904846906662, Train Acc: 0.0, Train Grad Norm 0.01642656698822975, | Test Loss: 0.06028624251484871, Test Acc: 0.0, Test Grad Norm: 0.3439220190048218 | Elapsed Time: 180.49518489837646
Iter: 260 | Train Loss: 0.045658960938453674, Train Acc: 0.0, Train Grad Norm 0.01183073129504919, | Test Loss: 0.05034478381276131, Test Acc: 0.0, Test Grad Norm: 0.13788969814777374 | Elapsed Time: 196.0971701145172
Iter: 280 | Train Loss: 0.04753618687391281, Train Acc: 0.0, Train Grad Norm 0.04032457619905472, | Test Loss: 0.06077088415622711, Test Acc: 0.0, Test Grad Norm: 0.3433203101158142 | Elapsed Time: 211.2921404838562
Patience count 1
Iter: 300 | Train Loss: 0.04855996370315552, Train Acc: 0.0, Train Grad Norm 0.013797971419990063, | Test Loss: 0.07206559926271439, Test Acc: 0.0, Test Grad Norm: 0.44664159417152405 | Elapsed Time: 228.67944240570068
Patience count 2
Iter: 320 | Train Loss: 0.04960348457098007, Train Acc: 0.0, Train Grad Norm 0.017417052760720253, | Test Loss: 0.09169762581586838, Test Acc: 0.0, Test Grad Norm: 0.7779262065887451 | Elapsed Time: 243.70148611068726
Patience count 3
Iter: 340 | Train Loss: 0.051286518573760986, Train Acc: 0.0, Train Grad Norm 0.08568862080574036, | Test Loss: 0.09974700957536697, Test Acc: 0.0, Test Grad Norm: 1.2944557666778564 | Elapsed Time: 259.7599468231201
Learning was stopped
Learning rate eta = 0.0625
The size of local train datasets:  [1652, 1652, 1651, 1651, 1651, 1651, 1651, 1651, 1651, 1651]
Shuffling 16520 1.2 -DP local randomizers results is (eps,  1e-08 )-DP in the shuffle model for eps between 0.06864230678113897 and 0.0693993910471074
The final epsilon, delta is ( 14.24881364270569 , 1e-05 )
Iter: 0 | Train Loss: 0.7413997054100037, Train Acc: 0.0, Train Grad Norm 18.126903533935547, | Test Loss: 0.7437925338745117, Test Acc: 0.0, Test Grad Norm: 19.0118350982666
Iter: 20 | Train Loss: 0.6089044213294983, Train Acc: 0.0, Train Grad Norm 14.561832427978516, | Test Loss: 0.6085663437843323, Test Acc: 0.0, Test Grad Norm: 15.164149284362793 | Elapsed Time: 15.416976928710938
Iter: 40 | Train Loss: 0.5247382521629333, Train Acc: 0.0, Train Grad Norm 12.214713096618652, | Test Loss: 0.5227840542793274, Test Acc: 0.0, Test Grad Norm: 12.677282333374023 | Elapsed Time: 30.7373206615448
Iter: 60 | Train Loss: 0.4679795801639557, Train Acc: 0.0, Train Grad Norm 10.747032165527344, | Test Loss: 0.4671459197998047, Test Acc: 0.0, Test Grad Norm: 11.180328369140625 | Elapsed Time: 46.17932319641113
Iter: 80 | Train Loss: 0.37572070956230164, Train Acc: 0.0, Train Grad Norm 8.313961029052734, | Test Loss: 0.3754322826862335, Test Acc: 0.0, Test Grad Norm: 8.728395462036133 | Elapsed Time: 61.15748453140259
Iter: 100 | Train Loss: 0.2872729003429413, Train Acc: 0.0, Train Grad Norm 5.921823978424072, | Test Loss: 0.2864744961261749, Test Acc: 0.0, Test Grad Norm: 6.262801170349121 | Elapsed Time: 76.3103506565094
Iter: 120 | Train Loss: 0.21955522894859314, Train Acc: 0.0, Train Grad Norm 4.264969348907471, | Test Loss: 0.21769088506698608, Test Acc: 0.0, Test Grad Norm: 4.456569194793701 | Elapsed Time: 93.30717992782593
Iter: 140 | Train Loss: 0.16164156794548035, Train Acc: 0.0, Train Grad Norm 2.783461093902588, | Test Loss: 0.1610615849494934, Test Acc: 0.0, Test Grad Norm: 2.970963954925537 | Elapsed Time: 110.47065591812134
Iter: 160 | Train Loss: 0.130781888961792, Train Acc: 0.0, Train Grad Norm 1.988006591796875, | Test Loss: 0.1317722499370575, Test Acc: 0.0, Test Grad Norm: 2.196904182434082 | Elapsed Time: 127.27268838882446
Iter: 180 | Train Loss: 0.10196578502655029, Train Acc: 0.0, Train Grad Norm 1.2558544874191284, | Test Loss: 0.10062278062105179, Test Acc: 0.0, Test Grad Norm: 1.332483172416687 | Elapsed Time: 144.159921169281
Iter: 200 | Train Loss: 0.08326458185911179, Train Acc: 0.0, Train Grad Norm 0.7960124015808105, | Test Loss: 0.08267528563737869, Test Acc: 0.0, Test Grad Norm: 0.872353732585907 | Elapsed Time: 160.85760521888733
Iter: 220 | Train Loss: 0.0699392706155777, Train Acc: 0.0, Train Grad Norm 0.46323737502098083, | Test Loss: 0.06906937807798386, Test Acc: 0.0, Test Grad Norm: 0.5062869191169739 | Elapsed Time: 177.62398266792297
Iter: 240 | Train Loss: 0.06114513799548149, Train Acc: 0.0, Train Grad Norm 0.24111813306808472, | Test Loss: 0.05935336649417877, Test Acc: 0.0, Test Grad Norm: 0.2346470057964325 | Elapsed Time: 194.62093448638916
Iter: 260 | Train Loss: 0.05554594472050667, Train Acc: 0.0, Train Grad Norm 0.11501041054725647, | Test Loss: 0.054656993597745895, Test Acc: 0.0, Test Grad Norm: 0.09943750500679016 | Elapsed Time: 211.36488962173462
Iter: 280 | Train Loss: 0.05174916237592697, Train Acc: 0.0, Train Grad Norm 0.04238186031579971, | Test Loss: 0.054118409752845764, Test Acc: 0.0, Test Grad Norm: 0.04981052130460739 | Elapsed Time: 228.15203857421875
Iter: 300 | Train Loss: 0.05093918368220329, Train Acc: 0.0, Train Grad Norm 0.02902146801352501, | Test Loss: 0.05128787085413933, Test Acc: 0.0, Test Grad Norm: 0.031197598204016685 | Elapsed Time: 244.93691754341125
Iter: 320 | Train Loss: 0.050326425582170486, Train Acc: 0.0, Train Grad Norm 0.012026496231555939, | Test Loss: 0.050416287034749985, Test Acc: 0.0, Test Grad Norm: 0.022942136973142624 | Elapsed Time: 261.95649123191833
Iter: 340 | Train Loss: 0.052596479654312134, Train Acc: 0.0, Train Grad Norm 0.015138625167310238, | Test Loss: 0.052172061055898666, Test Acc: 0.0, Test Grad Norm: 0.02039661817252636 | Elapsed Time: 278.73563623428345
Iter: 360 | Train Loss: 0.050616197288036346, Train Acc: 0.0, Train Grad Norm 0.017328999936580658, | Test Loss: 0.05254203453660011, Test Acc: 0.0, Test Grad Norm: 0.03737136349081993 | Elapsed Time: 295.47849202156067
Iter: 380 | Train Loss: 0.049508772790431976, Train Acc: 0.0, Train Grad Norm 0.025465769693255424, | Test Loss: 0.05118626356124878, Test Acc: 0.0, Test Grad Norm: 0.03419487923383713 | Elapsed Time: 312.42290568351746
Iter: 400 | Train Loss: 0.048169828951358795, Train Acc: 0.0, Train Grad Norm 0.022387925535440445, | Test Loss: 0.05089094117283821, Test Acc: 0.0, Test Grad Norm: 0.03984677791595459 | Elapsed Time: 329.201593875885
Iter: 420 | Train Loss: 0.04785734415054321, Train Acc: 0.0, Train Grad Norm 0.009061138145625591, | Test Loss: 0.049167994409799576, Test Acc: 0.0, Test Grad Norm: 0.026900140568614006 | Elapsed Time: 345.94561672210693
Iter: 440 | Train Loss: 0.048500947654247284, Train Acc: 0.0, Train Grad Norm 0.018815306946635246, | Test Loss: 0.05216667056083679, Test Acc: 0.0, Test Grad Norm: 0.07609327882528305 | Elapsed Time: 362.81390357017517
Iter: 460 | Train Loss: 0.048283129930496216, Train Acc: 0.0, Train Grad Norm 0.008952129632234573, | Test Loss: 0.049453169107437134, Test Acc: 0.0, Test Grad Norm: 0.03166157007217407 | Elapsed Time: 379.65977120399475
Iter: 480 | Train Loss: 0.04697748273611069, Train Acc: 0.0, Train Grad Norm 0.009170168079435825, | Test Loss: 0.047821294516325, Test Acc: 0.0, Test Grad Norm: 0.020009547472000122 | Elapsed Time: 396.61173033714294
Iter: 500 | Train Loss: 0.04534636810421944, Train Acc: 0.0, Train Grad Norm 0.0065832617692649364, | Test Loss: 0.04485253617167473, Test Acc: 0.0, Test Grad Norm: 0.010449211113154888 | Elapsed Time: 413.54300713539124
Running with c=30, seed=4
GPU Not Enabled
Learning rate eta = 1.0
The size of local train datasets:  [1652, 1652, 1651, 1651, 1651, 1651, 1651, 1651, 1651, 1651]
Shuffling 16520 1.2 -DP local randomizers results is (eps,  1e-08 )-DP in the shuffle model for eps between 0.06864230678113897 and 0.0693993910471074
The final epsilon, delta is ( 14.24881364270569 , 1e-05 )
Iter: 0 | Train Loss: 0.7413997054100037, Train Acc: 0.0, Train Grad Norm 18.126903533935547, | Test Loss: 0.7437925338745117, Test Acc: 0.0, Test Grad Norm: 19.0118350982666
Iter: 20 | Train Loss: 0.17594243586063385, Train Acc: 0.0, Train Grad Norm 1.7994786500930786, | Test Loss: 0.18155722320079803, Test Acc: 0.0, Test Grad Norm: 1.4442166090011597 | Elapsed Time: 14.571336030960083
Iter: 40 | Train Loss: 0.15075832605361938, Train Acc: 0.0, Train Grad Norm 1.264553427696228, | Test Loss: 0.37153324484825134, Test Acc: 0.0, Test Grad Norm: 6.274663925170898 | Elapsed Time: 28.97549557685852
Iter: 60 | Train Loss: 0.15277881920337677, Train Acc: 0.0, Train Grad Norm 0.9440345168113708, | Test Loss: 0.1597674936056137, Test Acc: 0.0, Test Grad Norm: 1.6968897581100464 | Elapsed Time: 43.49390459060669
Iter: 80 | Train Loss: 0.514480471611023, Train Acc: 0.0, Train Grad Norm 4.237331390380859, | Test Loss: 1.0508559942245483, Test Acc: 0.0, Test Grad Norm: 27.342437744140625 | Elapsed Time: 59.17181730270386
Patience count 1
Iter: 100 | Train Loss: 0.571290135383606, Train Acc: 0.0, Train Grad Norm 4.085667610168457, | Test Loss: 1.9830522537231445, Test Acc: 0.0, Test Grad Norm: 97.90966796875 | Elapsed Time: 75.98844718933105
Patience count 2
Iter: 120 | Train Loss: 0.5504369735717773, Train Acc: 0.0, Train Grad Norm 4.987863540649414, | Test Loss: 2.9690022468566895, Test Acc: 0.0, Test Grad Norm: 211.39871215820312 | Elapsed Time: 92.64122343063354
Patience count 3
Iter: 140 | Train Loss: 0.6203314661979675, Train Acc: 0.0, Train Grad Norm 7.24992036819458, | Test Loss: 3.695897340774536, Test Acc: 0.0, Test Grad Norm: 467.6853942871094 | Elapsed Time: 109.75630927085876
Learning was stopped
Learning rate eta = 0.5
The size of local train datasets:  [1652, 1652, 1651, 1651, 1651, 1651, 1651, 1651, 1651, 1651]
Shuffling 16520 1.2 -DP local randomizers results is (eps,  1e-08 )-DP in the shuffle model for eps between 0.06864230678113897 and 0.0693993910471074
The final epsilon, delta is ( 14.24881364270569 , 1e-05 )
Iter: 0 | Train Loss: 0.7413997054100037, Train Acc: 0.0, Train Grad Norm 18.126903533935547, | Test Loss: 0.7437925338745117, Test Acc: 0.0, Test Grad Norm: 19.0118350982666
Iter: 20 | Train Loss: 0.2594280540943146, Train Acc: 0.0, Train Grad Norm 6.0217437744140625, | Test Loss: 0.30527588725090027, Test Acc: 0.0, Test Grad Norm: 8.141731262207031 | Elapsed Time: 16.753830909729004
Iter: 40 | Train Loss: 0.0849500373005867, Train Acc: 0.0, Train Grad Norm 1.1829415559768677, | Test Loss: 0.09711214900016785, Test Acc: 0.0, Test Grad Norm: 1.982538104057312 | Elapsed Time: 33.45854473114014
Iter: 60 | Train Loss: 0.056464873254299164, Train Acc: 0.0, Train Grad Norm 0.04896768182516098, | Test Loss: 0.07170916348695755, Test Acc: 0.0, Test Grad Norm: 0.7383227348327637 | Elapsed Time: 50.23835563659668
Iter: 80 | Train Loss: 0.08059006184339523, Train Acc: 0.0, Train Grad Norm 0.48855912685394287, | Test Loss: 0.1709413081407547, Test Acc: 0.0, Test Grad Norm: 6.514165878295898 | Elapsed Time: 66.90177822113037
Patience count 1
Iter: 100 | Train Loss: 0.055302198976278305, Train Acc: 0.0, Train Grad Norm 0.08198238909244537, | Test Loss: 0.06730113923549652, Test Acc: 0.0, Test Grad Norm: 1.4000723361968994 | Elapsed Time: 83.67920541763306
Iter: 120 | Train Loss: 0.04792652651667595, Train Acc: 0.0, Train Grad Norm 0.038836341351270676, | Test Loss: 0.04344657063484192, Test Acc: 0.0, Test Grad Norm: 0.016557414084672928 | Elapsed Time: 100.35251235961914
Iter: 140 | Train Loss: 0.050139911472797394, Train Acc: 0.0, Train Grad Norm 0.14513014256954193, | Test Loss: 0.10236555337905884, Test Acc: 0.0, Test Grad Norm: 4.995985507965088 | Elapsed Time: 117.15413022041321
Iter: 160 | Train Loss: 0.0486033670604229, Train Acc: 0.0, Train Grad Norm 0.06752575188875198, | Test Loss: 0.08193052560091019, Test Acc: 0.0, Test Grad Norm: 2.3129756450653076 | Elapsed Time: 133.28797030448914
Iter: 180 | Train Loss: 0.05248651280999184, Train Acc: 0.0, Train Grad Norm 0.26816609501838684, | Test Loss: 0.054472047835588455, Test Acc: 0.0, Test Grad Norm: 0.6237502098083496 | Elapsed Time: 149.6957175731659
Patience count 1
Iter: 200 | Train Loss: 0.10050199925899506, Train Acc: 0.0, Train Grad Norm 0.6674485206604004, | Test Loss: 0.5180302858352661, Test Acc: 0.0, Test Grad Norm: 34.71156692504883 | Elapsed Time: 165.89124155044556
Patience count 2
Iter: 220 | Train Loss: 0.09271102398633957, Train Acc: 0.0, Train Grad Norm 0.2545405626296997, | Test Loss: 0.3792180120944977, Test Acc: 0.0, Test Grad Norm: 17.486309051513672 | Elapsed Time: 181.8984076976776
Patience count 3
Iter: 240 | Train Loss: 0.11194079369306564, Train Acc: 0.0, Train Grad Norm 0.6866311430931091, | Test Loss: 0.5621138215065002, Test Acc: 0.0, Test Grad Norm: 28.667110443115234 | Elapsed Time: 196.90815997123718
Learning was stopped
Learning rate eta = 0.25
The size of local train datasets:  [1652, 1652, 1651, 1651, 1651, 1651, 1651, 1651, 1651, 1651]
Shuffling 16520 1.2 -DP local randomizers results is (eps,  1e-08 )-DP in the shuffle model for eps between 0.06864230678113897 and 0.0693993910471074
The final epsilon, delta is ( 14.24881364270569 , 1e-05 )
Iter: 0 | Train Loss: 0.7413997054100037, Train Acc: 0.0, Train Grad Norm 18.126903533935547, | Test Loss: 0.7437925338745117, Test Acc: 0.0, Test Grad Norm: 19.0118350982666
Iter: 20 | Train Loss: 0.42681920528411865, Train Acc: 0.0, Train Grad Norm 9.928085327148438, | Test Loss: 0.42867887020111084, Test Acc: 0.0, Test Grad Norm: 10.452810287475586 | Elapsed Time: 15.72713589668274
Iter: 40 | Train Loss: 0.27795588970184326, Train Acc: 0.0, Train Grad Norm 5.817561149597168, | Test Loss: 0.2927977442741394, Test Acc: 0.0, Test Grad Norm: 6.920229434967041 | Elapsed Time: 30.832274675369263
Iter: 60 | Train Loss: 0.17281651496887207, Train Acc: 0.0, Train Grad Norm 3.0312671661376953, | Test Loss: 0.21179403364658356, Test Acc: 0.0, Test Grad Norm: 4.979992389678955 | Elapsed Time: 47.406498670578
Iter: 80 | Train Loss: 0.10889388620853424, Train Acc: 0.0, Train Grad Norm 1.1453735828399658, | Test Loss: 0.12195882946252823, Test Acc: 0.0, Test Grad Norm: 1.9221529960632324 | Elapsed Time: 64.25328850746155
Iter: 100 | Train Loss: 0.07822975516319275, Train Acc: 0.0, Train Grad Norm 0.5217254757881165, | Test Loss: 0.07578562200069427, Test Acc: 0.0, Test Grad Norm: 0.45552897453308105 | Elapsed Time: 80.45621681213379
Iter: 120 | Train Loss: 0.08212889730930328, Train Acc: 0.0, Train Grad Norm 0.2409801334142685, | Test Loss: 0.098477303981781, Test Acc: 0.0, Test Grad Norm: 0.40183961391448975 | Elapsed Time: 97.1518063545227
Iter: 140 | Train Loss: 0.08586889505386353, Train Acc: 0.0, Train Grad Norm 0.06534794718027115, | Test Loss: 0.11346334218978882, Test Acc: 0.0, Test Grad Norm: 0.5531755685806274 | Elapsed Time: 113.06639313697815
Patience count 1
Iter: 160 | Train Loss: 0.07494194805622101, Train Acc: 0.0, Train Grad Norm 0.07689156383275986, | Test Loss: 0.11861041188240051, Test Acc: 0.0, Test Grad Norm: 0.8781371116638184 | Elapsed Time: 129.2405867576599
Iter: 180 | Train Loss: 0.08684402704238892, Train Acc: 0.0, Train Grad Norm 0.26321637630462646, | Test Loss: 0.2276349812746048, Test Acc: 0.0, Test Grad Norm: 3.5022993087768555 | Elapsed Time: 145.51398229599
Patience count 1
Iter: 200 | Train Loss: 0.09634418040513992, Train Acc: 0.0, Train Grad Norm 0.29427722096443176, | Test Loss: 0.34745389223098755, Test Acc: 0.0, Test Grad Norm: 6.948315143585205 | Elapsed Time: 161.4975504875183
Patience count 2
Iter: 220 | Train Loss: 0.10682228952646255, Train Acc: 0.0, Train Grad Norm 0.24404171109199524, | Test Loss: 0.40055733919143677, Test Acc: 0.0, Test Grad Norm: 9.791861534118652 | Elapsed Time: 175.63060235977173
Patience count 3
Iter: 240 | Train Loss: 0.10020243376493454, Train Acc: 0.0, Train Grad Norm 0.14392785727977753, | Test Loss: 0.35247084498405457, Test Acc: 0.0, Test Grad Norm: 8.363706588745117 | Elapsed Time: 191.85410952568054
Learning was stopped
Learning rate eta = 0.125
The size of local train datasets:  [1652, 1652, 1651, 1651, 1651, 1651, 1651, 1651, 1651, 1651]
Shuffling 16520 1.2 -DP local randomizers results is (eps,  1e-08 )-DP in the shuffle model for eps between 0.06864230678113897 and 0.0693993910471074
The final epsilon, delta is ( 14.24881364270569 , 1e-05 )
Iter: 0 | Train Loss: 0.7413997054100037, Train Acc: 0.0, Train Grad Norm 18.126903533935547, | Test Loss: 0.7437925338745117, Test Acc: 0.0, Test Grad Norm: 19.0118350982666
Iter: 20 | Train Loss: 0.5703504681587219, Train Acc: 0.0, Train Grad Norm 13.65170669555664, | Test Loss: 0.5692989230155945, Test Acc: 0.0, Test Grad Norm: 14.133695602416992 | Elapsed Time: 16.965118885040283
Iter: 40 | Train Loss: 0.4545590579509735, Train Acc: 0.0, Train Grad Norm 10.532031059265137, | Test Loss: 0.4523703157901764, Test Acc: 0.0, Test Grad Norm: 10.8097505569458 | Elapsed Time: 33.3207905292511
Iter: 60 | Train Loss: 0.3748474717140198, Train Acc: 0.0, Train Grad Norm 8.493338584899902, | Test Loss: 0.36853235960006714, Test Acc: 0.0, Test Grad Norm: 8.378337860107422 | Elapsed Time: 49.83994960784912
Iter: 80 | Train Loss: 0.25484609603881836, Train Acc: 0.0, Train Grad Norm 5.1645331382751465, | Test Loss: 0.2524386942386627, Test Acc: 0.0, Test Grad Norm: 4.852734565734863 | Elapsed Time: 66.77718353271484
Iter: 100 | Train Loss: 0.19321982562541962, Train Acc: 0.0, Train Grad Norm 3.4766993522644043, | Test Loss: 0.1915198415517807, Test Acc: 0.0, Test Grad Norm: 3.2538294792175293 | Elapsed Time: 83.45198798179626
Iter: 120 | Train Loss: 0.1399611234664917, Train Acc: 0.0, Train Grad Norm 1.9630786180496216, | Test Loss: 0.13993296027183533, Test Acc: 0.0, Test Grad Norm: 1.8050016164779663 | Elapsed Time: 100.12947845458984
Iter: 140 | Train Loss: 0.11209306120872498, Train Acc: 0.0, Train Grad Norm 1.2496947050094604, | Test Loss: 0.1122610941529274, Test Acc: 0.0, Test Grad Norm: 1.1314139366149902 | Elapsed Time: 117.02226853370667
Iter: 160 | Train Loss: 0.08322441577911377, Train Acc: 0.0, Train Grad Norm 0.4442410469055176, | Test Loss: 0.08908441662788391, Test Acc: 0.0, Test Grad Norm: 0.3916335105895996 | Elapsed Time: 133.44992065429688
Iter: 180 | Train Loss: 0.07649906724691391, Train Acc: 0.0, Train Grad Norm 0.2302273064851761, | Test Loss: 0.08770861476659775, Test Acc: 0.0, Test Grad Norm: 0.24121753871440887 | Elapsed Time: 149.87094974517822
Iter: 200 | Train Loss: 0.06772235780954361, Train Acc: 0.0, Train Grad Norm 0.14512349665164948, | Test Loss: 0.06765595823526382, Test Acc: 0.0, Test Grad Norm: 0.1315864771604538 | Elapsed Time: 165.09829950332642
Iter: 220 | Train Loss: 0.06386370211839676, Train Acc: 0.0, Train Grad Norm 0.07387722283601761, | Test Loss: 0.06468705832958221, Test Acc: 0.0, Test Grad Norm: 0.08458494395017624 | Elapsed Time: 180.9347460269928
Iter: 240 | Train Loss: 0.06768935173749924, Train Acc: 0.0, Train Grad Norm 0.07948529720306396, | Test Loss: 0.08545660972595215, Test Acc: 0.0, Test Grad Norm: 0.22158153355121613 | Elapsed Time: 195.7587296962738
Patience count 1
Iter: 260 | Train Loss: 0.06495340168476105, Train Acc: 0.0, Train Grad Norm 0.05170340836048126, | Test Loss: 0.08759400993585587, Test Acc: 0.0, Test Grad Norm: 0.3482387661933899 | Elapsed Time: 210.1514434814453
Iter: 280 | Train Loss: 0.06004289165139198, Train Acc: 0.0, Train Grad Norm 0.04565926268696785, | Test Loss: 0.08118748664855957, Test Acc: 0.0, Test Grad Norm: 0.3087076246738434 | Elapsed Time: 225.67062878608704
Iter: 300 | Train Loss: 0.05677918717265129, Train Acc: 0.0, Train Grad Norm 0.044684913009405136, | Test Loss: 0.06450527906417847, Test Acc: 0.0, Test Grad Norm: 0.15660735964775085 | Elapsed Time: 241.54076600074768
Iter: 320 | Train Loss: 0.060881439596414566, Train Acc: 0.0, Train Grad Norm 0.0581258162856102, | Test Loss: 0.0691114291548729, Test Acc: 0.0, Test Grad Norm: 0.20026592910289764 | Elapsed Time: 256.6252865791321
Patience count 1
Iter: 340 | Train Loss: 0.0639912486076355, Train Acc: 0.0, Train Grad Norm 0.06222018226981163, | Test Loss: 0.07896225899457932, Test Acc: 0.0, Test Grad Norm: 0.28650984168052673 | Elapsed Time: 271.71787667274475
Patience count 2
Iter: 360 | Train Loss: 0.05309004336595535, Train Acc: 0.0, Train Grad Norm 0.03658165782690048, | Test Loss: 0.0673067718744278, Test Acc: 0.0, Test Grad Norm: 0.19448848068714142 | Elapsed Time: 286.7917459011078
Iter: 380 | Train Loss: 0.05513005331158638, Train Acc: 0.0, Train Grad Norm 0.0315881073474884, | Test Loss: 0.08058398962020874, Test Acc: 0.0, Test Grad Norm: 0.34819549322128296 | Elapsed Time: 301.45167565345764
Iter: 400 | Train Loss: 0.05094216763973236, Train Acc: 0.0, Train Grad Norm 0.025088103488087654, | Test Loss: 0.06959594786167145, Test Acc: 0.0, Test Grad Norm: 0.23337310552597046 | Elapsed Time: 317.19844007492065
Iter: 420 | Train Loss: 0.04653352126479149, Train Acc: 0.0, Train Grad Norm 0.026681698858737946, | Test Loss: 0.060961928218603134, Test Acc: 0.0, Test Grad Norm: 0.20069283246994019 | Elapsed Time: 332.0789361000061
Iter: 440 | Train Loss: 0.049570780247449875, Train Acc: 0.0, Train Grad Norm 0.04660315066576004, | Test Loss: 0.07671722769737244, Test Acc: 0.0, Test Grad Norm: 0.4255984127521515 | Elapsed Time: 348.22962260246277
Patience count 1
Iter: 460 | Train Loss: 0.048816464841365814, Train Acc: 0.0, Train Grad Norm 0.04534472897648811, | Test Loss: 0.0811818316578865, Test Acc: 0.0, Test Grad Norm: 0.45976465940475464 | Elapsed Time: 364.9645183086395
Iter: 480 | Train Loss: 0.04965245723724365, Train Acc: 0.0, Train Grad Norm 0.04066377505660057, | Test Loss: 0.08809909969568253, Test Acc: 0.0, Test Grad Norm: 0.5800274014472961 | Elapsed Time: 381.37086248397827
Patience count 2
Iter: 500 | Train Loss: 0.05479150265455246, Train Acc: 0.0, Train Grad Norm 0.09821172058582306, | Test Loss: 0.10073521733283997, Test Acc: 0.0, Test Grad Norm: 0.8408104181289673 | Elapsed Time: 398.09507155418396
Patience count 3
Running with c=100, seed=4
GPU Not Enabled
Learning rate eta = 1.0
The size of local train datasets:  [1652, 1652, 1651, 1651, 1651, 1651, 1651, 1651, 1651, 1651]
Shuffling 16520 1.2 -DP local randomizers results is (eps,  1e-08 )-DP in the shuffle model for eps between 0.06864230678113897 and 0.0693993910471074
The final epsilon, delta is ( 14.24881364270569 , 1e-05 )
Iter: 0 | Train Loss: 0.7413997054100037, Train Acc: 0.0, Train Grad Norm 18.126903533935547, | Test Loss: 0.7437925338745117, Test Acc: 0.0, Test Grad Norm: 19.0118350982666
Iter: 20 | Train Loss: 0.24460750818252563, Train Acc: 0.0, Train Grad Norm 0.9908318519592285, | Test Loss: 0.22217492759227753, Test Acc: 0.0, Test Grad Norm: 1.3241134881973267 | Elapsed Time: 16.77330756187439
Iter: 40 | Train Loss: 0.30696991086006165, Train Acc: 0.0, Train Grad Norm 2.180645227432251, | Test Loss: 0.6775517463684082, Test Acc: 0.0, Test Grad Norm: 19.270410537719727 | Elapsed Time: 32.68411588668823
Patience count 1
Iter: 60 | Train Loss: 0.397966206073761, Train Acc: 0.0, Train Grad Norm 1.5112924575805664, | Test Loss: 1.2616095542907715, Test Acc: 0.0, Test Grad Norm: 32.92378616333008 | Elapsed Time: 49.05995535850525
Patience count 2
Iter: 80 | Train Loss: 0.5632238984107971, Train Acc: 0.0, Train Grad Norm 9.52166748046875, | Test Loss: 0.43983015418052673, Test Acc: 0.0, Test Grad Norm: 8.150480270385742 | Elapsed Time: 63.785675048828125
Patience count 3
Iter: 100 | Train Loss: 1.1011055707931519, Train Acc: 0.0, Train Grad Norm 31.64139175415039, | Test Loss: 0.6483124494552612, Test Acc: 0.0, Test Grad Norm: 10.458057403564453 | Elapsed Time: 79.34225177764893
Learning was stopped
Learning rate eta = 0.5
The size of local train datasets:  [1652, 1652, 1651, 1651, 1651, 1651, 1651, 1651, 1651, 1651]
Shuffling 16520 1.2 -DP local randomizers results is (eps,  1e-08 )-DP in the shuffle model for eps between 0.06864230678113897 and 0.0693993910471074
The final epsilon, delta is ( 14.24881364270569 , 1e-05 )
Iter: 0 | Train Loss: 0.7413997054100037, Train Acc: 0.0, Train Grad Norm 18.126903533935547, | Test Loss: 0.7437925338745117, Test Acc: 0.0, Test Grad Norm: 19.0118350982666
Iter: 20 | Train Loss: 0.257210373878479, Train Acc: 0.0, Train Grad Norm 5.066457271575928, | Test Loss: 0.2538929581642151, Test Acc: 0.0, Test Grad Norm: 5.573248863220215 | Elapsed Time: 14.751195192337036
Iter: 40 | Train Loss: 0.12176268547773361, Train Acc: 0.0, Train Grad Norm 1.676518440246582, | Test Loss: 0.14433303475379944, Test Acc: 0.0, Test Grad Norm: 2.8029308319091797 | Elapsed Time: 29.309006452560425
Iter: 60 | Train Loss: 0.07146216183900833, Train Acc: 0.0, Train Grad Norm 0.200200155377388, | Test Loss: 0.19711141288280487, Test Acc: 0.0, Test Grad Norm: 3.5766165256500244 | Elapsed Time: 43.64048409461975
Iter: 80 | Train Loss: 0.08657202869653702, Train Acc: 0.0, Train Grad Norm 0.36634281277656555, | Test Loss: 0.20482629537582397, Test Acc: 0.0, Test Grad Norm: 4.806861400604248 | Elapsed Time: 58.88512587547302
Patience count 1
Iter: 100 | Train Loss: 0.08723972737789154, Train Acc: 0.0, Train Grad Norm 0.10517218708992004, | Test Loss: 0.09098561853170395, Test Acc: 0.0, Test Grad Norm: 0.21323607861995697 | Elapsed Time: 73.86894345283508
Patience count 2
Iter: 120 | Train Loss: 0.054728709161281586, Train Acc: 0.0, Train Grad Norm 0.04400726035237312, | Test Loss: 0.08075882494449615, Test Acc: 0.0, Test Grad Norm: 0.8163346648216248 | Elapsed Time: 89.38585567474365
Iter: 140 | Train Loss: 0.11001706123352051, Train Acc: 0.0, Train Grad Norm 0.2689770758152008, | Test Loss: 0.506743848323822, Test Acc: 0.0, Test Grad Norm: 14.520916938781738 | Elapsed Time: 105.17528414726257
Patience count 1
Iter: 160 | Train Loss: 0.09087701886892319, Train Acc: 0.0, Train Grad Norm 0.18894246220588684, | Test Loss: 0.33091574907302856, Test Acc: 0.0, Test Grad Norm: 9.522984504699707 | Elapsed Time: 121.4604663848877
Patience count 2
Iter: 180 | Train Loss: 0.2218131572008133, Train Acc: 0.0, Train Grad Norm 1.173366665840149, | Test Loss: 1.4316511154174805, Test Acc: 0.0, Test Grad Norm: 57.69069290161133 | Elapsed Time: 136.9922661781311
Patience count 3
Iter: 200 | Train Loss: 0.15604597330093384, Train Acc: 0.0, Train Grad Norm 0.8628561496734619, | Test Loss: 0.8286763429641724, Test Acc: 0.0, Test Grad Norm: 28.14800453186035 | Elapsed Time: 151.87860298156738
Learning was stopped
Learning rate eta = 0.25
The size of local train datasets:  [1652, 1652, 1651, 1651, 1651, 1651, 1651, 1651, 1651, 1651]
Shuffling 16520 1.2 -DP local randomizers results is (eps,  1e-08 )-DP in the shuffle model for eps between 0.06864230678113897 and 0.0693993910471074
The final epsilon, delta is ( 14.24881364270569 , 1e-05 )
Iter: 0 | Train Loss: 0.7413997054100037, Train Acc: 0.0, Train Grad Norm 18.126903533935547, | Test Loss: 0.7437925338745117, Test Acc: 0.0, Test Grad Norm: 19.0118350982666
Iter: 20 | Train Loss: 0.4951933026313782, Train Acc: 0.0, Train Grad Norm 11.504438400268555, | Test Loss: 0.49018439650535583, Test Acc: 0.0, Test Grad Norm: 11.90212345123291 | Elapsed Time: 14.789120197296143
Iter: 40 | Train Loss: 0.27921172976493835, Train Acc: 0.0, Train Grad Norm 5.581164836883545, | Test Loss: 0.2763969600200653, Test Acc: 0.0, Test Grad Norm: 5.877849102020264 | Elapsed Time: 29.104146003723145
Iter: 60 | Train Loss: 0.19091112911701202, Train Acc: 0.0, Train Grad Norm 3.5129470825195312, | Test Loss: 0.1896061897277832, Test Acc: 0.0, Test Grad Norm: 3.807685375213623 | Elapsed Time: 44.28205704689026
Iter: 80 | Train Loss: 0.12320586293935776, Train Acc: 0.0, Train Grad Norm 1.474196195602417, | Test Loss: 0.123172827064991, Test Acc: 0.0, Test Grad Norm: 1.114643931388855 | Elapsed Time: 58.859214544296265
Iter: 100 | Train Loss: 0.09607621282339096, Train Acc: 0.0, Train Grad Norm 0.46584436297416687, | Test Loss: 0.11707988381385803, Test Acc: 0.0, Test Grad Norm: 0.6550084352493286 | Elapsed Time: 74.13843536376953
Iter: 120 | Train Loss: 0.0603875033557415, Train Acc: 0.0, Train Grad Norm 0.1387862265110016, | Test Loss: 0.06044886261224747, Test Acc: 0.0, Test Grad Norm: 0.14834368228912354 | Elapsed Time: 88.88114261627197
Iter: 140 | Train Loss: 0.04681238532066345, Train Acc: 0.0, Train Grad Norm 0.02901628240942955, | Test Loss: 0.05422750115394592, Test Acc: 0.0, Test Grad Norm: 0.23703540861606598 | Elapsed Time: 103.94456171989441
Iter: 160 | Train Loss: 0.04541376978158951, Train Acc: 0.0, Train Grad Norm 0.03761903941631317, | Test Loss: 0.07175622880458832, Test Acc: 0.0, Test Grad Norm: 0.8062803745269775 | Elapsed Time: 119.20752453804016
Iter: 180 | Train Loss: 0.05254526436328888, Train Acc: 0.0, Train Grad Norm 0.0581035278737545, | Test Loss: 0.13438785076141357, Test Acc: 0.0, Test Grad Norm: 2.9843318462371826 | Elapsed Time: 133.58078718185425
Patience count 1
Iter: 200 | Train Loss: 0.05190854147076607, Train Acc: 0.0, Train Grad Norm 0.05880105867981911, | Test Loss: 0.13093121349811554, Test Acc: 0.0, Test Grad Norm: 2.4459517002105713 | Elapsed Time: 148.67064690589905
Patience count 2
Iter: 220 | Train Loss: 0.06743339449167252, Train Acc: 0.0, Train Grad Norm 0.19192516803741455, | Test Loss: 0.3074341416358948, Test Acc: 0.0, Test Grad Norm: 8.032852172851562 | Elapsed Time: 163.0295090675354
Patience count 3
Iter: 240 | Train Loss: 0.05859435722231865, Train Acc: 0.0, Train Grad Norm 0.11534333229064941, | Test Loss: 0.18618357181549072, Test Acc: 0.0, Test Grad Norm: 5.263975143432617 | Elapsed Time: 177.5951704978943
Learning was stopped
Learning rate eta = 0.125
The size of local train datasets:  [1652, 1652, 1651, 1651, 1651, 1651, 1651, 1651, 1651, 1651]
Shuffling 16520 1.2 -DP local randomizers results is (eps,  1e-08 )-DP in the shuffle model for eps between 0.06864230678113897 and 0.0693993910471074
The final epsilon, delta is ( 14.24881364270569 , 1e-05 )
Iter: 0 | Train Loss: 0.7413997054100037, Train Acc: 0.0, Train Grad Norm 18.126903533935547, | Test Loss: 0.7437925338745117, Test Acc: 0.0, Test Grad Norm: 19.0118350982666
Iter: 20 | Train Loss: 0.5750589966773987, Train Acc: 0.0, Train Grad Norm 13.748296737670898, | Test Loss: 0.5783289074897766, Test Acc: 0.0, Test Grad Norm: 14.591702461242676 | Elapsed Time: 14.489459037780762
Iter: 40 | Train Loss: 0.45059365034103394, Train Acc: 0.0, Train Grad Norm 10.573357582092285, | Test Loss: 0.4632279872894287, Test Acc: 0.0, Test Grad Norm: 11.678373336791992 | Elapsed Time: 28.870795488357544
Iter: 60 | Train Loss: 0.37470266222953796, Train Acc: 0.0, Train Grad Norm 8.69045352935791, | Test Loss: 0.39033329486846924, Test Acc: 0.0, Test Grad Norm: 9.86411190032959 | Elapsed Time: 43.788249015808105
Iter: 80 | Train Loss: 0.2845272123813629, Train Acc: 0.0, Train Grad Norm 5.967344284057617, | Test Loss: 0.29253125190734863, Test Acc: 0.0, Test Grad Norm: 6.802124500274658 | Elapsed Time: 58.056217193603516
Iter: 100 | Train Loss: 0.21934624016284943, Train Acc: 0.0, Train Grad Norm 4.218375205993652, | Test Loss: 0.21722175180912018, Test Acc: 0.0, Test Grad Norm: 4.471898078918457 | Elapsed Time: 72.46329808235168
Iter: 120 | Train Loss: 0.14929184317588806, Train Acc: 0.0, Train Grad Norm 2.3512284755706787, | Test Loss: 0.14535966515541077, Test Acc: 0.0, Test Grad Norm: 2.2741775512695312 | Elapsed Time: 86.90127778053284
Iter: 140 | Train Loss: 0.11452820897102356, Train Acc: 0.0, Train Grad Norm 1.4204758405685425, | Test Loss: 0.11028239876031876, Test Acc: 0.0, Test Grad Norm: 1.3682810068130493 | Elapsed Time: 101.81096243858337
Iter: 160 | Train Loss: 0.0888286605477333, Train Acc: 0.0, Train Grad Norm 0.7612667083740234, | Test Loss: 0.08771254122257233, Test Acc: 0.0, Test Grad Norm: 0.6931862235069275 | Elapsed Time: 116.44622826576233
Iter: 180 | Train Loss: 0.08018232136964798, Train Acc: 0.0, Train Grad Norm 0.5160208940505981, | Test Loss: 0.09009631723165512, Test Acc: 0.0, Test Grad Norm: 0.5560680031776428 | Elapsed Time: 130.73660349845886
Iter: 200 | Train Loss: 0.07110802829265594, Train Acc: 0.0, Train Grad Norm 0.3106438219547272, | Test Loss: 0.07230808585882187, Test Acc: 0.0, Test Grad Norm: 0.3232796788215637 | Elapsed Time: 144.92076349258423
Iter: 220 | Train Loss: 0.06045076623558998, Train Acc: 0.0, Train Grad Norm 0.10062965750694275, | Test Loss: 0.05759207531809807, Test Acc: 0.0, Test Grad Norm: 0.10389892011880875 | Elapsed Time: 159.15963578224182
Iter: 240 | Train Loss: 0.06713015586137772, Train Acc: 0.0, Train Grad Norm 0.1069549173116684, | Test Loss: 0.06163303181529045, Test Acc: 0.0, Test Grad Norm: 0.10034440457820892 | Elapsed Time: 173.59344482421875
Patience count 1
Iter: 260 | Train Loss: 0.06980952620506287, Train Acc: 0.0, Train Grad Norm 0.1141156479716301, | Test Loss: 0.06847179681062698, Test Acc: 0.0, Test Grad Norm: 0.17717275023460388 | Elapsed Time: 187.8931212425232
Patience count 2
Iter: 280 | Train Loss: 0.075309619307518, Train Acc: 0.0, Train Grad Norm 0.10573520511388779, | Test Loss: 0.07998073101043701, Test Acc: 0.0, Test Grad Norm: 0.2968098223209381 | Elapsed Time: 202.0995490550995
Patience count 3
Iter: 300 | Train Loss: 0.06570922583341599, Train Acc: 0.0, Train Grad Norm 0.0743003860116005, | Test Loss: 0.06406053155660629, Test Acc: 0.0, Test Grad Norm: 0.14387813210487366 | Elapsed Time: 216.32863545417786
Learning was stopped
Learning rate eta = 0.0625
The size of local train datasets:  [1652, 1652, 1651, 1651, 1651, 1651, 1651, 1651, 1651, 1651]
Shuffling 16520 1.2 -DP local randomizers results is (eps,  1e-08 )-DP in the shuffle model for eps between 0.06864230678113897 and 0.0693993910471074
The final epsilon, delta is ( 14.24881364270569 , 1e-05 )
Iter: 0 | Train Loss: 0.7413997054100037, Train Acc: 0.0, Train Grad Norm 18.126903533935547, | Test Loss: 0.7437925338745117, Test Acc: 0.0, Test Grad Norm: 19.0118350982666
Iter: 20 | Train Loss: 0.5822250247001648, Train Acc: 0.0, Train Grad Norm 13.832313537597656, | Test Loss: 0.5795199275016785, Test Acc: 0.0, Test Grad Norm: 14.277620315551758 | Elapsed Time: 14.149856567382812
Iter: 40 | Train Loss: 0.4607419967651367, Train Acc: 0.0, Train Grad Norm 10.70179557800293, | Test Loss: 0.4590117931365967, Test Acc: 0.0, Test Grad Norm: 11.083852767944336 | Elapsed Time: 28.36035680770874
Iter: 60 | Train Loss: 0.3621434271335602, Train Acc: 0.0, Train Grad Norm 8.187366485595703, | Test Loss: 0.36160826683044434, Test Acc: 0.0, Test Grad Norm: 8.54210376739502 | Elapsed Time: 42.70582699775696
Iter: 80 | Train Loss: 0.30096694827079773, Train Acc: 0.0, Train Grad Norm 6.605199337005615, | Test Loss: 0.3023660182952881, Test Acc: 0.0, Test Grad Norm: 6.979196548461914 | Elapsed Time: 56.810237407684326
Iter: 100 | Train Loss: 0.2339009791612625, Train Acc: 0.0, Train Grad Norm 4.822561264038086, | Test Loss: 0.23634663224220276, Test Acc: 0.0, Test Grad Norm: 5.169714450836182 | Elapsed Time: 70.69390559196472
Iter: 120 | Train Loss: 0.16112911701202393, Train Acc: 0.0, Train Grad Norm 2.8438992500305176, | Test Loss: 0.1588391810655594, Test Acc: 0.0, Test Grad Norm: 2.920701503753662 | Elapsed Time: 84.68981432914734
Iter: 140 | Train Loss: 0.12943290174007416, Train Acc: 0.0, Train Grad Norm 1.994321584701538, | Test Loss: 0.12646202743053436, Test Acc: 0.0, Test Grad Norm: 2.000800848007202 | Elapsed Time: 98.73283123970032
Iter: 160 | Train Loss: 0.1081770732998848, Train Acc: 0.0, Train Grad Norm 1.4054275751113892, | Test Loss: 0.10563617944717407, Test Acc: 0.0, Test Grad Norm: 1.4346824884414673 | Elapsed Time: 112.60059976577759
Iter: 180 | Train Loss: 0.0852806493639946, Train Acc: 0.0, Train Grad Norm 0.7847118377685547, | Test Loss: 0.08258438855409622, Test Acc: 0.0, Test Grad Norm: 0.787852942943573 | Elapsed Time: 126.51553344726562
Iter: 200 | Train Loss: 0.07569269090890884, Train Acc: 0.0, Train Grad Norm 0.5722954273223877, | Test Loss: 0.07425388693809509, Test Acc: 0.0, Test Grad Norm: 0.6241412162780762 | Elapsed Time: 140.52310848236084
Iter: 220 | Train Loss: 0.06512871384620667, Train Acc: 0.0, Train Grad Norm 0.27515485882759094, | Test Loss: 0.06282747536897659, Test Acc: 0.0, Test Grad Norm: 0.26711905002593994 | Elapsed Time: 154.5542106628418
Iter: 240 | Train Loss: 0.059263814240694046, Train Acc: 0.0, Train Grad Norm 0.1222386583685875, | Test Loss: 0.05747709050774574, Test Acc: 0.0, Test Grad Norm: 0.10392780601978302 | Elapsed Time: 168.43163418769836
Iter: 260 | Train Loss: 0.05607016012072563, Train Acc: 0.0, Train Grad Norm 0.0764988586306572, | Test Loss: 0.05463876947760582, Test Acc: 0.0, Test Grad Norm: 0.062396395951509476 | Elapsed Time: 182.4037570953369
Iter: 280 | Train Loss: 0.05522578954696655, Train Acc: 0.0, Train Grad Norm 0.0753726214170456, | Test Loss: 0.0540115088224411, Test Acc: 0.0, Test Grad Norm: 0.061080850660800934 | Elapsed Time: 196.28596138954163
Iter: 300 | Train Loss: 0.0530521497130394, Train Acc: 0.0, Train Grad Norm 0.06225072965025902, | Test Loss: 0.0524236261844635, Test Acc: 0.0, Test Grad Norm: 0.050614140927791595 | Elapsed Time: 210.32546854019165
Iter: 320 | Train Loss: 0.049738120287656784, Train Acc: 0.0, Train Grad Norm 0.026103053241968155, | Test Loss: 0.049322400242090225, Test Acc: 0.0, Test Grad Norm: 0.0243331678211689 | Elapsed Time: 224.29202103614807
Iter: 340 | Train Loss: 0.04763810709118843, Train Acc: 0.0, Train Grad Norm 0.018694553524255753, | Test Loss: 0.04690856486558914, Test Acc: 0.0, Test Grad Norm: 0.017009442672133446 | Elapsed Time: 238.1765444278717
Iter: 360 | Train Loss: 0.04741976037621498, Train Acc: 0.0, Train Grad Norm 0.0158234816044569, | Test Loss: 0.046829599887132645, Test Acc: 0.0, Test Grad Norm: 0.014968542382121086 | Elapsed Time: 252.06624054908752
Iter: 380 | Train Loss: 0.04329519346356392, Train Acc: 0.0, Train Grad Norm 0.007139266934245825, | Test Loss: 0.042801231145858765, Test Acc: 0.0, Test Grad Norm: 0.009247206151485443 | Elapsed Time: 266.06979298591614
Iter: 400 | Train Loss: 0.04421702399849892, Train Acc: 0.0, Train Grad Norm 0.02664037235081196, | Test Loss: 0.04376295953989029, Test Acc: 0.0, Test Grad Norm: 0.02239137329161167 | Elapsed Time: 280.07846879959106
Iter: 420 | Train Loss: 0.04373110085725784, Train Acc: 0.0, Train Grad Norm 0.01783989742398262, | Test Loss: 0.043020155280828476, Test Acc: 0.0, Test Grad Norm: 0.014769606292247772 | Elapsed Time: 293.9494800567627
Iter: 440 | Train Loss: 0.042225081473588943, Train Acc: 0.0, Train Grad Norm 0.00947281252592802, | Test Loss: 0.0416901670396328, Test Acc: 0.0, Test Grad Norm: 0.0081393513828516 | Elapsed Time: 307.95962262153625
Iter: 460 | Train Loss: 0.04061294347047806, Train Acc: 0.0, Train Grad Norm 0.007050075102597475, | Test Loss: 0.040422581136226654, Test Acc: 0.0, Test Grad Norm: 0.00660641398280859 | Elapsed Time: 321.83016085624695
Iter: 480 | Train Loss: 0.04049773886799812, Train Acc: 0.0, Train Grad Norm 0.011819755658507347, | Test Loss: 0.04191000014543533, Test Acc: 0.0, Test Grad Norm: 0.0179999228566885 | Elapsed Time: 335.8733696937561
Iter: 500 | Train Loss: 0.040389206260442734, Train Acc: 0.0, Train Grad Norm 0.015456989407539368, | Test Loss: 0.04091868922114372, Test Acc: 0.0, Test Grad Norm: 0.01477469876408577 | Elapsed Time: 349.86385321617126
