GPU Not Enabled
Learning rate eta = 1.0
The size of local train datasets:  [1652, 1652, 1651, 1651, 1651, 1651, 1651, 1651, 1651, 1651]
Shuffling 16520 1.0 -DP local randomizers results is (eps,  1e-08 )-DP in the shuffle model for eps between 0.052808727363259034 and 0.05321494834297641
The final epsilon, delta is ( 10.855150447935374 , 1e-05 )
Iter: 0 | Train Loss: 0.11002689599990845, Train Acc: 0.0, Train Grad Norm 0.21645841002464294, | Test Loss: 0.1311233788728714, Test Acc: 0.0, Test Grad Norm: 0.4693617820739746
Iter: 20 | Train Loss: 0.1415572166442871, Train Acc: 0.0, Train Grad Norm 0.47313767671585083, | Test Loss: 0.19180558621883392, Test Acc: 0.0, Test Grad Norm: 0.9445292949676514 | Elapsed Time: 14.394534349441528
Patience count 1
Iter: 40 | Train Loss: 0.07169211655855179, Train Acc: 0.0, Train Grad Norm 0.169290691614151, | Test Loss: 0.07516127824783325, Test Acc: 0.0, Test Grad Norm: 0.40501701831817627 | Elapsed Time: 28.715911865234375
Iter: 60 | Train Loss: 0.08009959757328033, Train Acc: 0.0, Train Grad Norm 0.15872862935066223, | Test Loss: 0.10561184585094452, Test Acc: 0.0, Test Grad Norm: 1.5207805633544922 | Elapsed Time: 43.114938735961914
Patience count 1
Iter: 80 | Train Loss: 0.14577417075634003, Train Acc: 0.0, Train Grad Norm 0.939658522605896, | Test Loss: 0.15890996158123016, Test Acc: 0.0, Test Grad Norm: 1.8723673820495605 | Elapsed Time: 57.46651816368103
Patience count 2
Iter: 100 | Train Loss: 0.5803701281547546, Train Acc: 0.0, Train Grad Norm 12.149908065795898, | Test Loss: 0.8997481465339661, Test Acc: 0.0, Test Grad Norm: 68.1633071899414 | Elapsed Time: 71.77414131164551
Patience count 3
Iter: 120 | Train Loss: 0.31577929854393005, Train Acc: 0.0, Train Grad Norm 1.939858317375183, | Test Loss: 0.6936538815498352, Test Acc: 0.0, Test Grad Norm: 45.87501525878906 | Elapsed Time: 86.10917210578918
Patience count 4
Iter: 140 | Train Loss: 0.20921361446380615, Train Acc: 0.0, Train Grad Norm 1.5876600742340088, | Test Loss: 0.20233607292175293, Test Acc: 0.0, Test Grad Norm: 5.14267635345459 | Elapsed Time: 100.55442547798157
Patience count 5
Iter: 160 | Train Loss: 0.26251137256622314, Train Acc: 0.0, Train Grad Norm 3.6841928958892822, | Test Loss: 0.2699071764945984, Test Acc: 0.0, Test Grad Norm: 12.399231910705566 | Elapsed Time: 114.87265467643738
Learning was stopped
Learning rate eta = 0.5
The size of local train datasets:  [1652, 1652, 1651, 1651, 1651, 1651, 1651, 1651, 1651, 1651]
Shuffling 16520 1.0 -DP local randomizers results is (eps,  1e-08 )-DP in the shuffle model for eps between 0.052808727363259034 and 0.05321494834297641
The final epsilon, delta is ( 10.855150447935374 , 1e-05 )
Iter: 0 | Train Loss: 0.11002689599990845, Train Acc: 0.0, Train Grad Norm 0.21645841002464294, | Test Loss: 0.1311233788728714, Test Acc: 0.0, Test Grad Norm: 0.4693617820739746
Iter: 20 | Train Loss: 0.06691894680261612, Train Acc: 0.0, Train Grad Norm 0.12304968386888504, | Test Loss: 0.06504695862531662, Test Acc: 0.0, Test Grad Norm: 0.13179048895835876 | Elapsed Time: 14.32424545288086
Iter: 40 | Train Loss: 0.07117888331413269, Train Acc: 0.0, Train Grad Norm 0.17505621910095215, | Test Loss: 0.05933006480336189, Test Acc: 0.0, Test Grad Norm: 0.10007274150848389 | Elapsed Time: 28.765812158584595
Patience count 1
Iter: 60 | Train Loss: 0.10095221549272537, Train Acc: 0.0, Train Grad Norm 0.38057732582092285, | Test Loss: 0.08596833050251007, Test Acc: 0.0, Test Grad Norm: 0.2532247006893158 | Elapsed Time: 43.132038831710815
Patience count 2
Iter: 80 | Train Loss: 0.09778393805027008, Train Acc: 0.0, Train Grad Norm 0.6194696426391602, | Test Loss: 0.08440230786800385, Test Acc: 0.0, Test Grad Norm: 0.39425724744796753 | Elapsed Time: 57.46417784690857
Patience count 3
Iter: 100 | Train Loss: 0.1547716110944748, Train Acc: 0.0, Train Grad Norm 1.4836724996566772, | Test Loss: 0.12938719987869263, Test Acc: 0.0, Test Grad Norm: 0.874504804611206 | Elapsed Time: 71.90229916572571
Patience count 4
Iter: 120 | Train Loss: 0.09430170804262161, Train Acc: 0.0, Train Grad Norm 0.4750217795372009, | Test Loss: 0.13465702533721924, Test Acc: 0.0, Test Grad Norm: 0.7806904911994934 | Elapsed Time: 86.24337482452393
Patience count 5
Iter: 140 | Train Loss: 0.07308599352836609, Train Acc: 0.0, Train Grad Norm 0.08889728784561157, | Test Loss: 0.11559810489416122, Test Acc: 0.0, Test Grad Norm: 0.6125290989875793 | Elapsed Time: 100.58412981033325
Learning was stopped
Learning rate eta = 0.25
The size of local train datasets:  [1652, 1652, 1651, 1651, 1651, 1651, 1651, 1651, 1651, 1651]
Shuffling 16520 1.0 -DP local randomizers results is (eps,  1e-08 )-DP in the shuffle model for eps between 0.052808727363259034 and 0.05321494834297641
The final epsilon, delta is ( 10.855150447935374 , 1e-05 )
Iter: 0 | Train Loss: 0.11002689599990845, Train Acc: 0.0, Train Grad Norm 0.21645841002464294, | Test Loss: 0.1311233788728714, Test Acc: 0.0, Test Grad Norm: 0.4693617820739746
Iter: 20 | Train Loss: 0.09691376984119415, Train Acc: 0.0, Train Grad Norm 0.08807624131441116, | Test Loss: 0.13173507153987885, Test Acc: 0.0, Test Grad Norm: 0.5724353194236755 | Elapsed Time: 14.340697526931763
Iter: 40 | Train Loss: 0.07128576934337616, Train Acc: 0.0, Train Grad Norm 0.1162300780415535, | Test Loss: 0.07992571592330933, Test Acc: 0.0, Test Grad Norm: 0.35019612312316895 | Elapsed Time: 28.797158241271973
Iter: 60 | Train Loss: 0.06975308060646057, Train Acc: 0.0, Train Grad Norm 0.08546571433544159, | Test Loss: 0.08072610944509506, Test Acc: 0.0, Test Grad Norm: 0.3515603840351105 | Elapsed Time: 43.15492272377014
Iter: 80 | Train Loss: 0.05923568457365036, Train Acc: 0.0, Train Grad Norm 0.039791155606508255, | Test Loss: 0.07091227173805237, Test Acc: 0.0, Test Grad Norm: 0.2553880214691162 | Elapsed Time: 57.50410866737366
Iter: 100 | Train Loss: 0.06008126214146614, Train Acc: 0.0, Train Grad Norm 0.16091246902942657, | Test Loss: 0.05936124920845032, Test Acc: 0.0, Test Grad Norm: 0.11578814685344696 | Elapsed Time: 71.96794819831848
Iter: 120 | Train Loss: 0.05555722117424011, Train Acc: 0.0, Train Grad Norm 0.06085580959916115, | Test Loss: 0.055298756808042526, Test Acc: 0.0, Test Grad Norm: 0.07109662890434265 | Elapsed Time: 86.33291935920715
Iter: 140 | Train Loss: 0.05666140839457512, Train Acc: 0.0, Train Grad Norm 0.08075842261314392, | Test Loss: 0.0549139678478241, Test Acc: 0.0, Test Grad Norm: 0.054555848240852356 | Elapsed Time: 100.70231628417969
Iter: 160 | Train Loss: 0.05514392629265785, Train Acc: 0.0, Train Grad Norm 0.18129126727581024, | Test Loss: 0.053097110241651535, Test Acc: 0.0, Test Grad Norm: 0.10626623779535294 | Elapsed Time: 115.19401931762695
Iter: 180 | Train Loss: 0.05516301095485687, Train Acc: 0.0, Train Grad Norm 0.06481911242008209, | Test Loss: 0.05613962188363075, Test Acc: 0.0, Test Grad Norm: 0.09011788666248322 | Elapsed Time: 129.5781853199005
Iter: 200 | Train Loss: 0.06140173599123955, Train Acc: 0.0, Train Grad Norm 0.0757596492767334, | Test Loss: 0.08182188123464584, Test Acc: 0.0, Test Grad Norm: 0.6785656809806824 | Elapsed Time: 143.95063304901123
Patience count 1
Iter: 220 | Train Loss: 0.05541495233774185, Train Acc: 0.0, Train Grad Norm 0.054927922785282135, | Test Loss: 0.05598410964012146, Test Acc: 0.0, Test Grad Norm: 0.06997407972812653 | Elapsed Time: 158.44497561454773
Iter: 240 | Train Loss: 0.06553547829389572, Train Acc: 0.0, Train Grad Norm 0.053102489560842514, | Test Loss: 0.12023746222257614, Test Acc: 0.0, Test Grad Norm: 1.2563031911849976 | Elapsed Time: 172.81932091712952
Patience count 2
Iter: 260 | Train Loss: 0.06106112524867058, Train Acc: 0.0, Train Grad Norm 0.08815432339906693, | Test Loss: 0.0661327913403511, Test Acc: 0.0, Test Grad Norm: 0.2923881411552429 | Elapsed Time: 187.20805168151855
Patience count 3
Iter: 280 | Train Loss: 0.05856364220380783, Train Acc: 0.0, Train Grad Norm 0.03922484815120697, | Test Loss: 0.05881161242723465, Test Acc: 0.0, Test Grad Norm: 0.09369505941867828 | Elapsed Time: 201.66642022132874
Patience count 4
Iter: 300 | Train Loss: 0.0581476129591465, Train Acc: 0.0, Train Grad Norm 0.1048617884516716, | Test Loss: 0.08479362726211548, Test Acc: 0.0, Test Grad Norm: 0.9626238346099854 | Elapsed Time: 216.07410144805908
Patience count 5
Iter: 320 | Train Loss: 0.06102168932557106, Train Acc: 0.0, Train Grad Norm 0.13314689695835114, | Test Loss: 0.07032518088817596, Test Acc: 0.0, Test Grad Norm: 0.5337429642677307 | Elapsed Time: 230.4425389766693
Learning was stopped
Learning rate eta = 0.125
The size of local train datasets:  [1652, 1652, 1651, 1651, 1651, 1651, 1651, 1651, 1651, 1651]
Shuffling 16520 1.0 -DP local randomizers results is (eps,  1e-08 )-DP in the shuffle model for eps between 0.052808727363259034 and 0.05321494834297641
The final epsilon, delta is ( 10.855150447935374 , 1e-05 )
Iter: 0 | Train Loss: 0.11002689599990845, Train Acc: 0.0, Train Grad Norm 0.21645841002464294, | Test Loss: 0.1311233788728714, Test Acc: 0.0, Test Grad Norm: 0.4693617820739746
Iter: 20 | Train Loss: 0.10648909956216812, Train Acc: 0.0, Train Grad Norm 0.08490923047065735, | Test Loss: 0.1174248605966568, Test Acc: 0.0, Test Grad Norm: 0.22030603885650635 | Elapsed Time: 14.3815598487854
Iter: 40 | Train Loss: 0.09098510444164276, Train Acc: 0.0, Train Grad Norm 0.06777066737413406, | Test Loss: 0.10066911578178406, Test Acc: 0.0, Test Grad Norm: 0.16983947157859802 | Elapsed Time: 28.842146396636963
Iter: 60 | Train Loss: 0.09403179585933685, Train Acc: 0.0, Train Grad Norm 0.08398230373859406, | Test Loss: 0.10418359190225601, Test Acc: 0.0, Test Grad Norm: 0.1809191107749939 | Elapsed Time: 43.21728801727295
Iter: 80 | Train Loss: 0.09009024500846863, Train Acc: 0.0, Train Grad Norm 0.05568653345108032, | Test Loss: 0.10553397238254547, Test Acc: 0.0, Test Grad Norm: 0.1618616282939911 | Elapsed Time: 57.579410791397095
Iter: 100 | Train Loss: 0.0930066853761673, Train Acc: 0.0, Train Grad Norm 0.058718666434288025, | Test Loss: 0.10652784258127213, Test Acc: 0.0, Test Grad Norm: 0.1566164493560791 | Elapsed Time: 72.05562090873718
Iter: 120 | Train Loss: 0.09315140545368195, Train Acc: 0.0, Train Grad Norm 0.059493567794561386, | Test Loss: 0.11333900690078735, Test Acc: 0.0, Test Grad Norm: 0.22249872982501984 | Elapsed Time: 86.42389059066772
Iter: 140 | Train Loss: 0.09740466624498367, Train Acc: 0.0, Train Grad Norm 0.06510768085718155, | Test Loss: 0.1122022494673729, Test Acc: 0.0, Test Grad Norm: 0.22939488291740417 | Elapsed Time: 100.79224491119385
Patience count 1
Iter: 160 | Train Loss: 0.09787541627883911, Train Acc: 0.0, Train Grad Norm 0.07434125989675522, | Test Loss: 0.10941990464925766, Test Acc: 0.0, Test Grad Norm: 0.2385832667350769 | Elapsed Time: 115.26316738128662
Patience count 2
Iter: 180 | Train Loss: 0.09833233803510666, Train Acc: 0.0, Train Grad Norm 0.13576233386993408, | Test Loss: 0.10091812908649445, Test Acc: 0.0, Test Grad Norm: 0.21451856195926666 | Elapsed Time: 129.63727951049805
Patience count 3
Iter: 200 | Train Loss: 0.09920495748519897, Train Acc: 0.0, Train Grad Norm 0.24927690625190735, | Test Loss: 0.10106321424245834, Test Acc: 0.0, Test Grad Norm: 0.3262614607810974 | Elapsed Time: 144.0023443698883
Patience count 4
Iter: 220 | Train Loss: 0.0817822813987732, Train Acc: 0.0, Train Grad Norm 0.10812927037477493, | Test Loss: 0.07867002487182617, Test Acc: 0.0, Test Grad Norm: 0.1073940098285675 | Elapsed Time: 158.4640772342682
Iter: 240 | Train Loss: 0.08374917507171631, Train Acc: 0.0, Train Grad Norm 0.1324196606874466, | Test Loss: 0.07846985757350922, Test Acc: 0.0, Test Grad Norm: 0.10643922537565231 | Elapsed Time: 172.87616324424744
Iter: 260 | Train Loss: 0.09770677238702774, Train Acc: 0.0, Train Grad Norm 0.1972896009683609, | Test Loss: 0.09154339879751205, Test Acc: 0.0, Test Grad Norm: 0.1703060120344162 | Elapsed Time: 187.23201417922974
Patience count 1
Iter: 280 | Train Loss: 0.09120252728462219, Train Acc: 0.0, Train Grad Norm 0.11068874597549438, | Test Loss: 0.08522866666316986, Test Acc: 0.0, Test Grad Norm: 0.07934287190437317 | Elapsed Time: 201.6954915523529
Patience count 2
Iter: 300 | Train Loss: 0.08232765644788742, Train Acc: 0.0, Train Grad Norm 0.06051254644989967, | Test Loss: 0.07793433964252472, Test Acc: 0.0, Test Grad Norm: 0.03963611274957657 | Elapsed Time: 216.07081747055054
Iter: 320 | Train Loss: 0.08092109858989716, Train Acc: 0.0, Train Grad Norm 0.050998471677303314, | Test Loss: 0.07466267049312592, Test Acc: 0.0, Test Grad Norm: 0.033295877277851105 | Elapsed Time: 230.43058824539185
Iter: 340 | Train Loss: 0.07342877238988876, Train Acc: 0.0, Train Grad Norm 0.03472645953297615, | Test Loss: 0.06930943578481674, Test Acc: 0.0, Test Grad Norm: 0.029856737703084946 | Elapsed Time: 244.89631056785583
Iter: 360 | Train Loss: 0.063524030148983, Train Acc: 0.0, Train Grad Norm 0.023130595684051514, | Test Loss: 0.061638012528419495, Test Acc: 0.0, Test Grad Norm: 0.02358567714691162 | Elapsed Time: 259.26340508461
Iter: 380 | Train Loss: 0.060122597962617874, Train Acc: 0.0, Train Grad Norm 0.021963821724057198, | Test Loss: 0.06243342533707619, Test Acc: 0.0, Test Grad Norm: 0.049264512956142426 | Elapsed Time: 273.61503553390503
Iter: 400 | Train Loss: 0.05813821405172348, Train Acc: 0.0, Train Grad Norm 0.028381066396832466, | Test Loss: 0.06377215683460236, Test Acc: 0.0, Test Grad Norm: 0.07248909026384354 | Elapsed Time: 287.9868161678314
Iter: 420 | Train Loss: 0.05556822195649147, Train Acc: 0.0, Train Grad Norm 0.038228921592235565, | Test Loss: 0.07350681722164154, Test Acc: 0.0, Test Grad Norm: 0.18894632160663605 | Elapsed Time: 302.48316764831543
Iter: 440 | Train Loss: 0.058833640068769455, Train Acc: 0.0, Train Grad Norm 0.0345800444483757, | Test Loss: 0.0912427306175232, Test Acc: 0.0, Test Grad Norm: 0.3416714668273926 | Elapsed Time: 316.8542902469635
Patience count 1
Iter: 460 | Train Loss: 0.059068240225315094, Train Acc: 0.0, Train Grad Norm 0.023163771256804466, | Test Loss: 0.09255314618349075, Test Acc: 0.0, Test Grad Norm: 0.35305917263031006 | Elapsed Time: 331.20632219314575
Patience count 2
Iter: 480 | Train Loss: 0.05449772998690605, Train Acc: 0.0, Train Grad Norm 0.026071801781654358, | Test Loss: 0.08456385880708694, Test Acc: 0.0, Test Grad Norm: 0.3603275418281555 | Elapsed Time: 345.67702889442444
Iter: 500 | Train Loss: 0.05584103986620903, Train Acc: 0.0, Train Grad Norm 0.026994632557034492, | Test Loss: 0.08297353237867355, Test Acc: 0.0, Test Grad Norm: 0.353190541267395 | Elapsed Time: 360.0597972869873
GPU Not Enabled
Learning rate eta = 1.0
The size of local train datasets:  [1652, 1652, 1651, 1651, 1651, 1651, 1651, 1651, 1651, 1651]
Shuffling 16520 1.0 -DP local randomizers results is (eps,  1e-08 )-DP in the shuffle model for eps between 0.052808727363259034 and 0.05321494834297641
The final epsilon, delta is ( 10.855150447935374 , 1e-05 )
Iter: 0 | Train Loss: 0.11002689599990845, Train Acc: 0.0, Train Grad Norm 0.21645841002464294, | Test Loss: 0.1311233788728714, Test Acc: 0.0, Test Grad Norm: 0.4693617820739746
Iter: 20 | Train Loss: 0.06944224238395691, Train Acc: 0.0, Train Grad Norm 0.07544437795877457, | Test Loss: 0.07416050136089325, Test Acc: 0.0, Test Grad Norm: 0.11153310537338257 | Elapsed Time: 14.41058897972107
Iter: 40 | Train Loss: 0.09450121968984604, Train Acc: 0.0, Train Grad Norm 0.2715003192424774, | Test Loss: 0.35010233521461487, Test Acc: 0.0, Test Grad Norm: 6.4467668533325195 | Elapsed Time: 28.794038772583008
Patience count 1
Iter: 60 | Train Loss: 0.1137554869055748, Train Acc: 0.0, Train Grad Norm 0.34257787466049194, | Test Loss: 0.2967563271522522, Test Acc: 0.0, Test Grad Norm: 9.852730751037598 | Elapsed Time: 43.23462271690369
Patience count 2
Iter: 80 | Train Loss: 0.18414466083049774, Train Acc: 0.0, Train Grad Norm 3.6184425354003906, | Test Loss: 0.31007716059684753, Test Acc: 0.0, Test Grad Norm: 11.266334533691406 | Elapsed Time: 57.59066653251648
Patience count 3
Iter: 100 | Train Loss: 0.12263046950101852, Train Acc: 0.0, Train Grad Norm 0.6603761911392212, | Test Loss: 0.1461193561553955, Test Acc: 0.0, Test Grad Norm: 2.077171802520752 | Elapsed Time: 71.94893026351929
Patience count 4
Iter: 120 | Train Loss: 0.3594943881034851, Train Acc: 0.0, Train Grad Norm 4.167646408081055, | Test Loss: 0.5570530295372009, Test Acc: 0.0, Test Grad Norm: 29.801013946533203 | Elapsed Time: 86.31230211257935
Patience count 5
Iter: 140 | Train Loss: 0.6122349500656128, Train Acc: 0.0, Train Grad Norm 6.434741497039795, | Test Loss: 0.5649850964546204, Test Acc: 0.0, Test Grad Norm: 14.580904960632324 | Elapsed Time: 100.73875498771667
Learning was stopped
Learning rate eta = 0.5
The size of local train datasets:  [1652, 1652, 1651, 1651, 1651, 1651, 1651, 1651, 1651, 1651]
Shuffling 16520 1.0 -DP local randomizers results is (eps,  1e-08 )-DP in the shuffle model for eps between 0.052808727363259034 and 0.05321494834297641
The final epsilon, delta is ( 10.855150447935374 , 1e-05 )
Iter: 0 | Train Loss: 0.11002689599990845, Train Acc: 0.0, Train Grad Norm 0.21645841002464294, | Test Loss: 0.1311233788728714, Test Acc: 0.0, Test Grad Norm: 0.4693617820739746
Iter: 20 | Train Loss: 0.1324986070394516, Train Acc: 0.0, Train Grad Norm 0.5431644320487976, | Test Loss: 0.16234704852104187, Test Acc: 0.0, Test Grad Norm: 1.46235191822052 | Elapsed Time: 14.333189964294434
Patience count 1
Iter: 40 | Train Loss: 0.11150556802749634, Train Acc: 0.0, Train Grad Norm 0.7738067507743835, | Test Loss: 0.20179235935211182, Test Acc: 0.0, Test Grad Norm: 3.4090919494628906 | Elapsed Time: 28.689841747283936
Iter: 60 | Train Loss: 0.10165931284427643, Train Acc: 0.0, Train Grad Norm 0.6054231524467468, | Test Loss: 0.3385052978992462, Test Acc: 0.0, Test Grad Norm: 7.007498741149902 | Elapsed Time: 43.11830282211304
Iter: 80 | Train Loss: 0.10566104203462601, Train Acc: 0.0, Train Grad Norm 0.4544138014316559, | Test Loss: 0.1434716284275055, Test Acc: 0.0, Test Grad Norm: 1.9568482637405396 | Elapsed Time: 57.4547061920166
Iter: 100 | Train Loss: 0.07152264565229416, Train Acc: 0.0, Train Grad Norm 0.4241921603679657, | Test Loss: 0.1292484849691391, Test Acc: 0.0, Test Grad Norm: 3.5630011558532715 | Elapsed Time: 71.81703448295593
Iter: 120 | Train Loss: 0.15039679408073425, Train Acc: 0.0, Train Grad Norm 0.5895352363586426, | Test Loss: 0.5970842242240906, Test Acc: 0.0, Test Grad Norm: 25.64529800415039 | Elapsed Time: 86.16725564002991
Patience count 1
Iter: 140 | Train Loss: 0.11051070690155029, Train Acc: 0.0, Train Grad Norm 0.25788307189941406, | Test Loss: 0.41712573170661926, Test Acc: 0.0, Test Grad Norm: 19.0333194732666 | Elapsed Time: 100.61103916168213
Patience count 2
Iter: 160 | Train Loss: 0.26814332604408264, Train Acc: 0.0, Train Grad Norm 1.434491753578186, | Test Loss: 1.5379228591918945, Test Acc: 0.0, Test Grad Norm: 92.07459259033203 | Elapsed Time: 114.97751879692078
Patience count 3
Iter: 180 | Train Loss: 0.47112324833869934, Train Acc: 0.0, Train Grad Norm 2.8949697017669678, | Test Loss: 3.221933603286743, Test Acc: 0.0, Test Grad Norm: 216.14944458007812 | Elapsed Time: 129.35846185684204
Patience count 4
Iter: 200 | Train Loss: 0.4444845914840698, Train Acc: 0.0, Train Grad Norm 2.643746852874756, | Test Loss: 2.7572073936462402, Test Acc: 0.0, Test Grad Norm: 169.0535430908203 | Elapsed Time: 143.8096284866333
Patience count 5
Iter: 220 | Train Loss: 0.2664565145969391, Train Acc: 0.0, Train Grad Norm 1.2290278673171997, | Test Loss: 0.9799689054489136, Test Acc: 0.0, Test Grad Norm: 41.69795608520508 | Elapsed Time: 158.19879055023193
Learning was stopped
Learning rate eta = 0.25
The size of local train datasets:  [1652, 1652, 1651, 1651, 1651, 1651, 1651, 1651, 1651, 1651]
Shuffling 16520 1.0 -DP local randomizers results is (eps,  1e-08 )-DP in the shuffle model for eps between 0.052808727363259034 and 0.05321494834297641
The final epsilon, delta is ( 10.855150447935374 , 1e-05 )
Iter: 0 | Train Loss: 0.11002689599990845, Train Acc: 0.0, Train Grad Norm 0.21645841002464294, | Test Loss: 0.1311233788728714, Test Acc: 0.0, Test Grad Norm: 0.4693617820739746
Iter: 20 | Train Loss: 0.10019353777170181, Train Acc: 0.0, Train Grad Norm 0.07172159105539322, | Test Loss: 0.10398893803358078, Test Acc: 0.0, Test Grad Norm: 0.12227381020784378 | Elapsed Time: 14.35441279411316
Iter: 40 | Train Loss: 0.09475638717412949, Train Acc: 0.0, Train Grad Norm 0.07244749367237091, | Test Loss: 0.0944652259349823, Test Acc: 0.0, Test Grad Norm: 0.1178356260061264 | Elapsed Time: 28.822240114212036
Iter: 60 | Train Loss: 0.07911305129528046, Train Acc: 0.0, Train Grad Norm 0.05009976401925087, | Test Loss: 0.07579700648784637, Test Acc: 0.0, Test Grad Norm: 0.04516887292265892 | Elapsed Time: 43.19409489631653
Iter: 80 | Train Loss: 0.06771332770586014, Train Acc: 0.0, Train Grad Norm 0.05167863517999649, | Test Loss: 0.0678025335073471, Test Acc: 0.0, Test Grad Norm: 0.07762131094932556 | Elapsed Time: 57.59736943244934
Iter: 100 | Train Loss: 0.0656931921839714, Train Acc: 0.0, Train Grad Norm 0.03275231644511223, | Test Loss: 0.06433575600385666, Test Acc: 0.0, Test Grad Norm: 0.030172031372785568 | Elapsed Time: 72.08700156211853
Iter: 120 | Train Loss: 0.07578833401203156, Train Acc: 0.0, Train Grad Norm 0.05078834295272827, | Test Loss: 0.09866473078727722, Test Acc: 0.0, Test Grad Norm: 0.5338234901428223 | Elapsed Time: 86.47411370277405
Patience count 1
Iter: 140 | Train Loss: 0.06358469277620316, Train Acc: 0.0, Train Grad Norm 0.031642332673072815, | Test Loss: 0.0738288164138794, Test Acc: 0.0, Test Grad Norm: 0.24567164480686188 | Elapsed Time: 100.87253999710083
Iter: 160 | Train Loss: 0.061394426971673965, Train Acc: 0.0, Train Grad Norm 0.04236719757318497, | Test Loss: 0.05547080188989639, Test Acc: 0.0, Test Grad Norm: 0.031212011352181435 | Elapsed Time: 115.35714030265808
Iter: 180 | Train Loss: 0.07793133705854416, Train Acc: 0.0, Train Grad Norm 0.14486397802829742, | Test Loss: 0.06874635815620422, Test Acc: 0.0, Test Grad Norm: 0.13160014152526855 | Elapsed Time: 129.73553085327148
Patience count 1
Iter: 200 | Train Loss: 0.06401217728853226, Train Acc: 0.0, Train Grad Norm 0.17500068247318268, | Test Loss: 0.05438921973109245, Test Acc: 0.0, Test Grad Norm: 0.11693280935287476 | Elapsed Time: 144.16071271896362
Iter: 220 | Train Loss: 0.06149137392640114, Train Acc: 0.0, Train Grad Norm 0.12530402839183807, | Test Loss: 0.05552717298269272, Test Acc: 0.0, Test Grad Norm: 0.060287222266197205 | Elapsed Time: 158.66005897521973
Iter: 240 | Train Loss: 0.06847599148750305, Train Acc: 0.0, Train Grad Norm 0.0816374123096466, | Test Loss: 0.06200878694653511, Test Acc: 0.0, Test Grad Norm: 0.08689449727535248 | Elapsed Time: 173.07190442085266
Patience count 2
Iter: 260 | Train Loss: 0.0730346217751503, Train Acc: 0.0, Train Grad Norm 0.07158199697732925, | Test Loss: 0.06307977437973022, Test Acc: 0.0, Test Grad Norm: 0.05664800852537155 | Elapsed Time: 187.47696185112
Patience count 3
Iter: 280 | Train Loss: 0.06424412131309509, Train Acc: 0.0, Train Grad Norm 0.07797718793153763, | Test Loss: 0.0710887536406517, Test Acc: 0.0, Test Grad Norm: 0.5685251355171204 | Elapsed Time: 201.8721525669098
Iter: 300 | Train Loss: 0.07569817453622818, Train Acc: 0.0, Train Grad Norm 0.0966774970293045, | Test Loss: 0.06832616031169891, Test Acc: 0.0, Test Grad Norm: 0.11985025554895401 | Elapsed Time: 216.34265065193176
Patience count 4
Iter: 320 | Train Loss: 0.0722101703286171, Train Acc: 0.0, Train Grad Norm 0.08802485466003418, | Test Loss: 0.10389625281095505, Test Acc: 0.0, Test Grad Norm: 1.656336784362793 | Elapsed Time: 230.73326992988586
Patience count 5
Iter: 340 | Train Loss: 0.05948168411850929, Train Acc: 0.0, Train Grad Norm 0.1528656780719757, | Test Loss: 0.14998576045036316, Test Acc: 0.0, Test Grad Norm: 4.539058208465576 | Elapsed Time: 245.12976360321045
Learning was stopped
Learning rate eta = 0.125
The size of local train datasets:  [1652, 1652, 1651, 1651, 1651, 1651, 1651, 1651, 1651, 1651]
Shuffling 16520 1.0 -DP local randomizers results is (eps,  1e-08 )-DP in the shuffle model for eps between 0.052808727363259034 and 0.05321494834297641
The final epsilon, delta is ( 10.855150447935374 , 1e-05 )
Iter: 0 | Train Loss: 0.11002689599990845, Train Acc: 0.0, Train Grad Norm 0.21645841002464294, | Test Loss: 0.1311233788728714, Test Acc: 0.0, Test Grad Norm: 0.4693617820739746
Iter: 20 | Train Loss: 0.10025849938392639, Train Acc: 0.0, Train Grad Norm 0.1330469399690628, | Test Loss: 0.11368271708488464, Test Acc: 0.0, Test Grad Norm: 0.31029707193374634 | Elapsed Time: 14.44649863243103
Iter: 40 | Train Loss: 0.08882332593202591, Train Acc: 0.0, Train Grad Norm 0.09713820368051529, | Test Loss: 0.08941203355789185, Test Acc: 0.0, Test Grad Norm: 0.16243796050548553 | Elapsed Time: 28.906643867492676
Iter: 60 | Train Loss: 0.08038616925477982, Train Acc: 0.0, Train Grad Norm 0.06379840523004532, | Test Loss: 0.07762958109378815, Test Acc: 0.0, Test Grad Norm: 0.07958056032657623 | Elapsed Time: 43.33969569206238
Iter: 80 | Train Loss: 0.08498815447092056, Train Acc: 0.0, Train Grad Norm 0.06767506152391434, | Test Loss: 0.086497962474823, Test Acc: 0.0, Test Grad Norm: 0.13238681852817535 | Elapsed Time: 57.82382559776306
Patience count 1
Iter: 100 | Train Loss: 0.08435142040252686, Train Acc: 0.0, Train Grad Norm 0.06134040653705597, | Test Loss: 0.07751811295747757, Test Acc: 0.0, Test Grad Norm: 0.04032382741570473 | Elapsed Time: 72.20862984657288
Iter: 120 | Train Loss: 0.0774863138794899, Train Acc: 0.0, Train Grad Norm 0.06218687817454338, | Test Loss: 0.07849007844924927, Test Acc: 0.0, Test Grad Norm: 0.07607065886259079 | Elapsed Time: 86.62248229980469
Iter: 140 | Train Loss: 0.08325628936290741, Train Acc: 0.0, Train Grad Norm 0.15558303892612457, | Test Loss: 0.07585950195789337, Test Acc: 0.0, Test Grad Norm: 0.09407783299684525 | Elapsed Time: 101.10299301147461
Patience count 1
Iter: 160 | Train Loss: 0.07973631471395493, Train Acc: 0.0, Train Grad Norm 0.1068481057882309, | Test Loss: 0.07433179020881653, Test Acc: 0.0, Test Grad Norm: 0.06290765106678009 | Elapsed Time: 115.49047327041626
Iter: 180 | Train Loss: 0.07308703660964966, Train Acc: 0.0, Train Grad Norm 0.09576065838336945, | Test Loss: 0.06915830820798874, Test Acc: 0.0, Test Grad Norm: 0.05436376482248306 | Elapsed Time: 129.87634801864624
Iter: 200 | Train Loss: 0.06452856957912445, Train Acc: 0.0, Train Grad Norm 0.127135768532753, | Test Loss: 0.06341083347797394, Test Acc: 0.0, Test Grad Norm: 0.07998000085353851 | Elapsed Time: 144.37515878677368
Iter: 220 | Train Loss: 0.05813362076878548, Train Acc: 0.0, Train Grad Norm 0.0859285295009613, | Test Loss: 0.05325739458203316, Test Acc: 0.0, Test Grad Norm: 0.04691657796502113 | Elapsed Time: 158.76297545433044
Iter: 240 | Train Loss: 0.06029396504163742, Train Acc: 0.0, Train Grad Norm 0.07738759368658066, | Test Loss: 0.054948799312114716, Test Acc: 0.0, Test Grad Norm: 0.041388630867004395 | Elapsed Time: 173.15138387680054
Iter: 260 | Train Loss: 0.06029791757464409, Train Acc: 0.0, Train Grad Norm 0.047329600900411606, | Test Loss: 0.05283460393548012, Test Acc: 0.0, Test Grad Norm: 0.025121202692389488 | Elapsed Time: 187.63841152191162
Iter: 280 | Train Loss: 0.0592532753944397, Train Acc: 0.0, Train Grad Norm 0.08431589603424072, | Test Loss: 0.05159179866313934, Test Acc: 0.0, Test Grad Norm: 0.043378330767154694 | Elapsed Time: 202.04172110557556
Iter: 300 | Train Loss: 0.04679187014698982, Train Acc: 0.0, Train Grad Norm 0.04394393041729927, | Test Loss: 0.04138333350419998, Test Acc: 0.0, Test Grad Norm: 0.01956312730908394 | Elapsed Time: 216.43114805221558
Iter: 320 | Train Loss: 0.03841064125299454, Train Acc: 0.0, Train Grad Norm 0.020694123581051826, | Test Loss: 0.04132501035928726, Test Acc: 0.0, Test Grad Norm: 0.030765842646360397 | Elapsed Time: 230.84147930145264
Iter: 340 | Train Loss: 0.038339514285326004, Train Acc: 0.0, Train Grad Norm 0.010419542901217937, | Test Loss: 0.044235702604055405, Test Acc: 0.0, Test Grad Norm: 0.06382463872432709 | Elapsed Time: 245.32097911834717
Iter: 360 | Train Loss: 0.04065900668501854, Train Acc: 0.0, Train Grad Norm 0.010988633148372173, | Test Loss: 0.039789967238903046, Test Acc: 0.0, Test Grad Norm: 0.010061514563858509 | Elapsed Time: 259.6819362640381
Patience count 1
Iter: 380 | Train Loss: 0.040984272956848145, Train Acc: 0.0, Train Grad Norm 0.022063184529542923, | Test Loss: 0.039861321449279785, Test Acc: 0.0, Test Grad Norm: 0.01728006824851036 | Elapsed Time: 274.0627417564392
Patience count 2
Iter: 400 | Train Loss: 0.03962676599621773, Train Acc: 0.0, Train Grad Norm 0.08295938372612, | Test Loss: 0.03886328265070915, Test Acc: 0.0, Test Grad Norm: 0.07741071283817291 | Elapsed Time: 288.5264210700989
Iter: 420 | Train Loss: 0.03765474259853363, Train Acc: 0.0, Train Grad Norm 0.058864738792181015, | Test Loss: 0.036878086626529694, Test Acc: 0.0, Test Grad Norm: 0.05193573608994484 | Elapsed Time: 302.8784556388855
Iter: 440 | Train Loss: 0.03496372699737549, Train Acc: 0.0, Train Grad Norm 0.005486955400556326, | Test Loss: 0.03818880021572113, Test Acc: 0.0, Test Grad Norm: 0.020106520503759384 | Elapsed Time: 317.2739608287811
Iter: 460 | Train Loss: 0.035396236926317215, Train Acc: 0.0, Train Grad Norm 0.005272876936942339, | Test Loss: 0.03963012993335724, Test Acc: 0.0, Test Grad Norm: 0.024099500849843025 | Elapsed Time: 331.7214677333832
Iter: 480 | Train Loss: 0.03919718414545059, Train Acc: 0.0, Train Grad Norm 0.03080725111067295, | Test Loss: 0.051896438002586365, Test Acc: 0.0, Test Grad Norm: 0.14756470918655396 | Elapsed Time: 346.11128187179565
Patience count 1
Iter: 500 | Train Loss: 0.03853277117013931, Train Acc: 0.0, Train Grad Norm 0.008684873580932617, | Test Loss: 0.037686120718717575, Test Acc: 0.0, Test Grad Norm: 0.011921056546270847 | Elapsed Time: 360.4773588180542
Patience count 2
GPU Not Enabled
Learning rate eta = 1.0
The size of local train datasets:  [1652, 1652, 1651, 1651, 1651, 1651, 1651, 1651, 1651, 1651]
Shuffling 16520 1.0 -DP local randomizers results is (eps,  1e-08 )-DP in the shuffle model for eps between 0.052808727363259034 and 0.05321494834297641
The final epsilon, delta is ( 10.855150447935374 , 1e-05 )
Iter: 0 | Train Loss: 0.11002689599990845, Train Acc: 0.0, Train Grad Norm 0.21645841002464294, | Test Loss: 0.1311233788728714, Test Acc: 0.0, Test Grad Norm: 0.4693617820739746
Iter: 20 | Train Loss: 0.13001936674118042, Train Acc: 0.0, Train Grad Norm 0.3449747562408447, | Test Loss: 0.17610570788383484, Test Acc: 0.0, Test Grad Norm: 1.6288366317749023 | Elapsed Time: 14.260451316833496
Patience count 1
Iter: 40 | Train Loss: 0.1530463993549347, Train Acc: 0.0, Train Grad Norm 2.0924124717712402, | Test Loss: 0.17849527299404144, Test Acc: 0.0, Test Grad Norm: 2.762176275253296 | Elapsed Time: 28.454780101776123
Patience count 2
Iter: 60 | Train Loss: 0.24044594168663025, Train Acc: 0.0, Train Grad Norm 0.832652747631073, | Test Loss: 0.8022639751434326, Test Acc: 0.0, Test Grad Norm: 24.09565544128418 | Elapsed Time: 42.765798807144165
Patience count 3
Iter: 80 | Train Loss: 0.1982695311307907, Train Acc: 0.0, Train Grad Norm 1.1255968809127808, | Test Loss: 0.2129887342453003, Test Acc: 0.0, Test Grad Norm: 2.0410802364349365 | Elapsed Time: 56.961386919021606
Patience count 4
Iter: 100 | Train Loss: 0.47112444043159485, Train Acc: 0.0, Train Grad Norm 6.283741474151611, | Test Loss: 0.4434099793434143, Test Acc: 0.0, Test Grad Norm: 8.125940322875977 | Elapsed Time: 71.15676474571228
Patience count 5
Iter: 120 | Train Loss: 0.4525730311870575, Train Acc: 0.0, Train Grad Norm 4.029284954071045, | Test Loss: 0.47507452964782715, Test Acc: 0.0, Test Grad Norm: 11.503268241882324 | Elapsed Time: 85.38708257675171
Learning was stopped
Learning rate eta = 0.5
The size of local train datasets:  [1652, 1652, 1651, 1651, 1651, 1651, 1651, 1651, 1651, 1651]
Shuffling 16520 1.0 -DP local randomizers results is (eps,  1e-08 )-DP in the shuffle model for eps between 0.052808727363259034 and 0.05321494834297641
The final epsilon, delta is ( 10.855150447935374 , 1e-05 )
Iter: 0 | Train Loss: 0.11002689599990845, Train Acc: 0.0, Train Grad Norm 0.21645841002464294, | Test Loss: 0.1311233788728714, Test Acc: 0.0, Test Grad Norm: 0.4693617820739746
Iter: 20 | Train Loss: 0.0910690426826477, Train Acc: 0.0, Train Grad Norm 0.1913483440876007, | Test Loss: 0.09059759229421616, Test Acc: 0.0, Test Grad Norm: 0.19050878286361694 | Elapsed Time: 14.212465286254883
Iter: 40 | Train Loss: 0.12603552639484406, Train Acc: 0.0, Train Grad Norm 0.2770523130893707, | Test Loss: 0.12327631562948227, Test Acc: 0.0, Test Grad Norm: 0.24147510528564453 | Elapsed Time: 28.41905188560486
Patience count 1
Iter: 60 | Train Loss: 0.1085885539650917, Train Acc: 0.0, Train Grad Norm 0.7666381001472473, | Test Loss: 0.10580476373434067, Test Acc: 0.0, Test Grad Norm: 0.5835146903991699 | Elapsed Time: 42.6377227306366
Patience count 2
Iter: 80 | Train Loss: 0.07719320058822632, Train Acc: 0.0, Train Grad Norm 0.13039308786392212, | Test Loss: 0.07850676774978638, Test Acc: 0.0, Test Grad Norm: 0.13389164209365845 | Elapsed Time: 56.966739892959595
Iter: 100 | Train Loss: 0.13201884925365448, Train Acc: 0.0, Train Grad Norm 0.4518698751926422, | Test Loss: 0.34735703468322754, Test Acc: 0.0, Test Grad Norm: 3.8562564849853516 | Elapsed Time: 71.1808671951294
Patience count 1
Iter: 120 | Train Loss: 0.08123549073934555, Train Acc: 0.0, Train Grad Norm 0.1419181078672409, | Test Loss: 0.31789326667785645, Test Acc: 0.0, Test Grad Norm: 5.532866477966309 | Elapsed Time: 85.40645933151245
Patience count 2
Iter: 140 | Train Loss: 0.08688768744468689, Train Acc: 0.0, Train Grad Norm 0.14265397191047668, | Test Loss: 0.2814866304397583, Test Acc: 0.0, Test Grad Norm: 3.088353395462036 | Elapsed Time: 99.7443597316742
Patience count 3
Iter: 160 | Train Loss: 0.05475486442446709, Train Acc: 0.0, Train Grad Norm 0.11958661675453186, | Test Loss: 0.09332267940044403, Test Acc: 0.0, Test Grad Norm: 0.6736819744110107 | Elapsed Time: 113.98656272888184
Iter: 180 | Train Loss: 0.07771153002977371, Train Acc: 0.0, Train Grad Norm 0.30620643496513367, | Test Loss: 0.06488880515098572, Test Acc: 0.0, Test Grad Norm: 0.15981881320476532 | Elapsed Time: 128.22646617889404
Patience count 1
Iter: 200 | Train Loss: 0.08331580460071564, Train Acc: 0.0, Train Grad Norm 0.2707367539405823, | Test Loss: 0.09768779575824738, Test Acc: 0.0, Test Grad Norm: 0.4785400331020355 | Elapsed Time: 142.5765917301178
Patience count 2
Iter: 220 | Train Loss: 0.11338730901479721, Train Acc: 0.0, Train Grad Norm 0.26032498478889465, | Test Loss: 0.10721141844987869, Test Acc: 0.0, Test Grad Norm: 0.1889258176088333 | Elapsed Time: 156.80427432060242
Patience count 3
Iter: 240 | Train Loss: 0.16191713511943817, Train Acc: 0.0, Train Grad Norm 0.39130574464797974, | Test Loss: 0.14692357182502747, Test Acc: 0.0, Test Grad Norm: 0.31122803688049316 | Elapsed Time: 171.06979203224182
Patience count 4
Iter: 260 | Train Loss: 0.16491980850696564, Train Acc: 0.0, Train Grad Norm 0.6191592812538147, | Test Loss: 0.24405927956104279, Test Acc: 0.0, Test Grad Norm: 2.4082140922546387 | Elapsed Time: 185.40410566329956
Patience count 5
Iter: 280 | Train Loss: 0.21631446480751038, Train Acc: 0.0, Train Grad Norm 0.9932918548583984, | Test Loss: 0.5290080308914185, Test Acc: 0.0, Test Grad Norm: 19.416051864624023 | Elapsed Time: 199.65687584877014
Learning was stopped
Learning rate eta = 0.25
The size of local train datasets:  [1652, 1652, 1651, 1651, 1651, 1651, 1651, 1651, 1651, 1651]
Shuffling 16520 1.0 -DP local randomizers results is (eps,  1e-08 )-DP in the shuffle model for eps between 0.052808727363259034 and 0.05321494834297641
The final epsilon, delta is ( 10.855150447935374 , 1e-05 )
Iter: 0 | Train Loss: 0.11002689599990845, Train Acc: 0.0, Train Grad Norm 0.21645841002464294, | Test Loss: 0.1311233788728714, Test Acc: 0.0, Test Grad Norm: 0.4693617820739746
Iter: 20 | Train Loss: 0.11251097172498703, Train Acc: 0.0, Train Grad Norm 0.13278108835220337, | Test Loss: 0.13353340327739716, Test Acc: 0.0, Test Grad Norm: 0.43445706367492676 | Elapsed Time: 14.208415985107422
Iter: 40 | Train Loss: 0.09382510930299759, Train Acc: 0.0, Train Grad Norm 0.07289956510066986, | Test Loss: 0.10531844943761826, Test Acc: 0.0, Test Grad Norm: 0.2390604466199875 | Elapsed Time: 28.547513484954834
Iter: 60 | Train Loss: 0.08923036605119705, Train Acc: 0.0, Train Grad Norm 0.07662231475114822, | Test Loss: 0.09790341556072235, Test Acc: 0.0, Test Grad Norm: 0.20586825907230377 | Elapsed Time: 42.80073881149292
Iter: 80 | Train Loss: 0.08775858581066132, Train Acc: 0.0, Train Grad Norm 0.050076622515916824, | Test Loss: 0.0862485021352768, Test Acc: 0.0, Test Grad Norm: 0.07946033775806427 | Elapsed Time: 57.04230713844299
Iter: 100 | Train Loss: 0.11972477287054062, Train Acc: 0.0, Train Grad Norm 0.1306961625814438, | Test Loss: 0.16287599503993988, Test Acc: 0.0, Test Grad Norm: 0.9571359753608704 | Elapsed Time: 71.25840497016907
Patience count 1
Iter: 120 | Train Loss: 0.11458291858434677, Train Acc: 0.0, Train Grad Norm 0.16429151594638824, | Test Loss: 0.19011151790618896, Test Acc: 0.0, Test Grad Norm: 1.5557953119277954 | Elapsed Time: 85.6187174320221
Patience count 2
Iter: 140 | Train Loss: 0.09132365137338638, Train Acc: 0.0, Train Grad Norm 0.12955915927886963, | Test Loss: 0.17946378886699677, Test Acc: 0.0, Test Grad Norm: 1.5733331441879272 | Elapsed Time: 99.83523726463318
Iter: 160 | Train Loss: 0.09564186632633209, Train Acc: 0.0, Train Grad Norm 0.14210399985313416, | Test Loss: 0.29370447993278503, Test Acc: 0.0, Test Grad Norm: 4.028759002685547 | Elapsed Time: 114.07321572303772
Patience count 3
Iter: 180 | Train Loss: 0.14503027498722076, Train Acc: 0.0, Train Grad Norm 0.5894908905029297, | Test Loss: 0.38997146487236023, Test Acc: 0.0, Test Grad Norm: 4.617642402648926 | Elapsed Time: 128.40917420387268
Patience count 4
Iter: 200 | Train Loss: 0.11903472989797592, Train Acc: 0.0, Train Grad Norm 0.30072021484375, | Test Loss: 0.38528284430503845, Test Acc: 0.0, Test Grad Norm: 5.445375919342041 | Elapsed Time: 142.6514253616333
Patience count 5
Iter: 220 | Train Loss: 0.13508710265159607, Train Acc: 0.0, Train Grad Norm 0.275357723236084, | Test Loss: 0.416437566280365, Test Acc: 0.0, Test Grad Norm: 6.512197971343994 | Elapsed Time: 156.87872695922852
Learning was stopped
Learning rate eta = 0.125
The size of local train datasets:  [1652, 1652, 1651, 1651, 1651, 1651, 1651, 1651, 1651, 1651]
Shuffling 16520 1.0 -DP local randomizers results is (eps,  1e-08 )-DP in the shuffle model for eps between 0.052808727363259034 and 0.05321494834297641
The final epsilon, delta is ( 10.855150447935374 , 1e-05 )
Iter: 0 | Train Loss: 0.11002689599990845, Train Acc: 0.0, Train Grad Norm 0.21645841002464294, | Test Loss: 0.1311233788728714, Test Acc: 0.0, Test Grad Norm: 0.4693617820739746
Iter: 20 | Train Loss: 0.09814727306365967, Train Acc: 0.0, Train Grad Norm 0.09227264672517776, | Test Loss: 0.11092960089445114, Test Acc: 0.0, Test Grad Norm: 0.21986208856105804 | Elapsed Time: 14.314207553863525
Iter: 40 | Train Loss: 0.10441013425588608, Train Acc: 0.0, Train Grad Norm 0.09213420003652573, | Test Loss: 0.11521957069635391, Test Acc: 0.0, Test Grad Norm: 0.19720081984996796 | Elapsed Time: 28.547884225845337
Patience count 1
Iter: 60 | Train Loss: 0.09442300349473953, Train Acc: 0.0, Train Grad Norm 0.09680751711130142, | Test Loss: 0.1004289984703064, Test Acc: 0.0, Test Grad Norm: 0.15303100645542145 | Elapsed Time: 42.78625988960266
Iter: 80 | Train Loss: 0.07724296301603317, Train Acc: 0.0, Train Grad Norm 0.08027084916830063, | Test Loss: 0.0801655650138855, Test Acc: 0.0, Test Grad Norm: 0.11899387091398239 | Elapsed Time: 57.12489366531372
Iter: 100 | Train Loss: 0.07247239351272583, Train Acc: 0.0, Train Grad Norm 0.06634538620710373, | Test Loss: 0.0738542377948761, Test Acc: 0.0, Test Grad Norm: 0.09143925458192825 | Elapsed Time: 71.35857486724854
Iter: 120 | Train Loss: 0.06600332260131836, Train Acc: 0.0, Train Grad Norm 0.06421402096748352, | Test Loss: 0.07063692808151245, Test Acc: 0.0, Test Grad Norm: 0.11354485899209976 | Elapsed Time: 85.59760117530823
Iter: 140 | Train Loss: 0.058628473430871964, Train Acc: 0.0, Train Grad Norm 0.09383398294448853, | Test Loss: 0.06449005752801895, Test Acc: 0.0, Test Grad Norm: 0.1700924187898636 | Elapsed Time: 99.9305169582367
Iter: 160 | Train Loss: 0.05231654644012451, Train Acc: 0.0, Train Grad Norm 0.01792353205382824, | Test Loss: 0.05615260824561119, Test Acc: 0.0, Test Grad Norm: 0.05641482397913933 | Elapsed Time: 114.1997606754303
Iter: 180 | Train Loss: 0.051086414605379105, Train Acc: 0.0, Train Grad Norm 0.018709158524870872, | Test Loss: 0.050789911299943924, Test Acc: 0.0, Test Grad Norm: 0.0258824210613966 | Elapsed Time: 128.44019222259521
Iter: 200 | Train Loss: 0.04547210410237312, Train Acc: 0.0, Train Grad Norm 0.013355554081499577, | Test Loss: 0.04528907686471939, Test Acc: 0.0, Test Grad Norm: 0.013356986455619335 | Elapsed Time: 142.79250049591064
Iter: 220 | Train Loss: 0.05182615667581558, Train Acc: 0.0, Train Grad Norm 0.01887688599526882, | Test Loss: 0.05171066150069237, Test Acc: 0.0, Test Grad Norm: 0.020158573985099792 | Elapsed Time: 157.05445265769958
Patience count 1
Iter: 240 | Train Loss: 0.05984491482377052, Train Acc: 0.0, Train Grad Norm 0.028377486392855644, | Test Loss: 0.07421152293682098, Test Acc: 0.0, Test Grad Norm: 0.14582112431526184 | Elapsed Time: 171.31404781341553
Patience count 2
Iter: 260 | Train Loss: 0.0542527474462986, Train Acc: 0.0, Train Grad Norm 0.02139882557094097, | Test Loss: 0.07736288756132126, Test Acc: 0.0, Test Grad Norm: 0.19999559223651886 | Elapsed Time: 185.55996584892273
Patience count 3
Iter: 280 | Train Loss: 0.053071022033691406, Train Acc: 0.0, Train Grad Norm 0.029500924050807953, | Test Loss: 0.08411307632923126, Test Acc: 0.0, Test Grad Norm: 0.30693840980529785 | Elapsed Time: 199.94245433807373
Patience count 4
Iter: 300 | Train Loss: 0.05538562312722206, Train Acc: 0.0, Train Grad Norm 0.06647986173629761, | Test Loss: 0.09997294843196869, Test Acc: 0.0, Test Grad Norm: 0.5186259746551514 | Elapsed Time: 214.2174789905548
Patience count 5
Iter: 320 | Train Loss: 0.04913296550512314, Train Acc: 0.0, Train Grad Norm 0.05900781229138374, | Test Loss: 0.08094649761915207, Test Acc: 0.0, Test Grad Norm: 0.3898719549179077 | Elapsed Time: 228.49035692214966
Learning was stopped
Learning rate eta = 0.0625
The size of local train datasets:  [1652, 1652, 1651, 1651, 1651, 1651, 1651, 1651, 1651, 1651]
Shuffling 16520 1.0 -DP local randomizers results is (eps,  1e-08 )-DP in the shuffle model for eps between 0.052808727363259034 and 0.05321494834297641
The final epsilon, delta is ( 10.855150447935374 , 1e-05 )
Iter: 0 | Train Loss: 0.11002689599990845, Train Acc: 0.0, Train Grad Norm 0.21645841002464294, | Test Loss: 0.1311233788728714, Test Acc: 0.0, Test Grad Norm: 0.4693617820739746
Iter: 20 | Train Loss: 0.1064179465174675, Train Acc: 0.0, Train Grad Norm 0.20131778717041016, | Test Loss: 0.12321831285953522, Test Acc: 0.0, Test Grad Norm: 0.41336724162101746 | Elapsed Time: 14.286104440689087
Iter: 40 | Train Loss: 0.1116780936717987, Train Acc: 0.0, Train Grad Norm 0.24364420771598816, | Test Loss: 0.12690241634845734, Test Acc: 0.0, Test Grad Norm: 0.45645496249198914 | Elapsed Time: 28.55388617515564
Iter: 60 | Train Loss: 0.10474009811878204, Train Acc: 0.0, Train Grad Norm 0.14536815881729126, | Test Loss: 0.11795040965080261, Test Acc: 0.0, Test Grad Norm: 0.30121102929115295 | Elapsed Time: 42.78985333442688
Iter: 80 | Train Loss: 0.10095605254173279, Train Acc: 0.0, Train Grad Norm 0.07780888676643372, | Test Loss: 0.11243826150894165, Test Acc: 0.0, Test Grad Norm: 0.19939178228378296 | Elapsed Time: 57.147616147994995
Iter: 100 | Train Loss: 0.1010800451040268, Train Acc: 0.0, Train Grad Norm 0.05833085626363754, | Test Loss: 0.1153566986322403, Test Acc: 0.0, Test Grad Norm: 0.19048647582530975 | Elapsed Time: 71.4199013710022
Iter: 120 | Train Loss: 0.09347351640462875, Train Acc: 0.0, Train Grad Norm 0.06053460016846657, | Test Loss: 0.09936143457889557, Test Acc: 0.0, Test Grad Norm: 0.1313469260931015 | Elapsed Time: 85.67508459091187
Iter: 140 | Train Loss: 0.09592245519161224, Train Acc: 0.0, Train Grad Norm 0.10169345885515213, | Test Loss: 0.10444162786006927, Test Acc: 0.0, Test Grad Norm: 0.2068151980638504 | Elapsed Time: 100.0065484046936
Iter: 160 | Train Loss: 0.09648308157920837, Train Acc: 0.0, Train Grad Norm 0.0853852778673172, | Test Loss: 0.10766889154911041, Test Acc: 0.0, Test Grad Norm: 0.21267981827259064 | Elapsed Time: 114.28531193733215
Iter: 180 | Train Loss: 0.09116370975971222, Train Acc: 0.0, Train Grad Norm 0.04433683305978775, | Test Loss: 0.09821991622447968, Test Acc: 0.0, Test Grad Norm: 0.12445896118879318 | Elapsed Time: 128.51763558387756
Iter: 200 | Train Loss: 0.08685344457626343, Train Acc: 0.0, Train Grad Norm 0.03791598603129387, | Test Loss: 0.09275752305984497, Test Acc: 0.0, Test Grad Norm: 0.09100940823554993 | Elapsed Time: 142.85765385627747
Iter: 220 | Train Loss: 0.08677630871534348, Train Acc: 0.0, Train Grad Norm 0.04478432983160019, | Test Loss: 0.09711985290050507, Test Acc: 0.0, Test Grad Norm: 0.15508849918842316 | Elapsed Time: 157.09277653694153
Iter: 240 | Train Loss: 0.08885601162910461, Train Acc: 0.0, Train Grad Norm 0.03849632665514946, | Test Loss: 0.09922333806753159, Test Acc: 0.0, Test Grad Norm: 0.12577812373638153 | Elapsed Time: 171.37525033950806
Iter: 260 | Train Loss: 0.08631149679422379, Train Acc: 0.0, Train Grad Norm 0.03538940101861954, | Test Loss: 0.09607069194316864, Test Acc: 0.0, Test Grad Norm: 0.12013161927461624 | Elapsed Time: 185.6479194164276
Iter: 280 | Train Loss: 0.07820294052362442, Train Acc: 0.0, Train Grad Norm 0.027287576347589493, | Test Loss: 0.08380760252475739, Test Acc: 0.0, Test Grad Norm: 0.08913033455610275 | Elapsed Time: 199.9912405014038
Iter: 300 | Train Loss: 0.07574371993541718, Train Acc: 0.0, Train Grad Norm 0.02609843946993351, | Test Loss: 0.0799553319811821, Test Acc: 0.0, Test Grad Norm: 0.06707092374563217 | Elapsed Time: 214.32486009597778
Iter: 320 | Train Loss: 0.07695703953504562, Train Acc: 0.0, Train Grad Norm 0.03971957042813301, | Test Loss: 0.07788354158401489, Test Acc: 0.0, Test Grad Norm: 0.04909885674715042 | Elapsed Time: 228.564435005188
Iter: 340 | Train Loss: 0.0769352912902832, Train Acc: 0.0, Train Grad Norm 0.09028881788253784, | Test Loss: 0.07491672784090042, Test Acc: 0.0, Test Grad Norm: 0.07664486765861511 | Elapsed Time: 242.92298078536987
Iter: 360 | Train Loss: 0.07744994759559631, Train Acc: 0.0, Train Grad Norm 0.09852525591850281, | Test Loss: 0.07616761326789856, Test Acc: 0.0, Test Grad Norm: 0.0807323008775711 | Elapsed Time: 257.1891074180603
Iter: 380 | Train Loss: 0.07525190711021423, Train Acc: 0.0, Train Grad Norm 0.11005716025829315, | Test Loss: 0.07399400323629379, Test Acc: 0.0, Test Grad Norm: 0.09182961285114288 | Elapsed Time: 271.45972299575806
Iter: 400 | Train Loss: 0.06968632340431213, Train Acc: 0.0, Train Grad Norm 0.025923971086740494, | Test Loss: 0.06811033189296722, Test Acc: 0.0, Test Grad Norm: 0.024865347892045975 | Elapsed Time: 285.8054709434509
Iter: 420 | Train Loss: 0.06800568848848343, Train Acc: 0.0, Train Grad Norm 0.02663493901491165, | Test Loss: 0.06616517156362534, Test Acc: 0.0, Test Grad Norm: 0.022257862612605095 | Elapsed Time: 300.07149147987366
Iter: 440 | Train Loss: 0.06608505547046661, Train Acc: 0.0, Train Grad Norm 0.02933645062148571, | Test Loss: 0.06431776285171509, Test Acc: 0.0, Test Grad Norm: 0.02953399159014225 | Elapsed Time: 314.31954169273376
Iter: 460 | Train Loss: 0.06360726058483124, Train Acc: 0.0, Train Grad Norm 0.017429064959287643, | Test Loss: 0.06208328530192375, Test Acc: 0.0, Test Grad Norm: 0.015128095634281635 | Elapsed Time: 328.6795415878296
Iter: 480 | Train Loss: 0.06089331582188606, Train Acc: 0.0, Train Grad Norm 0.020963063463568687, | Test Loss: 0.06022182106971741, Test Acc: 0.0, Test Grad Norm: 0.01893177442252636 | Elapsed Time: 342.9241693019867
Iter: 500 | Train Loss: 0.057946838438510895, Train Acc: 0.0, Train Grad Norm 0.01624353975057602, | Test Loss: 0.05728677660226822, Test Acc: 0.0, Test Grad Norm: 0.015545948408544064 | Elapsed Time: 357.208975315094
