Running with c=1, seed=3
GPU Not Enabled
Learning rate eta = 1.0
The size of local train datasets:  [1652, 1652, 1651, 1651, 1651, 1651, 1651, 1651, 1651, 1651]
Shuffling 16520 1.8 -DP local randomizers results is (eps,  1e-08 )-DP in the shuffle model for eps between 0.1263707785001379 and 0.12923354694512484
The final epsilon, delta is ( 26.93146250530808 , 1e-05 )
Iter: 0 | Train Loss: 0.37747907638549805, Train Acc: 0.0, Train Grad Norm 6.437361717224121, | Test Loss: 0.3772118091583252, Test Acc: 0.0, Test Grad Norm: 6.719305515289307
Iter: 20 | Train Loss: 0.05977616086602211, Train Acc: 0.0, Train Grad Norm 0.277812659740448, | Test Loss: 0.060640908777713776, Test Acc: 0.0, Test Grad Norm: 0.23092243075370789 | Elapsed Time: 16.320101261138916
Iter: 40 | Train Loss: 0.06770213693380356, Train Acc: 0.0, Train Grad Norm 0.19315849244594574, | Test Loss: 0.07389222830533981, Test Acc: 0.0, Test Grad Norm: 0.6761563420295715 | Elapsed Time: 31.416667699813843
Patience count 1
Iter: 60 | Train Loss: 0.08237628638744354, Train Acc: 0.0, Train Grad Norm 0.3040412366390228, | Test Loss: 0.11167503148317337, Test Acc: 0.0, Test Grad Norm: 2.5039772987365723 | Elapsed Time: 46.89242482185364
Patience count 2
Iter: 80 | Train Loss: 0.14482372999191284, Train Acc: 0.0, Train Grad Norm 0.6902643442153931, | Test Loss: 0.1283475011587143, Test Acc: 0.0, Test Grad Norm: 0.6009323000907898 | Elapsed Time: 63.40961933135986
Patience count 3
Iter: 100 | Train Loss: 0.12672850489616394, Train Acc: 0.0, Train Grad Norm 1.1928430795669556, | Test Loss: 0.10642664134502411, Test Acc: 0.0, Test Grad Norm: 2.2228033542633057 | Elapsed Time: 77.69808077812195
Learning was stopped
Learning rate eta = 0.5
The size of local train datasets:  [1652, 1652, 1651, 1651, 1651, 1651, 1651, 1651, 1651, 1651]
Shuffling 16520 1.8 -DP local randomizers results is (eps,  1e-08 )-DP in the shuffle model for eps between 0.1263707785001379 and 0.12923354694512484
The final epsilon, delta is ( 26.93146250530808 , 1e-05 )
Iter: 0 | Train Loss: 0.37747907638549805, Train Acc: 0.0, Train Grad Norm 6.437361717224121, | Test Loss: 0.3772118091583252, Test Acc: 0.0, Test Grad Norm: 6.719305515289307
Iter: 20 | Train Loss: 0.1383998543024063, Train Acc: 0.0, Train Grad Norm 1.7448118925094604, | Test Loss: 0.13757219910621643, Test Acc: 0.0, Test Grad Norm: 1.8062273263931274 | Elapsed Time: 15.468902587890625
Iter: 40 | Train Loss: 0.049593061208724976, Train Acc: 0.0, Train Grad Norm 0.06613342463970184, | Test Loss: 0.05708545073866844, Test Acc: 0.0, Test Grad Norm: 0.24509495496749878 | Elapsed Time: 31.223403453826904
Iter: 60 | Train Loss: 0.054489850997924805, Train Acc: 0.0, Train Grad Norm 0.1229238510131836, | Test Loss: 0.13242220878601074, Test Acc: 0.0, Test Grad Norm: 2.5473601818084717 | Elapsed Time: 47.28734636306763
Patience count 1
Iter: 80 | Train Loss: 0.06235869601368904, Train Acc: 0.0, Train Grad Norm 0.2261139154434204, | Test Loss: 0.12561102211475372, Test Acc: 0.0, Test Grad Norm: 1.4425690174102783 | Elapsed Time: 62.0970823764801
Patience count 2
Iter: 100 | Train Loss: 0.03959190845489502, Train Acc: 0.0, Train Grad Norm 0.12572763860225677, | Test Loss: 0.07155310362577438, Test Acc: 0.0, Test Grad Norm: 1.0309361219406128 | Elapsed Time: 77.2556848526001
Iter: 120 | Train Loss: 0.06011437624692917, Train Acc: 0.0, Train Grad Norm 0.06939611583948135, | Test Loss: 0.1290254443883896, Test Acc: 0.0, Test Grad Norm: 2.015286684036255 | Elapsed Time: 92.89892196655273
Patience count 1
Iter: 140 | Train Loss: 0.04982317239046097, Train Acc: 0.0, Train Grad Norm 0.06738720089197159, | Test Loss: 0.04946533590555191, Test Acc: 0.0, Test Grad Norm: 0.055981431156396866 | Elapsed Time: 107.3315601348877
Patience count 2
Iter: 160 | Train Loss: 0.050447069108486176, Train Acc: 0.0, Train Grad Norm 0.04656143859028816, | Test Loss: 0.09085416048765182, Test Acc: 0.0, Test Grad Norm: 1.9637686014175415 | Elapsed Time: 122.52407670021057
Patience count 3
Iter: 180 | Train Loss: 0.05153830721974373, Train Acc: 0.0, Train Grad Norm 0.07997847348451614, | Test Loss: 0.19110900163650513, Test Acc: 0.0, Test Grad Norm: 5.480203628540039 | Elapsed Time: 136.84687089920044
Learning was stopped
Learning rate eta = 0.25
The size of local train datasets:  [1652, 1652, 1651, 1651, 1651, 1651, 1651, 1651, 1651, 1651]
Shuffling 16520 1.8 -DP local randomizers results is (eps,  1e-08 )-DP in the shuffle model for eps between 0.1263707785001379 and 0.12923354694512484
The final epsilon, delta is ( 26.93146250530808 , 1e-05 )
Iter: 0 | Train Loss: 0.37747907638549805, Train Acc: 0.0, Train Grad Norm 6.437361717224121, | Test Loss: 0.3772118091583252, Test Acc: 0.0, Test Grad Norm: 6.719305515289307
Iter: 20 | Train Loss: 0.24036897718906403, Train Acc: 0.0, Train Grad Norm 3.430870294570923, | Test Loss: 0.23804864287376404, Test Acc: 0.0, Test Grad Norm: 3.4556727409362793 | Elapsed Time: 13.992121696472168
Iter: 40 | Train Loss: 0.16665568947792053, Train Acc: 0.0, Train Grad Norm 1.7522828578948975, | Test Loss: 0.18357372283935547, Test Acc: 0.0, Test Grad Norm: 1.5216022729873657 | Elapsed Time: 28.392704248428345
Iter: 60 | Train Loss: 0.13610419631004333, Train Acc: 0.0, Train Grad Norm 0.7857863903045654, | Test Loss: 0.18729490041732788, Test Acc: 0.0, Test Grad Norm: 1.3535984754562378 | Elapsed Time: 44.42517685890198
Iter: 80 | Train Loss: 0.11093819886445999, Train Acc: 0.0, Train Grad Norm 0.36283212900161743, | Test Loss: 0.1803419142961502, Test Acc: 0.0, Test Grad Norm: 1.7008944749832153 | Elapsed Time: 59.27930688858032
Iter: 100 | Train Loss: 0.09007817506790161, Train Acc: 0.0, Train Grad Norm 0.21466395258903503, | Test Loss: 0.1652827113866806, Test Acc: 0.0, Test Grad Norm: 1.590797781944275 | Elapsed Time: 74.78115487098694
Iter: 120 | Train Loss: 0.0862792581319809, Train Acc: 0.0, Train Grad Norm 0.11341292411088943, | Test Loss: 0.18831680715084076, Test Acc: 0.0, Test Grad Norm: 2.47247314453125 | Elapsed Time: 88.85609579086304
Iter: 140 | Train Loss: 0.08556409180164337, Train Acc: 0.0, Train Grad Norm 0.12273815274238586, | Test Loss: 0.24227596819400787, Test Acc: 0.0, Test Grad Norm: 3.5204997062683105 | Elapsed Time: 104.18805289268494
Iter: 160 | Train Loss: 0.07991272956132889, Train Acc: 0.0, Train Grad Norm 0.13181498646736145, | Test Loss: 0.2067212015390396, Test Acc: 0.0, Test Grad Norm: 2.5485422611236572 | Elapsed Time: 120.3182315826416
Iter: 180 | Train Loss: 0.06393284350633621, Train Acc: 0.0, Train Grad Norm 0.056573286652565, | Test Loss: 0.09906160086393356, Test Acc: 0.0, Test Grad Norm: 0.6280599236488342 | Elapsed Time: 136.99504256248474
Iter: 200 | Train Loss: 0.06500060111284256, Train Acc: 0.0, Train Grad Norm 0.04761350899934769, | Test Loss: 0.11367829889059067, Test Acc: 0.0, Test Grad Norm: 0.9445520043373108 | Elapsed Time: 153.1172366142273
Iter: 220 | Train Loss: 0.06445032358169556, Train Acc: 0.0, Train Grad Norm 0.050424445420503616, | Test Loss: 0.0966445580124855, Test Acc: 0.0, Test Grad Norm: 0.621677041053772 | Elapsed Time: 168.2579517364502
Iter: 240 | Train Loss: 0.07121455669403076, Train Acc: 0.0, Train Grad Norm 0.11260882019996643, | Test Loss: 0.16086061298847198, Test Acc: 0.0, Test Grad Norm: 1.935652256011963 | Elapsed Time: 182.80623817443848
Patience count 1
Iter: 260 | Train Loss: 0.05461841821670532, Train Acc: 0.0, Train Grad Norm 0.059548232704401016, | Test Loss: 0.10159456729888916, Test Acc: 0.0, Test Grad Norm: 0.9681008458137512 | Elapsed Time: 196.87659907341003
Iter: 280 | Train Loss: 0.06774028390645981, Train Acc: 0.0, Train Grad Norm 0.1952635645866394, | Test Loss: 0.15471360087394714, Test Acc: 0.0, Test Grad Norm: 2.310063362121582 | Elapsed Time: 210.962464094162
Patience count 1
Iter: 300 | Train Loss: 0.06593151390552521, Train Acc: 0.0, Train Grad Norm 0.2105998992919922, | Test Loss: 0.19186468422412872, Test Acc: 0.0, Test Grad Norm: 3.222644805908203 | Elapsed Time: 226.2482626438141
Patience count 2
Iter: 320 | Train Loss: 0.04821673035621643, Train Acc: 0.0, Train Grad Norm 0.057261403650045395, | Test Loss: 0.1341186761856079, Test Acc: 0.0, Test Grad Norm: 1.720868468284607 | Elapsed Time: 242.32855033874512
Iter: 340 | Train Loss: 0.05322195589542389, Train Acc: 0.0, Train Grad Norm 0.06177434325218201, | Test Loss: 0.17491543292999268, Test Acc: 0.0, Test Grad Norm: 2.7200560569763184 | Elapsed Time: 257.39983892440796
Patience count 1
Iter: 360 | Train Loss: 0.04928603395819664, Train Acc: 0.0, Train Grad Norm 0.051867857575416565, | Test Loss: 0.16501937806606293, Test Acc: 0.0, Test Grad Norm: 2.3045098781585693 | Elapsed Time: 272.2881724834442
Iter: 380 | Train Loss: 0.03891235589981079, Train Acc: 0.0, Train Grad Norm 0.015454758889973164, | Test Loss: 0.051946885883808136, Test Acc: 0.0, Test Grad Norm: 0.23044347763061523 | Elapsed Time: 287.0974202156067
Iter: 400 | Train Loss: 0.04079488664865494, Train Acc: 0.0, Train Grad Norm 0.05183745175600052, | Test Loss: 0.04143941402435303, Test Acc: 0.0, Test Grad Norm: 0.10661357641220093 | Elapsed Time: 303.1525835990906
Iter: 420 | Train Loss: 0.04229239001870155, Train Acc: 0.0, Train Grad Norm 0.01769358292222023, | Test Loss: 0.05164065957069397, Test Acc: 0.0, Test Grad Norm: 0.13550004363059998 | Elapsed Time: 317.6973922252655
Patience count 1
Iter: 440 | Train Loss: 0.042244113981723785, Train Acc: 0.0, Train Grad Norm 0.027857597917318344, | Test Loss: 0.04551508277654648, Test Acc: 0.0, Test Grad Norm: 0.08193076401948929 | Elapsed Time: 332.23581290245056
Patience count 2
Iter: 460 | Train Loss: 0.05563031882047653, Train Acc: 0.0, Train Grad Norm 0.07396290451288223, | Test Loss: 0.07552529871463776, Test Acc: 0.0, Test Grad Norm: 0.45351505279541016 | Elapsed Time: 347.99852752685547
Patience count 3
Iter: 480 | Train Loss: 0.058254897594451904, Train Acc: 0.0, Train Grad Norm 0.12302222847938538, | Test Loss: 0.05628398805856705, Test Acc: 0.0, Test Grad Norm: 0.2010333240032196 | Elapsed Time: 364.54449248313904
Learning was stopped
Learning rate eta = 0.125
The size of local train datasets:  [1652, 1652, 1651, 1651, 1651, 1651, 1651, 1651, 1651, 1651]
Shuffling 16520 1.8 -DP local randomizers results is (eps,  1e-08 )-DP in the shuffle model for eps between 0.1263707785001379 and 0.12923354694512484
The final epsilon, delta is ( 26.93146250530808 , 1e-05 )
Iter: 0 | Train Loss: 0.37747907638549805, Train Acc: 0.0, Train Grad Norm 6.437361717224121, | Test Loss: 0.3772118091583252, Test Acc: 0.0, Test Grad Norm: 6.719305515289307
Iter: 20 | Train Loss: 0.3101338744163513, Train Acc: 0.0, Train Grad Norm 4.916205883026123, | Test Loss: 0.30924364924430847, Test Acc: 0.0, Test Grad Norm: 5.265634059906006 | Elapsed Time: 14.548913478851318
Iter: 40 | Train Loss: 0.2632628083229065, Train Acc: 0.0, Train Grad Norm 3.6901488304138184, | Test Loss: 0.2605588436126709, Test Acc: 0.0, Test Grad Norm: 3.8736445903778076 | Elapsed Time: 28.567930221557617
Iter: 60 | Train Loss: 0.2091122418642044, Train Acc: 0.0, Train Grad Norm 2.3367695808410645, | Test Loss: 0.20538315176963806, Test Acc: 0.0, Test Grad Norm: 2.2661800384521484 | Elapsed Time: 44.46298003196716
Iter: 80 | Train Loss: 0.16381627321243286, Train Acc: 0.0, Train Grad Norm 1.5059393644332886, | Test Loss: 0.1647455096244812, Test Acc: 0.0, Test Grad Norm: 1.3694264888763428 | Elapsed Time: 59.374985694885254
Iter: 100 | Train Loss: 0.12806566059589386, Train Acc: 0.0, Train Grad Norm 0.8512465953826904, | Test Loss: 0.12629784643650055, Test Acc: 0.0, Test Grad Norm: 0.7832094430923462 | Elapsed Time: 75.07578563690186
Iter: 120 | Train Loss: 0.1022123172879219, Train Acc: 0.0, Train Grad Norm 0.47946447134017944, | Test Loss: 0.10287532955408096, Test Acc: 0.0, Test Grad Norm: 0.42268407344818115 | Elapsed Time: 90.0259838104248
Iter: 140 | Train Loss: 0.0785384401679039, Train Acc: 0.0, Train Grad Norm 0.212398499250412, | Test Loss: 0.08254208415746689, Test Acc: 0.0, Test Grad Norm: 0.21033330261707306 | Elapsed Time: 106.64592337608337
Iter: 160 | Train Loss: 0.06990085542201996, Train Acc: 0.0, Train Grad Norm 0.12083027511835098, | Test Loss: 0.07787749916315079, Test Acc: 0.0, Test Grad Norm: 0.18783505260944366 | Elapsed Time: 120.74640369415283
Iter: 180 | Train Loss: 0.05911961570382118, Train Acc: 0.0, Train Grad Norm 0.06484947353601456, | Test Loss: 0.06364184617996216, Test Acc: 0.0, Test Grad Norm: 0.12748636305332184 | Elapsed Time: 134.60671496391296
Iter: 200 | Train Loss: 0.05644429102540016, Train Acc: 0.0, Train Grad Norm 0.04785563796758652, | Test Loss: 0.05880599841475487, Test Acc: 0.0, Test Grad Norm: 0.10018480569124222 | Elapsed Time: 148.8781816959381
Iter: 220 | Train Loss: 0.04982598498463631, Train Acc: 0.0, Train Grad Norm 0.02867428958415985, | Test Loss: 0.05203075334429741, Test Acc: 0.0, Test Grad Norm: 0.09937703609466553 | Elapsed Time: 164.20459723472595
Iter: 240 | Train Loss: 0.047362979501485825, Train Acc: 0.0, Train Grad Norm 0.03748349845409393, | Test Loss: 0.04606267064809799, Test Acc: 0.0, Test Grad Norm: 0.024058032780885696 | Elapsed Time: 178.26236748695374
Iter: 260 | Train Loss: 0.04359963536262512, Train Acc: 0.0, Train Grad Norm 0.017511818557977676, | Test Loss: 0.046751055866479874, Test Acc: 0.0, Test Grad Norm: 0.07762943208217621 | Elapsed Time: 194.63488698005676
Iter: 280 | Train Loss: 0.042393047362565994, Train Acc: 0.0, Train Grad Norm 0.015187442302703857, | Test Loss: 0.04439063370227814, Test Acc: 0.0, Test Grad Norm: 0.05312325432896614 | Elapsed Time: 211.32542753219604
Iter: 300 | Train Loss: 0.04011929780244827, Train Acc: 0.0, Train Grad Norm 0.016315285116434097, | Test Loss: 0.03993196040391922, Test Acc: 0.0, Test Grad Norm: 0.013968026265501976 | Elapsed Time: 226.82382726669312
Iter: 320 | Train Loss: 0.04163466766476631, Train Acc: 0.0, Train Grad Norm 0.015047728084027767, | Test Loss: 0.04120523855090141, Test Acc: 0.0, Test Grad Norm: 0.014311013743281364 | Elapsed Time: 242.4394781589508
Iter: 340 | Train Loss: 0.039403337985277176, Train Acc: 0.0, Train Grad Norm 0.014732330106198788, | Test Loss: 0.039300840348005295, Test Acc: 0.0, Test Grad Norm: 0.022690294310450554 | Elapsed Time: 259.14179730415344
Iter: 360 | Train Loss: 0.03583867475390434, Train Acc: 0.0, Train Grad Norm 0.008425346575677395, | Test Loss: 0.03641984239220619, Test Acc: 0.0, Test Grad Norm: 0.021088551729917526 | Elapsed Time: 273.8644075393677
Iter: 380 | Train Loss: 0.034526340663433075, Train Acc: 0.0, Train Grad Norm 0.007556581404060125, | Test Loss: 0.036606788635253906, Test Acc: 0.0, Test Grad Norm: 0.041411757469177246 | Elapsed Time: 287.78060388565063
Iter: 400 | Train Loss: 0.03320358693599701, Train Acc: 0.0, Train Grad Norm 0.012037376873195171, | Test Loss: 0.033340685069561005, Test Acc: 0.0, Test Grad Norm: 0.015009591355919838 | Elapsed Time: 303.16682147979736
Iter: 420 | Train Loss: 0.032805610448122025, Train Acc: 0.0, Train Grad Norm 0.007520818151533604, | Test Loss: 0.03297476842999458, Test Acc: 0.0, Test Grad Norm: 0.008500320836901665 | Elapsed Time: 319.011301279068
Iter: 440 | Train Loss: 0.03236342966556549, Train Acc: 0.0, Train Grad Norm 0.00538984127342701, | Test Loss: 0.03329593315720558, Test Acc: 0.0, Test Grad Norm: 0.016168249770998955 | Elapsed Time: 335.45089769363403
Iter: 460 | Train Loss: 0.0328717902302742, Train Acc: 0.0, Train Grad Norm 0.008019231259822845, | Test Loss: 0.03929276391863823, Test Acc: 0.0, Test Grad Norm: 0.12204939872026443 | Elapsed Time: 351.3083961009979
Iter: 480 | Train Loss: 0.03289404138922691, Train Acc: 0.0, Train Grad Norm 0.010904641821980476, | Test Loss: 0.05329808592796326, Test Acc: 0.0, Test Grad Norm: 0.37631553411483765 | Elapsed Time: 366.95690155029297
Iter: 500 | Train Loss: 0.030724499374628067, Train Acc: 0.0, Train Grad Norm 0.014165871776640415, | Test Loss: 0.044973716139793396, Test Acc: 0.0, Test Grad Norm: 0.2913142144680023 | Elapsed Time: 381.7639639377594
Running with c=3, seed=3
GPU Not Enabled
Learning rate eta = 1.0
The size of local train datasets:  [1652, 1652, 1651, 1651, 1651, 1651, 1651, 1651, 1651, 1651]
Shuffling 16520 1.8 -DP local randomizers results is (eps,  1e-08 )-DP in the shuffle model for eps between 0.1263707785001379 and 0.12923354694512484
The final epsilon, delta is ( 26.93146250530808 , 1e-05 )
Iter: 0 | Train Loss: 0.37747907638549805, Train Acc: 0.0, Train Grad Norm 6.437361717224121, | Test Loss: 0.3772118091583252, Test Acc: 0.0, Test Grad Norm: 6.719305515289307
Iter: 20 | Train Loss: 0.13999177515506744, Train Acc: 0.0, Train Grad Norm 0.6232923269271851, | Test Loss: 0.33057111501693726, Test Acc: 0.0, Test Grad Norm: 5.463382244110107 | Elapsed Time: 14.48588514328003
Iter: 40 | Train Loss: 0.13821621239185333, Train Acc: 0.0, Train Grad Norm 0.7365702986717224, | Test Loss: 0.13738694787025452, Test Acc: 0.0, Test Grad Norm: 2.3873143196105957 | Elapsed Time: 28.80025815963745
Iter: 60 | Train Loss: 0.054220788180828094, Train Acc: 0.0, Train Grad Norm 0.06957977265119553, | Test Loss: 0.055888861417770386, Test Acc: 0.0, Test Grad Norm: 0.4012216627597809 | Elapsed Time: 43.13021993637085
Iter: 80 | Train Loss: 0.15986058115959167, Train Acc: 0.0, Train Grad Norm 0.8620293140411377, | Test Loss: 0.6242150068283081, Test Acc: 0.0, Test Grad Norm: 50.00064468383789 | Elapsed Time: 57.27054738998413
Patience count 1
Iter: 100 | Train Loss: 0.27685388922691345, Train Acc: 0.0, Train Grad Norm 2.094412326812744, | Test Loss: 1.8212743997573853, Test Acc: 0.0, Test Grad Norm: 156.01095581054688 | Elapsed Time: 71.47823119163513
Patience count 2
Iter: 120 | Train Loss: 0.6706129312515259, Train Acc: 0.0, Train Grad Norm 10.63044548034668, | Test Loss: 5.236987113952637, Test Acc: 0.0, Test Grad Norm: 758.0501708984375 | Elapsed Time: 85.82456827163696
Patience count 3
Iter: 140 | Train Loss: 1.1537704467773438, Train Acc: 0.0, Train Grad Norm 23.95502471923828, | Test Loss: 9.223987579345703, Test Acc: 0.0, Test Grad Norm: 1776.81005859375 | Elapsed Time: 100.20125699043274
Learning was stopped
Learning rate eta = 0.5
The size of local train datasets:  [1652, 1652, 1651, 1651, 1651, 1651, 1651, 1651, 1651, 1651]
Shuffling 16520 1.8 -DP local randomizers results is (eps,  1e-08 )-DP in the shuffle model for eps between 0.1263707785001379 and 0.12923354694512484
The final epsilon, delta is ( 26.93146250530808 , 1e-05 )
Iter: 0 | Train Loss: 0.37747907638549805, Train Acc: 0.0, Train Grad Norm 6.437361717224121, | Test Loss: 0.3772118091583252, Test Acc: 0.0, Test Grad Norm: 6.719305515289307
Iter: 20 | Train Loss: 0.16022157669067383, Train Acc: 0.0, Train Grad Norm 2.0943403244018555, | Test Loss: 0.1614941507577896, Test Acc: 0.0, Test Grad Norm: 1.8967043161392212 | Elapsed Time: 14.197783708572388
Iter: 40 | Train Loss: 0.06155434995889664, Train Acc: 0.0, Train Grad Norm 0.11344923079013824, | Test Loss: 0.07151079922914505, Test Acc: 0.0, Test Grad Norm: 0.24933762848377228 | Elapsed Time: 28.46604013442993
Iter: 60 | Train Loss: 0.0476960614323616, Train Acc: 0.0, Train Grad Norm 0.05913981422781944, | Test Loss: 0.11352677643299103, Test Acc: 0.0, Test Grad Norm: 1.6971710920333862 | Elapsed Time: 42.839855909347534
Iter: 80 | Train Loss: 0.043052349239587784, Train Acc: 0.0, Train Grad Norm 0.11921621859073639, | Test Loss: 0.07720204442739487, Test Acc: 0.0, Test Grad Norm: 1.3753163814544678 | Elapsed Time: 57.06621313095093
Iter: 100 | Train Loss: 0.03630160540342331, Train Acc: 0.0, Train Grad Norm 0.04098490998148918, | Test Loss: 0.04547684267163277, Test Acc: 0.0, Test Grad Norm: 0.4803507626056671 | Elapsed Time: 71.28754472732544
Iter: 120 | Train Loss: 0.026102645322680473, Train Acc: 0.0, Train Grad Norm 0.01001201942563057, | Test Loss: 0.02663591131567955, Test Acc: 0.0, Test Grad Norm: 0.03507424145936966 | Elapsed Time: 85.49174308776855
Iter: 140 | Train Loss: 0.027927815914154053, Train Acc: 0.0, Train Grad Norm 0.03533405438065529, | Test Loss: 0.039674848318099976, Test Acc: 0.0, Test Grad Norm: 0.43479740619659424 | Elapsed Time: 99.76871395111084
Patience count 1
Iter: 160 | Train Loss: 0.03756219521164894, Train Acc: 0.0, Train Grad Norm 0.2486727386713028, | Test Loss: 0.04619729146361351, Test Acc: 0.0, Test Grad Norm: 0.6746769547462463 | Elapsed Time: 114.23505806922913
Patience count 2
Iter: 180 | Train Loss: 0.04679550975561142, Train Acc: 0.0, Train Grad Norm 0.1297822892665863, | Test Loss: 0.07904762774705887, Test Acc: 0.0, Test Grad Norm: 1.1603814363479614 | Elapsed Time: 128.4281210899353
Patience count 3
Iter: 200 | Train Loss: 0.042689114809036255, Train Acc: 0.0, Train Grad Norm 0.09817922860383987, | Test Loss: 0.048908304423093796, Test Acc: 0.0, Test Grad Norm: 0.5424784421920776 | Elapsed Time: 142.73133969306946
Learning was stopped
Learning rate eta = 0.25
The size of local train datasets:  [1652, 1652, 1651, 1651, 1651, 1651, 1651, 1651, 1651, 1651]
Shuffling 16520 1.8 -DP local randomizers results is (eps,  1e-08 )-DP in the shuffle model for eps between 0.1263707785001379 and 0.12923354694512484
The final epsilon, delta is ( 26.93146250530808 , 1e-05 )
Iter: 0 | Train Loss: 0.37747907638549805, Train Acc: 0.0, Train Grad Norm 6.437361717224121, | Test Loss: 0.3772118091583252, Test Acc: 0.0, Test Grad Norm: 6.719305515289307
Iter: 20 | Train Loss: 0.24800248444080353, Train Acc: 0.0, Train Grad Norm 3.498138189315796, | Test Loss: 0.24605484306812286, Test Acc: 0.0, Test Grad Norm: 3.433547019958496 | Elapsed Time: 14.241310596466064
Iter: 40 | Train Loss: 0.1754273772239685, Train Acc: 0.0, Train Grad Norm 1.550922155380249, | Test Loss: 0.20194387435913086, Test Acc: 0.0, Test Grad Norm: 1.6496124267578125 | Elapsed Time: 28.586005449295044
Iter: 60 | Train Loss: 0.15857312083244324, Train Acc: 0.0, Train Grad Norm 0.8729774951934814, | Test Loss: 0.22119665145874023, Test Acc: 0.0, Test Grad Norm: 2.0024075508117676 | Elapsed Time: 42.954768657684326
Iter: 80 | Train Loss: 0.14082171022891998, Train Acc: 0.0, Train Grad Norm 0.5185350179672241, | Test Loss: 0.18150947988033295, Test Acc: 0.0, Test Grad Norm: 1.4569313526153564 | Elapsed Time: 57.397027015686035
Iter: 100 | Train Loss: 0.11644303053617477, Train Acc: 0.0, Train Grad Norm 0.34081852436065674, | Test Loss: 0.11423151940107346, Test Acc: 0.0, Test Grad Norm: 0.5791618824005127 | Elapsed Time: 71.9900815486908
Iter: 120 | Train Loss: 0.09803009033203125, Train Acc: 0.0, Train Grad Norm 0.27350935339927673, | Test Loss: 0.08093295246362686, Test Acc: 0.0, Test Grad Norm: 0.14676335453987122 | Elapsed Time: 86.40840435028076
Iter: 140 | Train Loss: 0.07189524918794632, Train Acc: 0.0, Train Grad Norm 0.1780521273612976, | Test Loss: 0.07133281230926514, Test Acc: 0.0, Test Grad Norm: 0.29599428176879883 | Elapsed Time: 100.69792437553406
Iter: 160 | Train Loss: 0.05604809150099754, Train Acc: 0.0, Train Grad Norm 0.07767593115568161, | Test Loss: 0.05714111402630806, Test Acc: 0.0, Test Grad Norm: 0.12646080553531647 | Elapsed Time: 114.9016420841217
Iter: 180 | Train Loss: 0.04768824949860573, Train Acc: 0.0, Train Grad Norm 0.06097841635346413, | Test Loss: 0.04565754905343056, Test Acc: 0.0, Test Grad Norm: 0.026315370574593544 | Elapsed Time: 129.28169226646423
Iter: 200 | Train Loss: 0.03717126324772835, Train Acc: 0.0, Train Grad Norm 0.020466357469558716, | Test Loss: 0.03692420572042465, Test Acc: 0.0, Test Grad Norm: 0.024410512298345566 | Elapsed Time: 143.71657276153564
Iter: 220 | Train Loss: 0.03706412389874458, Train Acc: 0.0, Train Grad Norm 0.027177372947335243, | Test Loss: 0.0369623564183712, Test Acc: 0.0, Test Grad Norm: 0.031002340838313103 | Elapsed Time: 157.98219680786133
Iter: 240 | Train Loss: 0.03391100838780403, Train Acc: 0.0, Train Grad Norm 0.008184017613530159, | Test Loss: 0.03453526273369789, Test Acc: 0.0, Test Grad Norm: 0.010104256682097912 | Elapsed Time: 172.303866147995
Iter: 260 | Train Loss: 0.031216764822602272, Train Acc: 0.0, Train Grad Norm 0.008513152599334717, | Test Loss: 0.032753750681877136, Test Acc: 0.0, Test Grad Norm: 0.015035342425107956 | Elapsed Time: 186.66872882843018
Iter: 280 | Train Loss: 0.03842547908425331, Train Acc: 0.0, Train Grad Norm 0.02823559008538723, | Test Loss: 0.07809200882911682, Test Acc: 0.0, Test Grad Norm: 0.8836921453475952 | Elapsed Time: 201.1566288471222
Patience count 1
Iter: 300 | Train Loss: 0.03702683374285698, Train Acc: 0.0, Train Grad Norm 0.036958467215299606, | Test Loss: 0.03983202576637268, Test Acc: 0.0, Test Grad Norm: 0.05426008254289627 | Elapsed Time: 215.4239146709442
Patience count 2
Iter: 320 | Train Loss: 0.041203755885362625, Train Acc: 0.0, Train Grad Norm 0.036146800965070724, | Test Loss: 0.04926249012351036, Test Acc: 0.0, Test Grad Norm: 0.19306978583335876 | Elapsed Time: 229.7724690437317
Patience count 3
Iter: 340 | Train Loss: 0.044137775897979736, Train Acc: 0.0, Train Grad Norm 0.062170810997486115, | Test Loss: 0.056800518184900284, Test Acc: 0.0, Test Grad Norm: 0.4465997815132141 | Elapsed Time: 244.05450701713562
Learning was stopped
Learning rate eta = 0.125
The size of local train datasets:  [1652, 1652, 1651, 1651, 1651, 1651, 1651, 1651, 1651, 1651]
Shuffling 16520 1.8 -DP local randomizers results is (eps,  1e-08 )-DP in the shuffle model for eps between 0.1263707785001379 and 0.12923354694512484
The final epsilon, delta is ( 26.93146250530808 , 1e-05 )
Iter: 0 | Train Loss: 0.37747907638549805, Train Acc: 0.0, Train Grad Norm 6.437361717224121, | Test Loss: 0.3772118091583252, Test Acc: 0.0, Test Grad Norm: 6.719305515289307
Iter: 20 | Train Loss: 0.2678859829902649, Train Acc: 0.0, Train Grad Norm 4.196739673614502, | Test Loss: 0.26896932721138, Test Acc: 0.0, Test Grad Norm: 4.6462860107421875 | Elapsed Time: 14.379137516021729
Iter: 40 | Train Loss: 0.20203383266925812, Train Acc: 0.0, Train Grad Norm 2.959528684616089, | Test Loss: 0.2061793953180313, Test Acc: 0.0, Test Grad Norm: 3.629337787628174 | Elapsed Time: 28.692080974578857
Iter: 60 | Train Loss: 0.14783069491386414, Train Acc: 0.0, Train Grad Norm 1.7524913549423218, | Test Loss: 0.14687484502792358, Test Acc: 0.0, Test Grad Norm: 1.955674409866333 | Elapsed Time: 42.99083733558655
Iter: 80 | Train Loss: 0.11749017238616943, Train Acc: 0.0, Train Grad Norm 1.1691713333129883, | Test Loss: 0.11640520393848419, Test Acc: 0.0, Test Grad Norm: 1.232237696647644 | Elapsed Time: 57.220972299575806
Iter: 100 | Train Loss: 0.08295990526676178, Train Acc: 0.0, Train Grad Norm 0.6466240286827087, | Test Loss: 0.08308234065771103, Test Acc: 0.0, Test Grad Norm: 0.7354329824447632 | Elapsed Time: 71.51819181442261
Iter: 120 | Train Loss: 0.06236189976334572, Train Acc: 0.0, Train Grad Norm 0.2788214087486267, | Test Loss: 0.06665295362472534, Test Acc: 0.0, Test Grad Norm: 0.204047292470932 | Elapsed Time: 86.01330471038818
Iter: 140 | Train Loss: 0.05428753420710564, Train Acc: 0.0, Train Grad Norm 0.15479503571987152, | Test Loss: 0.06007341668009758, Test Acc: 0.0, Test Grad Norm: 0.12261287868022919 | Elapsed Time: 100.29151272773743
Iter: 160 | Train Loss: 0.047665830701589584, Train Acc: 0.0, Train Grad Norm 0.08201058208942413, | Test Loss: 0.04910670220851898, Test Acc: 0.0, Test Grad Norm: 0.05452921986579895 | Elapsed Time: 114.53088617324829
Iter: 180 | Train Loss: 0.04032193496823311, Train Acc: 0.0, Train Grad Norm 0.02545960247516632, | Test Loss: 0.0504879355430603, Test Acc: 0.0, Test Grad Norm: 0.12203957885503769 | Elapsed Time: 128.9222855567932
Iter: 200 | Train Loss: 0.038023531436920166, Train Acc: 0.0, Train Grad Norm 0.008313875645399094, | Test Loss: 0.052714914083480835, Test Acc: 0.0, Test Grad Norm: 0.23863205313682556 | Elapsed Time: 143.34687519073486
Iter: 220 | Train Loss: 0.03827878087759018, Train Acc: 0.0, Train Grad Norm 0.009223184548318386, | Test Loss: 0.04445409029722214, Test Acc: 0.0, Test Grad Norm: 0.1001165434718132 | Elapsed Time: 157.6220726966858
Iter: 240 | Train Loss: 0.03673119097948074, Train Acc: 0.0, Train Grad Norm 0.01282320637255907, | Test Loss: 0.05024746432900429, Test Acc: 0.0, Test Grad Norm: 0.2740341126918793 | Elapsed Time: 172.05005717277527
Iter: 260 | Train Loss: 0.03612735867500305, Train Acc: 0.0, Train Grad Norm 0.011175736784934998, | Test Loss: 0.04377280920743942, Test Acc: 0.0, Test Grad Norm: 0.16931885480880737 | Elapsed Time: 186.3560290336609
Iter: 280 | Train Loss: 0.03753027319908142, Train Acc: 0.0, Train Grad Norm 0.011819573119282722, | Test Loss: 0.04857570305466652, Test Acc: 0.0, Test Grad Norm: 0.22774413228034973 | Elapsed Time: 200.80099058151245
Iter: 300 | Train Loss: 0.036601826548576355, Train Acc: 0.0, Train Grad Norm 0.014079185202717781, | Test Loss: 0.05178757384419441, Test Acc: 0.0, Test Grad Norm: 0.31549307703971863 | Elapsed Time: 215.2196478843689
Iter: 320 | Train Loss: 0.033219873905181885, Train Acc: 0.0, Train Grad Norm 0.009835383854806423, | Test Loss: 0.054245442152023315, Test Acc: 0.0, Test Grad Norm: 0.4524695873260498 | Elapsed Time: 229.49198651313782
Iter: 340 | Train Loss: 0.03302404657006264, Train Acc: 0.0, Train Grad Norm 0.01799762062728405, | Test Loss: 0.057567380368709564, Test Acc: 0.0, Test Grad Norm: 0.5584157109260559 | Elapsed Time: 243.74543166160583
Iter: 360 | Train Loss: 0.03411748632788658, Train Acc: 0.0, Train Grad Norm 0.026981966570019722, | Test Loss: 0.07336729019880295, Test Acc: 0.0, Test Grad Norm: 0.8227276802062988 | Elapsed Time: 258.2826633453369
Iter: 380 | Train Loss: 0.030882729217410088, Train Acc: 0.0, Train Grad Norm 0.014846818521618843, | Test Loss: 0.05431216210126877, Test Acc: 0.0, Test Grad Norm: 0.4758800268173218 | Elapsed Time: 272.59607791900635
Iter: 400 | Train Loss: 0.03367210924625397, Train Acc: 0.0, Train Grad Norm 0.04688601568341255, | Test Loss: 0.06822595745325089, Test Acc: 0.0, Test Grad Norm: 0.7776543498039246 | Elapsed Time: 286.9241302013397
Patience count 1
Iter: 420 | Train Loss: 0.03564118593931198, Train Acc: 0.0, Train Grad Norm 0.06476444005966187, | Test Loss: 0.07292450219392776, Test Acc: 0.0, Test Grad Norm: 0.8471347093582153 | Elapsed Time: 301.366895198822
Patience count 2
Iter: 440 | Train Loss: 0.0325743667781353, Train Acc: 0.0, Train Grad Norm 0.02243804931640625, | Test Loss: 0.06188594549894333, Test Acc: 0.0, Test Grad Norm: 0.5543724298477173 | Elapsed Time: 315.74591064453125
Patience count 3
Iter: 460 | Train Loss: 0.03287279233336449, Train Acc: 0.0, Train Grad Norm 0.031263820827007294, | Test Loss: 0.06938444077968597, Test Acc: 0.0, Test Grad Norm: 0.7463942766189575 | Elapsed Time: 330.06619691848755
Learning was stopped
Learning rate eta = 0.0625
The size of local train datasets:  [1652, 1652, 1651, 1651, 1651, 1651, 1651, 1651, 1651, 1651]
Shuffling 16520 1.8 -DP local randomizers results is (eps,  1e-08 )-DP in the shuffle model for eps between 0.1263707785001379 and 0.12923354694512484
The final epsilon, delta is ( 26.93146250530808 , 1e-05 )
Iter: 0 | Train Loss: 0.37747907638549805, Train Acc: 0.0, Train Grad Norm 6.437361717224121, | Test Loss: 0.3772118091583252, Test Acc: 0.0, Test Grad Norm: 6.719305515289307
Iter: 20 | Train Loss: 0.3083180785179138, Train Acc: 0.0, Train Grad Norm 4.91717529296875, | Test Loss: 0.30689263343811035, Test Acc: 0.0, Test Grad Norm: 4.991715431213379 | Elapsed Time: 14.40233302116394
Iter: 40 | Train Loss: 0.24752487242221832, Train Acc: 0.0, Train Grad Norm 3.717155933380127, | Test Loss: 0.24649746716022491, Test Acc: 0.0, Test Grad Norm: 3.686539649963379 | Elapsed Time: 28.90056085586548
Iter: 60 | Train Loss: 0.2033606469631195, Train Acc: 0.0, Train Grad Norm 2.642759084701538, | Test Loss: 0.2033369243144989, Test Acc: 0.0, Test Grad Norm: 2.5241355895996094 | Elapsed Time: 43.3753821849823
Iter: 80 | Train Loss: 0.17203044891357422, Train Acc: 0.0, Train Grad Norm 1.8545188903808594, | Test Loss: 0.17644189298152924, Test Acc: 0.0, Test Grad Norm: 1.6711184978485107 | Elapsed Time: 57.68104529380798
Iter: 100 | Train Loss: 0.13863544166088104, Train Acc: 0.0, Train Grad Norm 1.18986976146698, | Test Loss: 0.1520599126815796, Test Acc: 0.0, Test Grad Norm: 1.0991737842559814 | Elapsed Time: 72.10354137420654
Iter: 120 | Train Loss: 0.11628077924251556, Train Acc: 0.0, Train Grad Norm 0.7755564451217651, | Test Loss: 0.1309932917356491, Test Acc: 0.0, Test Grad Norm: 0.7775415778160095 | Elapsed Time: 86.52280879020691
Iter: 140 | Train Loss: 0.10352151095867157, Train Acc: 0.0, Train Grad Norm 0.5290026664733887, | Test Loss: 0.11718560755252838, Test Acc: 0.0, Test Grad Norm: 0.6010951399803162 | Elapsed Time: 100.83273339271545
Iter: 160 | Train Loss: 0.08381094038486481, Train Acc: 0.0, Train Grad Norm 0.2850620746612549, | Test Loss: 0.09509134292602539, Test Acc: 0.0, Test Grad Norm: 0.38727492094039917 | Elapsed Time: 115.24861931800842
Iter: 180 | Train Loss: 0.07712412625551224, Train Acc: 0.0, Train Grad Norm 0.19329851865768433, | Test Loss: 0.08437643945217133, Test Acc: 0.0, Test Grad Norm: 0.28708964586257935 | Elapsed Time: 129.44728112220764
Iter: 200 | Train Loss: 0.07434797286987305, Train Acc: 0.0, Train Grad Norm 0.1430182009935379, | Test Loss: 0.08184900879859924, Test Acc: 0.0, Test Grad Norm: 0.2674892246723175 | Elapsed Time: 143.7108850479126
Iter: 220 | Train Loss: 0.06925074756145477, Train Acc: 0.0, Train Grad Norm 0.09320580959320068, | Test Loss: 0.08016148954629898, Test Acc: 0.0, Test Grad Norm: 0.30138662457466125 | Elapsed Time: 158.04345560073853
Iter: 240 | Train Loss: 0.06870254129171371, Train Acc: 0.0, Train Grad Norm 0.09297173470258713, | Test Loss: 0.07770485430955887, Test Acc: 0.0, Test Grad Norm: 0.2973318099975586 | Elapsed Time: 172.37638926506042
Iter: 260 | Train Loss: 0.06559842079877853, Train Acc: 0.0, Train Grad Norm 0.07784317433834076, | Test Loss: 0.07014904916286469, Test Acc: 0.0, Test Grad Norm: 0.18392375111579895 | Elapsed Time: 186.65816020965576
Iter: 280 | Train Loss: 0.06391118466854095, Train Acc: 0.0, Train Grad Norm 0.07734628021717072, | Test Loss: 0.06523293256759644, Test Acc: 0.0, Test Grad Norm: 0.1457577645778656 | Elapsed Time: 200.8689706325531
Iter: 300 | Train Loss: 0.05781928822398186, Train Acc: 0.0, Train Grad Norm 0.06365347653627396, | Test Loss: 0.06139194220304489, Test Acc: 0.0, Test Grad Norm: 0.16350391507148743 | Elapsed Time: 215.22814679145813
Iter: 320 | Train Loss: 0.05266190692782402, Train Acc: 0.0, Train Grad Norm 0.05202588438987732, | Test Loss: 0.059063903987407684, Test Acc: 0.0, Test Grad Norm: 0.18339259922504425 | Elapsed Time: 229.5215721130371
Iter: 340 | Train Loss: 0.05191793292760849, Train Acc: 0.0, Train Grad Norm 0.050191909074783325, | Test Loss: 0.06003386154770851, Test Acc: 0.0, Test Grad Norm: 0.21198461949825287 | Elapsed Time: 243.78063225746155
Iter: 360 | Train Loss: 0.04914785549044609, Train Acc: 0.0, Train Grad Norm 0.04051879793405533, | Test Loss: 0.05615638196468353, Test Acc: 0.0, Test Grad Norm: 0.17130132019519806 | Elapsed Time: 258.1048946380615
Iter: 380 | Train Loss: 0.0489690899848938, Train Acc: 0.0, Train Grad Norm 0.04120183363556862, | Test Loss: 0.06104254722595215, Test Acc: 0.0, Test Grad Norm: 0.2540662884712219 | Elapsed Time: 272.36728858947754
Iter: 400 | Train Loss: 0.04711707681417465, Train Acc: 0.0, Train Grad Norm 0.04246760532259941, | Test Loss: 0.05978235602378845, Test Acc: 0.0, Test Grad Norm: 0.2701711654663086 | Elapsed Time: 286.8721363544464
Iter: 420 | Train Loss: 0.046278394758701324, Train Acc: 0.0, Train Grad Norm 0.05519316345453262, | Test Loss: 0.06072947382926941, Test Acc: 0.0, Test Grad Norm: 0.31888002157211304 | Elapsed Time: 301.4875452518463
Iter: 440 | Train Loss: 0.044127583503723145, Train Acc: 0.0, Train Grad Norm 0.04933778941631317, | Test Loss: 0.05949368327856064, Test Acc: 0.0, Test Grad Norm: 0.3220604360103607 | Elapsed Time: 315.9094786643982
Iter: 460 | Train Loss: 0.04101189598441124, Train Acc: 0.0, Train Grad Norm 0.032188039273023605, | Test Loss: 0.061650436371564865, Test Acc: 0.0, Test Grad Norm: 0.3827124536037445 | Elapsed Time: 330.27705430984497
Iter: 480 | Train Loss: 0.04053965210914612, Train Acc: 0.0, Train Grad Norm 0.035413067787885666, | Test Loss: 0.06064685806632042, Test Acc: 0.0, Test Grad Norm: 0.4299134314060211 | Elapsed Time: 344.9086034297943
Iter: 500 | Train Loss: 0.03987373039126396, Train Acc: 0.0, Train Grad Norm 0.03163367137312889, | Test Loss: 0.05802592635154724, Test Acc: 0.0, Test Grad Norm: 0.3324068784713745 | Elapsed Time: 359.28308510780334
Running with c=10, seed=3
GPU Not Enabled
Learning rate eta = 1.0
The size of local train datasets:  [1652, 1652, 1651, 1651, 1651, 1651, 1651, 1651, 1651, 1651]
Shuffling 16520 1.8 -DP local randomizers results is (eps,  1e-08 )-DP in the shuffle model for eps between 0.1263707785001379 and 0.12923354694512484
The final epsilon, delta is ( 26.93146250530808 , 1e-05 )
Iter: 0 | Train Loss: 0.37747907638549805, Train Acc: 0.0, Train Grad Norm 6.437361717224121, | Test Loss: 0.3772118091583252, Test Acc: 0.0, Test Grad Norm: 6.719305515289307
Iter: 20 | Train Loss: 0.07572362571954727, Train Acc: 0.0, Train Grad Norm 0.10800611227750778, | Test Loss: 0.20023515820503235, Test Acc: 0.0, Test Grad Norm: 2.6358578205108643 | Elapsed Time: 14.475966453552246
Iter: 40 | Train Loss: 0.08956275880336761, Train Acc: 0.0, Train Grad Norm 0.45963892340660095, | Test Loss: 0.24156752228736877, Test Acc: 0.0, Test Grad Norm: 8.603812217712402 | Elapsed Time: 28.95394229888916
Patience count 1
Iter: 60 | Train Loss: 0.09830907732248306, Train Acc: 0.0, Train Grad Norm 0.4372376799583435, | Test Loss: 0.1114504262804985, Test Acc: 0.0, Test Grad Norm: 2.31327748298645 | Elapsed Time: 43.600987672805786
Patience count 2
Iter: 80 | Train Loss: 0.06740830838680267, Train Acc: 0.0, Train Grad Norm 0.12221100926399231, | Test Loss: 0.1356978565454483, Test Acc: 0.0, Test Grad Norm: 4.379432201385498 | Elapsed Time: 58.04179120063782
Iter: 100 | Train Loss: 0.08336158841848373, Train Acc: 0.0, Train Grad Norm 0.7655881643295288, | Test Loss: 0.3059047758579254, Test Acc: 0.0, Test Grad Norm: 24.777891159057617 | Elapsed Time: 72.47048592567444
Patience count 1
Iter: 120 | Train Loss: 0.12582336366176605, Train Acc: 0.0, Train Grad Norm 1.0380375385284424, | Test Loss: 0.6913442611694336, Test Acc: 0.0, Test Grad Norm: 85.69832611083984 | Elapsed Time: 86.84841680526733
Patience count 2
Iter: 140 | Train Loss: 0.2734037935733795, Train Acc: 0.0, Train Grad Norm 3.717482089996338, | Test Loss: 1.5223686695098877, Test Acc: 0.0, Test Grad Norm: 175.91845703125 | Elapsed Time: 101.53161835670471
Patience count 3
Iter: 160 | Train Loss: 0.1747066229581833, Train Acc: 0.0, Train Grad Norm 0.9650115966796875, | Test Loss: 0.7319012880325317, Test Acc: 0.0, Test Grad Norm: 71.2531509399414 | Elapsed Time: 115.87759375572205
Learning was stopped
Learning rate eta = 0.5
The size of local train datasets:  [1652, 1652, 1651, 1651, 1651, 1651, 1651, 1651, 1651, 1651]
Shuffling 16520 1.8 -DP local randomizers results is (eps,  1e-08 )-DP in the shuffle model for eps between 0.1263707785001379 and 0.12923354694512484
The final epsilon, delta is ( 26.93146250530808 , 1e-05 )
Iter: 0 | Train Loss: 0.37747907638549805, Train Acc: 0.0, Train Grad Norm 6.437361717224121, | Test Loss: 0.3772118091583252, Test Acc: 0.0, Test Grad Norm: 6.719305515289307
Iter: 20 | Train Loss: 0.10104025155305862, Train Acc: 0.0, Train Grad Norm 0.9645884037017822, | Test Loss: 0.09932173043489456, Test Acc: 0.0, Test Grad Norm: 0.8881164789199829 | Elapsed Time: 14.49226689338684
Iter: 40 | Train Loss: 0.053970515727996826, Train Acc: 0.0, Train Grad Norm 0.14994747936725616, | Test Loss: 0.05409243702888489, Test Acc: 0.0, Test Grad Norm: 0.19170886278152466 | Elapsed Time: 28.977338552474976
Iter: 60 | Train Loss: 0.037310220301151276, Train Acc: 0.0, Train Grad Norm 0.0379999540746212, | Test Loss: 0.040933165699243546, Test Acc: 0.0, Test Grad Norm: 0.03601980581879616 | Elapsed Time: 43.579087018966675
Iter: 80 | Train Loss: 0.04024529084563255, Train Acc: 0.0, Train Grad Norm 0.06253089755773544, | Test Loss: 0.040219273418188095, Test Acc: 0.0, Test Grad Norm: 0.09773735702037811 | Elapsed Time: 58.01741099357605
Patience count 1
Iter: 100 | Train Loss: 0.034358780831098557, Train Acc: 0.0, Train Grad Norm 0.014704440720379353, | Test Loss: 0.04602357745170593, Test Acc: 0.0, Test Grad Norm: 0.3160557448863983 | Elapsed Time: 72.60293841362
Iter: 120 | Train Loss: 0.03549060970544815, Train Acc: 0.0, Train Grad Norm 0.018601298332214355, | Test Loss: 0.038772955536842346, Test Acc: 0.0, Test Grad Norm: 0.16937796771526337 | Elapsed Time: 86.99138641357422
Iter: 140 | Train Loss: 0.036883193999528885, Train Acc: 0.0, Train Grad Norm 0.04221997782588005, | Test Loss: 0.04186173528432846, Test Acc: 0.0, Test Grad Norm: 0.1383066028356552 | Elapsed Time: 101.54869079589844
Patience count 1
Iter: 160 | Train Loss: 0.03901439532637596, Train Acc: 0.0, Train Grad Norm 0.014671321958303452, | Test Loss: 0.043931275606155396, Test Acc: 0.0, Test Grad Norm: 0.19559182226657867 | Elapsed Time: 116.0791687965393
Patience count 2
Iter: 180 | Train Loss: 0.061779771000146866, Train Acc: 0.0, Train Grad Norm 0.19317463040351868, | Test Loss: 0.10723186284303665, Test Acc: 0.0, Test Grad Norm: 2.5875561237335205 | Elapsed Time: 130.5300703048706
Patience count 3
Iter: 200 | Train Loss: 0.050598666071891785, Train Acc: 0.0, Train Grad Norm 0.07873108237981796, | Test Loss: 0.10687201470136642, Test Acc: 0.0, Test Grad Norm: 2.447258710861206 | Elapsed Time: 144.9330620765686
Learning was stopped
Learning rate eta = 0.25
The size of local train datasets:  [1652, 1652, 1651, 1651, 1651, 1651, 1651, 1651, 1651, 1651]
Shuffling 16520 1.8 -DP local randomizers results is (eps,  1e-08 )-DP in the shuffle model for eps between 0.1263707785001379 and 0.12923354694512484
The final epsilon, delta is ( 26.93146250530808 , 1e-05 )
Iter: 0 | Train Loss: 0.37747907638549805, Train Acc: 0.0, Train Grad Norm 6.437361717224121, | Test Loss: 0.3772118091583252, Test Acc: 0.0, Test Grad Norm: 6.719305515289307
Iter: 20 | Train Loss: 0.23833441734313965, Train Acc: 0.0, Train Grad Norm 3.189258575439453, | Test Loss: 0.23478972911834717, Test Acc: 0.0, Test Grad Norm: 3.2122621536254883 | Elapsed Time: 14.696228742599487
Iter: 40 | Train Loss: 0.15665234625339508, Train Acc: 0.0, Train Grad Norm 1.6086571216583252, | Test Loss: 0.15197165310382843, Test Acc: 0.0, Test Grad Norm: 1.653498649597168 | Elapsed Time: 29.1355402469635
Iter: 60 | Train Loss: 0.13506336510181427, Train Acc: 0.0, Train Grad Norm 0.782630443572998, | Test Loss: 0.156411275267601, Test Acc: 0.0, Test Grad Norm: 0.9750721454620361 | Elapsed Time: 43.62252902984619
Iter: 80 | Train Loss: 0.09501644223928452, Train Acc: 0.0, Train Grad Norm 0.40336689352989197, | Test Loss: 0.11351515352725983, Test Acc: 0.0, Test Grad Norm: 0.589617133140564 | Elapsed Time: 58.054598331451416
Iter: 100 | Train Loss: 0.07958557456731796, Train Acc: 0.0, Train Grad Norm 0.16124506294727325, | Test Loss: 0.13922664523124695, Test Acc: 0.0, Test Grad Norm: 1.1306517124176025 | Elapsed Time: 72.68221402168274
Iter: 120 | Train Loss: 0.06646741181612015, Train Acc: 0.0, Train Grad Norm 0.11272919923067093, | Test Loss: 0.11599643528461456, Test Acc: 0.0, Test Grad Norm: 0.6593183875083923 | Elapsed Time: 87.18735408782959
Iter: 140 | Train Loss: 0.060718610882759094, Train Acc: 0.0, Train Grad Norm 0.10036033391952515, | Test Loss: 0.13885022699832916, Test Acc: 0.0, Test Grad Norm: 1.2365357875823975 | Elapsed Time: 101.6882872581482
Iter: 160 | Train Loss: 0.052923768758773804, Train Acc: 0.0, Train Grad Norm 0.05091148987412453, | Test Loss: 0.14920750260353088, Test Acc: 0.0, Test Grad Norm: 2.0208888053894043 | Elapsed Time: 116.29601693153381
Iter: 180 | Train Loss: 0.051985856145620346, Train Acc: 0.0, Train Grad Norm 0.05139667168259621, | Test Loss: 0.17737750709056854, Test Acc: 0.0, Test Grad Norm: 2.750141143798828 | Elapsed Time: 130.80540466308594
Iter: 200 | Train Loss: 0.05949585884809494, Train Acc: 0.0, Train Grad Norm 0.0629778653383255, | Test Loss: 0.23461398482322693, Test Acc: 0.0, Test Grad Norm: 3.948852777481079 | Elapsed Time: 145.38492798805237
Patience count 1
Iter: 220 | Train Loss: 0.05430292338132858, Train Acc: 0.0, Train Grad Norm 0.07633905857801437, | Test Loss: 0.19944240152835846, Test Acc: 0.0, Test Grad Norm: 3.5808863639831543 | Elapsed Time: 159.96771931648254
Iter: 240 | Train Loss: 0.05632397159934044, Train Acc: 0.0, Train Grad Norm 0.09984065592288971, | Test Loss: 0.2183561474084854, Test Acc: 0.0, Test Grad Norm: 4.551962852478027 | Elapsed Time: 174.43469500541687
Patience count 2
Iter: 260 | Train Loss: 0.05428658425807953, Train Acc: 0.0, Train Grad Norm 0.0564252994954586, | Test Loss: 0.22132259607315063, Test Acc: 0.0, Test Grad Norm: 4.016704559326172 | Elapsed Time: 188.84391570091248
Iter: 280 | Train Loss: 0.047364238649606705, Train Acc: 0.0, Train Grad Norm 0.043114930391311646, | Test Loss: 0.1585802137851715, Test Acc: 0.0, Test Grad Norm: 2.2711222171783447 | Elapsed Time: 203.5229024887085
Iter: 300 | Train Loss: 0.05035301670432091, Train Acc: 0.0, Train Grad Norm 0.06572610884904861, | Test Loss: 0.14894640445709229, Test Acc: 0.0, Test Grad Norm: 2.0673022270202637 | Elapsed Time: 217.97423195838928
Patience count 1
Iter: 320 | Train Loss: 0.045802123844623566, Train Acc: 0.0, Train Grad Norm 0.07513844221830368, | Test Loss: 0.08939257264137268, Test Acc: 0.0, Test Grad Norm: 1.0392833948135376 | Elapsed Time: 232.45485544204712
Iter: 340 | Train Loss: 0.0493275411427021, Train Acc: 0.0, Train Grad Norm 0.16923654079437256, | Test Loss: 0.10878951102495193, Test Acc: 0.0, Test Grad Norm: 1.6010979413986206 | Elapsed Time: 247.0391182899475
Patience count 1
Iter: 360 | Train Loss: 0.047234322875738144, Train Acc: 0.0, Train Grad Norm 0.16332413256168365, | Test Loss: 0.0830918624997139, Test Acc: 0.0, Test Grad Norm: 0.8812995553016663 | Elapsed Time: 261.7812988758087
Iter: 380 | Train Loss: 0.046612657606601715, Train Acc: 0.0, Train Grad Norm 0.13123561441898346, | Test Loss: 0.058003246784210205, Test Acc: 0.0, Test Grad Norm: 0.4274232089519501 | Elapsed Time: 276.38351678848267
Iter: 400 | Train Loss: 0.04541311040520668, Train Acc: 0.0, Train Grad Norm 0.11790283769369125, | Test Loss: 0.04730451852083206, Test Acc: 0.0, Test Grad Norm: 0.27869144082069397 | Elapsed Time: 291.01197481155396
Iter: 420 | Train Loss: 0.052455201745033264, Train Acc: 0.0, Train Grad Norm 0.14583487808704376, | Test Loss: 0.05649968981742859, Test Acc: 0.0, Test Grad Norm: 0.4622262418270111 | Elapsed Time: 305.49108386039734
Patience count 1
Iter: 440 | Train Loss: 0.04201822727918625, Train Acc: 0.0, Train Grad Norm 0.05583173409104347, | Test Loss: 0.052615635097026825, Test Acc: 0.0, Test Grad Norm: 0.3569725751876831 | Elapsed Time: 320.07605934143066
Iter: 460 | Train Loss: 0.040265731513500214, Train Acc: 0.0, Train Grad Norm 0.05918435752391815, | Test Loss: 0.06756118685007095, Test Acc: 0.0, Test Grad Norm: 0.7779014110565186 | Elapsed Time: 334.6146080493927
Iter: 480 | Train Loss: 0.04775635525584221, Train Acc: 0.0, Train Grad Norm 0.1134447455406189, | Test Loss: 0.13637889921665192, Test Acc: 0.0, Test Grad Norm: 2.6439051628112793 | Elapsed Time: 349.23856568336487
Patience count 1
Iter: 500 | Train Loss: 0.062142252922058105, Train Acc: 0.0, Train Grad Norm 0.19019141793251038, | Test Loss: 0.19807404279708862, Test Acc: 0.0, Test Grad Norm: 3.746649980545044 | Elapsed Time: 363.6809115409851
Patience count 2
Running with c=30, seed=3
GPU Not Enabled
Learning rate eta = 1.0
The size of local train datasets:  [1652, 1652, 1651, 1651, 1651, 1651, 1651, 1651, 1651, 1651]
Shuffling 16520 1.8 -DP local randomizers results is (eps,  1e-08 )-DP in the shuffle model for eps between 0.1263707785001379 and 0.12923354694512484
The final epsilon, delta is ( 26.93146250530808 , 1e-05 )
Iter: 0 | Train Loss: 0.37747907638549805, Train Acc: 0.0, Train Grad Norm 6.437361717224121, | Test Loss: 0.3772118091583252, Test Acc: 0.0, Test Grad Norm: 6.719305515289307
Iter: 20 | Train Loss: 0.10452167689800262, Train Acc: 0.0, Train Grad Norm 0.5001071691513062, | Test Loss: 0.28028348088264465, Test Acc: 0.0, Test Grad Norm: 6.294125556945801 | Elapsed Time: 16.050836086273193
Iter: 40 | Train Loss: 0.114764504134655, Train Acc: 0.0, Train Grad Norm 0.555476725101471, | Test Loss: 0.4085361063480377, Test Acc: 0.0, Test Grad Norm: 14.427627563476562 | Elapsed Time: 31.73214364051819
Patience count 1
Iter: 60 | Train Loss: 0.05418693646788597, Train Acc: 0.0, Train Grad Norm 0.03858970105648041, | Test Loss: 0.08739670366048813, Test Acc: 0.0, Test Grad Norm: 0.8558871746063232 | Elapsed Time: 48.257503271102905
Iter: 80 | Train Loss: 0.10966915637254715, Train Acc: 0.0, Train Grad Norm 0.8228393793106079, | Test Loss: 0.23236525058746338, Test Acc: 0.0, Test Grad Norm: 7.488955020904541 | Elapsed Time: 63.078442335128784
Patience count 1
Iter: 100 | Train Loss: 0.09996827691793442, Train Acc: 0.0, Train Grad Norm 0.23514069616794586, | Test Loss: 0.11101176589727402, Test Acc: 0.0, Test Grad Norm: 0.9439032077789307 | Elapsed Time: 79.09992170333862
Patience count 2
Iter: 120 | Train Loss: 0.1120661050081253, Train Acc: 0.0, Train Grad Norm 0.23069056868553162, | Test Loss: 0.2258303314447403, Test Acc: 0.0, Test Grad Norm: 9.763677597045898 | Elapsed Time: 95.43882918357849
Patience count 3
Iter: 140 | Train Loss: 0.10794687271118164, Train Acc: 0.0, Train Grad Norm 0.14631587266921997, | Test Loss: 0.24718528985977173, Test Acc: 0.0, Test Grad Norm: 11.464705467224121 | Elapsed Time: 111.84796333312988
Learning was stopped
Learning rate eta = 0.5
The size of local train datasets:  [1652, 1652, 1651, 1651, 1651, 1651, 1651, 1651, 1651, 1651]
Shuffling 16520 1.8 -DP local randomizers results is (eps,  1e-08 )-DP in the shuffle model for eps between 0.1263707785001379 and 0.12923354694512484
The final epsilon, delta is ( 26.93146250530808 , 1e-05 )
Iter: 0 | Train Loss: 0.37747907638549805, Train Acc: 0.0, Train Grad Norm 6.437361717224121, | Test Loss: 0.3772118091583252, Test Acc: 0.0, Test Grad Norm: 6.719305515289307
Iter: 20 | Train Loss: 0.1042933315038681, Train Acc: 0.0, Train Grad Norm 1.1813139915466309, | Test Loss: 0.1077936440706253, Test Acc: 0.0, Test Grad Norm: 0.9444891810417175 | Elapsed Time: 15.76534128189087
Iter: 40 | Train Loss: 0.05256567522883415, Train Acc: 0.0, Train Grad Norm 0.02884918637573719, | Test Loss: 0.05540493130683899, Test Acc: 0.0, Test Grad Norm: 0.07750952988862991 | Elapsed Time: 32.44653820991516
Iter: 60 | Train Loss: 0.052138663828372955, Train Acc: 0.0, Train Grad Norm 0.04143642634153366, | Test Loss: 0.07620179653167725, Test Acc: 0.0, Test Grad Norm: 0.43001240491867065 | Elapsed Time: 49.18714141845703
Iter: 80 | Train Loss: 0.06276685744524002, Train Acc: 0.0, Train Grad Norm 0.1224944144487381, | Test Loss: 0.09986261278390884, Test Acc: 0.0, Test Grad Norm: 0.7676611542701721 | Elapsed Time: 65.8031599521637
Patience count 1
Iter: 100 | Train Loss: 0.05139848589897156, Train Acc: 0.0, Train Grad Norm 0.11927645653486252, | Test Loss: 0.05190467834472656, Test Acc: 0.0, Test Grad Norm: 0.20120324194431305 | Elapsed Time: 82.20198225975037
Iter: 120 | Train Loss: 0.04201355576515198, Train Acc: 0.0, Train Grad Norm 0.07402479648590088, | Test Loss: 0.05361767113208771, Test Acc: 0.0, Test Grad Norm: 0.45010101795196533 | Elapsed Time: 99.06893229484558
Iter: 140 | Train Loss: 0.06318455934524536, Train Acc: 0.0, Train Grad Norm 0.12329406291246414, | Test Loss: 0.06074610725045204, Test Acc: 0.0, Test Grad Norm: 0.17286042869091034 | Elapsed Time: 115.61241602897644
Patience count 1
Iter: 160 | Train Loss: 0.0604170486330986, Train Acc: 0.0, Train Grad Norm 0.14775219559669495, | Test Loss: 0.055643029510974884, Test Acc: 0.0, Test Grad Norm: 0.16813364624977112 | Elapsed Time: 131.46900343894958
Patience count 2
Iter: 180 | Train Loss: 0.0676354467868805, Train Acc: 0.0, Train Grad Norm 0.1167098730802536, | Test Loss: 0.0922604501247406, Test Acc: 0.0, Test Grad Norm: 1.4126797914505005 | Elapsed Time: 146.49322175979614
Patience count 3
Iter: 200 | Train Loss: 0.1059655249118805, Train Acc: 0.0, Train Grad Norm 0.2928983271121979, | Test Loss: 0.5700325965881348, Test Acc: 0.0, Test Grad Norm: 22.091459274291992 | Elapsed Time: 161.83951258659363
Learning was stopped
Learning rate eta = 0.25
The size of local train datasets:  [1652, 1652, 1651, 1651, 1651, 1651, 1651, 1651, 1651, 1651]
Shuffling 16520 1.8 -DP local randomizers results is (eps,  1e-08 )-DP in the shuffle model for eps between 0.1263707785001379 and 0.12923354694512484
The final epsilon, delta is ( 26.93146250530808 , 1e-05 )
Iter: 0 | Train Loss: 0.37747907638549805, Train Acc: 0.0, Train Grad Norm 6.437361717224121, | Test Loss: 0.3772118091583252, Test Acc: 0.0, Test Grad Norm: 6.719305515289307
Iter: 20 | Train Loss: 0.22031526267528534, Train Acc: 0.0, Train Grad Norm 2.85005521774292, | Test Loss: 0.21775418519973755, Test Acc: 0.0, Test Grad Norm: 3.271456718444824 | Elapsed Time: 14.557730436325073
Iter: 40 | Train Loss: 0.15630203485488892, Train Acc: 0.0, Train Grad Norm 1.808753252029419, | Test Loss: 0.15572179853916168, Test Acc: 0.0, Test Grad Norm: 2.1312379837036133 | Elapsed Time: 29.63903045654297
Iter: 60 | Train Loss: 0.10638171434402466, Train Acc: 0.0, Train Grad Norm 0.6762121319770813, | Test Loss: 0.10441704094409943, Test Acc: 0.0, Test Grad Norm: 0.6573265790939331 | Elapsed Time: 46.22732329368591
Iter: 80 | Train Loss: 0.07874887436628342, Train Acc: 0.0, Train Grad Norm 0.21934762597084045, | Test Loss: 0.0837620198726654, Test Acc: 0.0, Test Grad Norm: 0.2155812382698059 | Elapsed Time: 62.93639826774597
Iter: 100 | Train Loss: 0.08473069965839386, Train Acc: 0.0, Train Grad Norm 0.13304200768470764, | Test Loss: 0.12370242923498154, Test Acc: 0.0, Test Grad Norm: 0.763060986995697 | Elapsed Time: 79.48128771781921
Patience count 1
Iter: 120 | Train Loss: 0.08252105861902237, Train Acc: 0.0, Train Grad Norm 0.12180912494659424, | Test Loss: 0.1452120691537857, Test Acc: 0.0, Test Grad Norm: 1.0133850574493408 | Elapsed Time: 95.34673857688904
Iter: 140 | Train Loss: 0.08051560074090958, Train Acc: 0.0, Train Grad Norm 0.1272575706243515, | Test Loss: 0.16660788655281067, Test Acc: 0.0, Test Grad Norm: 1.6590207815170288 | Elapsed Time: 110.2626736164093
Iter: 160 | Train Loss: 0.0797305554151535, Train Acc: 0.0, Train Grad Norm 0.14978671073913574, | Test Loss: 0.1448514461517334, Test Acc: 0.0, Test Grad Norm: 1.2137806415557861 | Elapsed Time: 126.18133497238159
Iter: 180 | Train Loss: 0.07665494829416275, Train Acc: 0.0, Train Grad Norm 0.1732974350452423, | Test Loss: 0.18455466628074646, Test Acc: 0.0, Test Grad Norm: 2.091672658920288 | Elapsed Time: 141.8973228931427
Iter: 200 | Train Loss: 0.04808542877435684, Train Acc: 0.0, Train Grad Norm 0.04160868376493454, | Test Loss: 0.08893797546625137, Test Acc: 0.0, Test Grad Norm: 0.7774679660797119 | Elapsed Time: 156.32066702842712
Iter: 220 | Train Loss: 0.044279541820287704, Train Acc: 0.0, Train Grad Norm 0.02750069461762905, | Test Loss: 0.0642833411693573, Test Acc: 0.0, Test Grad Norm: 0.3843187987804413 | Elapsed Time: 172.18107295036316
Iter: 240 | Train Loss: 0.03993107005953789, Train Acc: 0.0, Train Grad Norm 0.01658957451581955, | Test Loss: 0.042751796543598175, Test Acc: 0.0, Test Grad Norm: 0.04991902410984039 | Elapsed Time: 187.26647925376892
Iter: 260 | Train Loss: 0.034817907959222794, Train Acc: 0.0, Train Grad Norm 0.015045401640236378, | Test Loss: 0.03840475156903267, Test Acc: 0.0, Test Grad Norm: 0.0397597961127758 | Elapsed Time: 203.56260466575623
Iter: 280 | Train Loss: 0.033335864543914795, Train Acc: 0.0, Train Grad Norm 0.011724122799932957, | Test Loss: 0.035367269068956375, Test Acc: 0.0, Test Grad Norm: 0.03622331842780113 | Elapsed Time: 219.2973666191101
Iter: 300 | Train Loss: 0.035011060535907745, Train Acc: 0.0, Train Grad Norm 0.01661660708487034, | Test Loss: 0.06454650312662125, Test Acc: 0.0, Test Grad Norm: 0.4192197620868683 | Elapsed Time: 235.2447965145111
Patience count 1
Iter: 320 | Train Loss: 0.03633289039134979, Train Acc: 0.0, Train Grad Norm 0.020985335111618042, | Test Loss: 0.07423017919063568, Test Acc: 0.0, Test Grad Norm: 0.6089658141136169 | Elapsed Time: 252.20080828666687
Patience count 2
Iter: 340 | Train Loss: 0.04103642329573631, Train Acc: 0.0, Train Grad Norm 0.05079709738492966, | Test Loss: 0.08880946040153503, Test Acc: 0.0, Test Grad Norm: 0.8852286338806152 | Elapsed Time: 268.99857091903687
Patience count 3
Iter: 360 | Train Loss: 0.04924364015460014, Train Acc: 0.0, Train Grad Norm 0.09746185690164566, | Test Loss: 0.0915464386343956, Test Acc: 0.0, Test Grad Norm: 0.797500729560852 | Elapsed Time: 285.12073373794556
Learning was stopped
Learning rate eta = 0.125
The size of local train datasets:  [1652, 1652, 1651, 1651, 1651, 1651, 1651, 1651, 1651, 1651]
Shuffling 16520 1.8 -DP local randomizers results is (eps,  1e-08 )-DP in the shuffle model for eps between 0.1263707785001379 and 0.12923354694512484
The final epsilon, delta is ( 26.93146250530808 , 1e-05 )
Iter: 0 | Train Loss: 0.37747907638549805, Train Acc: 0.0, Train Grad Norm 6.437361717224121, | Test Loss: 0.3772118091583252, Test Acc: 0.0, Test Grad Norm: 6.719305515289307
Iter: 20 | Train Loss: 0.2906084358692169, Train Acc: 0.0, Train Grad Norm 4.651487350463867, | Test Loss: 0.28982824087142944, Test Acc: 0.0, Test Grad Norm: 4.832888126373291 | Elapsed Time: 16.18064785003662
Iter: 40 | Train Loss: 0.2127252221107483, Train Acc: 0.0, Train Grad Norm 2.821967363357544, | Test Loss: 0.21311423182487488, Test Acc: 0.0, Test Grad Norm: 2.652932643890381 | Elapsed Time: 31.211565017700195
Iter: 60 | Train Loss: 0.1779329925775528, Train Acc: 0.0, Train Grad Norm 1.8464775085449219, | Test Loss: 0.18018701672554016, Test Acc: 0.0, Test Grad Norm: 1.6560773849487305 | Elapsed Time: 46.16597580909729
Iter: 80 | Train Loss: 0.13096876442432404, Train Acc: 0.0, Train Grad Norm 0.9569429755210876, | Test Loss: 0.13499881327152252, Test Acc: 0.0, Test Grad Norm: 0.8234323859214783 | Elapsed Time: 62.336993932724
Iter: 100 | Train Loss: 0.09485607594251633, Train Acc: 0.0, Train Grad Norm 0.5477179288864136, | Test Loss: 0.0997684895992279, Test Acc: 0.0, Test Grad Norm: 0.4742426574230194 | Elapsed Time: 77.29243159294128
Iter: 120 | Train Loss: 0.07804492115974426, Train Acc: 0.0, Train Grad Norm 0.289519727230072, | Test Loss: 0.08650147914886475, Test Acc: 0.0, Test Grad Norm: 0.3027680218219757 | Elapsed Time: 93.19375252723694
Iter: 140 | Train Loss: 0.06977053731679916, Train Acc: 0.0, Train Grad Norm 0.16348327696323395, | Test Loss: 0.07469259947538376, Test Acc: 0.0, Test Grad Norm: 0.19341465830802917 | Elapsed Time: 109.5842514038086
Iter: 160 | Train Loss: 0.058896660804748535, Train Acc: 0.0, Train Grad Norm 0.0730811208486557, | Test Loss: 0.0710982084274292, Test Acc: 0.0, Test Grad Norm: 0.2777383327484131 | Elapsed Time: 124.05304169654846
Iter: 180 | Train Loss: 0.0485493429005146, Train Acc: 0.0, Train Grad Norm 0.027627695351839066, | Test Loss: 0.06858991831541061, Test Acc: 0.0, Test Grad Norm: 0.4676165282726288 | Elapsed Time: 140.59556937217712
Iter: 200 | Train Loss: 0.045023124665021896, Train Acc: 0.0, Train Grad Norm 0.02258063107728958, | Test Loss: 0.0622948557138443, Test Acc: 0.0, Test Grad Norm: 0.3820953667163849 | Elapsed Time: 156.8621826171875
Iter: 220 | Train Loss: 0.041943199932575226, Train Acc: 0.0, Train Grad Norm 0.018450826406478882, | Test Loss: 0.05920160561800003, Test Acc: 0.0, Test Grad Norm: 0.3767237365245819 | Elapsed Time: 171.89008808135986
Iter: 240 | Train Loss: 0.03946550562977791, Train Acc: 0.0, Train Grad Norm 0.01724081300199032, | Test Loss: 0.050372131168842316, Test Acc: 0.0, Test Grad Norm: 0.23259581625461578 | Elapsed Time: 188.56015038490295
Iter: 260 | Train Loss: 0.040310852229595184, Train Acc: 0.0, Train Grad Norm 0.02405986748635769, | Test Loss: 0.06517695635557175, Test Acc: 0.0, Test Grad Norm: 0.540063738822937 | Elapsed Time: 204.51410961151123
Iter: 280 | Train Loss: 0.03724731504917145, Train Acc: 0.0, Train Grad Norm 0.015536710619926453, | Test Loss: 0.05567547678947449, Test Acc: 0.0, Test Grad Norm: 0.36033597588539124 | Elapsed Time: 219.75603246688843
Iter: 300 | Train Loss: 0.033693186938762665, Train Acc: 0.0, Train Grad Norm 0.011839012615382671, | Test Loss: 0.051232606172561646, Test Acc: 0.0, Test Grad Norm: 0.37826576828956604 | Elapsed Time: 233.9996862411499
Iter: 320 | Train Loss: 0.030790654942393303, Train Acc: 0.0, Train Grad Norm 0.008038509637117386, | Test Loss: 0.035953935235738754, Test Acc: 0.0, Test Grad Norm: 0.12730760872364044 | Elapsed Time: 248.15280437469482
Iter: 340 | Train Loss: 0.03052705153822899, Train Acc: 0.0, Train Grad Norm 0.012255050241947174, | Test Loss: 0.036573149263858795, Test Acc: 0.0, Test Grad Norm: 0.18537460267543793 | Elapsed Time: 262.4733464717865
Iter: 360 | Train Loss: 0.03150773420929909, Train Acc: 0.0, Train Grad Norm 0.006712382659316063, | Test Loss: 0.03336423635482788, Test Acc: 0.0, Test Grad Norm: 0.06141599640250206 | Elapsed Time: 277.46356201171875
Iter: 380 | Train Loss: 0.03115503303706646, Train Acc: 0.0, Train Grad Norm 0.0050806086510419846, | Test Loss: 0.035902611911296844, Test Acc: 0.0, Test Grad Norm: 0.1141841933131218 | Elapsed Time: 293.345894575119
Iter: 400 | Train Loss: 0.033534690737724304, Train Acc: 0.0, Train Grad Norm 0.024280259385704994, | Test Loss: 0.043989397585392, Test Acc: 0.0, Test Grad Norm: 0.33667683601379395 | Elapsed Time: 310.07064485549927
Patience count 1
Iter: 420 | Train Loss: 0.03436708822846413, Train Acc: 0.0, Train Grad Norm 0.02772233448922634, | Test Loss: 0.04772696644067764, Test Acc: 0.0, Test Grad Norm: 0.42939868569374084 | Elapsed Time: 325.46919345855713
Patience count 2
Iter: 440 | Train Loss: 0.035050783306360245, Train Acc: 0.0, Train Grad Norm 0.015906427055597305, | Test Loss: 0.06827409565448761, Test Acc: 0.0, Test Grad Norm: 0.8806795477867126 | Elapsed Time: 341.3093729019165
Patience count 3
Iter: 460 | Train Loss: 0.03827540576457977, Train Acc: 0.0, Train Grad Norm 0.02651401236653328, | Test Loss: 0.07937382906675339, Test Acc: 0.0, Test Grad Norm: 1.1812679767608643 | Elapsed Time: 355.6662211418152
Learning was stopped
Learning rate eta = 0.0625
The size of local train datasets:  [1652, 1652, 1651, 1651, 1651, 1651, 1651, 1651, 1651, 1651]
Shuffling 16520 1.8 -DP local randomizers results is (eps,  1e-08 )-DP in the shuffle model for eps between 0.1263707785001379 and 0.12923354694512484
The final epsilon, delta is ( 26.93146250530808 , 1e-05 )
Iter: 0 | Train Loss: 0.37747907638549805, Train Acc: 0.0, Train Grad Norm 6.437361717224121, | Test Loss: 0.3772118091583252, Test Acc: 0.0, Test Grad Norm: 6.719305515289307
Iter: 20 | Train Loss: 0.310854434967041, Train Acc: 0.0, Train Grad Norm 4.98150634765625, | Test Loss: 0.30995362997055054, Test Acc: 0.0, Test Grad Norm: 5.100499153137207 | Elapsed Time: 15.362613201141357
Iter: 40 | Train Loss: 0.25827425718307495, Train Acc: 0.0, Train Grad Norm 3.755254030227661, | Test Loss: 0.25692814588546753, Test Acc: 0.0, Test Grad Norm: 3.727046012878418 | Elapsed Time: 31.451640129089355
Iter: 60 | Train Loss: 0.2177075743675232, Train Acc: 0.0, Train Grad Norm 2.857654094696045, | Test Loss: 0.2167869210243225, Test Acc: 0.0, Test Grad Norm: 2.7459139823913574 | Elapsed Time: 47.233179807662964
Iter: 80 | Train Loss: 0.18339402973651886, Train Acc: 0.0, Train Grad Norm 2.073420524597168, | Test Loss: 0.185788094997406, Test Acc: 0.0, Test Grad Norm: 1.898590326309204 | Elapsed Time: 62.96810436248779
Iter: 100 | Train Loss: 0.1506498008966446, Train Acc: 0.0, Train Grad Norm 1.4240778684616089, | Test Loss: 0.1554756909608841, Test Acc: 0.0, Test Grad Norm: 1.2912371158599854 | Elapsed Time: 79.81707501411438
Iter: 120 | Train Loss: 0.1263449788093567, Train Acc: 0.0, Train Grad Norm 0.9130604863166809, | Test Loss: 0.12965963780879974, Test Acc: 0.0, Test Grad Norm: 0.837195634841919 | Elapsed Time: 96.39687895774841
Iter: 140 | Train Loss: 0.11578771471977234, Train Acc: 0.0, Train Grad Norm 0.6869847178459167, | Test Loss: 0.12020046263933182, Test Acc: 0.0, Test Grad Norm: 0.6398085951805115 | Elapsed Time: 113.4491708278656
Iter: 160 | Train Loss: 0.10151176154613495, Train Acc: 0.0, Train Grad Norm 0.4387814402580261, | Test Loss: 0.10497001558542252, Test Acc: 0.0, Test Grad Norm: 0.41817736625671387 | Elapsed Time: 130.17879819869995
Iter: 180 | Train Loss: 0.0994587242603302, Train Acc: 0.0, Train Grad Norm 0.32325810194015503, | Test Loss: 0.10717861354351044, Test Acc: 0.0, Test Grad Norm: 0.3616954982280731 | Elapsed Time: 146.98805785179138
Iter: 200 | Train Loss: 0.0880570188164711, Train Acc: 0.0, Train Grad Norm 0.24840201437473297, | Test Loss: 0.0967416763305664, Test Acc: 0.0, Test Grad Norm: 0.29703250527381897 | Elapsed Time: 163.85979413986206
Iter: 220 | Train Loss: 0.08093704283237457, Train Acc: 0.0, Train Grad Norm 0.1521512120962143, | Test Loss: 0.09078499674797058, Test Acc: 0.0, Test Grad Norm: 0.25112637877464294 | Elapsed Time: 180.5930290222168
Iter: 240 | Train Loss: 0.0762147605419159, Train Acc: 0.0, Train Grad Norm 0.10868550837039948, | Test Loss: 0.0881819874048233, Test Acc: 0.0, Test Grad Norm: 0.27296116948127747 | Elapsed Time: 197.47242879867554
Iter: 260 | Train Loss: 0.06887686997652054, Train Acc: 0.0, Train Grad Norm 0.06769460439682007, | Test Loss: 0.08705394715070724, Test Acc: 0.0, Test Grad Norm: 0.3856314420700073 | Elapsed Time: 213.93439745903015
Iter: 280 | Train Loss: 0.06847863644361496, Train Acc: 0.0, Train Grad Norm 0.07419249415397644, | Test Loss: 0.08886449784040451, Test Acc: 0.0, Test Grad Norm: 0.4520469903945923 | Elapsed Time: 228.82769083976746
Iter: 300 | Train Loss: 0.06712055206298828, Train Acc: 0.0, Train Grad Norm 0.09089664369821548, | Test Loss: 0.09153568744659424, Test Acc: 0.0, Test Grad Norm: 0.5637208819389343 | Elapsed Time: 245.62219095230103
Iter: 320 | Train Loss: 0.06567982584238052, Train Acc: 0.0, Train Grad Norm 0.09220880270004272, | Test Loss: 0.1017981544137001, Test Acc: 0.0, Test Grad Norm: 0.7689182758331299 | Elapsed Time: 261.9989809989929
Iter: 340 | Train Loss: 0.06459476798772812, Train Acc: 0.0, Train Grad Norm 0.08632565289735794, | Test Loss: 0.10046976804733276, Test Acc: 0.0, Test Grad Norm: 0.7104074954986572 | Elapsed Time: 277.75584077835083
Iter: 360 | Train Loss: 0.059810493141412735, Train Acc: 0.0, Train Grad Norm 0.07804004848003387, | Test Loss: 0.10606200248003006, Test Acc: 0.0, Test Grad Norm: 0.8732938170433044 | Elapsed Time: 292.8345420360565
Iter: 380 | Train Loss: 0.056661736220121384, Train Acc: 0.0, Train Grad Norm 0.06562082469463348, | Test Loss: 0.0960727110505104, Test Acc: 0.0, Test Grad Norm: 0.7262076735496521 | Elapsed Time: 309.5206639766693
Iter: 400 | Train Loss: 0.057038672268390656, Train Acc: 0.0, Train Grad Norm 0.10413918644189835, | Test Loss: 0.10805424302816391, Test Acc: 0.0, Test Grad Norm: 1.0267865657806396 | Elapsed Time: 323.9618229866028
Iter: 420 | Train Loss: 0.0550866462290287, Train Acc: 0.0, Train Grad Norm 0.08882182091474533, | Test Loss: 0.11555016040802002, Test Acc: 0.0, Test Grad Norm: 1.0968317985534668 | Elapsed Time: 338.2983717918396
Iter: 440 | Train Loss: 0.05008630082011223, Train Acc: 0.0, Train Grad Norm 0.050073832273483276, | Test Loss: 0.10496953129768372, Test Acc: 0.0, Test Grad Norm: 0.8969929814338684 | Elapsed Time: 353.59157705307007
Iter: 460 | Train Loss: 0.04942207783460617, Train Acc: 0.0, Train Grad Norm 0.062101490795612335, | Test Loss: 0.1038723811507225, Test Acc: 0.0, Test Grad Norm: 0.9486693739891052 | Elapsed Time: 368.4219479560852
Iter: 480 | Train Loss: 0.0471009835600853, Train Acc: 0.0, Train Grad Norm 0.0462956577539444, | Test Loss: 0.09276030957698822, Test Acc: 0.0, Test Grad Norm: 0.7579268217086792 | Elapsed Time: 383.7582628726959
Iter: 500 | Train Loss: 0.04579685628414154, Train Acc: 0.0, Train Grad Norm 0.03782758116722107, | Test Loss: 0.08526256680488586, Test Acc: 0.0, Test Grad Norm: 0.6226948499679565 | Elapsed Time: 399.4787087440491
Running with c=100, seed=3
GPU Not Enabled
Learning rate eta = 1.0
The size of local train datasets:  [1652, 1652, 1651, 1651, 1651, 1651, 1651, 1651, 1651, 1651]
Shuffling 16520 1.8 -DP local randomizers results is (eps,  1e-08 )-DP in the shuffle model for eps between 0.1263707785001379 and 0.12923354694512484
The final epsilon, delta is ( 26.93146250530808 , 1e-05 )
Iter: 0 | Train Loss: 0.37747907638549805, Train Acc: 0.0, Train Grad Norm 6.437361717224121, | Test Loss: 0.3772118091583252, Test Acc: 0.0, Test Grad Norm: 6.719305515289307
Iter: 20 | Train Loss: 0.0399482324719429, Train Acc: 0.0, Train Grad Norm 0.10687760263681412, | Test Loss: 0.048446960747241974, Test Acc: 0.0, Test Grad Norm: 0.13792873919010162 | Elapsed Time: 15.190478801727295
Iter: 40 | Train Loss: 0.06964273750782013, Train Acc: 0.0, Train Grad Norm 0.14546829462051392, | Test Loss: 0.07437902688980103, Test Acc: 0.0, Test Grad Norm: 0.7210645079612732 | Elapsed Time: 30.691906690597534
Patience count 1
Iter: 60 | Train Loss: 0.14283204078674316, Train Acc: 0.0, Train Grad Norm 0.8566117286682129, | Test Loss: 0.3295610845088959, Test Acc: 0.0, Test Grad Norm: 13.229912757873535 | Elapsed Time: 46.68779110908508
Patience count 2
Iter: 80 | Train Loss: 0.1631007343530655, Train Acc: 0.0, Train Grad Norm 1.435618281364441, | Test Loss: 0.8464694023132324, Test Acc: 0.0, Test Grad Norm: 49.78719711303711 | Elapsed Time: 62.785605907440186
Patience count 3
Iter: 100 | Train Loss: 0.48869243264198303, Train Acc: 0.0, Train Grad Norm 3.513645648956299, | Test Loss: 3.4063265323638916, Test Acc: 0.0, Test Grad Norm: 233.42926025390625 | Elapsed Time: 78.83067274093628
Learning was stopped
Learning rate eta = 0.5
The size of local train datasets:  [1652, 1652, 1651, 1651, 1651, 1651, 1651, 1651, 1651, 1651]
Shuffling 16520 1.8 -DP local randomizers results is (eps,  1e-08 )-DP in the shuffle model for eps between 0.1263707785001379 and 0.12923354694512484
The final epsilon, delta is ( 26.93146250530808 , 1e-05 )
Iter: 0 | Train Loss: 0.37747907638549805, Train Acc: 0.0, Train Grad Norm 6.437361717224121, | Test Loss: 0.3772118091583252, Test Acc: 0.0, Test Grad Norm: 6.719305515289307
Iter: 20 | Train Loss: 0.1373291164636612, Train Acc: 0.0, Train Grad Norm 1.570021390914917, | Test Loss: 0.15443198382854462, Test Acc: 0.0, Test Grad Norm: 1.4472838640213013 | Elapsed Time: 14.703010320663452
Iter: 40 | Train Loss: 0.07604071497917175, Train Acc: 0.0, Train Grad Norm 0.1735745072364807, | Test Loss: 0.31677937507629395, Test Acc: 0.0, Test Grad Norm: 6.689379692077637 | Elapsed Time: 31.071880102157593
Iter: 60 | Train Loss: 0.05049775913357735, Train Acc: 0.0, Train Grad Norm 0.039483197033405304, | Test Loss: 0.1814306527376175, Test Acc: 0.0, Test Grad Norm: 3.4395034313201904 | Elapsed Time: 46.054686307907104
Iter: 80 | Train Loss: 0.05708836019039154, Train Acc: 0.0, Train Grad Norm 0.056264638900756836, | Test Loss: 0.2340829223394394, Test Acc: 0.0, Test Grad Norm: 4.818181991577148 | Elapsed Time: 61.1720929145813
Patience count 1
Iter: 100 | Train Loss: 0.05087008327245712, Train Acc: 0.0, Train Grad Norm 0.04438662901520729, | Test Loss: 0.14067736268043518, Test Acc: 0.0, Test Grad Norm: 3.0492138862609863 | Elapsed Time: 77.18561601638794
Iter: 120 | Train Loss: 0.08591514825820923, Train Acc: 0.0, Train Grad Norm 0.2493051439523697, | Test Loss: 0.44981804490089417, Test Acc: 0.0, Test Grad Norm: 11.769379615783691 | Elapsed Time: 92.97168064117432
Patience count 2
Iter: 140 | Train Loss: 0.10115831345319748, Train Acc: 0.0, Train Grad Norm 0.29614686965942383, | Test Loss: 0.6138643622398376, Test Acc: 0.0, Test Grad Norm: 22.135175704956055 | Elapsed Time: 108.89868640899658
Patience count 3
Iter: 160 | Train Loss: 0.08758783340454102, Train Acc: 0.0, Train Grad Norm 0.21300537884235382, | Test Loss: 0.5330479145050049, Test Acc: 0.0, Test Grad Norm: 17.815326690673828 | Elapsed Time: 124.01063704490662
Learning was stopped
Learning rate eta = 0.25
The size of local train datasets:  [1652, 1652, 1651, 1651, 1651, 1651, 1651, 1651, 1651, 1651]
Shuffling 16520 1.8 -DP local randomizers results is (eps,  1e-08 )-DP in the shuffle model for eps between 0.1263707785001379 and 0.12923354694512484
The final epsilon, delta is ( 26.93146250530808 , 1e-05 )
Iter: 0 | Train Loss: 0.37747907638549805, Train Acc: 0.0, Train Grad Norm 6.437361717224121, | Test Loss: 0.3772118091583252, Test Acc: 0.0, Test Grad Norm: 6.719305515289307
Iter: 20 | Train Loss: 0.2261207103729248, Train Acc: 0.0, Train Grad Norm 3.25738525390625, | Test Loss: 0.2262609302997589, Test Acc: 0.0, Test Grad Norm: 3.075760841369629 | Elapsed Time: 14.876077890396118
Iter: 40 | Train Loss: 0.12966878712177277, Train Acc: 0.0, Train Grad Norm 1.355170488357544, | Test Loss: 0.13249382376670837, Test Acc: 0.0, Test Grad Norm: 1.1450775861740112 | Elapsed Time: 29.750854015350342
Iter: 60 | Train Loss: 0.08929191529750824, Train Acc: 0.0, Train Grad Norm 0.5287888050079346, | Test Loss: 0.09266671538352966, Test Acc: 0.0, Test Grad Norm: 0.43239831924438477 | Elapsed Time: 44.46243143081665
Iter: 80 | Train Loss: 0.06396955996751785, Train Acc: 0.0, Train Grad Norm 0.07611420005559921, | Test Loss: 0.06491301208734512, Test Acc: 0.0, Test Grad Norm: 0.07016397267580032 | Elapsed Time: 60.19485354423523
Iter: 100 | Train Loss: 0.0608084462583065, Train Acc: 0.0, Train Grad Norm 0.04986050724983215, | Test Loss: 0.06442489475011826, Test Acc: 0.0, Test Grad Norm: 0.08805272728204727 | Elapsed Time: 76.5538260936737
Iter: 120 | Train Loss: 0.05833612009882927, Train Acc: 0.0, Train Grad Norm 0.04961280897259712, | Test Loss: 0.057209987193346024, Test Acc: 0.0, Test Grad Norm: 0.07499504089355469 | Elapsed Time: 91.36887621879578
Iter: 140 | Train Loss: 0.05347556620836258, Train Acc: 0.0, Train Grad Norm 0.03580057621002197, | Test Loss: 0.05620935559272766, Test Acc: 0.0, Test Grad Norm: 0.17667308449745178 | Elapsed Time: 106.04408407211304
Iter: 160 | Train Loss: 0.053154658526182175, Train Acc: 0.0, Train Grad Norm 0.02477906085550785, | Test Loss: 0.05222504958510399, Test Acc: 0.0, Test Grad Norm: 0.026753870770335197 | Elapsed Time: 120.7930760383606
Iter: 180 | Train Loss: 0.04907631129026413, Train Acc: 0.0, Train Grad Norm 0.0308193638920784, | Test Loss: 0.05383673310279846, Test Acc: 0.0, Test Grad Norm: 0.20915283262729645 | Elapsed Time: 135.7852611541748
Iter: 200 | Train Loss: 0.04866709187626839, Train Acc: 0.0, Train Grad Norm 0.03457176312804222, | Test Loss: 0.052746135741472244, Test Acc: 0.0, Test Grad Norm: 0.12390479445457458 | Elapsed Time: 151.52977585792542
Iter: 220 | Train Loss: 0.047740474343299866, Train Acc: 0.0, Train Grad Norm 0.02913491427898407, | Test Loss: 0.07013680040836334, Test Acc: 0.0, Test Grad Norm: 0.6520219445228577 | Elapsed Time: 166.98799681663513
Iter: 240 | Train Loss: 0.04702189937233925, Train Acc: 0.0, Train Grad Norm 0.03181535005569458, | Test Loss: 0.09331389516592026, Test Acc: 0.0, Test Grad Norm: 1.381912112236023 | Elapsed Time: 182.55590438842773
Iter: 260 | Train Loss: 0.05694448947906494, Train Acc: 0.0, Train Grad Norm 0.04522489756345749, | Test Loss: 0.1612822711467743, Test Acc: 0.0, Test Grad Norm: 3.244676351547241 | Elapsed Time: 198.34905457496643
Patience count 1
Iter: 280 | Train Loss: 0.06318484246730804, Train Acc: 0.0, Train Grad Norm 0.07522334903478622, | Test Loss: 0.2434348464012146, Test Acc: 0.0, Test Grad Norm: 6.228332996368408 | Elapsed Time: 213.7003209590912
Patience count 2
Iter: 300 | Train Loss: 0.07077160477638245, Train Acc: 0.0, Train Grad Norm 0.09648852050304413, | Test Loss: 0.2757883071899414, Test Acc: 0.0, Test Grad Norm: 6.3257365226745605 | Elapsed Time: 229.62781929969788
Patience count 3
Iter: 320 | Train Loss: 0.06169033795595169, Train Acc: 0.0, Train Grad Norm 0.06909751892089844, | Test Loss: 0.26424193382263184, Test Acc: 0.0, Test Grad Norm: 5.746232986450195 | Elapsed Time: 244.16720747947693
Learning was stopped
Learning rate eta = 0.125
The size of local train datasets:  [1652, 1652, 1651, 1651, 1651, 1651, 1651, 1651, 1651, 1651]
Shuffling 16520 1.8 -DP local randomizers results is (eps,  1e-08 )-DP in the shuffle model for eps between 0.1263707785001379 and 0.12923354694512484
The final epsilon, delta is ( 26.93146250530808 , 1e-05 )
Iter: 0 | Train Loss: 0.37747907638549805, Train Acc: 0.0, Train Grad Norm 6.437361717224121, | Test Loss: 0.3772118091583252, Test Acc: 0.0, Test Grad Norm: 6.719305515289307
Iter: 20 | Train Loss: 0.28105664253234863, Train Acc: 0.0, Train Grad Norm 4.127402305603027, | Test Loss: 0.2792128920555115, Test Acc: 0.0, Test Grad Norm: 4.180239200592041 | Elapsed Time: 15.753929853439331
Iter: 40 | Train Loss: 0.2224320024251938, Train Acc: 0.0, Train Grad Norm 2.7968273162841797, | Test Loss: 0.22002898156642914, Test Acc: 0.0, Test Grad Norm: 2.8103652000427246 | Elapsed Time: 32.544307470321655
Iter: 60 | Train Loss: 0.17176921665668488, Train Acc: 0.0, Train Grad Norm 1.760794997215271, | Test Loss: 0.17385399341583252, Test Acc: 0.0, Test Grad Norm: 1.6293119192123413 | Elapsed Time: 47.36890506744385
Iter: 80 | Train Loss: 0.1319570392370224, Train Acc: 0.0, Train Grad Norm 1.0314682722091675, | Test Loss: 0.13582687079906464, Test Acc: 0.0, Test Grad Norm: 0.9393086433410645 | Elapsed Time: 62.0873327255249
Iter: 100 | Train Loss: 0.10730017721652985, Train Acc: 0.0, Train Grad Norm 0.665258526802063, | Test Loss: 0.10865859687328339, Test Acc: 0.0, Test Grad Norm: 0.6181255578994751 | Elapsed Time: 76.75390410423279
Iter: 120 | Train Loss: 0.09115501493215561, Train Acc: 0.0, Train Grad Norm 0.3589082360267639, | Test Loss: 0.10096640139818192, Test Acc: 0.0, Test Grad Norm: 0.4079131782054901 | Elapsed Time: 92.04621076583862
Iter: 140 | Train Loss: 0.09438218921422958, Train Acc: 0.0, Train Grad Norm 0.3822816014289856, | Test Loss: 0.10345016419887543, Test Acc: 0.0, Test Grad Norm: 0.448545902967453 | Elapsed Time: 107.70266151428223
Iter: 160 | Train Loss: 0.07976480573415756, Train Acc: 0.0, Train Grad Norm 0.17049163579940796, | Test Loss: 0.10205762833356857, Test Acc: 0.0, Test Grad Norm: 0.5236178040504456 | Elapsed Time: 123.94341397285461
Iter: 180 | Train Loss: 0.076868936419487, Train Acc: 0.0, Train Grad Norm 0.1448563188314438, | Test Loss: 0.09867934882640839, Test Acc: 0.0, Test Grad Norm: 0.5195834636688232 | Elapsed Time: 138.2044620513916
Iter: 200 | Train Loss: 0.07281035929918289, Train Acc: 0.0, Train Grad Norm 0.10237067192792892, | Test Loss: 0.09418994188308716, Test Acc: 0.0, Test Grad Norm: 0.5303123593330383 | Elapsed Time: 154.75518226623535
Iter: 220 | Train Loss: 0.060650043189525604, Train Acc: 0.0, Train Grad Norm 0.08323249965906143, | Test Loss: 0.06854124367237091, Test Acc: 0.0, Test Grad Norm: 0.2470030039548874 | Elapsed Time: 170.4605586528778
Iter: 240 | Train Loss: 0.06210648640990257, Train Acc: 0.0, Train Grad Norm 0.10512225329875946, | Test Loss: 0.0656290203332901, Test Acc: 0.0, Test Grad Norm: 0.17416825890541077 | Elapsed Time: 185.21498370170593
Iter: 260 | Train Loss: 0.050014007836580276, Train Acc: 0.0, Train Grad Norm 0.0464811734855175, | Test Loss: 0.050858646631240845, Test Acc: 0.0, Test Grad Norm: 0.0674707293510437 | Elapsed Time: 200.59438729286194
Iter: 280 | Train Loss: 0.04316598176956177, Train Acc: 0.0, Train Grad Norm 0.03016839176416397, | Test Loss: 0.04267098382115364, Test Acc: 0.0, Test Grad Norm: 0.02691761963069439 | Elapsed Time: 215.21184515953064
Iter: 300 | Train Loss: 0.03857302665710449, Train Acc: 0.0, Train Grad Norm 0.020238934084773064, | Test Loss: 0.03845853731036186, Test Acc: 0.0, Test Grad Norm: 0.018028443679213524 | Elapsed Time: 229.62309789657593
Iter: 320 | Train Loss: 0.03567023202776909, Train Acc: 0.0, Train Grad Norm 0.012390587478876114, | Test Loss: 0.036284834146499634, Test Acc: 0.0, Test Grad Norm: 0.0245800968259573 | Elapsed Time: 244.3072109222412
Iter: 340 | Train Loss: 0.032947298139333725, Train Acc: 0.0, Train Grad Norm 0.011110450141131878, | Test Loss: 0.035340696573257446, Test Acc: 0.0, Test Grad Norm: 0.04656006395816803 | Elapsed Time: 259.65031576156616
Iter: 360 | Train Loss: 0.031589165329933167, Train Acc: 0.0, Train Grad Norm 0.012995987199246883, | Test Loss: 0.03379939869046211, Test Acc: 0.0, Test Grad Norm: 0.03570108860731125 | Elapsed Time: 276.1242904663086
Iter: 380 | Train Loss: 0.03283568099141121, Train Acc: 0.0, Train Grad Norm 0.016131766140460968, | Test Loss: 0.03922949731349945, Test Acc: 0.0, Test Grad Norm: 0.15872052311897278 | Elapsed Time: 292.08511090278625
Iter: 400 | Train Loss: 0.03037087805569172, Train Acc: 0.0, Train Grad Norm 0.006698264740407467, | Test Loss: 0.03214261308312416, Test Acc: 0.0, Test Grad Norm: 0.03633912280201912 | Elapsed Time: 308.18667101860046
Iter: 420 | Train Loss: 0.030965127050876617, Train Acc: 0.0, Train Grad Norm 0.007807661779224873, | Test Loss: 0.03243113309144974, Test Acc: 0.0, Test Grad Norm: 0.03513479605317116 | Elapsed Time: 323.4005889892578
Iter: 440 | Train Loss: 0.031834330409765244, Train Acc: 0.0, Train Grad Norm 0.007496973499655724, | Test Loss: 0.036616675555706024, Test Acc: 0.0, Test Grad Norm: 0.09293289482593536 | Elapsed Time: 339.80431962013245
Iter: 460 | Train Loss: 0.03230300918221474, Train Acc: 0.0, Train Grad Norm 0.008178736083209515, | Test Loss: 0.036909788846969604, Test Acc: 0.0, Test Grad Norm: 0.09340041875839233 | Elapsed Time: 355.6914703845978
Patience count 1
Iter: 480 | Train Loss: 0.03043540194630623, Train Acc: 0.0, Train Grad Norm 0.008602655492722988, | Test Loss: 0.0325436033308506, Test Acc: 0.0, Test Grad Norm: 0.050806865096092224 | Elapsed Time: 372.388384103775
Iter: 500 | Train Loss: 0.029383383691310883, Train Acc: 0.0, Train Grad Norm 0.004645618610084057, | Test Loss: 0.030697520822286606, Test Acc: 0.0, Test Grad Norm: 0.02039400115609169 | Elapsed Time: 389.2130410671234
