Running with c=1, seed=4
GPU Not Enabled
Learning rate eta = 1.0
The size of local train datasets:  [1652, 1652, 1651, 1651, 1651, 1651, 1651, 1651, 1651, 1651]
Shuffling 16520 0.6 -DP local randomizers results is (eps,  1e-08 )-DP in the shuffle model for eps between 0.026407269083900682 and 0.026630115236507435
The final epsilon, delta is ( 5.338746585095627 , 1e-05 )
Iter: 0 | Train Loss: 0.7413997054100037, Train Acc: 0.0, Train Grad Norm 18.126903533935547, | Test Loss: 0.7437925338745117, Test Acc: 0.0, Test Grad Norm: 19.0118350982666
Iter: 20 | Train Loss: 0.2018953114748001, Train Acc: 0.0, Train Grad Norm 1.9447379112243652, | Test Loss: 0.17436926066875458, Test Acc: 0.0, Test Grad Norm: 1.4207773208618164 | Elapsed Time: 16.788092851638794
Iter: 40 | Train Loss: 0.35398924350738525, Train Acc: 0.0, Train Grad Norm 7.642175674438477, | Test Loss: 0.8955438733100891, Test Acc: 0.0, Test Grad Norm: 62.56645202636719 | Elapsed Time: 33.12259864807129
Patience count 1
Iter: 60 | Train Loss: 0.940011739730835, Train Acc: 0.0, Train Grad Norm 39.28665542602539, | Test Loss: 3.0281152725219727, Test Acc: 0.0, Test Grad Norm: 360.47265625 | Elapsed Time: 49.00023555755615
Patience count 2
Iter: 80 | Train Loss: 3.2089006900787354, Train Acc: 0.0, Train Grad Norm 62.0579833984375, | Test Loss: 2.8450090885162354, Test Acc: 0.0, Test Grad Norm: 52.386497497558594 | Elapsed Time: 65.45054626464844
Patience count 3
Iter: 100 | Train Loss: 8.564234733581543, Train Acc: 0.0, Train Grad Norm 207.67445373535156, | Test Loss: 16.414417266845703, Test Acc: 0.0, Test Grad Norm: 3013.156494140625 | Elapsed Time: 81.73829483985901
Learning was stopped
Learning rate eta = 0.5
The size of local train datasets:  [1652, 1652, 1651, 1651, 1651, 1651, 1651, 1651, 1651, 1651]
Shuffling 16520 0.6 -DP local randomizers results is (eps,  1e-08 )-DP in the shuffle model for eps between 0.026407269083900682 and 0.026630115236507435
The final epsilon, delta is ( 5.338746585095627 , 1e-05 )
Iter: 0 | Train Loss: 0.7413997054100037, Train Acc: 0.0, Train Grad Norm 18.126903533935547, | Test Loss: 0.7437925338745117, Test Acc: 0.0, Test Grad Norm: 19.0118350982666
Iter: 20 | Train Loss: 0.30121472477912903, Train Acc: 0.0, Train Grad Norm 7.832862854003906, | Test Loss: 0.4394948482513428, Test Acc: 0.0, Test Grad Norm: 13.057616233825684 | Elapsed Time: 16.763325691223145
Iter: 40 | Train Loss: 0.17609816789627075, Train Acc: 0.0, Train Grad Norm 1.2485287189483643, | Test Loss: 0.22539058327674866, Test Acc: 0.0, Test Grad Norm: 2.5156188011169434 | Elapsed Time: 32.66320872306824
Iter: 60 | Train Loss: 0.8458330035209656, Train Acc: 0.0, Train Grad Norm 17.88214111328125, | Test Loss: 1.1800373792648315, Test Acc: 0.0, Test Grad Norm: 29.997846603393555 | Elapsed Time: 49.561474561691284
Patience count 1
Iter: 80 | Train Loss: 1.155971646308899, Train Acc: 0.0, Train Grad Norm 24.355144500732422, | Test Loss: 1.3062783479690552, Test Acc: 0.0, Test Grad Norm: 47.09823989868164 | Elapsed Time: 66.39104962348938
Patience count 2
Iter: 100 | Train Loss: 0.22601911425590515, Train Acc: 0.0, Train Grad Norm 3.3378961086273193, | Test Loss: 0.6986225843429565, Test Acc: 0.0, Test Grad Norm: 62.677818298339844 | Elapsed Time: 82.99414253234863
Patience count 3
Iter: 120 | Train Loss: 0.41696804761886597, Train Acc: 0.0, Train Grad Norm 3.39176344871521, | Test Loss: 2.7521119117736816, Test Acc: 0.0, Test Grad Norm: 295.83587646484375 | Elapsed Time: 99.08035707473755
Learning was stopped
Learning rate eta = 0.25
The size of local train datasets:  [1652, 1652, 1651, 1651, 1651, 1651, 1651, 1651, 1651, 1651]
Shuffling 16520 0.6 -DP local randomizers results is (eps,  1e-08 )-DP in the shuffle model for eps between 0.026407269083900682 and 0.026630115236507435
The final epsilon, delta is ( 5.338746585095627 , 1e-05 )
Iter: 0 | Train Loss: 0.7413997054100037, Train Acc: 0.0, Train Grad Norm 18.126903533935547, | Test Loss: 0.7437925338745117, Test Acc: 0.0, Test Grad Norm: 19.0118350982666
Iter: 20 | Train Loss: 0.2921803295612335, Train Acc: 0.0, Train Grad Norm 6.081834316253662, | Test Loss: 0.29281580448150635, Test Acc: 0.0, Test Grad Norm: 6.718717575073242 | Elapsed Time: 15.573191165924072
Iter: 40 | Train Loss: 0.23235119879245758, Train Acc: 0.0, Train Grad Norm 4.098909378051758, | Test Loss: 0.24943923950195312, Test Acc: 0.0, Test Grad Norm: 4.949505805969238 | Elapsed Time: 32.650203227996826
Iter: 60 | Train Loss: 0.07859884202480316, Train Acc: 0.0, Train Grad Norm 0.4103747606277466, | Test Loss: 0.09267532080411911, Test Acc: 0.0, Test Grad Norm: 0.9689546227455139 | Elapsed Time: 48.56017804145813
Iter: 80 | Train Loss: 0.05712087079882622, Train Acc: 0.0, Train Grad Norm 0.046925053000450134, | Test Loss: 0.058887116611003876, Test Acc: 0.0, Test Grad Norm: 0.11857891827821732 | Elapsed Time: 65.47269010543823
Iter: 100 | Train Loss: 0.08270570635795593, Train Acc: 0.0, Train Grad Norm 0.09140955656766891, | Test Loss: 0.11182472109794617, Test Acc: 0.0, Test Grad Norm: 1.4438440799713135 | Elapsed Time: 81.76183748245239
Patience count 1
Iter: 120 | Train Loss: 0.08861305564641953, Train Acc: 0.0, Train Grad Norm 0.15728050470352173, | Test Loss: 0.08231022953987122, Test Acc: 0.0, Test Grad Norm: 0.22018903493881226 | Elapsed Time: 97.9305956363678
Patience count 2
Iter: 140 | Train Loss: 0.11889664828777313, Train Acc: 0.0, Train Grad Norm 0.23340517282485962, | Test Loss: 0.10760337114334106, Test Acc: 0.0, Test Grad Norm: 0.541559100151062 | Elapsed Time: 114.8876326084137
Patience count 3
Iter: 160 | Train Loss: 0.10767462849617004, Train Acc: 0.0, Train Grad Norm 0.18726180493831635, | Test Loss: 0.12715058028697968, Test Acc: 0.0, Test Grad Norm: 1.9440349340438843 | Elapsed Time: 131.74430060386658
Learning was stopped
Learning rate eta = 0.125
The size of local train datasets:  [1652, 1652, 1651, 1651, 1651, 1651, 1651, 1651, 1651, 1651]
Shuffling 16520 0.6 -DP local randomizers results is (eps,  1e-08 )-DP in the shuffle model for eps between 0.026407269083900682 and 0.026630115236507435
The final epsilon, delta is ( 5.338746585095627 , 1e-05 )
Iter: 0 | Train Loss: 0.7413997054100037, Train Acc: 0.0, Train Grad Norm 18.126903533935547, | Test Loss: 0.7437925338745117, Test Acc: 0.0, Test Grad Norm: 19.0118350982666
Iter: 20 | Train Loss: 0.5048911571502686, Train Acc: 0.0, Train Grad Norm 12.094718933105469, | Test Loss: 0.4983025789260864, Test Acc: 0.0, Test Grad Norm: 12.147643089294434 | Elapsed Time: 16.104882955551147
Iter: 40 | Train Loss: 0.33996137976646423, Train Acc: 0.0, Train Grad Norm 7.439089298248291, | Test Loss: 0.34173744916915894, Test Acc: 0.0, Test Grad Norm: 7.975104808807373 | Elapsed Time: 32.77988409996033
Iter: 60 | Train Loss: 0.21460352838039398, Train Acc: 0.0, Train Grad Norm 4.213249683380127, | Test Loss: 0.2181701809167862, Test Acc: 0.0, Test Grad Norm: 4.558628082275391 | Elapsed Time: 49.59876084327698
Iter: 80 | Train Loss: 0.13680627942085266, Train Acc: 0.0, Train Grad Norm 2.2186450958251953, | Test Loss: 0.14801129698753357, Test Acc: 0.0, Test Grad Norm: 2.7242517471313477 | Elapsed Time: 66.56747388839722
Iter: 100 | Train Loss: 0.11349746584892273, Train Acc: 0.0, Train Grad Norm 1.599804162979126, | Test Loss: 0.13269075751304626, Test Acc: 0.0, Test Grad Norm: 2.3112354278564453 | Elapsed Time: 82.84316658973694
Iter: 120 | Train Loss: 0.06144554540514946, Train Acc: 0.0, Train Grad Norm 0.4847840666770935, | Test Loss: 0.06298934668302536, Test Acc: 0.0, Test Grad Norm: 0.6022355556488037 | Elapsed Time: 99.70317339897156
Iter: 140 | Train Loss: 0.05575575307011604, Train Acc: 0.0, Train Grad Norm 0.32912951707839966, | Test Loss: 0.05517876520752907, Test Acc: 0.0, Test Grad Norm: 0.31619948148727417 | Elapsed Time: 116.59694647789001
Iter: 160 | Train Loss: 0.058004915714263916, Train Acc: 0.0, Train Grad Norm 0.35456931591033936, | Test Loss: 0.061795808374881744, Test Acc: 0.0, Test Grad Norm: 0.5173568725585938 | Elapsed Time: 133.23163986206055
Iter: 180 | Train Loss: 0.049152180552482605, Train Acc: 0.0, Train Grad Norm 0.10851700603961945, | Test Loss: 0.05759342759847641, Test Acc: 0.0, Test Grad Norm: 0.31002381443977356 | Elapsed Time: 149.1610746383667
Iter: 200 | Train Loss: 0.04981138929724693, Train Acc: 0.0, Train Grad Norm 0.19277489185333252, | Test Loss: 0.06544479727745056, Test Acc: 0.0, Test Grad Norm: 0.5641730427742004 | Elapsed Time: 165.31647944450378
Iter: 220 | Train Loss: 0.046889208257198334, Train Acc: 0.0, Train Grad Norm 0.05790204554796219, | Test Loss: 0.06833058595657349, Test Acc: 0.0, Test Grad Norm: 0.4218829870223999 | Elapsed Time: 181.88987827301025
Iter: 240 | Train Loss: 0.04904325678944588, Train Acc: 0.0, Train Grad Norm 0.03411153331398964, | Test Loss: 0.06436484307050705, Test Acc: 0.0, Test Grad Norm: 0.26675695180892944 | Elapsed Time: 198.70090126991272
Iter: 260 | Train Loss: 0.054279208183288574, Train Acc: 0.0, Train Grad Norm 0.0742608830332756, | Test Loss: 0.05924346297979355, Test Acc: 0.0, Test Grad Norm: 0.19831785559654236 | Elapsed Time: 215.73054385185242
Patience count 1
Iter: 280 | Train Loss: 0.04565218836069107, Train Acc: 0.0, Train Grad Norm 0.040356699377298355, | Test Loss: 0.04441298171877861, Test Acc: 0.0, Test Grad Norm: 0.0549638569355011 | Elapsed Time: 231.24189376831055
Iter: 300 | Train Loss: 0.05116190016269684, Train Acc: 0.0, Train Grad Norm 0.021178487688302994, | Test Loss: 0.04878273606300354, Test Acc: 0.0, Test Grad Norm: 0.024621939286589622 | Elapsed Time: 246.5780222415924
Patience count 1
Iter: 320 | Train Loss: 0.061615172773599625, Train Acc: 0.0, Train Grad Norm 0.048993539065122604, | Test Loss: 0.06665049493312836, Test Acc: 0.0, Test Grad Norm: 0.15120768547058105 | Elapsed Time: 263.61134791374207
Patience count 2
Iter: 340 | Train Loss: 0.05397811532020569, Train Acc: 0.0, Train Grad Norm 0.045640729367733, | Test Loss: 0.049420226365327835, Test Acc: 0.0, Test Grad Norm: 0.03621257469058037 | Elapsed Time: 280.4400324821472
Patience count 3
Iter: 360 | Train Loss: 0.04885173961520195, Train Acc: 0.0, Train Grad Norm 0.03356507420539856, | Test Loss: 0.052250370383262634, Test Acc: 0.0, Test Grad Norm: 0.11459755152463913 | Elapsed Time: 296.9109079837799
Learning was stopped
Learning rate eta = 0.0625
The size of local train datasets:  [1652, 1652, 1651, 1651, 1651, 1651, 1651, 1651, 1651, 1651]
Shuffling 16520 0.6 -DP local randomizers results is (eps,  1e-08 )-DP in the shuffle model for eps between 0.026407269083900682 and 0.026630115236507435
The final epsilon, delta is ( 5.338746585095627 , 1e-05 )
Iter: 0 | Train Loss: 0.7413997054100037, Train Acc: 0.0, Train Grad Norm 18.126903533935547, | Test Loss: 0.7437925338745117, Test Acc: 0.0, Test Grad Norm: 19.0118350982666
Iter: 20 | Train Loss: 0.6037893295288086, Train Acc: 0.0, Train Grad Norm 14.424991607666016, | Test Loss: 0.6186182498931885, Test Acc: 0.0, Test Grad Norm: 16.070663452148438 | Elapsed Time: 16.991170167922974
Iter: 40 | Train Loss: 0.521227240562439, Train Acc: 0.0, Train Grad Norm 12.40380859375, | Test Loss: 0.5316641926765442, Test Acc: 0.0, Test Grad Norm: 13.616179466247559 | Elapsed Time: 33.477519512176514
Iter: 60 | Train Loss: 0.44423407316207886, Train Acc: 0.0, Train Grad Norm 10.280413627624512, | Test Loss: 0.4540744125843048, Test Acc: 0.0, Test Grad Norm: 11.428630828857422 | Elapsed Time: 50.620182275772095
Iter: 80 | Train Loss: 0.38240259885787964, Train Acc: 0.0, Train Grad Norm 8.501133918762207, | Test Loss: 0.3802942931652069, Test Acc: 0.0, Test Grad Norm: 8.915840148925781 | Elapsed Time: 67.31545686721802
Iter: 100 | Train Loss: 0.29006481170654297, Train Acc: 0.0, Train Grad Norm 6.034310817718506, | Test Loss: 0.28465837240219116, Test Acc: 0.0, Test Grad Norm: 5.8888397216796875 | Elapsed Time: 84.02912402153015
Iter: 120 | Train Loss: 0.2230914831161499, Train Acc: 0.0, Train Grad Norm 4.230640888214111, | Test Loss: 0.21893349289894104, Test Acc: 0.0, Test Grad Norm: 4.107470989227295 | Elapsed Time: 100.01714324951172
Iter: 140 | Train Loss: 0.17832396924495697, Train Acc: 0.0, Train Grad Norm 3.005664110183716, | Test Loss: 0.17481961846351624, Test Acc: 0.0, Test Grad Norm: 2.949209451675415 | Elapsed Time: 116.71143555641174
Iter: 160 | Train Loss: 0.1356993317604065, Train Acc: 0.0, Train Grad Norm 1.8005118370056152, | Test Loss: 0.1348167061805725, Test Acc: 0.0, Test Grad Norm: 1.5967921018600464 | Elapsed Time: 133.50740718841553
Iter: 180 | Train Loss: 0.1160721704363823, Train Acc: 0.0, Train Grad Norm 1.2935763597488403, | Test Loss: 0.11427134275436401, Test Acc: 0.0, Test Grad Norm: 1.1557596921920776 | Elapsed Time: 148.89293384552002
Iter: 200 | Train Loss: 0.09562579542398453, Train Acc: 0.0, Train Grad Norm 0.8246453404426575, | Test Loss: 0.0932190865278244, Test Acc: 0.0, Test Grad Norm: 0.7487009167671204 | Elapsed Time: 165.86290788650513
Iter: 220 | Train Loss: 0.08971618860960007, Train Acc: 0.0, Train Grad Norm 0.707561731338501, | Test Loss: 0.08736222237348557, Test Acc: 0.0, Test Grad Norm: 0.6352421045303345 | Elapsed Time: 182.60734796524048
Iter: 240 | Train Loss: 0.06077742949128151, Train Acc: 0.0, Train Grad Norm 0.15942955017089844, | Test Loss: 0.05907421186566353, Test Acc: 0.0, Test Grad Norm: 0.13227857649326324 | Elapsed Time: 199.55563259124756
Iter: 260 | Train Loss: 0.05788586661219597, Train Acc: 0.0, Train Grad Norm 0.06873787939548492, | Test Loss: 0.05734316632151604, Test Acc: 0.0, Test Grad Norm: 0.054104216396808624 | Elapsed Time: 215.45338249206543
Iter: 280 | Train Loss: 0.054225750267505646, Train Acc: 0.0, Train Grad Norm 0.018359707668423653, | Test Loss: 0.06295742839574814, Test Acc: 0.0, Test Grad Norm: 0.11448495835065842 | Elapsed Time: 231.7111542224884
Iter: 300 | Train Loss: 0.05812562257051468, Train Acc: 0.0, Train Grad Norm 0.029085509479045868, | Test Loss: 0.07689536362886429, Test Acc: 0.0, Test Grad Norm: 0.26377928256988525 | Elapsed Time: 246.8426158428192
Patience count 1
Iter: 320 | Train Loss: 0.06215335428714752, Train Acc: 0.0, Train Grad Norm 0.03347523510456085, | Test Loss: 0.07751872390508652, Test Acc: 0.0, Test Grad Norm: 0.2467324435710907 | Elapsed Time: 262.9755902290344
Patience count 2
Iter: 340 | Train Loss: 0.06032383069396019, Train Acc: 0.0, Train Grad Norm 0.025599699467420578, | Test Loss: 0.07491343468427658, Test Acc: 0.0, Test Grad Norm: 0.19710437953472137 | Elapsed Time: 277.58633613586426
Patience count 3
Iter: 360 | Train Loss: 0.056330181658267975, Train Acc: 0.0, Train Grad Norm 0.02615479938685894, | Test Loss: 0.07383882999420166, Test Acc: 0.0, Test Grad Norm: 0.21432840824127197 | Elapsed Time: 292.9959614276886
Learning was stopped
Learning rate eta = 0.03125
The size of local train datasets:  [1652, 1652, 1651, 1651, 1651, 1651, 1651, 1651, 1651, 1651]
Shuffling 16520 0.6 -DP local randomizers results is (eps,  1e-08 )-DP in the shuffle model for eps between 0.026407269083900682 and 0.026630115236507435
The final epsilon, delta is ( 5.338746585095627 , 1e-05 )
Iter: 0 | Train Loss: 0.7413997054100037, Train Acc: 0.0, Train Grad Norm 18.126903533935547, | Test Loss: 0.7437925338745117, Test Acc: 0.0, Test Grad Norm: 19.0118350982666
Iter: 20 | Train Loss: 0.6633478999137878, Train Acc: 0.0, Train Grad Norm 16.19738006591797, | Test Loss: 0.6620240211486816, Test Acc: 0.0, Test Grad Norm: 16.856111526489258 | Elapsed Time: 15.926104068756104
Iter: 40 | Train Loss: 0.6017422080039978, Train Acc: 0.0, Train Grad Norm 14.692913055419922, | Test Loss: 0.5974910259246826, Test Acc: 0.0, Test Grad Norm: 15.1298246383667 | Elapsed Time: 31.823500394821167
Iter: 60 | Train Loss: 0.5682855248451233, Train Acc: 0.0, Train Grad Norm 13.723878860473633, | Test Loss: 0.5620705485343933, Test Acc: 0.0, Test Grad Norm: 13.981066703796387 | Elapsed Time: 48.74420785903931
Iter: 80 | Train Loss: 0.4857305586338043, Train Acc: 0.0, Train Grad Norm 11.589332580566406, | Test Loss: 0.4797428250312805, Test Acc: 0.0, Test Grad Norm: 11.70629596710205 | Elapsed Time: 64.5931944847107
Iter: 100 | Train Loss: 0.4117266535758972, Train Acc: 0.0, Train Grad Norm 9.6204252243042, | Test Loss: 0.40449878573417664, Test Acc: 0.0, Test Grad Norm: 9.553677558898926 | Elapsed Time: 79.41098356246948
Iter: 120 | Train Loss: 0.3277345895767212, Train Acc: 0.0, Train Grad Norm 7.507271766662598, | Test Loss: 0.3229670524597168, Test Acc: 0.0, Test Grad Norm: 7.557199478149414 | Elapsed Time: 94.83602547645569
Iter: 140 | Train Loss: 0.2631080150604248, Train Acc: 0.0, Train Grad Norm 5.846785545349121, | Test Loss: 0.25843340158462524, Test Acc: 0.0, Test Grad Norm: 5.797975540161133 | Elapsed Time: 110.62545537948608
Iter: 160 | Train Loss: 0.2227388322353363, Train Acc: 0.0, Train Grad Norm 4.780424118041992, | Test Loss: 0.2188568264245987, Test Acc: 0.0, Test Grad Norm: 4.510479927062988 | Elapsed Time: 125.89628577232361
Iter: 180 | Train Loss: 0.1898988038301468, Train Acc: 0.0, Train Grad Norm 3.892378091812134, | Test Loss: 0.18698915839195251, Test Acc: 0.0, Test Grad Norm: 3.6235530376434326 | Elapsed Time: 142.70373964309692
Iter: 200 | Train Loss: 0.15257003903388977, Train Acc: 0.0, Train Grad Norm 2.884182929992676, | Test Loss: 0.15302883088588715, Test Acc: 0.0, Test Grad Norm: 2.5868921279907227 | Elapsed Time: 158.74740028381348
Iter: 220 | Train Loss: 0.13186770677566528, Train Acc: 0.0, Train Grad Norm 2.3198959827423096, | Test Loss: 0.1355765014886856, Test Acc: 0.0, Test Grad Norm: 2.033503532409668 | Elapsed Time: 175.64068055152893
Iter: 240 | Train Loss: 0.1145096868276596, Train Acc: 0.0, Train Grad Norm 1.812240481376648, | Test Loss: 0.11904790997505188, Test Acc: 0.0, Test Grad Norm: 1.57208251953125 | Elapsed Time: 192.50697565078735
Iter: 260 | Train Loss: 0.09960560500621796, Train Acc: 0.0, Train Grad Norm 1.3477858304977417, | Test Loss: 0.11355441063642502, Test Acc: 0.0, Test Grad Norm: 1.1407710313796997 | Elapsed Time: 209.0307741165161
Iter: 280 | Train Loss: 0.09381300956010818, Train Acc: 0.0, Train Grad Norm 1.2058372497558594, | Test Loss: 0.10583454370498657, Test Acc: 0.0, Test Grad Norm: 1.0351001024246216 | Elapsed Time: 224.50144267082214
Iter: 300 | Train Loss: 0.08125032484531403, Train Acc: 0.0, Train Grad Norm 0.8375451564788818, | Test Loss: 0.09533222764730453, Test Acc: 0.0, Test Grad Norm: 0.7566998600959778 | Elapsed Time: 241.3234462738037
Iter: 320 | Train Loss: 0.07692252099514008, Train Acc: 0.0, Train Grad Norm 0.6559048295021057, | Test Loss: 0.08985179662704468, Test Acc: 0.0, Test Grad Norm: 0.6057938933372498 | Elapsed Time: 257.37646293640137
Iter: 340 | Train Loss: 0.06525100022554398, Train Acc: 0.0, Train Grad Norm 0.3244141936302185, | Test Loss: 0.07998040318489075, Test Acc: 0.0, Test Grad Norm: 0.3761230409145355 | Elapsed Time: 274.1586811542511
Iter: 360 | Train Loss: 0.05830809846520424, Train Acc: 0.0, Train Grad Norm 0.21445679664611816, | Test Loss: 0.06810163706541061, Test Acc: 0.0, Test Grad Norm: 0.2560928463935852 | Elapsed Time: 291.0788583755493
Iter: 380 | Train Loss: 0.055559154599905014, Train Acc: 0.0, Train Grad Norm 0.09859582781791687, | Test Loss: 0.06726308166980743, Test Acc: 0.0, Test Grad Norm: 0.20806656777858734 | Elapsed Time: 307.6551716327667
Iter: 400 | Train Loss: 0.05212659016251564, Train Acc: 0.0, Train Grad Norm 0.043130431324243546, | Test Loss: 0.06697370857000351, Test Acc: 0.0, Test Grad Norm: 0.20110450685024261 | Elapsed Time: 324.45877957344055
Iter: 420 | Train Loss: 0.051578037440776825, Train Acc: 0.0, Train Grad Norm 0.022588029503822327, | Test Loss: 0.07250844687223434, Test Acc: 0.0, Test Grad Norm: 0.2821153998374939 | Elapsed Time: 340.8420031070709
Iter: 440 | Train Loss: 0.049230609089136124, Train Acc: 0.0, Train Grad Norm 0.025456108152866364, | Test Loss: 0.06734807044267654, Test Acc: 0.0, Test Grad Norm: 0.23883022367954254 | Elapsed Time: 356.99799251556396
Iter: 460 | Train Loss: 0.04941336810588837, Train Acc: 0.0, Train Grad Norm 0.0213007852435112, | Test Loss: 0.0641338899731636, Test Acc: 0.0, Test Grad Norm: 0.2071777582168579 | Elapsed Time: 373.502343416214
Iter: 480 | Train Loss: 0.0483529232442379, Train Acc: 0.0, Train Grad Norm 0.02502545900642872, | Test Loss: 0.05646965280175209, Test Acc: 0.0, Test Grad Norm: 0.1835978776216507 | Elapsed Time: 389.56043672561646
Iter: 500 | Train Loss: 0.04535495489835739, Train Acc: 0.0, Train Grad Norm 0.015086362138390541, | Test Loss: 0.05025176703929901, Test Acc: 0.0, Test Grad Norm: 0.09666183590888977 | Elapsed Time: 406.3641560077667
Running with c=3, seed=4
GPU Not Enabled
Learning rate eta = 1.0
The size of local train datasets:  [1652, 1652, 1651, 1651, 1651, 1651, 1651, 1651, 1651, 1651]
Shuffling 16520 0.6 -DP local randomizers results is (eps,  1e-08 )-DP in the shuffle model for eps between 0.026407269083900682 and 0.026630115236507435
The final epsilon, delta is ( 5.338746585095627 , 1e-05 )
Iter: 0 | Train Loss: 0.7413997054100037, Train Acc: 0.0, Train Grad Norm 18.126903533935547, | Test Loss: 0.7437925338745117, Test Acc: 0.0, Test Grad Norm: 19.0118350982666
Iter: 20 | Train Loss: 0.6233221292495728, Train Acc: 0.0, Train Grad Norm 3.6314175128936768, | Test Loss: 1.4189527034759521, Test Acc: 0.0, Test Grad Norm: 62.15825271606445 | Elapsed Time: 16.197946071624756
Iter: 40 | Train Loss: 2.675302743911743, Train Acc: 0.0, Train Grad Norm 59.21316909790039, | Test Loss: 4.69596004486084, Test Acc: 0.0, Test Grad Norm: 538.1564331054688 | Elapsed Time: 32.90425229072571
Patience count 1
Iter: 60 | Train Loss: 2.361508369445801, Train Acc: 0.0, Train Grad Norm 95.05783081054688, | Test Loss: 4.441946506500244, Test Acc: 0.0, Test Grad Norm: 1287.75634765625 | Elapsed Time: 49.84124231338501
Patience count 2
Iter: 80 | Train Loss: 3.262270212173462, Train Acc: 0.0, Train Grad Norm 153.0822296142578, | Test Loss: 4.585186004638672, Test Acc: 0.0, Test Grad Norm: 557.8775634765625 | Elapsed Time: 65.61560773849487
Patience count 3
Iter: 100 | Train Loss: 2.983008861541748, Train Acc: 0.0, Train Grad Norm 113.16776275634766, | Test Loss: 2.3359885215759277, Test Acc: 0.0, Test Grad Norm: 99.5598373413086 | Elapsed Time: 82.34709692001343
Learning was stopped
Learning rate eta = 0.5
The size of local train datasets:  [1652, 1652, 1651, 1651, 1651, 1651, 1651, 1651, 1651, 1651]
Shuffling 16520 0.6 -DP local randomizers results is (eps,  1e-08 )-DP in the shuffle model for eps between 0.026407269083900682 and 0.026630115236507435
The final epsilon, delta is ( 5.338746585095627 , 1e-05 )
Iter: 0 | Train Loss: 0.7413997054100037, Train Acc: 0.0, Train Grad Norm 18.126903533935547, | Test Loss: 0.7437925338745117, Test Acc: 0.0, Test Grad Norm: 19.0118350982666
Iter: 20 | Train Loss: 0.3569757640361786, Train Acc: 0.0, Train Grad Norm 7.212606430053711, | Test Loss: 0.40183335542678833, Test Acc: 0.0, Test Grad Norm: 5.680047512054443 | Elapsed Time: 16.81030583381653
Iter: 40 | Train Loss: 0.0834142342209816, Train Acc: 0.0, Train Grad Norm 0.26461878418922424, | Test Loss: 0.09036017954349518, Test Acc: 0.0, Test Grad Norm: 0.7219618558883667 | Elapsed Time: 33.00953030586243
Iter: 60 | Train Loss: 0.46468448638916016, Train Acc: 0.0, Train Grad Norm 6.716948986053467, | Test Loss: 1.4532561302185059, Test Acc: 0.0, Test Grad Norm: 171.21453857421875 | Elapsed Time: 48.4821240901947
Patience count 1
Iter: 80 | Train Loss: 0.5126032829284668, Train Acc: 0.0, Train Grad Norm 11.125894546508789, | Test Loss: 0.7371637225151062, Test Acc: 0.0, Test Grad Norm: 60.99930953979492 | Elapsed Time: 64.1208803653717
Patience count 2
Iter: 100 | Train Loss: 0.740652859210968, Train Acc: 0.0, Train Grad Norm 10.846878051757812, | Test Loss: 2.5940842628479004, Test Acc: 0.0, Test Grad Norm: 212.73350524902344 | Elapsed Time: 80.9683792591095
Patience count 3
Iter: 120 | Train Loss: 0.8102532625198364, Train Acc: 0.0, Train Grad Norm 17.294387817382812, | Test Loss: 1.341327428817749, Test Acc: 0.0, Test Grad Norm: 90.89134216308594 | Elapsed Time: 97.07726192474365
Learning was stopped
Learning rate eta = 0.25
The size of local train datasets:  [1652, 1652, 1651, 1651, 1651, 1651, 1651, 1651, 1651, 1651]
Shuffling 16520 0.6 -DP local randomizers results is (eps,  1e-08 )-DP in the shuffle model for eps between 0.026407269083900682 and 0.026630115236507435
The final epsilon, delta is ( 5.338746585095627 , 1e-05 )
Iter: 0 | Train Loss: 0.7413997054100037, Train Acc: 0.0, Train Grad Norm 18.126903533935547, | Test Loss: 0.7437925338745117, Test Acc: 0.0, Test Grad Norm: 19.0118350982666
Iter: 20 | Train Loss: 0.46379104256629944, Train Acc: 0.0, Train Grad Norm 10.370141983032227, | Test Loss: 0.5048372149467468, Test Acc: 0.0, Test Grad Norm: 13.111699104309082 | Elapsed Time: 16.71051335334778
Iter: 40 | Train Loss: 0.35464155673980713, Train Acc: 0.0, Train Grad Norm 8.119139671325684, | Test Loss: 0.3486053943634033, Test Acc: 0.0, Test Grad Norm: 8.030193328857422 | Elapsed Time: 32.69318079948425
Iter: 60 | Train Loss: 0.2516033351421356, Train Acc: 0.0, Train Grad Norm 5.22961950302124, | Test Loss: 0.2438845932483673, Test Acc: 0.0, Test Grad Norm: 5.244211196899414 | Elapsed Time: 48.76886987686157
Iter: 80 | Train Loss: 0.10270126163959503, Train Acc: 0.0, Train Grad Norm 1.270857334136963, | Test Loss: 0.13281892240047455, Test Acc: 0.0, Test Grad Norm: 2.764568328857422 | Elapsed Time: 65.86121225357056
Iter: 100 | Train Loss: 0.08252831548452377, Train Acc: 0.0, Train Grad Norm 0.44193822145462036, | Test Loss: 0.0826626569032669, Test Acc: 0.0, Test Grad Norm: 0.37113893032073975 | Elapsed Time: 81.35588526725769
Iter: 120 | Train Loss: 0.09296764433383942, Train Acc: 0.0, Train Grad Norm 1.081588864326477, | Test Loss: 0.12911738455295563, Test Acc: 0.0, Test Grad Norm: 2.5599846839904785 | Elapsed Time: 97.58894991874695
Patience count 1
Iter: 140 | Train Loss: 0.07232923060655594, Train Acc: 0.0, Train Grad Norm 0.1006939485669136, | Test Loss: 0.1300835907459259, Test Acc: 0.0, Test Grad Norm: 1.633564829826355 | Elapsed Time: 114.36064600944519
Iter: 160 | Train Loss: 0.09938975423574448, Train Acc: 0.0, Train Grad Norm 0.19563107192516327, | Test Loss: 0.19145818054676056, Test Acc: 0.0, Test Grad Norm: 3.6016221046447754 | Elapsed Time: 131.31166911125183
Patience count 1
Iter: 180 | Train Loss: 0.1899699568748474, Train Acc: 0.0, Train Grad Norm 0.7570706009864807, | Test Loss: 0.4733071029186249, Test Acc: 0.0, Test Grad Norm: 13.715410232543945 | Elapsed Time: 147.35142588615417
Patience count 2
Iter: 200 | Train Loss: 0.27065110206604004, Train Acc: 0.0, Train Grad Norm 1.7807639837265015, | Test Loss: 0.6645181179046631, Test Acc: 0.0, Test Grad Norm: 25.21546173095703 | Elapsed Time: 164.17233109474182
Patience count 3
Iter: 220 | Train Loss: 0.24345657229423523, Train Acc: 0.0, Train Grad Norm 1.807742714881897, | Test Loss: 0.21132579445838928, Test Acc: 0.0, Test Grad Norm: 2.806732416152954 | Elapsed Time: 181.33681464195251
Learning was stopped
Learning rate eta = 0.125
The size of local train datasets:  [1652, 1652, 1651, 1651, 1651, 1651, 1651, 1651, 1651, 1651]
Shuffling 16520 0.6 -DP local randomizers results is (eps,  1e-08 )-DP in the shuffle model for eps between 0.026407269083900682 and 0.026630115236507435
The final epsilon, delta is ( 5.338746585095627 , 1e-05 )
Iter: 0 | Train Loss: 0.7413997054100037, Train Acc: 0.0, Train Grad Norm 18.126903533935547, | Test Loss: 0.7437925338745117, Test Acc: 0.0, Test Grad Norm: 19.0118350982666
Iter: 20 | Train Loss: 0.5367955565452576, Train Acc: 0.0, Train Grad Norm 12.397279739379883, | Test Loss: 0.5355544090270996, Test Acc: 0.0, Test Grad Norm: 13.025516510009766 | Elapsed Time: 16.203913688659668
Iter: 40 | Train Loss: 0.35454097390174866, Train Acc: 0.0, Train Grad Norm 7.848912239074707, | Test Loss: 0.3607947826385498, Test Acc: 0.0, Test Grad Norm: 8.619466781616211 | Elapsed Time: 32.53876543045044
Iter: 60 | Train Loss: 0.23985980451107025, Train Acc: 0.0, Train Grad Norm 4.7696003913879395, | Test Loss: 0.2356135994195938, Test Acc: 0.0, Test Grad Norm: 4.760645866394043 | Elapsed Time: 49.20043468475342
Iter: 80 | Train Loss: 0.1842808574438095, Train Acc: 0.0, Train Grad Norm 3.3161768913269043, | Test Loss: 0.181117981672287, Test Acc: 0.0, Test Grad Norm: 3.1000874042510986 | Elapsed Time: 66.26691603660583
Iter: 100 | Train Loss: 0.09992464631795883, Train Acc: 0.0, Train Grad Norm 1.1775617599487305, | Test Loss: 0.09802426397800446, Test Acc: 0.0, Test Grad Norm: 1.1060211658477783 | Elapsed Time: 81.86242508888245
Iter: 120 | Train Loss: 0.07301297038793564, Train Acc: 0.0, Train Grad Norm 0.5877528786659241, | Test Loss: 0.07206219434738159, Test Acc: 0.0, Test Grad Norm: 0.5488619804382324 | Elapsed Time: 97.13772630691528
Iter: 140 | Train Loss: 0.05857441946864128, Train Acc: 0.0, Train Grad Norm 0.11613607406616211, | Test Loss: 0.06027660518884659, Test Acc: 0.0, Test Grad Norm: 0.10461758822202682 | Elapsed Time: 112.87833786010742
Iter: 160 | Train Loss: 0.05595666170120239, Train Acc: 0.0, Train Grad Norm 0.02415042370557785, | Test Loss: 0.05821864679455757, Test Acc: 0.0, Test Grad Norm: 0.057784825563430786 | Elapsed Time: 129.00875663757324
Iter: 180 | Train Loss: 0.05369831621646881, Train Acc: 0.0, Train Grad Norm 0.024552326649427414, | Test Loss: 0.0560845211148262, Test Acc: 0.0, Test Grad Norm: 0.066343292593956 | Elapsed Time: 145.74332666397095
Iter: 200 | Train Loss: 0.06481779366731644, Train Acc: 0.0, Train Grad Norm 0.07434260845184326, | Test Loss: 0.062163177877664566, Test Acc: 0.0, Test Grad Norm: 0.10594438016414642 | Elapsed Time: 162.61546921730042
Patience count 1
Iter: 220 | Train Loss: 0.0722934827208519, Train Acc: 0.0, Train Grad Norm 0.15486064553260803, | Test Loss: 0.08375750482082367, Test Acc: 0.0, Test Grad Norm: 0.4531075060367584 | Elapsed Time: 177.50252985954285
Patience count 2
Iter: 240 | Train Loss: 0.07180066406726837, Train Acc: 0.0, Train Grad Norm 0.10051918774843216, | Test Loss: 0.12462040781974792, Test Acc: 0.0, Test Grad Norm: 0.9605954885482788 | Elapsed Time: 191.97378611564636
Patience count 3
Iter: 260 | Train Loss: 0.07122241705656052, Train Acc: 0.0, Train Grad Norm 0.08924346417188644, | Test Loss: 0.14708639681339264, Test Acc: 0.0, Test Grad Norm: 1.0514874458312988 | Elapsed Time: 207.31142258644104
Learning was stopped
Learning rate eta = 0.0625
The size of local train datasets:  [1652, 1652, 1651, 1651, 1651, 1651, 1651, 1651, 1651, 1651]
Shuffling 16520 0.6 -DP local randomizers results is (eps,  1e-08 )-DP in the shuffle model for eps between 0.026407269083900682 and 0.026630115236507435
The final epsilon, delta is ( 5.338746585095627 , 1e-05 )
Iter: 0 | Train Loss: 0.7413997054100037, Train Acc: 0.0, Train Grad Norm 18.126903533935547, | Test Loss: 0.7437925338745117, Test Acc: 0.0, Test Grad Norm: 19.0118350982666
Iter: 20 | Train Loss: 0.5488836169242859, Train Acc: 0.0, Train Grad Norm 13.046751976013184, | Test Loss: 0.5455036759376526, Test Acc: 0.0, Test Grad Norm: 13.477896690368652 | Elapsed Time: 15.773614883422852
Iter: 40 | Train Loss: 0.43392878770828247, Train Acc: 0.0, Train Grad Norm 10.063396453857422, | Test Loss: 0.4251534938812256, Test Acc: 0.0, Test Grad Norm: 9.938987731933594 | Elapsed Time: 32.86652112007141
Iter: 60 | Train Loss: 0.39594870805740356, Train Acc: 0.0, Train Grad Norm 8.838358879089355, | Test Loss: 0.3873894214630127, Test Acc: 0.0, Test Grad Norm: 8.788765907287598 | Elapsed Time: 49.23402523994446
Iter: 80 | Train Loss: 0.3946211040019989, Train Acc: 0.0, Train Grad Norm 8.619308471679688, | Test Loss: 0.38882943987846375, Test Acc: 0.0, Test Grad Norm: 8.855427742004395 | Elapsed Time: 66.22241878509521
Iter: 100 | Train Loss: 0.30122286081314087, Train Acc: 0.0, Train Grad Norm 6.210779666900635, | Test Loss: 0.29317840933799744, Test Acc: 0.0, Test Grad Norm: 6.202155113220215 | Elapsed Time: 82.80029821395874
Iter: 120 | Train Loss: 0.24950279295444489, Train Acc: 0.0, Train Grad Norm 5.042020797729492, | Test Loss: 0.24660365283489227, Test Acc: 0.0, Test Grad Norm: 5.236469745635986 | Elapsed Time: 97.99202919006348
Iter: 140 | Train Loss: 0.20950947701931, Train Acc: 0.0, Train Grad Norm 4.029147148132324, | Test Loss: 0.2070556879043579, Test Acc: 0.0, Test Grad Norm: 4.2089619636535645 | Elapsed Time: 112.53070187568665
Iter: 160 | Train Loss: 0.20150966942310333, Train Acc: 0.0, Train Grad Norm 3.754523992538452, | Test Loss: 0.19980469346046448, Test Acc: 0.0, Test Grad Norm: 4.0576581954956055 | Elapsed Time: 127.98797464370728
Iter: 180 | Train Loss: 0.14821185171604156, Train Acc: 0.0, Train Grad Norm 2.0972707271575928, | Test Loss: 0.14598043262958527, Test Acc: 0.0, Test Grad Norm: 2.2910799980163574 | Elapsed Time: 144.4005208015442
Iter: 200 | Train Loss: 0.12272442132234573, Train Acc: 0.0, Train Grad Norm 1.5564873218536377, | Test Loss: 0.12013279646635056, Test Acc: 0.0, Test Grad Norm: 1.6623643636703491 | Elapsed Time: 160.05822801589966
Iter: 220 | Train Loss: 0.0962398424744606, Train Acc: 0.0, Train Grad Norm 0.7209773659706116, | Test Loss: 0.09342549741268158, Test Acc: 0.0, Test Grad Norm: 0.6066983938217163 | Elapsed Time: 176.87967085838318
Iter: 240 | Train Loss: 0.08576618880033493, Train Acc: 0.0, Train Grad Norm 0.3673245310783386, | Test Loss: 0.08482391387224197, Test Acc: 0.0, Test Grad Norm: 0.30615973472595215 | Elapsed Time: 192.413414478302
Iter: 260 | Train Loss: 0.08353066444396973, Train Acc: 0.0, Train Grad Norm 0.15503396093845367, | Test Loss: 0.09018043428659439, Test Acc: 0.0, Test Grad Norm: 0.24412411451339722 | Elapsed Time: 209.57023811340332
Iter: 280 | Train Loss: 0.07688441127538681, Train Acc: 0.0, Train Grad Norm 0.11945075541734695, | Test Loss: 0.0757908821105957, Test Acc: 0.0, Test Grad Norm: 0.1135573610663414 | Elapsed Time: 226.37784790992737
Iter: 300 | Train Loss: 0.08242815732955933, Train Acc: 0.0, Train Grad Norm 0.11888188868761063, | Test Loss: 0.07996586710214615, Test Acc: 0.0, Test Grad Norm: 0.10597307980060577 | Elapsed Time: 242.6434359550476
Patience count 1
Iter: 320 | Train Loss: 0.08387763798236847, Train Acc: 0.0, Train Grad Norm 0.15567216277122498, | Test Loss: 0.0799102634191513, Test Acc: 0.0, Test Grad Norm: 0.11846748739480972 | Elapsed Time: 259.3686456680298
Patience count 2
Iter: 340 | Train Loss: 0.08096354454755783, Train Acc: 0.0, Train Grad Norm 0.11726179718971252, | Test Loss: 0.0826771929860115, Test Acc: 0.0, Test Grad Norm: 0.149954155087471 | Elapsed Time: 274.3083665370941
Patience count 3
Iter: 360 | Train Loss: 0.07322994619607925, Train Acc: 0.0, Train Grad Norm 0.07313917577266693, | Test Loss: 0.07401493936777115, Test Acc: 0.0, Test Grad Norm: 0.10893014073371887 | Elapsed Time: 289.7826256752014
Learning was stopped
Learning rate eta = 0.03125
The size of local train datasets:  [1652, 1652, 1651, 1651, 1651, 1651, 1651, 1651, 1651, 1651]
Shuffling 16520 0.6 -DP local randomizers results is (eps,  1e-08 )-DP in the shuffle model for eps between 0.026407269083900682 and 0.026630115236507435
The final epsilon, delta is ( 5.338746585095627 , 1e-05 )
Iter: 0 | Train Loss: 0.7413997054100037, Train Acc: 0.0, Train Grad Norm 18.126903533935547, | Test Loss: 0.7437925338745117, Test Acc: 0.0, Test Grad Norm: 19.0118350982666
Iter: 20 | Train Loss: 0.6906212568283081, Train Acc: 0.0, Train Grad Norm 16.68385124206543, | Test Loss: 0.687781810760498, Test Acc: 0.0, Test Grad Norm: 17.268503189086914 | Elapsed Time: 15.545206308364868
Iter: 40 | Train Loss: 0.6160221695899963, Train Acc: 0.0, Train Grad Norm 14.724312782287598, | Test Loss: 0.6104578375816345, Test Acc: 0.0, Test Grad Norm: 15.008451461791992 | Elapsed Time: 32.205024003982544
Iter: 60 | Train Loss: 0.5087807178497314, Train Acc: 0.0, Train Grad Norm 11.891066551208496, | Test Loss: 0.5023936629295349, Test Acc: 0.0, Test Grad Norm: 12.017207145690918 | Elapsed Time: 49.050654888153076
Iter: 80 | Train Loss: 0.4621840715408325, Train Acc: 0.0, Train Grad Norm 10.54798698425293, | Test Loss: 0.4568851888179779, Test Acc: 0.0, Test Grad Norm: 10.724444389343262 | Elapsed Time: 65.46189665794373
Iter: 100 | Train Loss: 0.3926844596862793, Train Acc: 0.0, Train Grad Norm 8.760515213012695, | Test Loss: 0.3891923129558563, Test Acc: 0.0, Test Grad Norm: 9.012532234191895 | Elapsed Time: 81.7264449596405
Iter: 120 | Train Loss: 0.3694602847099304, Train Acc: 0.0, Train Grad Norm 8.201884269714355, | Test Loss: 0.3686598241329193, Test Acc: 0.0, Test Grad Norm: 8.57156753540039 | Elapsed Time: 98.2029972076416
Iter: 140 | Train Loss: 0.31446489691734314, Train Acc: 0.0, Train Grad Norm 6.683450698852539, | Test Loss: 0.30973029136657715, Test Acc: 0.0, Test Grad Norm: 6.755784034729004 | Elapsed Time: 114.13436722755432
Iter: 160 | Train Loss: 0.2782194912433624, Train Acc: 0.0, Train Grad Norm 5.680365085601807, | Test Loss: 0.2731713652610779, Test Acc: 0.0, Test Grad Norm: 5.708747386932373 | Elapsed Time: 130.002295255661
Iter: 180 | Train Loss: 0.19628113508224487, Train Acc: 0.0, Train Grad Norm 3.593541383743286, | Test Loss: 0.19181008636951447, Test Acc: 0.0, Test Grad Norm: 3.482867479324341 | Elapsed Time: 144.7992947101593
Iter: 200 | Train Loss: 0.16511788964271545, Train Acc: 0.0, Train Grad Norm 2.7962942123413086, | Test Loss: 0.1615244746208191, Test Acc: 0.0, Test Grad Norm: 2.645564317703247 | Elapsed Time: 160.58179759979248
Iter: 220 | Train Loss: 0.13445039093494415, Train Acc: 0.0, Train Grad Norm 2.0018060207366943, | Test Loss: 0.13536567986011505, Test Acc: 0.0, Test Grad Norm: 1.737245798110962 | Elapsed Time: 177.41036367416382
Iter: 240 | Train Loss: 0.11033666878938675, Train Acc: 0.0, Train Grad Norm 1.333574891090393, | Test Loss: 0.11731324344873428, Test Acc: 0.0, Test Grad Norm: 1.0823004245758057 | Elapsed Time: 193.81885480880737
Iter: 260 | Train Loss: 0.09790976345539093, Train Acc: 0.0, Train Grad Norm 1.0578385591506958, | Test Loss: 0.10110983997583389, Test Acc: 0.0, Test Grad Norm: 0.8744412064552307 | Elapsed Time: 210.3575828075409
Iter: 280 | Train Loss: 0.087250255048275, Train Acc: 0.0, Train Grad Norm 0.8202081322669983, | Test Loss: 0.09051863104104996, Test Acc: 0.0, Test Grad Norm: 0.6691413521766663 | Elapsed Time: 227.12922549247742
Iter: 300 | Train Loss: 0.07726200670003891, Train Acc: 0.0, Train Grad Norm 0.6431097388267517, | Test Loss: 0.07858260720968246, Test Acc: 0.0, Test Grad Norm: 0.5306638479232788 | Elapsed Time: 243.13431572914124
Iter: 320 | Train Loss: 0.07234896719455719, Train Acc: 0.0, Train Grad Norm 0.42884647846221924, | Test Loss: 0.07614053785800934, Test Acc: 0.0, Test Grad Norm: 0.33160653710365295 | Elapsed Time: 259.51767134666443
Iter: 340 | Train Loss: 0.06749589741230011, Train Acc: 0.0, Train Grad Norm 0.3423650860786438, | Test Loss: 0.07339126616716385, Test Acc: 0.0, Test Grad Norm: 0.27130213379859924 | Elapsed Time: 276.06225204467773
Iter: 360 | Train Loss: 0.06768777221441269, Train Acc: 0.0, Train Grad Norm 0.2818239629268646, | Test Loss: 0.07693924754858017, Test Acc: 0.0, Test Grad Norm: 0.24233271181583405 | Elapsed Time: 292.47910261154175
Iter: 380 | Train Loss: 0.0587816946208477, Train Acc: 0.0, Train Grad Norm 0.09988536685705185, | Test Loss: 0.07006137073040009, Test Acc: 0.0, Test Grad Norm: 0.1531236618757248 | Elapsed Time: 309.30492401123047
Iter: 400 | Train Loss: 0.05755022540688515, Train Acc: 0.0, Train Grad Norm 0.070249542593956, | Test Loss: 0.07461261749267578, Test Acc: 0.0, Test Grad Norm: 0.18685325980186462 | Elapsed Time: 326.3572211265564
Iter: 420 | Train Loss: 0.05487023666501045, Train Acc: 0.0, Train Grad Norm 0.03384612873196602, | Test Loss: 0.07299847155809402, Test Acc: 0.0, Test Grad Norm: 0.19705967605113983 | Elapsed Time: 342.58595728874207
Iter: 440 | Train Loss: 0.0554882176220417, Train Acc: 0.0, Train Grad Norm 0.02604302577674389, | Test Loss: 0.07065018266439438, Test Acc: 0.0, Test Grad Norm: 0.1829887330532074 | Elapsed Time: 359.8146798610687
Iter: 460 | Train Loss: 0.05576242879033089, Train Acc: 0.0, Train Grad Norm 0.03202226012945175, | Test Loss: 0.07387232035398483, Test Acc: 0.0, Test Grad Norm: 0.27765485644340515 | Elapsed Time: 376.4994955062866
Iter: 480 | Train Loss: 0.055108122527599335, Train Acc: 0.0, Train Grad Norm 0.025302115827798843, | Test Loss: 0.07423519343137741, Test Acc: 0.0, Test Grad Norm: 0.27181121706962585 | Elapsed Time: 393.8730535507202
Iter: 500 | Train Loss: 0.055609431117773056, Train Acc: 0.0, Train Grad Norm 0.02632080391049385, | Test Loss: 0.07481411844491959, Test Acc: 0.0, Test Grad Norm: 0.2671607434749603 | Elapsed Time: 409.1806597709656
Running with c=10, seed=4
GPU Not Enabled
Learning rate eta = 1.0
The size of local train datasets:  [1652, 1652, 1651, 1651, 1651, 1651, 1651, 1651, 1651, 1651]
Shuffling 16520 0.6 -DP local randomizers results is (eps,  1e-08 )-DP in the shuffle model for eps between 0.026407269083900682 and 0.026630115236507435
The final epsilon, delta is ( 5.338746585095627 , 1e-05 )
Iter: 0 | Train Loss: 0.7413997054100037, Train Acc: 0.0, Train Grad Norm 18.126903533935547, | Test Loss: 0.7437925338745117, Test Acc: 0.0, Test Grad Norm: 19.0118350982666
Iter: 20 | Train Loss: 0.2731284499168396, Train Acc: 0.0, Train Grad Norm 2.3300437927246094, | Test Loss: 1.1473455429077148, Test Acc: 0.0, Test Grad Norm: 32.69874954223633 | Elapsed Time: 15.05894923210144
Iter: 40 | Train Loss: 0.7903203964233398, Train Acc: 0.0, Train Grad Norm 19.78254508972168, | Test Loss: 2.717961549758911, Test Acc: 0.0, Test Grad Norm: 288.236328125 | Elapsed Time: 30.109912872314453
Patience count 1
Iter: 60 | Train Loss: 1.378920316696167, Train Acc: 0.0, Train Grad Norm 31.156726837158203, | Test Loss: 7.515540599822998, Test Acc: 0.0, Test Grad Norm: 1207.29150390625 | Elapsed Time: 45.23512601852417
Patience count 2
Iter: 80 | Train Loss: 1.9259264469146729, Train Acc: 0.0, Train Grad Norm 31.540496826171875, | Test Loss: 6.579676151275635, Test Acc: 0.0, Test Grad Norm: 1040.5751953125 | Elapsed Time: 60.22886395454407
Patience count 3
Iter: 100 | Train Loss: 6.0972747802734375, Train Acc: 0.0, Train Grad Norm 249.58387756347656, | Test Loss: 23.45777702331543, Test Acc: 0.0, Test Grad Norm: 3544.415771484375 | Elapsed Time: 75.2484986782074
Learning was stopped
Learning rate eta = 0.5
The size of local train datasets:  [1652, 1652, 1651, 1651, 1651, 1651, 1651, 1651, 1651, 1651]
Shuffling 16520 0.6 -DP local randomizers results is (eps,  1e-08 )-DP in the shuffle model for eps between 0.026407269083900682 and 0.026630115236507435
The final epsilon, delta is ( 5.338746585095627 , 1e-05 )
Iter: 0 | Train Loss: 0.7413997054100037, Train Acc: 0.0, Train Grad Norm 18.126903533935547, | Test Loss: 0.7437925338745117, Test Acc: 0.0, Test Grad Norm: 19.0118350982666
Iter: 20 | Train Loss: 0.2762501835823059, Train Acc: 0.0, Train Grad Norm 5.044680118560791, | Test Loss: 0.3667457103729248, Test Acc: 0.0, Test Grad Norm: 9.13271427154541 | Elapsed Time: 17.124653816223145
Iter: 40 | Train Loss: 0.2327694594860077, Train Acc: 0.0, Train Grad Norm 1.1169434785842896, | Test Loss: 0.37391531467437744, Test Acc: 0.0, Test Grad Norm: 6.646921157836914 | Elapsed Time: 32.33753752708435
Iter: 60 | Train Loss: 0.15360628068447113, Train Acc: 0.0, Train Grad Norm 0.35982581973075867, | Test Loss: 0.396359920501709, Test Acc: 0.0, Test Grad Norm: 7.556424617767334 | Elapsed Time: 47.360525608062744
Iter: 80 | Train Loss: 0.32193368673324585, Train Acc: 0.0, Train Grad Norm 1.3518197536468506, | Test Loss: 0.6920802593231201, Test Acc: 0.0, Test Grad Norm: 19.009355545043945 | Elapsed Time: 63.43208599090576
Patience count 1
Iter: 100 | Train Loss: 0.334149032831192, Train Acc: 0.0, Train Grad Norm 1.7758784294128418, | Test Loss: 0.5728912353515625, Test Acc: 0.0, Test Grad Norm: 15.638108253479004 | Elapsed Time: 78.65771222114563
Patience count 2
Iter: 120 | Train Loss: 0.5307188630104065, Train Acc: 0.0, Train Grad Norm 6.6872124671936035, | Test Loss: 0.39630967378616333, Test Acc: 0.0, Test Grad Norm: 5.4939165115356445 | Elapsed Time: 93.51486229896545
Patience count 3
Iter: 140 | Train Loss: 1.3680555820465088, Train Acc: 0.0, Train Grad Norm 27.76271629333496, | Test Loss: 1.8043508529663086, Test Acc: 0.0, Test Grad Norm: 124.16126251220703 | Elapsed Time: 108.5539493560791
Learning was stopped
Learning rate eta = 0.25
The size of local train datasets:  [1652, 1652, 1651, 1651, 1651, 1651, 1651, 1651, 1651, 1651]
Shuffling 16520 0.6 -DP local randomizers results is (eps,  1e-08 )-DP in the shuffle model for eps between 0.026407269083900682 and 0.026630115236507435
The final epsilon, delta is ( 5.338746585095627 , 1e-05 )
Iter: 0 | Train Loss: 0.7413997054100037, Train Acc: 0.0, Train Grad Norm 18.126903533935547, | Test Loss: 0.7437925338745117, Test Acc: 0.0, Test Grad Norm: 19.0118350982666
Iter: 20 | Train Loss: 0.38862141966819763, Train Acc: 0.0, Train Grad Norm 8.388175964355469, | Test Loss: 0.37214845418930054, Test Acc: 0.0, Test Grad Norm: 8.10070514678955 | Elapsed Time: 15.668376922607422
Iter: 40 | Train Loss: 0.23032791912555695, Train Acc: 0.0, Train Grad Norm 3.5393097400665283, | Test Loss: 0.22018378973007202, Test Acc: 0.0, Test Grad Norm: 3.725944995880127 | Elapsed Time: 30.861077785491943
Iter: 60 | Train Loss: 0.17917019128799438, Train Acc: 0.0, Train Grad Norm 1.1030421257019043, | Test Loss: 0.2153811901807785, Test Acc: 0.0, Test Grad Norm: 3.4117825031280518 | Elapsed Time: 46.5852472782135
Iter: 80 | Train Loss: 0.14057956635951996, Train Acc: 0.0, Train Grad Norm 0.5160269141197205, | Test Loss: 0.25755801796913147, Test Acc: 0.0, Test Grad Norm: 5.653375148773193 | Elapsed Time: 61.8841986656189
Iter: 100 | Train Loss: 0.18134917318820953, Train Acc: 0.0, Train Grad Norm 0.4551738500595093, | Test Loss: 0.45764562487602234, Test Acc: 0.0, Test Grad Norm: 14.921754837036133 | Elapsed Time: 77.0453290939331
Patience count 1
Iter: 120 | Train Loss: 0.17750488221645355, Train Acc: 0.0, Train Grad Norm 0.4738999903202057, | Test Loss: 0.5456327795982361, Test Acc: 0.0, Test Grad Norm: 19.455154418945312 | Elapsed Time: 92.28886723518372
Patience count 2
Iter: 140 | Train Loss: 0.2332582324743271, Train Acc: 0.0, Train Grad Norm 0.5626774430274963, | Test Loss: 0.7101811766624451, Test Acc: 0.0, Test Grad Norm: 22.53801918029785 | Elapsed Time: 108.5794906616211
Patience count 3
Iter: 160 | Train Loss: 0.18062449991703033, Train Acc: 0.0, Train Grad Norm 1.0535051822662354, | Test Loss: 0.5507544875144958, Test Acc: 0.0, Test Grad Norm: 18.848905563354492 | Elapsed Time: 124.26668643951416
Learning was stopped
Learning rate eta = 0.125
The size of local train datasets:  [1652, 1652, 1651, 1651, 1651, 1651, 1651, 1651, 1651, 1651]
Shuffling 16520 0.6 -DP local randomizers results is (eps,  1e-08 )-DP in the shuffle model for eps between 0.026407269083900682 and 0.026630115236507435
The final epsilon, delta is ( 5.338746585095627 , 1e-05 )
Iter: 0 | Train Loss: 0.7413997054100037, Train Acc: 0.0, Train Grad Norm 18.126903533935547, | Test Loss: 0.7437925338745117, Test Acc: 0.0, Test Grad Norm: 19.0118350982666
Iter: 20 | Train Loss: 0.5314682722091675, Train Acc: 0.0, Train Grad Norm 12.706613540649414, | Test Loss: 0.5296564698219299, Test Acc: 0.0, Test Grad Norm: 13.188737869262695 | Elapsed Time: 15.567030191421509
Iter: 40 | Train Loss: 0.3884047865867615, Train Acc: 0.0, Train Grad Norm 8.982365608215332, | Test Loss: 0.42784354090690613, Test Acc: 0.0, Test Grad Norm: 11.093118667602539 | Elapsed Time: 30.72544240951538
Iter: 60 | Train Loss: 0.27112963795661926, Train Acc: 0.0, Train Grad Norm 5.691124439239502, | Test Loss: 0.3546358048915863, Test Acc: 0.0, Test Grad Norm: 9.899680137634277 | Elapsed Time: 46.84083890914917
Iter: 80 | Train Loss: 0.1763836145401001, Train Acc: 0.0, Train Grad Norm 2.772005081176758, | Test Loss: 0.1704179048538208, Test Acc: 0.0, Test Grad Norm: 2.9191720485687256 | Elapsed Time: 63.18527412414551
Iter: 100 | Train Loss: 0.12345650047063828, Train Acc: 0.0, Train Grad Norm 1.4599425792694092, | Test Loss: 0.11792314797639847, Test Acc: 0.0, Test Grad Norm: 1.548830270767212 | Elapsed Time: 78.529629945755
Iter: 120 | Train Loss: 0.10498850047588348, Train Acc: 0.0, Train Grad Norm 0.972678542137146, | Test Loss: 0.10419705510139465, Test Acc: 0.0, Test Grad Norm: 1.2889853715896606 | Elapsed Time: 94.93893647193909
Iter: 140 | Train Loss: 0.08936171978712082, Train Acc: 0.0, Train Grad Norm 0.5304215550422668, | Test Loss: 0.08251131325960159, Test Acc: 0.0, Test Grad Norm: 0.556260347366333 | Elapsed Time: 110.1779727935791
Iter: 160 | Train Loss: 0.07456624507904053, Train Acc: 0.0, Train Grad Norm 0.2702316641807556, | Test Loss: 0.06933285295963287, Test Acc: 0.0, Test Grad Norm: 0.23757502436637878 | Elapsed Time: 125.41288685798645
Iter: 180 | Train Loss: 0.06938812136650085, Train Acc: 0.0, Train Grad Norm 0.18364252150058746, | Test Loss: 0.06478660553693771, Test Acc: 0.0, Test Grad Norm: 0.17654410004615784 | Elapsed Time: 141.3701012134552
Iter: 200 | Train Loss: 0.06743552535772324, Train Acc: 0.0, Train Grad Norm 0.12572240829467773, | Test Loss: 0.06348169595003128, Test Acc: 0.0, Test Grad Norm: 0.09950432181358337 | Elapsed Time: 157.36545419692993
Iter: 220 | Train Loss: 0.07454091310501099, Train Acc: 0.0, Train Grad Norm 0.08487371355295181, | Test Loss: 0.07118900120258331, Test Acc: 0.0, Test Grad Norm: 0.08547494560480118 | Elapsed Time: 172.6197862625122
Patience count 1
Iter: 240 | Train Loss: 0.0907500684261322, Train Acc: 0.0, Train Grad Norm 0.24000093340873718, | Test Loss: 0.0855545774102211, Test Acc: 0.0, Test Grad Norm: 0.2189628779888153 | Elapsed Time: 187.95180535316467
Patience count 2
Iter: 260 | Train Loss: 0.08375321328639984, Train Acc: 0.0, Train Grad Norm 0.29003921151161194, | Test Loss: 0.1268341839313507, Test Acc: 0.0, Test Grad Norm: 2.0252773761749268 | Elapsed Time: 203.4401981830597
Patience count 3
Iter: 280 | Train Loss: 0.10639633238315582, Train Acc: 0.0, Train Grad Norm 0.325985312461853, | Test Loss: 0.2342616766691208, Test Acc: 0.0, Test Grad Norm: 4.291877269744873 | Elapsed Time: 218.76592779159546
Learning was stopped
Learning rate eta = 0.0625
The size of local train datasets:  [1652, 1652, 1651, 1651, 1651, 1651, 1651, 1651, 1651, 1651]
Shuffling 16520 0.6 -DP local randomizers results is (eps,  1e-08 )-DP in the shuffle model for eps between 0.026407269083900682 and 0.026630115236507435
The final epsilon, delta is ( 5.338746585095627 , 1e-05 )
Iter: 0 | Train Loss: 0.7413997054100037, Train Acc: 0.0, Train Grad Norm 18.126903533935547, | Test Loss: 0.7437925338745117, Test Acc: 0.0, Test Grad Norm: 19.0118350982666
Iter: 20 | Train Loss: 0.6504695415496826, Train Acc: 0.0, Train Grad Norm 15.758211135864258, | Test Loss: 0.6546438336372375, Test Acc: 0.0, Test Grad Norm: 16.57302474975586 | Elapsed Time: 15.489894151687622
Iter: 40 | Train Loss: 0.43871596455574036, Train Acc: 0.0, Train Grad Norm 10.00837516784668, | Test Loss: 0.44593968987464905, Test Acc: 0.0, Test Grad Norm: 10.868979454040527 | Elapsed Time: 30.81074047088623
Iter: 60 | Train Loss: 0.33188581466674805, Train Acc: 0.0, Train Grad Norm 7.1102752685546875, | Test Loss: 0.3375623822212219, Test Acc: 0.0, Test Grad Norm: 7.76543664932251 | Elapsed Time: 46.261406660079956
Iter: 80 | Train Loss: 0.3086673319339752, Train Acc: 0.0, Train Grad Norm 6.6714067459106445, | Test Loss: 0.3137240409851074, Test Acc: 0.0, Test Grad Norm: 7.324169635772705 | Elapsed Time: 61.610121965408325
Iter: 100 | Train Loss: 0.2322547733783722, Train Acc: 0.0, Train Grad Norm 4.628628253936768, | Test Loss: 0.22909565269947052, Test Acc: 0.0, Test Grad Norm: 4.757575988769531 | Elapsed Time: 77.1203339099884
Iter: 120 | Train Loss: 0.18473204970359802, Train Acc: 0.0, Train Grad Norm 3.364306926727295, | Test Loss: 0.18227335810661316, Test Acc: 0.0, Test Grad Norm: 3.5106794834136963 | Elapsed Time: 92.40265536308289
Iter: 140 | Train Loss: 0.1466093808412552, Train Acc: 0.0, Train Grad Norm 2.2995505332946777, | Test Loss: 0.1435333490371704, Test Acc: 0.0, Test Grad Norm: 2.385549545288086 | Elapsed Time: 107.79351997375488
Iter: 160 | Train Loss: 0.1094522476196289, Train Acc: 0.0, Train Grad Norm 1.3994526863098145, | Test Loss: 0.10641330480575562, Test Acc: 0.0, Test Grad Norm: 1.3065211772918701 | Elapsed Time: 123.21929144859314
Iter: 180 | Train Loss: 0.09079574793577194, Train Acc: 0.0, Train Grad Norm 0.9275057911872864, | Test Loss: 0.08800727874040604, Test Acc: 0.0, Test Grad Norm: 0.8935308456420898 | Elapsed Time: 138.5666801929474
Iter: 200 | Train Loss: 0.07825670391321182, Train Acc: 0.0, Train Grad Norm 0.5731832981109619, | Test Loss: 0.07635769248008728, Test Acc: 0.0, Test Grad Norm: 0.5013677477836609 | Elapsed Time: 153.88870239257812
Iter: 220 | Train Loss: 0.061784934252500534, Train Acc: 0.0, Train Grad Norm 0.17434456944465637, | Test Loss: 0.06289926916360855, Test Acc: 0.0, Test Grad Norm: 0.13489916920661926 | Elapsed Time: 169.38341307640076
Iter: 240 | Train Loss: 0.0631433054804802, Train Acc: 0.0, Train Grad Norm 0.10577988624572754, | Test Loss: 0.0674898624420166, Test Acc: 0.0, Test Grad Norm: 0.11084984242916107 | Elapsed Time: 184.7659523487091
Iter: 260 | Train Loss: 0.06262951344251633, Train Acc: 0.0, Train Grad Norm 0.10750313103199005, | Test Loss: 0.07633288949728012, Test Acc: 0.0, Test Grad Norm: 0.1719478815793991 | Elapsed Time: 200.135507106781
Iter: 280 | Train Loss: 0.06101620942354202, Train Acc: 0.0, Train Grad Norm 0.04590614140033722, | Test Loss: 0.07041559368371964, Test Acc: 0.0, Test Grad Norm: 0.14472252130508423 | Elapsed Time: 215.60840511322021
Iter: 300 | Train Loss: 0.05607180669903755, Train Acc: 0.0, Train Grad Norm 0.022989686578512192, | Test Loss: 0.06054730340838432, Test Acc: 0.0, Test Grad Norm: 0.08385306596755981 | Elapsed Time: 230.9710931777954
Iter: 320 | Train Loss: 0.05542660132050514, Train Acc: 0.0, Train Grad Norm 0.018170591443777084, | Test Loss: 0.062251582741737366, Test Acc: 0.0, Test Grad Norm: 0.18334929645061493 | Elapsed Time: 246.2703833580017
Iter: 340 | Train Loss: 0.057793740183115005, Train Acc: 0.0, Train Grad Norm 0.034652624279260635, | Test Loss: 0.05917462706565857, Test Acc: 0.0, Test Grad Norm: 0.12653116881847382 | Elapsed Time: 261.7537395954132
Iter: 360 | Train Loss: 0.05998672544956207, Train Acc: 0.0, Train Grad Norm 0.033825937658548355, | Test Loss: 0.056426141411066055, Test Acc: 0.0, Test Grad Norm: 0.028798013925552368 | Elapsed Time: 277.1609683036804
Patience count 1
Iter: 380 | Train Loss: 0.057153746485710144, Train Acc: 0.0, Train Grad Norm 0.028724724426865578, | Test Loss: 0.05342749506235123, Test Acc: 0.0, Test Grad Norm: 0.02113368548452854 | Elapsed Time: 292.52304100990295
Iter: 400 | Train Loss: 0.0689287856221199, Train Acc: 0.0, Train Grad Norm 0.06754259020090103, | Test Loss: 0.06181066855788231, Test Acc: 0.0, Test Grad Norm: 0.07198185473680496 | Elapsed Time: 307.99379205703735
Patience count 2
Iter: 420 | Train Loss: 0.07129918038845062, Train Acc: 0.0, Train Grad Norm 0.05703103542327881, | Test Loss: 0.06357556581497192, Test Acc: 0.0, Test Grad Norm: 0.06984507292509079 | Elapsed Time: 323.3492374420166
Patience count 3
Iter: 440 | Train Loss: 0.06838137656450272, Train Acc: 0.0, Train Grad Norm 0.08774303644895554, | Test Loss: 0.06399781256914139, Test Acc: 0.0, Test Grad Norm: 0.1471252590417862 | Elapsed Time: 338.76924419403076
Learning was stopped
Learning rate eta = 0.03125
The size of local train datasets:  [1652, 1652, 1651, 1651, 1651, 1651, 1651, 1651, 1651, 1651]
Shuffling 16520 0.6 -DP local randomizers results is (eps,  1e-08 )-DP in the shuffle model for eps between 0.026407269083900682 and 0.026630115236507435
The final epsilon, delta is ( 5.338746585095627 , 1e-05 )
Iter: 0 | Train Loss: 0.7413997054100037, Train Acc: 0.0, Train Grad Norm 18.126903533935547, | Test Loss: 0.7437925338745117, Test Acc: 0.0, Test Grad Norm: 19.0118350982666
Iter: 20 | Train Loss: 0.640559196472168, Train Acc: 0.0, Train Grad Norm 15.284183502197266, | Test Loss: 0.6417531371116638, Test Acc: 0.0, Test Grad Norm: 16.016918182373047 | Elapsed Time: 15.373274564743042
Iter: 40 | Train Loss: 0.592255175113678, Train Acc: 0.0, Train Grad Norm 14.045639038085938, | Test Loss: 0.597740650177002, Test Acc: 0.0, Test Grad Norm: 15.006158828735352 | Elapsed Time: 30.869231462478638
Iter: 60 | Train Loss: 0.5188500285148621, Train Acc: 0.0, Train Grad Norm 12.08403205871582, | Test Loss: 0.51860111951828, Test Acc: 0.0, Test Grad Norm: 12.663009643554688 | Elapsed Time: 46.215129137039185
Iter: 80 | Train Loss: 0.4358447790145874, Train Acc: 0.0, Train Grad Norm 9.839617729187012, | Test Loss: 0.4345379173755646, Test Acc: 0.0, Test Grad Norm: 10.270634651184082 | Elapsed Time: 61.702677965164185
Iter: 100 | Train Loss: 0.36401334404945374, Train Acc: 0.0, Train Grad Norm 7.957225799560547, | Test Loss: 0.36131832003593445, Test Acc: 0.0, Test Grad Norm: 8.250436782836914 | Elapsed Time: 77.5215163230896
Iter: 120 | Train Loss: 0.32441869378089905, Train Acc: 0.0, Train Grad Norm 6.919747352600098, | Test Loss: 0.3224109709262848, Test Acc: 0.0, Test Grad Norm: 7.197771072387695 | Elapsed Time: 92.61866807937622
Iter: 140 | Train Loss: 0.28207242488861084, Train Acc: 0.0, Train Grad Norm 5.818514823913574, | Test Loss: 0.2793576419353485, Test Acc: 0.0, Test Grad Norm: 6.037005424499512 | Elapsed Time: 107.78313684463501
Iter: 160 | Train Loss: 0.20654065907001495, Train Acc: 0.0, Train Grad Norm 3.790673017501831, | Test Loss: 0.2028583437204361, Test Acc: 0.0, Test Grad Norm: 3.8793561458587646 | Elapsed Time: 123.15276432037354
Iter: 180 | Train Loss: 0.15237906575202942, Train Acc: 0.0, Train Grad Norm 2.3424878120422363, | Test Loss: 0.14917370676994324, Test Acc: 0.0, Test Grad Norm: 2.405177116394043 | Elapsed Time: 138.38355779647827
Iter: 200 | Train Loss: 0.12250477075576782, Train Acc: 0.0, Train Grad Norm 1.5639739036560059, | Test Loss: 0.1191665455698967, Test Acc: 0.0, Test Grad Norm: 1.5730669498443604 | Elapsed Time: 153.79638528823853
Iter: 220 | Train Loss: 0.10483193397521973, Train Acc: 0.0, Train Grad Norm 1.0572457313537598, | Test Loss: 0.10166893154382706, Test Acc: 0.0, Test Grad Norm: 1.0641288757324219 | Elapsed Time: 170.6162805557251
Iter: 240 | Train Loss: 0.0973324105143547, Train Acc: 0.0, Train Grad Norm 0.8654253482818604, | Test Loss: 0.09387703239917755, Test Acc: 0.0, Test Grad Norm: 0.846290647983551 | Elapsed Time: 185.91143250465393
Iter: 260 | Train Loss: 0.09498965740203857, Train Acc: 0.0, Train Grad Norm 0.7788833379745483, | Test Loss: 0.09213445335626602, Test Acc: 0.0, Test Grad Norm: 0.7938171625137329 | Elapsed Time: 201.0923833847046
Iter: 280 | Train Loss: 0.09540725499391556, Train Acc: 0.0, Train Grad Norm 0.8024998307228088, | Test Loss: 0.09289921075105667, Test Acc: 0.0, Test Grad Norm: 0.8264152407646179 | Elapsed Time: 216.3437259197235
Iter: 300 | Train Loss: 0.08485299348831177, Train Acc: 0.0, Train Grad Norm 0.5297255516052246, | Test Loss: 0.08290771394968033, Test Acc: 0.0, Test Grad Norm: 0.5567629933357239 | Elapsed Time: 231.47786116600037
Iter: 320 | Train Loss: 0.07567944377660751, Train Acc: 0.0, Train Grad Norm 0.3119065761566162, | Test Loss: 0.07455022633075714, Test Acc: 0.0, Test Grad Norm: 0.3498033285140991 | Elapsed Time: 246.64287567138672
Iter: 340 | Train Loss: 0.07086796313524246, Train Acc: 0.0, Train Grad Norm 0.2398739755153656, | Test Loss: 0.07183918356895447, Test Acc: 0.0, Test Grad Norm: 0.3211984634399414 | Elapsed Time: 261.814501285553
Iter: 360 | Train Loss: 0.06995221227407455, Train Acc: 0.0, Train Grad Norm 0.28914153575897217, | Test Loss: 0.07346552610397339, Test Acc: 0.0, Test Grad Norm: 0.41399985551834106 | Elapsed Time: 277.28348565101624
Iter: 380 | Train Loss: 0.06424938887357712, Train Acc: 0.0, Train Grad Norm 0.1329566240310669, | Test Loss: 0.06523540616035461, Test Acc: 0.0, Test Grad Norm: 0.193851038813591 | Elapsed Time: 292.57560539245605
Iter: 400 | Train Loss: 0.06058294698596001, Train Acc: 0.0, Train Grad Norm 0.030552515760064125, | Test Loss: 0.06366994976997375, Test Acc: 0.0, Test Grad Norm: 0.09201949089765549 | Elapsed Time: 307.821485042572
Iter: 420 | Train Loss: 0.05809561163187027, Train Acc: 0.0, Train Grad Norm 0.028117461130023003, | Test Loss: 0.061511509120464325, Test Acc: 0.0, Test Grad Norm: 0.10030630230903625 | Elapsed Time: 322.9737603664398
Iter: 440 | Train Loss: 0.05690832436084747, Train Acc: 0.0, Train Grad Norm 0.015702901408076286, | Test Loss: 0.06109945848584175, Test Acc: 0.0, Test Grad Norm: 0.0874975249171257 | Elapsed Time: 338.0118508338928
Iter: 460 | Train Loss: 0.057852666825056076, Train Acc: 0.0, Train Grad Norm 0.013362396508455276, | Test Loss: 0.057633690536022186, Test Acc: 0.0, Test Grad Norm: 0.027301834896206856 | Elapsed Time: 353.06028175354004
Iter: 480 | Train Loss: 0.058926187455654144, Train Acc: 0.0, Train Grad Norm 0.021931612864136696, | Test Loss: 0.058200590312480927, Test Acc: 0.0, Test Grad Norm: 0.03890029713511467 | Elapsed Time: 368.23306012153625
Iter: 500 | Train Loss: 0.06066287308931351, Train Acc: 0.0, Train Grad Norm 0.017340829595923424, | Test Loss: 0.05832434818148613, Test Acc: 0.0, Test Grad Norm: 0.013571414165198803 | Elapsed Time: 383.1293408870697
Patience count 1
Running with c=30, seed=4
GPU Not Enabled
Learning rate eta = 1.0
The size of local train datasets:  [1652, 1652, 1651, 1651, 1651, 1651, 1651, 1651, 1651, 1651]
Shuffling 16520 0.6 -DP local randomizers results is (eps,  1e-08 )-DP in the shuffle model for eps between 0.026407269083900682 and 0.026630115236507435
The final epsilon, delta is ( 5.338746585095627 , 1e-05 )
Iter: 0 | Train Loss: 0.7413997054100037, Train Acc: 0.0, Train Grad Norm 18.126903533935547, | Test Loss: 0.7437925338745117, Test Acc: 0.0, Test Grad Norm: 19.0118350982666
Iter: 20 | Train Loss: 0.9274904131889343, Train Acc: 0.0, Train Grad Norm 7.439068794250488, | Test Loss: 4.302123069763184, Test Acc: 0.0, Test Grad Norm: 288.4527282714844 | Elapsed Time: 15.196462154388428
Patience count 1
Iter: 40 | Train Loss: 1.9890791177749634, Train Acc: 0.0, Train Grad Norm 20.08977508544922, | Test Loss: 9.498336791992188, Test Acc: 0.0, Test Grad Norm: 783.1439208984375 | Elapsed Time: 30.37382411956787
Patience count 2
Iter: 60 | Train Loss: 4.5539045333862305, Train Acc: 0.0, Train Grad Norm 105.01581573486328, | Test Loss: 15.819811820983887, Test Acc: 0.0, Test Grad Norm: 2845.4560546875 | Elapsed Time: 45.5637743473053
Patience count 3
Iter: 80 | Train Loss: 11.081851959228516, Train Acc: 0.0, Train Grad Norm 367.2548828125, | Test Loss: 33.92176818847656, Test Acc: 0.0, Test Grad Norm: 6492.923828125 | Elapsed Time: 60.64124655723572
Learning was stopped
Learning rate eta = 0.5
The size of local train datasets:  [1652, 1652, 1651, 1651, 1651, 1651, 1651, 1651, 1651, 1651]
Shuffling 16520 0.6 -DP local randomizers results is (eps,  1e-08 )-DP in the shuffle model for eps between 0.026407269083900682 and 0.026630115236507435
The final epsilon, delta is ( 5.338746585095627 , 1e-05 )
Iter: 0 | Train Loss: 0.7413997054100037, Train Acc: 0.0, Train Grad Norm 18.126903533935547, | Test Loss: 0.7437925338745117, Test Acc: 0.0, Test Grad Norm: 19.0118350982666
Iter: 20 | Train Loss: 0.4551754891872406, Train Acc: 0.0, Train Grad Norm 7.683236122131348, | Test Loss: 0.44648709893226624, Test Acc: 0.0, Test Grad Norm: 6.968262672424316 | Elapsed Time: 15.187347650527954
Iter: 40 | Train Loss: 0.4342842102050781, Train Acc: 0.0, Train Grad Norm 1.6905251741409302, | Test Loss: 0.3822389841079712, Test Acc: 0.0, Test Grad Norm: 1.2289867401123047 | Elapsed Time: 30.46924114227295
Iter: 60 | Train Loss: 0.3716191351413727, Train Acc: 0.0, Train Grad Norm 2.0670254230499268, | Test Loss: 0.3256886899471283, Test Acc: 0.0, Test Grad Norm: 1.977872610092163 | Elapsed Time: 45.76122832298279
Iter: 80 | Train Loss: 0.3424786925315857, Train Acc: 0.0, Train Grad Norm 2.228102684020996, | Test Loss: 0.609235942363739, Test Acc: 0.0, Test Grad Norm: 19.358369827270508 | Elapsed Time: 61.042463064193726
Iter: 100 | Train Loss: 0.1401703804731369, Train Acc: 0.0, Train Grad Norm 0.8987970948219299, | Test Loss: 0.2544762194156647, Test Acc: 0.0, Test Grad Norm: 9.701292037963867 | Elapsed Time: 76.29637861251831
Iter: 120 | Train Loss: 0.4729737341403961, Train Acc: 0.0, Train Grad Norm 7.323506832122803, | Test Loss: 1.8904904127120972, Test Acc: 0.0, Test Grad Norm: 138.3672637939453 | Elapsed Time: 91.64924144744873
Patience count 1
Iter: 140 | Train Loss: 0.5260002613067627, Train Acc: 0.0, Train Grad Norm 11.518271446228027, | Test Loss: 1.946349024772644, Test Acc: 0.0, Test Grad Norm: 197.4835662841797 | Elapsed Time: 106.84750080108643
Patience count 2
Iter: 160 | Train Loss: 1.6419556140899658, Train Acc: 0.0, Train Grad Norm 18.088695526123047, | Test Loss: 11.812034606933594, Test Acc: 0.0, Test Grad Norm: 1249.6732177734375 | Elapsed Time: 122.03589344024658
Patience count 3
Iter: 180 | Train Loss: 1.6616199016571045, Train Acc: 0.0, Train Grad Norm 17.520530700683594, | Test Loss: 10.660226821899414, Test Acc: 0.0, Test Grad Norm: 1101.7647705078125 | Elapsed Time: 137.30212545394897
Learning was stopped
Learning rate eta = 0.25
The size of local train datasets:  [1652, 1652, 1651, 1651, 1651, 1651, 1651, 1651, 1651, 1651]
Shuffling 16520 0.6 -DP local randomizers results is (eps,  1e-08 )-DP in the shuffle model for eps between 0.026407269083900682 and 0.026630115236507435
The final epsilon, delta is ( 5.338746585095627 , 1e-05 )
Iter: 0 | Train Loss: 0.7413997054100037, Train Acc: 0.0, Train Grad Norm 18.126903533935547, | Test Loss: 0.7437925338745117, Test Acc: 0.0, Test Grad Norm: 19.0118350982666
Iter: 20 | Train Loss: 0.21050570905208588, Train Acc: 0.0, Train Grad Norm 4.878706932067871, | Test Loss: 0.20880761742591858, Test Acc: 0.0, Test Grad Norm: 4.923570156097412 | Elapsed Time: 15.372082948684692
Iter: 40 | Train Loss: 0.0476875826716423, Train Acc: 0.0, Train Grad Norm 0.2694160044193268, | Test Loss: 0.07044164836406708, Test Acc: 0.0, Test Grad Norm: 0.5763651132583618 | Elapsed Time: 30.478611707687378
Iter: 60 | Train Loss: 0.09619960933923721, Train Acc: 0.0, Train Grad Norm 0.3187604248523712, | Test Loss: 0.4631112813949585, Test Acc: 0.0, Test Grad Norm: 10.949565887451172 | Elapsed Time: 45.652164459228516
Patience count 1
Iter: 80 | Train Loss: 0.09158109128475189, Train Acc: 0.0, Train Grad Norm 0.1452183872461319, | Test Loss: 0.3701944947242737, Test Acc: 0.0, Test Grad Norm: 7.735166549682617 | Elapsed Time: 60.86285400390625
Patience count 2
Iter: 100 | Train Loss: 0.08282594382762909, Train Acc: 0.0, Train Grad Norm 0.17813172936439514, | Test Loss: 0.37051987648010254, Test Acc: 0.0, Test Grad Norm: 9.117818832397461 | Elapsed Time: 76.04062700271606
Patience count 3
Iter: 120 | Train Loss: 0.18714836239814758, Train Acc: 0.0, Train Grad Norm 0.4309525489807129, | Test Loss: 1.0423299074172974, Test Acc: 0.0, Test Grad Norm: 35.59419250488281 | Elapsed Time: 91.19021034240723
Learning was stopped
Learning rate eta = 0.125
The size of local train datasets:  [1652, 1652, 1651, 1651, 1651, 1651, 1651, 1651, 1651, 1651]
Shuffling 16520 0.6 -DP local randomizers results is (eps,  1e-08 )-DP in the shuffle model for eps between 0.026407269083900682 and 0.026630115236507435
The final epsilon, delta is ( 5.338746585095627 , 1e-05 )
Iter: 0 | Train Loss: 0.7413997054100037, Train Acc: 0.0, Train Grad Norm 18.126903533935547, | Test Loss: 0.7437925338745117, Test Acc: 0.0, Test Grad Norm: 19.0118350982666
Iter: 20 | Train Loss: 0.6243475079536438, Train Acc: 0.0, Train Grad Norm 15.013670921325684, | Test Loss: 0.626998782157898, Test Acc: 0.0, Test Grad Norm: 15.958414077758789 | Elapsed Time: 15.228204488754272
Iter: 40 | Train Loss: 0.5268747806549072, Train Acc: 0.0, Train Grad Norm 11.899947166442871, | Test Loss: 0.5530058741569519, Test Acc: 0.0, Test Grad Norm: 13.872709274291992 | Elapsed Time: 30.30620574951172
Iter: 60 | Train Loss: 0.34893858432769775, Train Acc: 0.0, Train Grad Norm 7.496103763580322, | Test Loss: 0.348322331905365, Test Acc: 0.0, Test Grad Norm: 8.028916358947754 | Elapsed Time: 45.452635288238525
Iter: 80 | Train Loss: 0.24216803908348083, Train Acc: 0.0, Train Grad Norm 4.780368328094482, | Test Loss: 0.2492450326681137, Test Acc: 0.0, Test Grad Norm: 5.48670768737793 | Elapsed Time: 60.687132120132446
Iter: 100 | Train Loss: 0.15487422049045563, Train Acc: 0.0, Train Grad Norm 2.2481935024261475, | Test Loss: 0.16297979652881622, Test Acc: 0.0, Test Grad Norm: 1.8038127422332764 | Elapsed Time: 75.81582736968994
Iter: 120 | Train Loss: 0.15615125000476837, Train Acc: 0.0, Train Grad Norm 2.1953773498535156, | Test Loss: 0.1790987253189087, Test Acc: 0.0, Test Grad Norm: 1.723452091217041 | Elapsed Time: 90.93988490104675
Iter: 140 | Train Loss: 0.16355817019939423, Train Acc: 0.0, Train Grad Norm 2.555514097213745, | Test Loss: 0.16190855205059052, Test Acc: 0.0, Test Grad Norm: 2.2249817848205566 | Elapsed Time: 106.26242113113403
Patience count 1
Iter: 160 | Train Loss: 0.09766567498445511, Train Acc: 0.0, Train Grad Norm 0.5392102599143982, | Test Loss: 0.16015340387821198, Test Acc: 0.0, Test Grad Norm: 0.9259387254714966 | Elapsed Time: 121.39350152015686
Iter: 180 | Train Loss: 0.09591617435216904, Train Acc: 0.0, Train Grad Norm 0.1083875223994255, | Test Loss: 0.1403336226940155, Test Acc: 0.0, Test Grad Norm: 0.7341723442077637 | Elapsed Time: 136.51642513275146
Iter: 200 | Train Loss: 0.10396060347557068, Train Acc: 0.0, Train Grad Norm 0.11987847089767456, | Test Loss: 0.1128854751586914, Test Acc: 0.0, Test Grad Norm: 0.33939996361732483 | Elapsed Time: 151.76567721366882
Patience count 1
Iter: 220 | Train Loss: 0.1299477070569992, Train Acc: 0.0, Train Grad Norm 0.27645576000213623, | Test Loss: 0.12454139441251755, Test Acc: 0.0, Test Grad Norm: 0.5053222179412842 | Elapsed Time: 167.02245569229126
Patience count 2
Iter: 240 | Train Loss: 0.18185485899448395, Train Acc: 0.0, Train Grad Norm 0.5639685988426208, | Test Loss: 0.14428581297397614, Test Acc: 0.0, Test Grad Norm: 0.40430912375450134 | Elapsed Time: 182.1929793357849
Patience count 3
Iter: 260 | Train Loss: 0.12436844408512115, Train Acc: 0.0, Train Grad Norm 0.2369919717311859, | Test Loss: 0.10283918678760529, Test Acc: 0.0, Test Grad Norm: 0.17257577180862427 | Elapsed Time: 197.42992758750916
Learning was stopped
Learning rate eta = 0.0625
The size of local train datasets:  [1652, 1652, 1651, 1651, 1651, 1651, 1651, 1651, 1651, 1651]
Shuffling 16520 0.6 -DP local randomizers results is (eps,  1e-08 )-DP in the shuffle model for eps between 0.026407269083900682 and 0.026630115236507435
The final epsilon, delta is ( 5.338746585095627 , 1e-05 )
Iter: 0 | Train Loss: 0.7413997054100037, Train Acc: 0.0, Train Grad Norm 18.126903533935547, | Test Loss: 0.7437925338745117, Test Acc: 0.0, Test Grad Norm: 19.0118350982666
Iter: 20 | Train Loss: 0.5932959914207458, Train Acc: 0.0, Train Grad Norm 14.333924293518066, | Test Loss: 0.605898380279541, Test Acc: 0.0, Test Grad Norm: 15.584891319274902 | Elapsed Time: 15.35055661201477
Iter: 40 | Train Loss: 0.5069591999053955, Train Acc: 0.0, Train Grad Norm 12.092009544372559, | Test Loss: 0.529707670211792, Test Acc: 0.0, Test Grad Norm: 13.611326217651367 | Elapsed Time: 30.52835750579834
Iter: 60 | Train Loss: 0.40884968638420105, Train Acc: 0.0, Train Grad Norm 9.62426471710205, | Test Loss: 0.4214654862880707, Test Acc: 0.0, Test Grad Norm: 10.586381912231445 | Elapsed Time: 45.69947814941406
Iter: 80 | Train Loss: 0.30538398027420044, Train Acc: 0.0, Train Grad Norm 6.921555519104004, | Test Loss: 0.32126161456108093, Test Acc: 0.0, Test Grad Norm: 7.7822394371032715 | Elapsed Time: 60.96897792816162
Iter: 100 | Train Loss: 0.20528951287269592, Train Acc: 0.0, Train Grad Norm 4.397990703582764, | Test Loss: 0.2195858359336853, Test Acc: 0.0, Test Grad Norm: 5.032899856567383 | Elapsed Time: 76.21895265579224
Iter: 120 | Train Loss: 0.17150819301605225, Train Acc: 0.0, Train Grad Norm 3.427031993865967, | Test Loss: 0.17544899880886078, Test Acc: 0.0, Test Grad Norm: 3.680309295654297 | Elapsed Time: 91.40937566757202
Iter: 140 | Train Loss: 0.15938428044319153, Train Acc: 0.0, Train Grad Norm 2.9861714839935303, | Test Loss: 0.1590469777584076, Test Acc: 0.0, Test Grad Norm: 3.0869529247283936 | Elapsed Time: 106.73481035232544
Iter: 160 | Train Loss: 0.13358280062675476, Train Acc: 0.0, Train Grad Norm 2.1903178691864014, | Test Loss: 0.12854543328285217, Test Acc: 0.0, Test Grad Norm: 2.1204962730407715 | Elapsed Time: 121.90826106071472
Iter: 180 | Train Loss: 0.09264270961284637, Train Acc: 0.0, Train Grad Norm 1.0766083002090454, | Test Loss: 0.08912581205368042, Test Acc: 0.0, Test Grad Norm: 1.0522557497024536 | Elapsed Time: 137.19155931472778
Iter: 200 | Train Loss: 0.07317623496055603, Train Acc: 0.0, Train Grad Norm 0.569543182849884, | Test Loss: 0.07122308015823364, Test Acc: 0.0, Test Grad Norm: 0.5737496614456177 | Elapsed Time: 152.44222235679626
Iter: 220 | Train Loss: 0.06893521547317505, Train Acc: 0.0, Train Grad Norm 0.40962013602256775, | Test Loss: 0.06640037149190903, Test Acc: 0.0, Test Grad Norm: 0.3976074159145355 | Elapsed Time: 167.62038707733154
Iter: 240 | Train Loss: 0.06309745460748672, Train Acc: 0.0, Train Grad Norm 0.32677000761032104, | Test Loss: 0.060712751001119614, Test Acc: 0.0, Test Grad Norm: 0.28883758187294006 | Elapsed Time: 182.8052282333374
Iter: 260 | Train Loss: 0.06447911262512207, Train Acc: 0.0, Train Grad Norm 0.3206069767475128, | Test Loss: 0.06203792989253998, Test Acc: 0.0, Test Grad Norm: 0.26319560408592224 | Elapsed Time: 198.20381832122803
Iter: 280 | Train Loss: 0.0623372383415699, Train Acc: 0.0, Train Grad Norm 0.23617680370807648, | Test Loss: 0.06026154384016991, Test Acc: 0.0, Test Grad Norm: 0.21390073001384735 | Elapsed Time: 213.36984968185425
Iter: 300 | Train Loss: 0.0634954422712326, Train Acc: 0.0, Train Grad Norm 0.2809560000896454, | Test Loss: 0.061508480459451675, Test Acc: 0.0, Test Grad Norm: 0.2514762282371521 | Elapsed Time: 228.5657253265381
Iter: 320 | Train Loss: 0.05817219242453575, Train Acc: 0.0, Train Grad Norm 0.16225837171077728, | Test Loss: 0.056728340685367584, Test Acc: 0.0, Test Grad Norm: 0.14293703436851501 | Elapsed Time: 243.69230222702026
Iter: 340 | Train Loss: 0.05304626375436783, Train Acc: 0.0, Train Grad Norm 0.043078240007162094, | Test Loss: 0.05650356411933899, Test Acc: 0.0, Test Grad Norm: 0.10649995505809784 | Elapsed Time: 259.0949625968933
Iter: 360 | Train Loss: 0.05024011433124542, Train Acc: 0.0, Train Grad Norm 0.025772575289011, | Test Loss: 0.05474897101521492, Test Acc: 0.0, Test Grad Norm: 0.09692882746458054 | Elapsed Time: 274.3055245876312
Iter: 380 | Train Loss: 0.048634596168994904, Train Acc: 0.0, Train Grad Norm 0.019064757972955704, | Test Loss: 0.04809174686670303, Test Acc: 0.0, Test Grad Norm: 0.01885787397623062 | Elapsed Time: 289.61685013771057
Iter: 400 | Train Loss: 0.04782344773411751, Train Acc: 0.0, Train Grad Norm 0.01819497160613537, | Test Loss: 0.04768422245979309, Test Acc: 0.0, Test Grad Norm: 0.02520676888525486 | Elapsed Time: 304.9859998226166
Iter: 420 | Train Loss: 0.04649500921368599, Train Acc: 0.0, Train Grad Norm 0.020726138725876808, | Test Loss: 0.04648808762431145, Test Acc: 0.0, Test Grad Norm: 0.022874221205711365 | Elapsed Time: 320.29087352752686
Iter: 440 | Train Loss: 0.044424425810575485, Train Acc: 0.0, Train Grad Norm 0.022280167788267136, | Test Loss: 0.04345819726586342, Test Acc: 0.0, Test Grad Norm: 0.019463950768113136 | Elapsed Time: 335.51484513282776
Iter: 460 | Train Loss: 0.04311932995915413, Train Acc: 0.0, Train Grad Norm 0.014776657335460186, | Test Loss: 0.041585393249988556, Test Acc: 0.0, Test Grad Norm: 0.01157626323401928 | Elapsed Time: 350.8824288845062
Iter: 480 | Train Loss: 0.045129358768463135, Train Acc: 0.0, Train Grad Norm 0.016756689175963402, | Test Loss: 0.044861312955617905, Test Acc: 0.0, Test Grad Norm: 0.019632907584309578 | Elapsed Time: 366.1817705631256
Iter: 500 | Train Loss: 0.04711589589715004, Train Acc: 0.0, Train Grad Norm 0.11787772178649902, | Test Loss: 0.0449843667447567, Test Acc: 0.0, Test Grad Norm: 0.09260910749435425 | Elapsed Time: 381.59080505371094
Patience count 1
Running with c=100, seed=4
GPU Not Enabled
Learning rate eta = 1.0
The size of local train datasets:  [1652, 1652, 1651, 1651, 1651, 1651, 1651, 1651, 1651, 1651]
Shuffling 16520 0.6 -DP local randomizers results is (eps,  1e-08 )-DP in the shuffle model for eps between 0.026407269083900682 and 0.026630115236507435
The final epsilon, delta is ( 5.338746585095627 , 1e-05 )
Iter: 0 | Train Loss: 0.7413997054100037, Train Acc: 0.0, Train Grad Norm 18.126903533935547, | Test Loss: 0.7437925338745117, Test Acc: 0.0, Test Grad Norm: 19.0118350982666
Iter: 20 | Train Loss: 0.24951808154582977, Train Acc: 0.0, Train Grad Norm 1.4570372104644775, | Test Loss: 0.28328433632850647, Test Acc: 0.0, Test Grad Norm: 1.866581678390503 | Elapsed Time: 15.205934286117554
Iter: 40 | Train Loss: 0.9348468780517578, Train Acc: 0.0, Train Grad Norm 9.533625602722168, | Test Loss: 1.0861444473266602, Test Acc: 0.0, Test Grad Norm: 24.13309669494629 | Elapsed Time: 30.320507049560547
Patience count 1
Iter: 60 | Train Loss: 1.664001703262329, Train Acc: 0.0, Train Grad Norm 42.777931213378906, | Test Loss: 2.1253621578216553, Test Acc: 0.0, Test Grad Norm: 67.12018585205078 | Elapsed Time: 45.56581234931946
Patience count 2
Iter: 80 | Train Loss: 1.9644684791564941, Train Acc: 0.0, Train Grad Norm 83.09619140625, | Test Loss: 1.7118206024169922, Test Acc: 0.0, Test Grad Norm: 45.24913787841797 | Elapsed Time: 60.79027605056763
Patience count 3
Iter: 100 | Train Loss: 2.0803961753845215, Train Acc: 0.0, Train Grad Norm 69.767333984375, | Test Loss: 4.30737829208374, Test Acc: 0.0, Test Grad Norm: 261.3218078613281 | Elapsed Time: 75.89679074287415
Learning was stopped
Learning rate eta = 0.5
The size of local train datasets:  [1652, 1652, 1651, 1651, 1651, 1651, 1651, 1651, 1651, 1651]
Shuffling 16520 0.6 -DP local randomizers results is (eps,  1e-08 )-DP in the shuffle model for eps between 0.026407269083900682 and 0.026630115236507435
The final epsilon, delta is ( 5.338746585095627 , 1e-05 )
Iter: 0 | Train Loss: 0.7413997054100037, Train Acc: 0.0, Train Grad Norm 18.126903533935547, | Test Loss: 0.7437925338745117, Test Acc: 0.0, Test Grad Norm: 19.0118350982666
Iter: 20 | Train Loss: 0.1835392713546753, Train Acc: 0.0, Train Grad Norm 3.6690902709960938, | Test Loss: 0.1941525936126709, Test Acc: 0.0, Test Grad Norm: 4.402153015136719 | Elapsed Time: 15.298483848571777
Iter: 40 | Train Loss: 0.13596047461032867, Train Acc: 0.0, Train Grad Norm 0.565385103225708, | Test Loss: 0.1383192390203476, Test Acc: 0.0, Test Grad Norm: 0.604653537273407 | Elapsed Time: 30.848100423812866
Iter: 60 | Train Loss: 0.21904176473617554, Train Acc: 0.0, Train Grad Norm 0.825320303440094, | Test Loss: 0.3381422758102417, Test Acc: 0.0, Test Grad Norm: 6.85340690612793 | Elapsed Time: 46.156822681427
Patience count 1
Iter: 80 | Train Loss: 0.12495943158864975, Train Acc: 0.0, Train Grad Norm 0.42260491847991943, | Test Loss: 0.1882873773574829, Test Acc: 0.0, Test Grad Norm: 4.568641185760498 | Elapsed Time: 61.30841684341431
Iter: 100 | Train Loss: 0.5049974918365479, Train Acc: 0.0, Train Grad Norm 4.490318775177002, | Test Loss: 3.4946162700653076, Test Acc: 0.0, Test Grad Norm: 246.00257873535156 | Elapsed Time: 76.69116830825806
Patience count 1
Iter: 120 | Train Loss: 1.1260342597961426, Train Acc: 0.0, Train Grad Norm 11.159768104553223, | Test Loss: 5.689082145690918, Test Acc: 0.0, Test Grad Norm: 502.07476806640625 | Elapsed Time: 91.90698432922363
Patience count 2
Iter: 140 | Train Loss: 1.3330084085464478, Train Acc: 0.0, Train Grad Norm 11.001041412353516, | Test Loss: 2.400937557220459, Test Acc: 0.0, Test Grad Norm: 110.31182861328125 | Elapsed Time: 107.11875939369202
Patience count 3
Iter: 160 | Train Loss: 1.0306172370910645, Train Acc: 0.0, Train Grad Norm 9.828215599060059, | Test Loss: 1.9718905687332153, Test Acc: 0.0, Test Grad Norm: 99.52030181884766 | Elapsed Time: 122.36401104927063
Learning was stopped
Learning rate eta = 0.25
The size of local train datasets:  [1652, 1652, 1651, 1651, 1651, 1651, 1651, 1651, 1651, 1651]
Shuffling 16520 0.6 -DP local randomizers results is (eps,  1e-08 )-DP in the shuffle model for eps between 0.026407269083900682 and 0.026630115236507435
The final epsilon, delta is ( 5.338746585095627 , 1e-05 )
Iter: 0 | Train Loss: 0.7413997054100037, Train Acc: 0.0, Train Grad Norm 18.126903533935547, | Test Loss: 0.7437925338745117, Test Acc: 0.0, Test Grad Norm: 19.0118350982666
Iter: 20 | Train Loss: 0.2387492060661316, Train Acc: 0.0, Train Grad Norm 4.563218593597412, | Test Loss: 0.3078630864620209, Test Acc: 0.0, Test Grad Norm: 3.732116222381592 | Elapsed Time: 15.133025407791138
Iter: 40 | Train Loss: 0.1685577780008316, Train Acc: 0.0, Train Grad Norm 1.4281682968139648, | Test Loss: 0.5270421504974365, Test Acc: 0.0, Test Grad Norm: 6.122177600860596 | Elapsed Time: 30.29863953590393
Iter: 60 | Train Loss: 0.11579559743404388, Train Acc: 0.0, Train Grad Norm 0.24029912054538727, | Test Loss: 0.5193818807601929, Test Acc: 0.0, Test Grad Norm: 8.929620742797852 | Elapsed Time: 45.47232437133789
Iter: 80 | Train Loss: 0.14653466641902924, Train Acc: 0.0, Train Grad Norm 0.3166113793849945, | Test Loss: 0.7539157271385193, Test Acc: 0.0, Test Grad Norm: 20.098377227783203 | Elapsed Time: 60.53865671157837
Patience count 1
Iter: 100 | Train Loss: 0.09931871294975281, Train Acc: 0.0, Train Grad Norm 0.18738584220409393, | Test Loss: 0.39217182993888855, Test Acc: 0.0, Test Grad Norm: 10.838982582092285 | Elapsed Time: 75.7067220211029
Iter: 120 | Train Loss: 0.09161509573459625, Train Acc: 0.0, Train Grad Norm 0.4532531797885895, | Test Loss: 0.0943843200802803, Test Acc: 0.0, Test Grad Norm: 0.728190541267395 | Elapsed Time: 90.86258959770203
Iter: 140 | Train Loss: 0.12416955828666687, Train Acc: 0.0, Train Grad Norm 0.5514070987701416, | Test Loss: 0.1849793791770935, Test Acc: 0.0, Test Grad Norm: 3.9030799865722656 | Elapsed Time: 106.05504608154297
Patience count 1
Iter: 160 | Train Loss: 0.09161129593849182, Train Acc: 0.0, Train Grad Norm 0.22883076965808868, | Test Loss: 0.11435560882091522, Test Acc: 0.0, Test Grad Norm: 1.1386595964431763 | Elapsed Time: 121.12862229347229
Iter: 180 | Train Loss: 0.0982777327299118, Train Acc: 0.0, Train Grad Norm 0.6533263325691223, | Test Loss: 0.19973957538604736, Test Acc: 0.0, Test Grad Norm: 4.815515995025635 | Elapsed Time: 136.21178603172302
Patience count 1
Iter: 200 | Train Loss: 0.09384222328662872, Train Acc: 0.0, Train Grad Norm 0.7963089942932129, | Test Loss: 0.0950130894780159, Test Acc: 0.0, Test Grad Norm: 0.6464094519615173 | Elapsed Time: 151.46185493469238
Iter: 220 | Train Loss: 0.07016147673130035, Train Acc: 0.0, Train Grad Norm 0.11639929562807083, | Test Loss: 0.10291627049446106, Test Acc: 0.0, Test Grad Norm: 2.369202136993408 | Elapsed Time: 166.54883527755737
Iter: 240 | Train Loss: 0.08326493203639984, Train Acc: 0.0, Train Grad Norm 0.200888991355896, | Test Loss: 0.20304147899150848, Test Acc: 0.0, Test Grad Norm: 7.704010009765625 | Elapsed Time: 181.62622690200806
Patience count 1
Iter: 260 | Train Loss: 0.08384817838668823, Train Acc: 0.0, Train Grad Norm 0.10544627904891968, | Test Loss: 0.2110092043876648, Test Acc: 0.0, Test Grad Norm: 6.62116813659668 | Elapsed Time: 196.87951707839966
Patience count 2
Iter: 280 | Train Loss: 0.12370775640010834, Train Acc: 0.0, Train Grad Norm 0.3957594335079193, | Test Loss: 0.3919214904308319, Test Acc: 0.0, Test Grad Norm: 10.68852424621582 | Elapsed Time: 212.02797532081604
Patience count 3
Iter: 300 | Train Loss: 0.1950862556695938, Train Acc: 0.0, Train Grad Norm 0.6706382632255554, | Test Loss: 0.9747637510299683, Test Acc: 0.0, Test Grad Norm: 29.978437423706055 | Elapsed Time: 227.11329793930054
Learning was stopped
Learning rate eta = 0.125
The size of local train datasets:  [1652, 1652, 1651, 1651, 1651, 1651, 1651, 1651, 1651, 1651]
Shuffling 16520 0.6 -DP local randomizers results is (eps,  1e-08 )-DP in the shuffle model for eps between 0.026407269083900682 and 0.026630115236507435
The final epsilon, delta is ( 5.338746585095627 , 1e-05 )
Iter: 0 | Train Loss: 0.7413997054100037, Train Acc: 0.0, Train Grad Norm 18.126903533935547, | Test Loss: 0.7437925338745117, Test Acc: 0.0, Test Grad Norm: 19.0118350982666
Iter: 20 | Train Loss: 0.5991448760032654, Train Acc: 0.0, Train Grad Norm 14.61496353149414, | Test Loss: 0.5972651243209839, Test Acc: 0.0, Test Grad Norm: 15.109454154968262 | Elapsed Time: 15.148592233657837
Iter: 40 | Train Loss: 0.5086706876754761, Train Acc: 0.0, Train Grad Norm 12.355250358581543, | Test Loss: 0.5313685536384583, Test Acc: 0.0, Test Grad Norm: 14.416872024536133 | Elapsed Time: 30.26432704925537
Iter: 60 | Train Loss: 0.3383491635322571, Train Acc: 0.0, Train Grad Norm 7.756289958953857, | Test Loss: 0.3509671986103058, Test Acc: 0.0, Test Grad Norm: 8.728805541992188 | Elapsed Time: 45.4927020072937
Iter: 80 | Train Loss: 0.2462742179632187, Train Acc: 0.0, Train Grad Norm 5.29335355758667, | Test Loss: 0.2899473011493683, Test Acc: 0.0, Test Grad Norm: 7.514471054077148 | Elapsed Time: 60.67643976211548
Iter: 100 | Train Loss: 0.19761286675930023, Train Acc: 0.0, Train Grad Norm 3.975825309753418, | Test Loss: 0.22300389409065247, Test Acc: 0.0, Test Grad Norm: 5.556036472320557 | Elapsed Time: 75.74342966079712
Iter: 120 | Train Loss: 0.12233538925647736, Train Acc: 0.0, Train Grad Norm 1.901182770729065, | Test Loss: 0.12359577417373657, Test Acc: 0.0, Test Grad Norm: 2.3609375953674316 | Elapsed Time: 90.84709429740906
Iter: 140 | Train Loss: 0.08033868670463562, Train Acc: 0.0, Train Grad Norm 0.8391969203948975, | Test Loss: 0.09113722294569016, Test Acc: 0.0, Test Grad Norm: 1.5068312883377075 | Elapsed Time: 106.12449502944946
Iter: 160 | Train Loss: 0.07876285910606384, Train Acc: 0.0, Train Grad Norm 0.3393966853618622, | Test Loss: 0.07409442216157913, Test Acc: 0.0, Test Grad Norm: 0.3223630487918854 | Elapsed Time: 121.23267960548401
Iter: 180 | Train Loss: 0.09130842238664627, Train Acc: 0.0, Train Grad Norm 0.27506887912750244, | Test Loss: 0.09527784585952759, Test Acc: 0.0, Test Grad Norm: 0.507314920425415 | Elapsed Time: 136.35105562210083
Patience count 1
Iter: 200 | Train Loss: 0.07393215596675873, Train Acc: 0.0, Train Grad Norm 0.09073571860790253, | Test Loss: 0.07058640569448471, Test Acc: 0.0, Test Grad Norm: 0.07316069304943085 | Elapsed Time: 151.5439202785492
Iter: 220 | Train Loss: 0.075921431183815, Train Acc: 0.0, Train Grad Norm 0.08548552542924881, | Test Loss: 0.07704009860754013, Test Acc: 0.0, Test Grad Norm: 0.16382980346679688 | Elapsed Time: 166.67277312278748
Iter: 240 | Train Loss: 0.0855584591627121, Train Acc: 0.0, Train Grad Norm 0.0868200957775116, | Test Loss: 0.09260072559118271, Test Acc: 0.0, Test Grad Norm: 0.2643587291240692 | Elapsed Time: 181.75893783569336
Patience count 1
Iter: 260 | Train Loss: 0.08827216178178787, Train Acc: 0.0, Train Grad Norm 0.10227422416210175, | Test Loss: 0.08725984394550323, Test Acc: 0.0, Test Grad Norm: 0.2106972336769104 | Elapsed Time: 196.96090698242188
Patience count 2
Iter: 280 | Train Loss: 0.09833750128746033, Train Acc: 0.0, Train Grad Norm 0.144712895154953, | Test Loss: 0.12627360224723816, Test Acc: 0.0, Test Grad Norm: 1.0861319303512573 | Elapsed Time: 212.0727813243866
Patience count 3
Iter: 300 | Train Loss: 0.08846256136894226, Train Acc: 0.0, Train Grad Norm 0.14247174561023712, | Test Loss: 0.11789881438016891, Test Acc: 0.0, Test Grad Norm: 1.1114132404327393 | Elapsed Time: 227.36730408668518
Learning was stopped
Learning rate eta = 0.0625
The size of local train datasets:  [1652, 1652, 1651, 1651, 1651, 1651, 1651, 1651, 1651, 1651]
Shuffling 16520 0.6 -DP local randomizers results is (eps,  1e-08 )-DP in the shuffle model for eps between 0.026407269083900682 and 0.026630115236507435
The final epsilon, delta is ( 5.338746585095627 , 1e-05 )
Iter: 0 | Train Loss: 0.7413997054100037, Train Acc: 0.0, Train Grad Norm 18.126903533935547, | Test Loss: 0.7437925338745117, Test Acc: 0.0, Test Grad Norm: 19.0118350982666
Iter: 20 | Train Loss: 0.571893036365509, Train Acc: 0.0, Train Grad Norm 13.510063171386719, | Test Loss: 0.5779761075973511, Test Acc: 0.0, Test Grad Norm: 14.40368366241455 | Elapsed Time: 15.088554620742798
Iter: 40 | Train Loss: 0.4632159471511841, Train Acc: 0.0, Train Grad Norm 10.781038284301758, | Test Loss: 0.47356969118118286, Test Acc: 0.0, Test Grad Norm: 11.728241920471191 | Elapsed Time: 30.323846578598022
Iter: 60 | Train Loss: 0.36641088128089905, Train Acc: 0.0, Train Grad Norm 8.281611442565918, | Test Loss: 0.37438011169433594, Test Acc: 0.0, Test Grad Norm: 9.053566932678223 | Elapsed Time: 45.449517011642456
Iter: 80 | Train Loss: 0.33606648445129395, Train Acc: 0.0, Train Grad Norm 7.500009059906006, | Test Loss: 0.34336039423942566, Test Acc: 0.0, Test Grad Norm: 8.251779556274414 | Elapsed Time: 60.77658700942993
Iter: 100 | Train Loss: 0.26386141777038574, Train Acc: 0.0, Train Grad Norm 5.628940105438232, | Test Loss: 0.27375227212905884, Test Acc: 0.0, Test Grad Norm: 6.428419589996338 | Elapsed Time: 76.09399318695068
Iter: 120 | Train Loss: 0.1769816279411316, Train Acc: 0.0, Train Grad Norm 3.3350863456726074, | Test Loss: 0.18104779720306396, Test Acc: 0.0, Test Grad Norm: 3.8127121925354004 | Elapsed Time: 91.27933764457703
Iter: 140 | Train Loss: 0.10232697427272797, Train Acc: 0.0, Train Grad Norm 1.4338096380233765, | Test Loss: 0.11291693896055222, Test Acc: 0.0, Test Grad Norm: 1.9705396890640259 | Elapsed Time: 106.45246315002441
Iter: 160 | Train Loss: 0.07879901677370071, Train Acc: 0.0, Train Grad Norm 0.7565809488296509, | Test Loss: 0.11386465281248093, Test Acc: 0.0, Test Grad Norm: 1.689964771270752 | Elapsed Time: 121.82840371131897
Iter: 180 | Train Loss: 0.06549571454524994, Train Acc: 0.0, Train Grad Norm 0.35358428955078125, | Test Loss: 0.10477028042078018, Test Acc: 0.0, Test Grad Norm: 1.228171706199646 | Elapsed Time: 137.0423550605774
Iter: 200 | Train Loss: 0.07429898530244827, Train Acc: 0.0, Train Grad Norm 0.5231730937957764, | Test Loss: 0.10682807117700577, Test Acc: 0.0, Test Grad Norm: 1.3186266422271729 | Elapsed Time: 152.23136520385742
Patience count 1
Iter: 220 | Train Loss: 0.05924177169799805, Train Acc: 0.0, Train Grad Norm 0.21849210560321808, | Test Loss: 0.09297896921634674, Test Acc: 0.0, Test Grad Norm: 0.9356299042701721 | Elapsed Time: 167.5198268890381
Iter: 240 | Train Loss: 0.0554056279361248, Train Acc: 0.0, Train Grad Norm 0.1961791068315506, | Test Loss: 0.07696153968572617, Test Acc: 0.0, Test Grad Norm: 0.682400107383728 | Elapsed Time: 182.781973361969
Iter: 260 | Train Loss: 0.0574837327003479, Train Acc: 0.0, Train Grad Norm 0.24371886253356934, | Test Loss: 0.06501276791095734, Test Acc: 0.0, Test Grad Norm: 0.4909061789512634 | Elapsed Time: 197.97391724586487
Iter: 280 | Train Loss: 0.050546981394290924, Train Acc: 0.0, Train Grad Norm 0.13474340736865997, | Test Loss: 0.05455022305250168, Test Acc: 0.0, Test Grad Norm: 0.27518975734710693 | Elapsed Time: 213.28838896751404
Iter: 300 | Train Loss: 0.049068719148635864, Train Acc: 0.0, Train Grad Norm 0.05881978198885918, | Test Loss: 0.051807861775159836, Test Acc: 0.0, Test Grad Norm: 0.14196155965328217 | Elapsed Time: 228.51382684707642
Iter: 320 | Train Loss: 0.04993261396884918, Train Acc: 0.0, Train Grad Norm 0.012812339700758457, | Test Loss: 0.04946795478463173, Test Acc: 0.0, Test Grad Norm: 0.0172982607036829 | Elapsed Time: 243.76031064987183
Iter: 340 | Train Loss: 0.052298158407211304, Train Acc: 0.0, Train Grad Norm 0.023508919402956963, | Test Loss: 0.052294448018074036, Test Acc: 0.0, Test Grad Norm: 0.045429643243551254 | Elapsed Time: 259.29115200042725
Patience count 1
Iter: 360 | Train Loss: 0.05368850380182266, Train Acc: 0.0, Train Grad Norm 0.045351650565862656, | Test Loss: 0.06126764789223671, Test Acc: 0.0, Test Grad Norm: 0.22535599768161774 | Elapsed Time: 274.5315179824829
Patience count 2
Iter: 380 | Train Loss: 0.047516483813524246, Train Acc: 0.0, Train Grad Norm 0.03962668776512146, | Test Loss: 0.06217309460043907, Test Acc: 0.0, Test Grad Norm: 0.3608090579509735 | Elapsed Time: 289.80814027786255
Iter: 400 | Train Loss: 0.04695131629705429, Train Acc: 0.0, Train Grad Norm 0.018348146229982376, | Test Loss: 0.08612173795700073, Test Acc: 0.0, Test Grad Norm: 0.7088639736175537 | Elapsed Time: 304.9363031387329
Iter: 420 | Train Loss: 0.04827465862035751, Train Acc: 0.0, Train Grad Norm 0.019268613308668137, | Test Loss: 0.098624087870121, Test Acc: 0.0, Test Grad Norm: 0.983755886554718 | Elapsed Time: 320.12026810646057
Iter: 440 | Train Loss: 0.046746544539928436, Train Acc: 0.0, Train Grad Norm 0.015458404086530209, | Test Loss: 0.07501957565546036, Test Acc: 0.0, Test Grad Norm: 0.5182110071182251 | Elapsed Time: 335.2198266983032
Iter: 460 | Train Loss: 0.045491836965084076, Train Acc: 0.0, Train Grad Norm 0.007507298141717911, | Test Loss: 0.07577680051326752, Test Acc: 0.0, Test Grad Norm: 0.44194841384887695 | Elapsed Time: 350.3508069515228
Iter: 480 | Train Loss: 0.045585714280605316, Train Acc: 0.0, Train Grad Norm 0.015446648932993412, | Test Loss: 0.05773317068815231, Test Acc: 0.0, Test Grad Norm: 0.13384641706943512 | Elapsed Time: 365.43833684921265
Iter: 500 | Train Loss: 0.04373317211866379, Train Acc: 0.0, Train Grad Norm 0.044880274683237076, | Test Loss: 0.06080593168735504, Test Acc: 0.0, Test Grad Norm: 0.18534015119075775 | Elapsed Time: 380.379953622818
