Running with c=1, seed=1
GPU Not Enabled
Learning rate eta = 1.0
The size of local train datasets:  [1652, 1652, 1651, 1651, 1651, 1651, 1651, 1651, 1651, 1651]
Shuffling 16520 1.8 -DP local randomizers results is (eps,  1e-08 )-DP in the shuffle model for eps between 0.1263707785001379 and 0.12923354694512484
The final epsilon, delta is ( 26.93146250530808 , 1e-05 )
Iter: 0 | Train Loss: 1.062459945678711, Train Acc: 0.0, Train Grad Norm 26.872825622558594, | Test Loss: 1.2209653854370117, Test Acc: 0.0, Test Grad Norm: 37.23039245605469
Iter: 20 | Train Loss: 0.12859351933002472, Train Acc: 0.0, Train Grad Norm 2.0692615509033203, | Test Loss: 0.21290142834186554, Test Acc: 0.0, Test Grad Norm: 5.749316692352295 | Elapsed Time: 21.275429010391235
Iter: 40 | Train Loss: 0.06977999210357666, Train Acc: 0.0, Train Grad Norm 0.09963497519493103, | Test Loss: 0.13797414302825928, Test Acc: 0.0, Test Grad Norm: 2.5596847534179688 | Elapsed Time: 42.53341484069824
Iter: 60 | Train Loss: 0.10230319947004318, Train Acc: 0.0, Train Grad Norm 0.47525039315223694, | Test Loss: 0.13242244720458984, Test Acc: 0.0, Test Grad Norm: 1.0918635129928589 | Elapsed Time: 63.924338579177856
Patience count 1
Iter: 80 | Train Loss: 0.0865921676158905, Train Acc: 0.0, Train Grad Norm 0.16524548828601837, | Test Loss: 0.17477229237556458, Test Acc: 0.0, Test Grad Norm: 2.6532480716705322 | Elapsed Time: 85.16596698760986
Patience count 2
Iter: 100 | Train Loss: 0.22200965881347656, Train Acc: 0.0, Train Grad Norm 0.7394299507141113, | Test Loss: 0.923943042755127, Test Acc: 0.0, Test Grad Norm: 19.46807098388672 | Elapsed Time: 106.52792000770569
Patience count 3
Iter: 120 | Train Loss: 0.14059272408485413, Train Acc: 0.0, Train Grad Norm 0.6516128182411194, | Test Loss: 0.7081584334373474, Test Acc: 0.0, Test Grad Norm: 21.800573348999023 | Elapsed Time: 127.79145383834839
Patience count 4
Iter: 140 | Train Loss: 0.2263091504573822, Train Acc: 0.0, Train Grad Norm 1.6404446363449097, | Test Loss: 0.8355900645256042, Test Acc: 0.0, Test Grad Norm: 24.742755889892578 | Elapsed Time: 149.19765305519104
Patience count 5
Iter: 160 | Train Loss: 0.396041601896286, Train Acc: 0.0, Train Grad Norm 2.7270724773406982, | Test Loss: 1.1548434495925903, Test Acc: 0.0, Test Grad Norm: 38.138397216796875 | Elapsed Time: 170.47253251075745
Learning was stopped
Learning rate eta = 0.5
The size of local train datasets:  [1652, 1652, 1651, 1651, 1651, 1651, 1651, 1651, 1651, 1651]
Shuffling 16520 1.8 -DP local randomizers results is (eps,  1e-08 )-DP in the shuffle model for eps between 0.1263707785001379 and 0.12923354694512484
The final epsilon, delta is ( 26.93146250530808 , 1e-05 )
Iter: 0 | Train Loss: 1.062459945678711, Train Acc: 0.0, Train Grad Norm 26.872825622558594, | Test Loss: 1.2209653854370117, Test Acc: 0.0, Test Grad Norm: 37.23039245605469
Iter: 20 | Train Loss: 0.5252284407615662, Train Acc: 0.0, Train Grad Norm 12.517915725708008, | Test Loss: 0.5512588620185852, Test Acc: 0.0, Test Grad Norm: 14.449023246765137 | Elapsed Time: 21.315324068069458
Iter: 40 | Train Loss: 0.20972870290279388, Train Acc: 0.0, Train Grad Norm 4.246963024139404, | Test Loss: 0.212331622838974, Test Acc: 0.0, Test Grad Norm: 4.565692901611328 | Elapsed Time: 42.68361830711365
Iter: 60 | Train Loss: 0.0664953738451004, Train Acc: 0.0, Train Grad Norm 0.18638014793395996, | Test Loss: 0.09007670730352402, Test Acc: 0.0, Test Grad Norm: 0.7601721286773682 | Elapsed Time: 64.04654264450073
Iter: 80 | Train Loss: 0.076656773686409, Train Acc: 0.0, Train Grad Norm 0.3760488033294678, | Test Loss: 0.1679225116968155, Test Acc: 0.0, Test Grad Norm: 3.6764214038848877 | Elapsed Time: 85.35892033576965
Patience count 1
Iter: 100 | Train Loss: 0.1194186583161354, Train Acc: 0.0, Train Grad Norm 0.47788408398628235, | Test Loss: 0.09112276881933212, Test Acc: 0.0, Test Grad Norm: 0.3727525472640991 | Elapsed Time: 106.80775833129883
Patience count 2
Iter: 120 | Train Loss: 0.1735844761133194, Train Acc: 0.0, Train Grad Norm 1.4208673238754272, | Test Loss: 0.14598898589611053, Test Acc: 0.0, Test Grad Norm: 1.147860050201416 | Elapsed Time: 128.08735132217407
Patience count 3
Iter: 140 | Train Loss: 0.0591275691986084, Train Acc: 0.0, Train Grad Norm 0.12513405084609985, | Test Loss: 0.2538941502571106, Test Acc: 0.0, Test Grad Norm: 9.029601097106934 | Elapsed Time: 149.36132764816284
Iter: 160 | Train Loss: 0.14010243117809296, Train Acc: 0.0, Train Grad Norm 0.675008237361908, | Test Loss: 1.0025441646575928, Test Acc: 0.0, Test Grad Norm: 55.21096420288086 | Elapsed Time: 170.7801592350006
Patience count 1
Iter: 180 | Train Loss: 0.10048726946115494, Train Acc: 0.0, Train Grad Norm 0.5905265808105469, | Test Loss: 0.6223167181015015, Test Acc: 0.0, Test Grad Norm: 31.172597885131836 | Elapsed Time: 192.09182572364807
Patience count 2
Iter: 200 | Train Loss: 0.16309072077274323, Train Acc: 0.0, Train Grad Norm 0.7857789397239685, | Test Loss: 0.6838913559913635, Test Acc: 0.0, Test Grad Norm: 26.350923538208008 | Elapsed Time: 213.4460551738739
Patience count 3
Iter: 220 | Train Loss: 0.1905791461467743, Train Acc: 0.0, Train Grad Norm 0.8857400417327881, | Test Loss: 0.9029906392097473, Test Acc: 0.0, Test Grad Norm: 39.81999206542969 | Elapsed Time: 234.75299310684204
Patience count 4
Iter: 240 | Train Loss: 0.19512207806110382, Train Acc: 0.0, Train Grad Norm 0.9600383639335632, | Test Loss: 1.090002179145813, Test Acc: 0.0, Test Grad Norm: 54.84906005859375 | Elapsed Time: 256.2342574596405
Patience count 5
Iter: 260 | Train Loss: 0.2515468895435333, Train Acc: 0.0, Train Grad Norm 1.115950345993042, | Test Loss: 1.7755491733551025, Test Acc: 0.0, Test Grad Norm: 100.43281555175781 | Elapsed Time: 277.53897309303284
Learning was stopped
Learning rate eta = 0.25
The size of local train datasets:  [1652, 1652, 1651, 1651, 1651, 1651, 1651, 1651, 1651, 1651]
Shuffling 16520 1.8 -DP local randomizers results is (eps,  1e-08 )-DP in the shuffle model for eps between 0.1263707785001379 and 0.12923354694512484
The final epsilon, delta is ( 26.93146250530808 , 1e-05 )
Iter: 0 | Train Loss: 1.062459945678711, Train Acc: 0.0, Train Grad Norm 26.872825622558594, | Test Loss: 1.2209653854370117, Test Acc: 0.0, Test Grad Norm: 37.23039245605469
Iter: 20 | Train Loss: 0.743397057056427, Train Acc: 0.0, Train Grad Norm 17.799434661865234, | Test Loss: 0.9928792119026184, Test Acc: 0.0, Test Grad Norm: 29.39520263671875 | Elapsed Time: 21.359699010849
Iter: 40 | Train Loss: 0.5651814341545105, Train Acc: 0.0, Train Grad Norm 13.262989044189453, | Test Loss: 0.9540490508079529, Test Acc: 0.0, Test Grad Norm: 30.93488883972168 | Elapsed Time: 42.770174980163574
Iter: 60 | Train Loss: 0.374318391084671, Train Acc: 0.0, Train Grad Norm 8.447978019714355, | Test Loss: 0.6623849868774414, Test Acc: 0.0, Test Grad Norm: 20.769479751586914 | Elapsed Time: 64.15460634231567
Iter: 80 | Train Loss: 0.23176348209381104, Train Acc: 0.0, Train Grad Norm 4.3939208984375, | Test Loss: 0.5212002396583557, Test Acc: 0.0, Test Grad Norm: 15.864112854003906 | Elapsed Time: 85.43752765655518
Iter: 100 | Train Loss: 0.16515585780143738, Train Acc: 0.0, Train Grad Norm 2.354191780090332, | Test Loss: 0.4686606228351593, Test Acc: 0.0, Test Grad Norm: 12.055398941040039 | Elapsed Time: 106.79933166503906
Iter: 120 | Train Loss: 0.11275218427181244, Train Acc: 0.0, Train Grad Norm 1.1249176263809204, | Test Loss: 0.33451852202415466, Test Acc: 0.0, Test Grad Norm: 7.7573018074035645 | Elapsed Time: 128.1759421825409
Iter: 140 | Train Loss: 0.08150727301836014, Train Acc: 0.0, Train Grad Norm 0.3194596469402313, | Test Loss: 0.2933725416660309, Test Acc: 0.0, Test Grad Norm: 6.434526443481445 | Elapsed Time: 149.47176146507263
Iter: 160 | Train Loss: 0.1074313148856163, Train Acc: 0.0, Train Grad Norm 0.3873419463634491, | Test Loss: 0.4134797155857086, Test Acc: 0.0, Test Grad Norm: 9.692605972290039 | Elapsed Time: 170.89876341819763
Patience count 1
Iter: 180 | Train Loss: 0.10365251451730728, Train Acc: 0.0, Train Grad Norm 0.3903392553329468, | Test Loss: 0.2940967381000519, Test Acc: 0.0, Test Grad Norm: 5.923005104064941 | Elapsed Time: 192.17794609069824
Patience count 2
Iter: 200 | Train Loss: 0.12314969301223755, Train Acc: 0.0, Train Grad Norm 0.4398879408836365, | Test Loss: 0.44049888849258423, Test Acc: 0.0, Test Grad Norm: 10.266783714294434 | Elapsed Time: 213.5238757133484
Patience count 3
Iter: 220 | Train Loss: 0.1454085260629654, Train Acc: 0.0, Train Grad Norm 0.6181334853172302, | Test Loss: 0.508012592792511, Test Acc: 0.0, Test Grad Norm: 11.509581565856934 | Elapsed Time: 234.89186263084412
Patience count 4
Iter: 240 | Train Loss: 0.16031044721603394, Train Acc: 0.0, Train Grad Norm 0.6433713436126709, | Test Loss: 0.5224634408950806, Test Acc: 0.0, Test Grad Norm: 11.30845832824707 | Elapsed Time: 256.2944927215576
Patience count 5
Iter: 260 | Train Loss: 0.16390211880207062, Train Acc: 0.0, Train Grad Norm 0.6392970085144043, | Test Loss: 0.5630080103874207, Test Acc: 0.0, Test Grad Norm: 13.122734069824219 | Elapsed Time: 277.5955379009247
Learning was stopped
Learning rate eta = 0.125
The size of local train datasets:  [1652, 1652, 1651, 1651, 1651, 1651, 1651, 1651, 1651, 1651]
Shuffling 16520 1.8 -DP local randomizers results is (eps,  1e-08 )-DP in the shuffle model for eps between 0.1263707785001379 and 0.12923354694512484
The final epsilon, delta is ( 26.93146250530808 , 1e-05 )
Iter: 0 | Train Loss: 1.062459945678711, Train Acc: 0.0, Train Grad Norm 26.872825622558594, | Test Loss: 1.2209653854370117, Test Acc: 0.0, Test Grad Norm: 37.23039245605469
Iter: 20 | Train Loss: 0.8803842067718506, Train Acc: 0.0, Train Grad Norm 21.90668296813965, | Test Loss: 1.0546159744262695, Test Acc: 0.0, Test Grad Norm: 32.339576721191406 | Elapsed Time: 21.440062522888184
Iter: 40 | Train Loss: 0.7023775577545166, Train Acc: 0.0, Train Grad Norm 17.509593963623047, | Test Loss: 0.8385362029075623, Test Acc: 0.0, Test Grad Norm: 25.527097702026367 | Elapsed Time: 42.7506468296051
Iter: 60 | Train Loss: 0.5526652336120605, Train Acc: 0.0, Train Grad Norm 13.568998336791992, | Test Loss: 0.6606087684631348, Test Acc: 0.0, Test Grad Norm: 19.731687545776367 | Elapsed Time: 64.11911177635193
Iter: 80 | Train Loss: 0.43854185938835144, Train Acc: 0.0, Train Grad Norm 10.760965347290039, | Test Loss: 0.5716166496276855, Test Acc: 0.0, Test Grad Norm: 17.502822875976562 | Elapsed Time: 85.43761086463928
Iter: 100 | Train Loss: 0.33520370721817017, Train Acc: 0.0, Train Grad Norm 8.23553466796875, | Test Loss: 0.4704059660434723, Test Acc: 0.0, Test Grad Norm: 13.985092163085938 | Elapsed Time: 106.80758333206177
Iter: 120 | Train Loss: 0.2770713269710541, Train Acc: 0.0, Train Grad Norm 6.526805877685547, | Test Loss: 0.3935765326023102, Test Acc: 0.0, Test Grad Norm: 11.036954879760742 | Elapsed Time: 128.20715808868408
Iter: 140 | Train Loss: 0.20285795629024506, Train Acc: 0.0, Train Grad Norm 4.429479122161865, | Test Loss: 0.2927580773830414, Test Acc: 0.0, Test Grad Norm: 7.5749945640563965 | Elapsed Time: 149.51116490364075
Iter: 160 | Train Loss: 0.13054032623767853, Train Acc: 0.0, Train Grad Norm 2.5496792793273926, | Test Loss: 0.17332018911838531, Test Acc: 0.0, Test Grad Norm: 4.072329044342041 | Elapsed Time: 170.95147132873535
Iter: 180 | Train Loss: 0.09077320247888565, Train Acc: 0.0, Train Grad Norm 1.5652449131011963, | Test Loss: 0.11783121526241302, Test Acc: 0.0, Test Grad Norm: 2.500004768371582 | Elapsed Time: 192.25209712982178
Iter: 200 | Train Loss: 0.06779889017343521, Train Acc: 0.0, Train Grad Norm 0.8996898531913757, | Test Loss: 0.094590924680233, Test Acc: 0.0, Test Grad Norm: 1.73172128200531 | Elapsed Time: 213.62169885635376
Iter: 220 | Train Loss: 0.058618661016225815, Train Acc: 0.0, Train Grad Norm 0.5918552875518799, | Test Loss: 0.07510912418365479, Test Acc: 0.0, Test Grad Norm: 1.123072624206543 | Elapsed Time: 235.00614762306213
Iter: 240 | Train Loss: 0.05095604434609413, Train Acc: 0.0, Train Grad Norm 0.37010809779167175, | Test Loss: 0.06456083059310913, Test Acc: 0.0, Test Grad Norm: 0.7497341632843018 | Elapsed Time: 256.4030885696411
Iter: 260 | Train Loss: 0.04133633151650429, Train Acc: 0.0, Train Grad Norm 0.16053451597690582, | Test Loss: 0.051840610802173615, Test Acc: 0.0, Test Grad Norm: 0.39604371786117554 | Elapsed Time: 277.7597258090973
Iter: 280 | Train Loss: 0.04113038629293442, Train Acc: 0.0, Train Grad Norm 0.12697765231132507, | Test Loss: 0.055439189076423645, Test Acc: 0.0, Test Grad Norm: 0.42289820313453674 | Elapsed Time: 299.2584879398346
Iter: 300 | Train Loss: 0.04015977680683136, Train Acc: 0.0, Train Grad Norm 0.07208866626024246, | Test Loss: 0.05928530544042587, Test Acc: 0.0, Test Grad Norm: 0.43780872225761414 | Elapsed Time: 320.5622184276581
Iter: 320 | Train Loss: 0.03744537755846977, Train Acc: 0.0, Train Grad Norm 0.04488804563879967, | Test Loss: 0.05293833091855049, Test Acc: 0.0, Test Grad Norm: 0.31768709421157837 | Elapsed Time: 341.9068810939789
Iter: 340 | Train Loss: 0.03360188379883766, Train Acc: 0.0, Train Grad Norm 0.02674286626279354, | Test Loss: 0.049576710909605026, Test Acc: 0.0, Test Grad Norm: 0.2876496911048889 | Elapsed Time: 363.421599149704
Iter: 360 | Train Loss: 0.03774325177073479, Train Acc: 0.0, Train Grad Norm 0.03368021547794342, | Test Loss: 0.06387560069561005, Test Acc: 0.0, Test Grad Norm: 0.44312331080436707 | Elapsed Time: 384.7263162136078
Patience count 1
Iter: 380 | Train Loss: 0.03369823843240738, Train Acc: 0.0, Train Grad Norm 0.013777248561382294, | Test Loss: 0.04986271634697914, Test Acc: 0.0, Test Grad Norm: 0.29417717456817627 | Elapsed Time: 406.1142508983612
Iter: 400 | Train Loss: 0.032100919634103775, Train Acc: 0.0, Train Grad Norm 0.006998361553996801, | Test Loss: 0.039626918733119965, Test Acc: 0.0, Test Grad Norm: 0.13685725629329681 | Elapsed Time: 427.5324227809906
Iter: 420 | Train Loss: 0.03323690593242645, Train Acc: 0.0, Train Grad Norm 0.018816253170371056, | Test Loss: 0.03393854200839996, Test Acc: 0.0, Test Grad Norm: 0.035142429172992706 | Elapsed Time: 448.8877830505371
Iter: 440 | Train Loss: 0.03256726264953613, Train Acc: 0.0, Train Grad Norm 0.025722894817590714, | Test Loss: 0.03209766745567322, Test Acc: 0.0, Test Grad Norm: 0.02428579144179821 | Elapsed Time: 470.1911964416504
Iter: 460 | Train Loss: 0.032954130321741104, Train Acc: 0.0, Train Grad Norm 0.015662701800465584, | Test Loss: 0.032335709780454636, Test Acc: 0.0, Test Grad Norm: 0.015949472784996033 | Elapsed Time: 491.5717957019806
Iter: 480 | Train Loss: 0.03221368417143822, Train Acc: 0.0, Train Grad Norm 0.012861177325248718, | Test Loss: 0.03187353536486626, Test Acc: 0.0, Test Grad Norm: 0.024173259735107422 | Elapsed Time: 512.974856376648
Iter: 500 | Train Loss: 0.03213614970445633, Train Acc: 0.0, Train Grad Norm 0.0038486516568809748, | Test Loss: 0.03206703066825867, Test Acc: 0.0, Test Grad Norm: 0.01191659364849329 | Elapsed Time: 534.3492023944855
Running with c=3, seed=1
GPU Not Enabled
Learning rate eta = 1.0
The size of local train datasets:  [1652, 1652, 1651, 1651, 1651, 1651, 1651, 1651, 1651, 1651]
Shuffling 16520 1.8 -DP local randomizers results is (eps,  1e-08 )-DP in the shuffle model for eps between 0.1263707785001379 and 0.12923354694512484
The final epsilon, delta is ( 26.93146250530808 , 1e-05 )
Iter: 0 | Train Loss: 1.062459945678711, Train Acc: 0.0, Train Grad Norm 26.872825622558594, | Test Loss: 1.2209653854370117, Test Acc: 0.0, Test Grad Norm: 37.23039245605469
Iter: 20 | Train Loss: 0.16978062689304352, Train Acc: 0.0, Train Grad Norm 2.674898386001587, | Test Loss: 0.23677648603916168, Test Acc: 0.0, Test Grad Norm: 5.650708198547363 | Elapsed Time: 21.262381076812744
Iter: 40 | Train Loss: 0.07142682373523712, Train Acc: 0.0, Train Grad Norm 0.23253418505191803, | Test Loss: 0.1375800520181656, Test Acc: 0.0, Test Grad Norm: 2.1048216819763184 | Elapsed Time: 42.54625344276428
Iter: 60 | Train Loss: 0.11720666289329529, Train Acc: 0.0, Train Grad Norm 0.5435082912445068, | Test Loss: 0.18119080364704132, Test Acc: 0.0, Test Grad Norm: 4.54940128326416 | Elapsed Time: 63.89196467399597
Patience count 1
Iter: 80 | Train Loss: 0.23473665118217468, Train Acc: 0.0, Train Grad Norm 1.395645260810852, | Test Loss: 0.26694750785827637, Test Acc: 0.0, Test Grad Norm: 5.951562881469727 | Elapsed Time: 85.19400787353516
Patience count 2
Iter: 100 | Train Loss: 0.12381647527217865, Train Acc: 0.0, Train Grad Norm 0.3028331995010376, | Test Loss: 0.11896684765815735, Test Acc: 0.0, Test Grad Norm: 0.33423107862472534 | Elapsed Time: 106.45767569541931
Patience count 3
Iter: 120 | Train Loss: 0.2548188269138336, Train Acc: 0.0, Train Grad Norm 2.47269344329834, | Test Loss: 0.23760545253753662, Test Acc: 0.0, Test Grad Norm: 3.3611185550689697 | Elapsed Time: 127.71614837646484
Patience count 4
Iter: 140 | Train Loss: 0.30041566491127014, Train Acc: 0.0, Train Grad Norm 2.632812023162842, | Test Loss: 1.3506211042404175, Test Acc: 0.0, Test Grad Norm: 139.5526123046875 | Elapsed Time: 149.05192708969116
Patience count 5
Iter: 160 | Train Loss: 0.3559192717075348, Train Acc: 0.0, Train Grad Norm 2.5975770950317383, | Test Loss: 1.7008916139602661, Test Acc: 0.0, Test Grad Norm: 146.9120635986328 | Elapsed Time: 170.2765338420868
Learning was stopped
Learning rate eta = 0.5
The size of local train datasets:  [1652, 1652, 1651, 1651, 1651, 1651, 1651, 1651, 1651, 1651]
Shuffling 16520 1.8 -DP local randomizers results is (eps,  1e-08 )-DP in the shuffle model for eps between 0.1263707785001379 and 0.12923354694512484
The final epsilon, delta is ( 26.93146250530808 , 1e-05 )
Iter: 0 | Train Loss: 1.062459945678711, Train Acc: 0.0, Train Grad Norm 26.872825622558594, | Test Loss: 1.2209653854370117, Test Acc: 0.0, Test Grad Norm: 37.23039245605469
Iter: 20 | Train Loss: 0.4059208333492279, Train Acc: 0.0, Train Grad Norm 9.174540519714355, | Test Loss: 0.6173298358917236, Test Acc: 0.0, Test Grad Norm: 17.954694747924805 | Elapsed Time: 21.34512734413147
Iter: 40 | Train Loss: 0.17734289169311523, Train Acc: 0.0, Train Grad Norm 2.8236069679260254, | Test Loss: 0.3801937997341156, Test Acc: 0.0, Test Grad Norm: 10.226339340209961 | Elapsed Time: 42.70794081687927
Iter: 60 | Train Loss: 0.10468903928995132, Train Acc: 0.0, Train Grad Norm 0.5958922505378723, | Test Loss: 0.3288644850254059, Test Acc: 0.0, Test Grad Norm: 6.9286789894104 | Elapsed Time: 64.07337999343872
Iter: 80 | Train Loss: 0.0921686440706253, Train Acc: 0.0, Train Grad Norm 0.351929247379303, | Test Loss: 0.3963286280632019, Test Acc: 0.0, Test Grad Norm: 10.153162002563477 | Elapsed Time: 85.36006712913513
Iter: 100 | Train Loss: 0.14955510199069977, Train Acc: 0.0, Train Grad Norm 0.6210429668426514, | Test Loss: 0.6396205425262451, Test Acc: 0.0, Test Grad Norm: 18.310691833496094 | Elapsed Time: 106.79196000099182
Patience count 1
Iter: 120 | Train Loss: 0.124338798224926, Train Acc: 0.0, Train Grad Norm 0.2589470446109772, | Test Loss: 0.49046674370765686, Test Acc: 0.0, Test Grad Norm: 11.22082805633545 | Elapsed Time: 128.0626082420349
Patience count 2
Iter: 140 | Train Loss: 0.1285087615251541, Train Acc: 0.0, Train Grad Norm 0.4914790689945221, | Test Loss: 0.6483199596405029, Test Acc: 0.0, Test Grad Norm: 18.4713134765625 | Elapsed Time: 149.41817045211792
Patience count 3
Iter: 160 | Train Loss: 0.12773311138153076, Train Acc: 0.0, Train Grad Norm 0.3843434154987335, | Test Loss: 0.6582197546958923, Test Acc: 0.0, Test Grad Norm: 19.816261291503906 | Elapsed Time: 170.81669116020203
Patience count 4
Iter: 180 | Train Loss: 0.11334364116191864, Train Acc: 0.0, Train Grad Norm 0.24776382744312286, | Test Loss: 0.6149640679359436, Test Acc: 0.0, Test Grad Norm: 18.88928985595703 | Elapsed Time: 192.1780128479004
Patience count 5
Iter: 200 | Train Loss: 0.18790750205516815, Train Acc: 0.0, Train Grad Norm 0.9520728588104248, | Test Loss: 1.3074699640274048, Test Acc: 0.0, Test Grad Norm: 54.45204162597656 | Elapsed Time: 213.4810106754303
Learning was stopped
Learning rate eta = 0.25
The size of local train datasets:  [1652, 1652, 1651, 1651, 1651, 1651, 1651, 1651, 1651, 1651]
Shuffling 16520 1.8 -DP local randomizers results is (eps,  1e-08 )-DP in the shuffle model for eps between 0.1263707785001379 and 0.12923354694512484
The final epsilon, delta is ( 26.93146250530808 , 1e-05 )
Iter: 0 | Train Loss: 1.062459945678711, Train Acc: 0.0, Train Grad Norm 26.872825622558594, | Test Loss: 1.2209653854370117, Test Acc: 0.0, Test Grad Norm: 37.23039245605469
Iter: 20 | Train Loss: 0.7185421586036682, Train Acc: 0.0, Train Grad Norm 17.8859806060791, | Test Loss: 0.9470158815383911, Test Acc: 0.0, Test Grad Norm: 31.35273551940918 | Elapsed Time: 21.446024179458618
Iter: 40 | Train Loss: 0.4329170882701874, Train Acc: 0.0, Train Grad Norm 10.49360466003418, | Test Loss: 0.5386236310005188, Test Acc: 0.0, Test Grad Norm: 16.917503356933594 | Elapsed Time: 42.75257444381714
Iter: 60 | Train Loss: 0.25715452432632446, Train Acc: 0.0, Train Grad Norm 5.536707878112793, | Test Loss: 0.2988746166229248, Test Acc: 0.0, Test Grad Norm: 8.376927375793457 | Elapsed Time: 64.04382276535034
Iter: 80 | Train Loss: 0.14913423359394073, Train Acc: 0.0, Train Grad Norm 2.7465004920959473, | Test Loss: 0.1759844869375229, Test Acc: 0.0, Test Grad Norm: 4.436976909637451 | Elapsed Time: 85.41351413726807
Iter: 100 | Train Loss: 0.08342798054218292, Train Acc: 0.0, Train Grad Norm 1.0745705366134644, | Test Loss: 0.10984114557504654, Test Acc: 0.0, Test Grad Norm: 2.2584939002990723 | Elapsed Time: 106.80494260787964
Iter: 120 | Train Loss: 0.05576617643237114, Train Acc: 0.0, Train Grad Norm 0.3200039863586426, | Test Loss: 0.09160713851451874, Test Acc: 0.0, Test Grad Norm: 1.4952949285507202 | Elapsed Time: 128.12969517707825
Iter: 140 | Train Loss: 0.058681637048721313, Train Acc: 0.0, Train Grad Norm 0.08124538511037827, | Test Loss: 0.11709416657686234, Test Acc: 0.0, Test Grad Norm: 1.496841549873352 | Elapsed Time: 149.43114018440247
Patience count 1
Iter: 160 | Train Loss: 0.06377360969781876, Train Acc: 0.0, Train Grad Norm 0.07872983068227768, | Test Loss: 0.1261497437953949, Test Acc: 0.0, Test Grad Norm: 1.470550298690796 | Elapsed Time: 170.88963198661804
Patience count 2
Iter: 180 | Train Loss: 0.07323949038982391, Train Acc: 0.0, Train Grad Norm 0.13256102800369263, | Test Loss: 0.10324007272720337, Test Acc: 0.0, Test Grad Norm: 0.8198855519294739 | Elapsed Time: 192.20741605758667
Patience count 3
Iter: 200 | Train Loss: 0.07125703990459442, Train Acc: 0.0, Train Grad Norm 0.09851592779159546, | Test Loss: 0.15122364461421967, Test Acc: 0.0, Test Grad Norm: 1.6963576078414917 | Elapsed Time: 213.61708045005798
Patience count 4
Iter: 220 | Train Loss: 0.07055260986089706, Train Acc: 0.0, Train Grad Norm 0.07742608338594437, | Test Loss: 0.1380458027124405, Test Acc: 0.0, Test Grad Norm: 1.535074234008789 | Elapsed Time: 235.01924848556519
Patience count 5
Iter: 240 | Train Loss: 0.08272340893745422, Train Acc: 0.0, Train Grad Norm 0.1260608583688736, | Test Loss: 0.18086789548397064, Test Acc: 0.0, Test Grad Norm: 2.0438010692596436 | Elapsed Time: 256.41843819618225
Learning was stopped
Learning rate eta = 0.125
The size of local train datasets:  [1652, 1652, 1651, 1651, 1651, 1651, 1651, 1651, 1651, 1651]
Shuffling 16520 1.8 -DP local randomizers results is (eps,  1e-08 )-DP in the shuffle model for eps between 0.1263707785001379 and 0.12923354694512484
The final epsilon, delta is ( 26.93146250530808 , 1e-05 )
Iter: 0 | Train Loss: 1.062459945678711, Train Acc: 0.0, Train Grad Norm 26.872825622558594, | Test Loss: 1.2209653854370117, Test Acc: 0.0, Test Grad Norm: 37.23039245605469
Iter: 20 | Train Loss: 0.8375157117843628, Train Acc: 0.0, Train Grad Norm 20.780014038085938, | Test Loss: 1.020963191986084, Test Acc: 0.0, Test Grad Norm: 31.57288932800293 | Elapsed Time: 21.29289484024048
Iter: 40 | Train Loss: 0.6502456068992615, Train Acc: 0.0, Train Grad Norm 15.807574272155762, | Test Loss: 0.8250927329063416, Test Acc: 0.0, Test Grad Norm: 25.57527732849121 | Elapsed Time: 42.70899415016174
Iter: 60 | Train Loss: 0.5090759992599487, Train Acc: 0.0, Train Grad Norm 12.29774284362793, | Test Loss: 0.6776149868965149, Test Acc: 0.0, Test Grad Norm: 20.842958450317383 | Elapsed Time: 64.07806134223938
Iter: 80 | Train Loss: 0.37691304087638855, Train Acc: 0.0, Train Grad Norm 9.097922325134277, | Test Loss: 0.5374281406402588, Test Acc: 0.0, Test Grad Norm: 16.878841400146484 | Elapsed Time: 85.3906261920929
Iter: 100 | Train Loss: 0.2688247859477997, Train Acc: 0.0, Train Grad Norm 6.067071437835693, | Test Loss: 0.42072269320487976, Test Acc: 0.0, Test Grad Norm: 12.538110733032227 | Elapsed Time: 106.6954698562622
Iter: 120 | Train Loss: 0.18131023645401, Train Acc: 0.0, Train Grad Norm 3.7644495964050293, | Test Loss: 0.28968530893325806, Test Acc: 0.0, Test Grad Norm: 8.310564041137695 | Elapsed Time: 128.07358312606812
Iter: 140 | Train Loss: 0.14117905497550964, Train Acc: 0.0, Train Grad Norm 2.6601860523223877, | Test Loss: 0.25539103150367737, Test Acc: 0.0, Test Grad Norm: 6.995707988739014 | Elapsed Time: 149.3970193862915
Iter: 160 | Train Loss: 0.09036457538604736, Train Acc: 0.0, Train Grad Norm 1.3598092794418335, | Test Loss: 0.17099851369857788, Test Acc: 0.0, Test Grad Norm: 4.204763889312744 | Elapsed Time: 170.71475338935852
Iter: 180 | Train Loss: 0.06826772540807724, Train Acc: 0.0, Train Grad Norm 0.8080841302871704, | Test Loss: 0.10580425709486008, Test Acc: 0.0, Test Grad Norm: 2.295356273651123 | Elapsed Time: 192.12486600875854
Iter: 200 | Train Loss: 0.05769345536828041, Train Acc: 0.0, Train Grad Norm 0.4695059657096863, | Test Loss: 0.09190543740987778, Test Acc: 0.0, Test Grad Norm: 1.7812873125076294 | Elapsed Time: 213.4330644607544
Iter: 220 | Train Loss: 0.05529676750302315, Train Acc: 0.0, Train Grad Norm 0.28748756647109985, | Test Loss: 0.09848730266094208, Test Acc: 0.0, Test Grad Norm: 1.6914498805999756 | Elapsed Time: 234.75704264640808
Iter: 240 | Train Loss: 0.04722726345062256, Train Acc: 0.0, Train Grad Norm 0.18901526927947998, | Test Loss: 0.07530514150857925, Test Acc: 0.0, Test Grad Norm: 1.0935806035995483 | Elapsed Time: 256.1410846710205
Iter: 260 | Train Loss: 0.0458841435611248, Train Acc: 0.0, Train Grad Norm 0.16000314056873322, | Test Loss: 0.07357470691204071, Test Acc: 0.0, Test Grad Norm: 1.0744327306747437 | Elapsed Time: 277.47179198265076
Iter: 280 | Train Loss: 0.038355980068445206, Train Acc: 0.0, Train Grad Norm 0.06647530943155289, | Test Loss: 0.048139672726392746, Test Acc: 0.0, Test Grad Norm: 0.42012524604797363 | Elapsed Time: 298.8160638809204
Iter: 300 | Train Loss: 0.03398089110851288, Train Acc: 0.0, Train Grad Norm 0.02873244695365429, | Test Loss: 0.03479538857936859, Test Acc: 0.0, Test Grad Norm: 0.07274606078863144 | Elapsed Time: 320.24150466918945
Iter: 320 | Train Loss: 0.032171580940485, Train Acc: 0.0, Train Grad Norm 0.03564359247684479, | Test Loss: 0.03676103800535202, Test Acc: 0.0, Test Grad Norm: 0.20247630774974823 | Elapsed Time: 341.5856614112854
Iter: 340 | Train Loss: 0.02951948717236519, Train Acc: 0.0, Train Grad Norm 0.004093448165804148, | Test Loss: 0.03034932166337967, Test Acc: 0.0, Test Grad Norm: 0.023783905431628227 | Elapsed Time: 362.94694566726685
Iter: 360 | Train Loss: 0.028789155185222626, Train Acc: 0.0, Train Grad Norm 0.004954420030117035, | Test Loss: 0.029311183840036392, Test Acc: 0.0, Test Grad Norm: 0.01632794924080372 | Elapsed Time: 384.37951278686523
Iter: 380 | Train Loss: 0.029230473563075066, Train Acc: 0.0, Train Grad Norm 0.008950795978307724, | Test Loss: 0.02941811829805374, Test Acc: 0.0, Test Grad Norm: 0.005246980581432581 | Elapsed Time: 405.69809007644653
Iter: 400 | Train Loss: 0.02877051569521427, Train Acc: 0.0, Train Grad Norm 0.006310608703643084, | Test Loss: 0.029186641797423363, Test Acc: 0.0, Test Grad Norm: 0.004846083465963602 | Elapsed Time: 427.0411834716797
Iter: 420 | Train Loss: 0.030366647988557816, Train Acc: 0.0, Train Grad Norm 0.006579205393791199, | Test Loss: 0.038630563765764236, Test Acc: 0.0, Test Grad Norm: 0.21770890057086945 | Elapsed Time: 448.48368883132935
Patience count 1
Iter: 440 | Train Loss: 0.03192034363746643, Train Acc: 0.0, Train Grad Norm 0.008686402812600136, | Test Loss: 0.042051762342453, Test Acc: 0.0, Test Grad Norm: 0.25754380226135254 | Elapsed Time: 469.87045526504517
Patience count 2
Iter: 460 | Train Loss: 0.03225262463092804, Train Acc: 0.0, Train Grad Norm 0.00781749002635479, | Test Loss: 0.04098525270819664, Test Acc: 0.0, Test Grad Norm: 0.19518214464187622 | Elapsed Time: 491.1827037334442
Patience count 3
Iter: 480 | Train Loss: 0.03255569934844971, Train Acc: 0.0, Train Grad Norm 0.010537678375840187, | Test Loss: 0.04499980807304382, Test Acc: 0.0, Test Grad Norm: 0.27664411067962646 | Elapsed Time: 512.5066170692444
Patience count 4
Iter: 500 | Train Loss: 0.03322811797261238, Train Acc: 0.0, Train Grad Norm 0.018529783934354782, | Test Loss: 0.04237934947013855, Test Acc: 0.0, Test Grad Norm: 0.16274331510066986 | Elapsed Time: 534.0043654441833
Patience count 5
Running with c=10, seed=1
GPU Not Enabled
Learning rate eta = 1.0
The size of local train datasets:  [1652, 1652, 1651, 1651, 1651, 1651, 1651, 1651, 1651, 1651]
Shuffling 16520 1.8 -DP local randomizers results is (eps,  1e-08 )-DP in the shuffle model for eps between 0.1263707785001379 and 0.12923354694512484
The final epsilon, delta is ( 26.93146250530808 , 1e-05 )
Iter: 0 | Train Loss: 1.062459945678711, Train Acc: 0.0, Train Grad Norm 26.872825622558594, | Test Loss: 1.2209653854370117, Test Acc: 0.0, Test Grad Norm: 37.23039245605469
Iter: 20 | Train Loss: 0.08616270124912262, Train Acc: 0.0, Train Grad Norm 1.2004820108413696, | Test Loss: 0.08092653006315231, Test Acc: 0.0, Test Grad Norm: 1.2893798351287842 | Elapsed Time: 21.780685424804688
Iter: 40 | Train Loss: 0.06401622295379639, Train Acc: 0.0, Train Grad Norm 0.120010606944561, | Test Loss: 0.08966800570487976, Test Acc: 0.0, Test Grad Norm: 1.0918591022491455 | Elapsed Time: 43.51617932319641
Iter: 60 | Train Loss: 0.04445723444223404, Train Acc: 0.0, Train Grad Norm 0.06453155726194382, | Test Loss: 0.06579992920160294, Test Acc: 0.0, Test Grad Norm: 0.336399644613266 | Elapsed Time: 65.38479733467102
Iter: 80 | Train Loss: 0.06745436042547226, Train Acc: 0.0, Train Grad Norm 0.1837557703256607, | Test Loss: 0.06621777266263962, Test Acc: 0.0, Test Grad Norm: 0.2134847640991211 | Elapsed Time: 87.1535632610321
Patience count 1
Iter: 100 | Train Loss: 0.05908560752868652, Train Acc: 0.0, Train Grad Norm 0.05935003608465195, | Test Loss: 0.0944511741399765, Test Acc: 0.0, Test Grad Norm: 0.6441395878791809 | Elapsed Time: 108.96289873123169
Patience count 2
Iter: 120 | Train Loss: 0.11591117829084396, Train Acc: 0.0, Train Grad Norm 0.5454682111740112, | Test Loss: 0.19966264069080353, Test Acc: 0.0, Test Grad Norm: 2.9915430545806885 | Elapsed Time: 130.7125527858734
Patience count 3
Iter: 140 | Train Loss: 0.10600252449512482, Train Acc: 0.0, Train Grad Norm 0.19031170010566711, | Test Loss: 0.3676644265651703, Test Acc: 0.0, Test Grad Norm: 7.116492748260498 | Elapsed Time: 152.60728073120117
Patience count 4
Iter: 160 | Train Loss: 0.1889582723379135, Train Acc: 0.0, Train Grad Norm 1.2685742378234863, | Test Loss: 0.8900414109230042, Test Acc: 0.0, Test Grad Norm: 26.26759910583496 | Elapsed Time: 174.48585987091064
Patience count 5
Iter: 180 | Train Loss: 0.18788668513298035, Train Acc: 0.0, Train Grad Norm 0.4430745542049408, | Test Loss: 0.6671946048736572, Test Acc: 0.0, Test Grad Norm: 17.639434814453125 | Elapsed Time: 196.26426768302917
Learning was stopped
Learning rate eta = 0.5
The size of local train datasets:  [1652, 1652, 1651, 1651, 1651, 1651, 1651, 1651, 1651, 1651]
Shuffling 16520 1.8 -DP local randomizers results is (eps,  1e-08 )-DP in the shuffle model for eps between 0.1263707785001379 and 0.12923354694512484
The final epsilon, delta is ( 26.93146250530808 , 1e-05 )
Iter: 0 | Train Loss: 1.062459945678711, Train Acc: 0.0, Train Grad Norm 26.872825622558594, | Test Loss: 1.2209653854370117, Test Acc: 0.0, Test Grad Norm: 37.23039245605469
Iter: 20 | Train Loss: 0.4465702772140503, Train Acc: 0.0, Train Grad Norm 11.046175003051758, | Test Loss: 0.4906179904937744, Test Acc: 0.0, Test Grad Norm: 13.825055122375488 | Elapsed Time: 21.945539951324463
Iter: 40 | Train Loss: 0.15735352039337158, Train Acc: 0.0, Train Grad Norm 3.23465633392334, | Test Loss: 0.2810232937335968, Test Acc: 0.0, Test Grad Norm: 8.969130516052246 | Elapsed Time: 43.7566499710083
Iter: 60 | Train Loss: 0.0745171308517456, Train Acc: 0.0, Train Grad Norm 0.8799130916595459, | Test Loss: 0.11691755056381226, Test Acc: 0.0, Test Grad Norm: 2.826096773147583 | Elapsed Time: 65.6416699886322
Iter: 80 | Train Loss: 0.04818417876958847, Train Acc: 0.0, Train Grad Norm 0.10537457466125488, | Test Loss: 0.14352552592754364, Test Acc: 0.0, Test Grad Norm: 3.2654359340667725 | Elapsed Time: 87.52478384971619
Iter: 100 | Train Loss: 0.045974940061569214, Train Acc: 0.0, Train Grad Norm 0.11764448136091232, | Test Loss: 0.1231275424361229, Test Acc: 0.0, Test Grad Norm: 2.980534791946411 | Elapsed Time: 109.32346796989441
Iter: 120 | Train Loss: 0.06173836067318916, Train Acc: 0.0, Train Grad Norm 0.19301477074623108, | Test Loss: 0.26645201444625854, Test Acc: 0.0, Test Grad Norm: 8.27795124053955 | Elapsed Time: 131.12796449661255
Patience count 1
Iter: 140 | Train Loss: 0.04792867228388786, Train Acc: 0.0, Train Grad Norm 0.032538387924432755, | Test Loss: 0.11724399775266647, Test Acc: 0.0, Test Grad Norm: 2.3296666145324707 | Elapsed Time: 153.1042869091034
Iter: 160 | Train Loss: 0.05382956191897392, Train Acc: 0.0, Train Grad Norm 0.10012531280517578, | Test Loss: 0.1892593950033188, Test Acc: 0.0, Test Grad Norm: 4.685189723968506 | Elapsed Time: 174.9034128189087
Patience count 2
Iter: 180 | Train Loss: 0.06256195157766342, Train Acc: 0.0, Train Grad Norm 0.09057579934597015, | Test Loss: 0.21281301975250244, Test Acc: 0.0, Test Grad Norm: 4.65444278717041 | Elapsed Time: 196.83584570884705
Patience count 3
Iter: 200 | Train Loss: 0.06603391468524933, Train Acc: 0.0, Train Grad Norm 0.09226880967617035, | Test Loss: 0.15814436972141266, Test Acc: 0.0, Test Grad Norm: 3.363976001739502 | Elapsed Time: 218.75388741493225
Patience count 4
Iter: 220 | Train Loss: 0.08468908071517944, Train Acc: 0.0, Train Grad Norm 0.13668055832386017, | Test Loss: 0.17149317264556885, Test Acc: 0.0, Test Grad Norm: 2.885267734527588 | Elapsed Time: 240.60350489616394
Patience count 5
Iter: 240 | Train Loss: 0.07500507682561874, Train Acc: 0.0, Train Grad Norm 0.09728163480758667, | Test Loss: 0.13914313912391663, Test Acc: 0.0, Test Grad Norm: 2.020246744155884 | Elapsed Time: 262.4151062965393
Learning was stopped
Learning rate eta = 0.25
The size of local train datasets:  [1652, 1652, 1651, 1651, 1651, 1651, 1651, 1651, 1651, 1651]
Shuffling 16520 1.8 -DP local randomizers results is (eps,  1e-08 )-DP in the shuffle model for eps between 0.1263707785001379 and 0.12923354694512484
The final epsilon, delta is ( 26.93146250530808 , 1e-05 )
Iter: 0 | Train Loss: 1.062459945678711, Train Acc: 0.0, Train Grad Norm 26.872825622558594, | Test Loss: 1.2209653854370117, Test Acc: 0.0, Test Grad Norm: 37.23039245605469
Iter: 20 | Train Loss: 0.7333572506904602, Train Acc: 0.0, Train Grad Norm 17.980422973632812, | Test Loss: 0.9305503368377686, Test Acc: 0.0, Test Grad Norm: 27.86684226989746 | Elapsed Time: 21.942155838012695
Iter: 40 | Train Loss: 0.4585062265396118, Train Acc: 0.0, Train Grad Norm 11.224832534790039, | Test Loss: 0.5691490173339844, Test Acc: 0.0, Test Grad Norm: 16.98967742919922 | Elapsed Time: 43.80395722389221
Iter: 60 | Train Loss: 0.26857781410217285, Train Acc: 0.0, Train Grad Norm 6.222830772399902, | Test Loss: 0.34431326389312744, Test Acc: 0.0, Test Grad Norm: 9.807276725769043 | Elapsed Time: 65.6191976070404
Iter: 80 | Train Loss: 0.16664813458919525, Train Acc: 0.0, Train Grad Norm 3.229228973388672, | Test Loss: 0.2629881799221039, Test Acc: 0.0, Test Grad Norm: 6.75506591796875 | Elapsed Time: 87.57261061668396
Iter: 100 | Train Loss: 0.0862773060798645, Train Acc: 0.0, Train Grad Norm 0.9545279741287231, | Test Loss: 0.16308216750621796, Test Acc: 0.0, Test Grad Norm: 3.1277518272399902 | Elapsed Time: 109.37293791770935
Iter: 120 | Train Loss: 0.06023503839969635, Train Acc: 0.0, Train Grad Norm 0.25896501541137695, | Test Loss: 0.12485790252685547, Test Acc: 0.0, Test Grad Norm: 1.5916565656661987 | Elapsed Time: 131.24005389213562
Iter: 140 | Train Loss: 0.05913817882537842, Train Acc: 0.0, Train Grad Norm 0.09497114270925522, | Test Loss: 0.1561935842037201, Test Acc: 0.0, Test Grad Norm: 2.376943349838257 | Elapsed Time: 153.08144998550415
Iter: 160 | Train Loss: 0.07546547800302505, Train Acc: 0.0, Train Grad Norm 0.3258412480354309, | Test Loss: 0.24871063232421875, Test Acc: 0.0, Test Grad Norm: 5.685671329498291 | Elapsed Time: 175.06708145141602
Patience count 1
Iter: 180 | Train Loss: 0.0749628096818924, Train Acc: 0.0, Train Grad Norm 0.29297417402267456, | Test Loss: 0.24561738967895508, Test Acc: 0.0, Test Grad Norm: 6.200554370880127 | Elapsed Time: 196.89589023590088
Patience count 2
Iter: 200 | Train Loss: 0.05350055545568466, Train Acc: 0.0, Train Grad Norm 0.11736077815294266, | Test Loss: 0.12535648047924042, Test Acc: 0.0, Test Grad Norm: 2.6173923015594482 | Elapsed Time: 218.75340843200684
Iter: 220 | Train Loss: 0.04719113931059837, Train Acc: 0.0, Train Grad Norm 0.019813859835267067, | Test Loss: 0.09403138607740402, Test Acc: 0.0, Test Grad Norm: 1.2442651987075806 | Elapsed Time: 240.6483850479126
Iter: 240 | Train Loss: 0.0402369499206543, Train Acc: 0.0, Train Grad Norm 0.012476867996156216, | Test Loss: 0.09044548124074936, Test Acc: 0.0, Test Grad Norm: 1.3354960680007935 | Elapsed Time: 262.56639790534973
Iter: 260 | Train Loss: 0.04714449122548103, Train Acc: 0.0, Train Grad Norm 0.026930326595902443, | Test Loss: 0.1575508564710617, Test Acc: 0.0, Test Grad Norm: 3.047809362411499 | Elapsed Time: 284.424551486969
Patience count 1
Iter: 280 | Train Loss: 0.050339676439762115, Train Acc: 0.0, Train Grad Norm 0.028184210881590843, | Test Loss: 0.17423966526985168, Test Acc: 0.0, Test Grad Norm: 3.581484317779541 | Elapsed Time: 306.3970923423767
Patience count 2
Iter: 300 | Train Loss: 0.05313434451818466, Train Acc: 0.0, Train Grad Norm 0.03774023801088333, | Test Loss: 0.17205274105072021, Test Acc: 0.0, Test Grad Norm: 3.4694106578826904 | Elapsed Time: 328.2310380935669
Patience count 3
Iter: 320 | Train Loss: 0.04640091583132744, Train Acc: 0.0, Train Grad Norm 0.027330515906214714, | Test Loss: 0.13205939531326294, Test Acc: 0.0, Test Grad Norm: 2.6484310626983643 | Elapsed Time: 350.0698480606079
Patience count 4
Iter: 340 | Train Loss: 0.0460103377699852, Train Acc: 0.0, Train Grad Norm 0.03828810527920723, | Test Loss: 0.14675672352313995, Test Acc: 0.0, Test Grad Norm: 3.381516695022583 | Elapsed Time: 372.0556538105011
Patience count 5
Iter: 360 | Train Loss: 0.04917597025632858, Train Acc: 0.0, Train Grad Norm 0.17816784977912903, | Test Loss: 0.17813387513160706, Test Acc: 0.0, Test Grad Norm: 4.953601360321045 | Elapsed Time: 393.9181625843048
Learning was stopped
Learning rate eta = 0.125
The size of local train datasets:  [1652, 1652, 1651, 1651, 1651, 1651, 1651, 1651, 1651, 1651]
Shuffling 16520 1.8 -DP local randomizers results is (eps,  1e-08 )-DP in the shuffle model for eps between 0.1263707785001379 and 0.12923354694512484
The final epsilon, delta is ( 26.93146250530808 , 1e-05 )
Iter: 0 | Train Loss: 1.062459945678711, Train Acc: 0.0, Train Grad Norm 26.872825622558594, | Test Loss: 1.2209653854370117, Test Acc: 0.0, Test Grad Norm: 37.23039245605469
Iter: 20 | Train Loss: 0.8329178094863892, Train Acc: 0.0, Train Grad Norm 20.890716552734375, | Test Loss: 0.9941896796226501, Test Acc: 0.0, Test Grad Norm: 30.932214736938477 | Elapsed Time: 21.926011085510254
Iter: 40 | Train Loss: 0.6351226568222046, Train Acc: 0.0, Train Grad Norm 15.80390453338623, | Test Loss: 0.7426773905754089, Test Acc: 0.0, Test Grad Norm: 22.162620544433594 | Elapsed Time: 43.85401773452759
Iter: 60 | Train Loss: 0.46255436539649963, Train Acc: 0.0, Train Grad Norm 11.130764961242676, | Test Loss: 0.5536490678787231, Test Acc: 0.0, Test Grad Norm: 16.18518829345703 | Elapsed Time: 65.72183632850647
Iter: 80 | Train Loss: 0.3308265209197998, Train Acc: 0.0, Train Grad Norm 7.662778854370117, | Test Loss: 0.4295358955860138, Test Acc: 0.0, Test Grad Norm: 12.492972373962402 | Elapsed Time: 87.5178337097168
Iter: 100 | Train Loss: 0.2332446575164795, Train Acc: 0.0, Train Grad Norm 5.136659622192383, | Test Loss: 0.3174262046813965, Test Acc: 0.0, Test Grad Norm: 8.904008865356445 | Elapsed Time: 109.36037492752075
Iter: 120 | Train Loss: 0.18632645905017853, Train Acc: 0.0, Train Grad Norm 3.779242992401123, | Test Loss: 0.26165682077407837, Test Acc: 0.0, Test Grad Norm: 6.902250289916992 | Elapsed Time: 131.26722764968872
Iter: 140 | Train Loss: 0.14658693969249725, Train Acc: 0.0, Train Grad Norm 2.653911590576172, | Test Loss: 0.2243661731481552, Test Acc: 0.0, Test Grad Norm: 5.692217826843262 | Elapsed Time: 153.1595733165741
Iter: 160 | Train Loss: 0.1134028211236, Train Acc: 0.0, Train Grad Norm 1.6951044797897339, | Test Loss: 0.20433303713798523, Test Acc: 0.0, Test Grad Norm: 5.078668117523193 | Elapsed Time: 174.97739148139954
Iter: 180 | Train Loss: 0.0829576924443245, Train Acc: 0.0, Train Grad Norm 0.9179918766021729, | Test Loss: 0.16670873761177063, Test Acc: 0.0, Test Grad Norm: 3.445413112640381 | Elapsed Time: 196.90964889526367
Iter: 200 | Train Loss: 0.06502300500869751, Train Acc: 0.0, Train Grad Norm 0.4697481393814087, | Test Loss: 0.15137352049350739, Test Acc: 0.0, Test Grad Norm: 3.0929276943206787 | Elapsed Time: 218.73702692985535
Iter: 220 | Train Loss: 0.05212833732366562, Train Acc: 0.0, Train Grad Norm 0.1902916431427002, | Test Loss: 0.11280423402786255, Test Acc: 0.0, Test Grad Norm: 1.900498390197754 | Elapsed Time: 240.5943100452423
Iter: 240 | Train Loss: 0.04362034052610397, Train Acc: 0.0, Train Grad Norm 0.07591801136732101, | Test Loss: 0.09089846163988113, Test Acc: 0.0, Test Grad Norm: 1.3073457479476929 | Elapsed Time: 262.5116150379181
Iter: 260 | Train Loss: 0.04037487879395485, Train Acc: 0.0, Train Grad Norm 0.030637133866548538, | Test Loss: 0.09017013013362885, Test Acc: 0.0, Test Grad Norm: 1.1025478839874268 | Elapsed Time: 284.3923900127411
Iter: 280 | Train Loss: 0.04119841381907463, Train Acc: 0.0, Train Grad Norm 0.04181972146034241, | Test Loss: 0.09997956454753876, Test Acc: 0.0, Test Grad Norm: 1.5170056819915771 | Elapsed Time: 306.2034182548523
Iter: 300 | Train Loss: 0.03976397588849068, Train Acc: 0.0, Train Grad Norm 0.05748199671506882, | Test Loss: 0.10640604794025421, Test Acc: 0.0, Test Grad Norm: 1.8265169858932495 | Elapsed Time: 328.0821747779846
Iter: 320 | Train Loss: 0.042600080370903015, Train Acc: 0.0, Train Grad Norm 0.07894255220890045, | Test Loss: 0.13236087560653687, Test Acc: 0.0, Test Grad Norm: 2.1746699810028076 | Elapsed Time: 349.9165532588959
Patience count 1
Iter: 340 | Train Loss: 0.040819764137268066, Train Acc: 0.0, Train Grad Norm 0.0605359710752964, | Test Loss: 0.11666768789291382, Test Acc: 0.0, Test Grad Norm: 1.8743270635604858 | Elapsed Time: 371.7594132423401
Iter: 360 | Train Loss: 0.043835777789354324, Train Acc: 0.0, Train Grad Norm 0.07974909245967865, | Test Loss: 0.13585561513900757, Test Acc: 0.0, Test Grad Norm: 2.4782681465148926 | Elapsed Time: 393.71120023727417
Patience count 2
Iter: 380 | Train Loss: 0.041771531105041504, Train Acc: 0.0, Train Grad Norm 0.03208697959780693, | Test Loss: 0.11748307198286057, Test Acc: 0.0, Test Grad Norm: 1.8088332414627075 | Elapsed Time: 415.5226135253906
Patience count 3
Iter: 400 | Train Loss: 0.045241475105285645, Train Acc: 0.0, Train Grad Norm 0.03330168128013611, | Test Loss: 0.1273137331008911, Test Acc: 0.0, Test Grad Norm: 1.8439842462539673 | Elapsed Time: 437.39340019226074
Patience count 4
Iter: 420 | Train Loss: 0.04272925853729248, Train Acc: 0.0, Train Grad Norm 0.027425894513726234, | Test Loss: 0.11223931610584259, Test Acc: 0.0, Test Grad Norm: 1.6116349697113037 | Elapsed Time: 459.28733491897583
Patience count 5
Iter: 440 | Train Loss: 0.043493110686540604, Train Acc: 0.0, Train Grad Norm 0.025125376880168915, | Test Loss: 0.10433922708034515, Test Acc: 0.0, Test Grad Norm: 1.4524561166763306 | Elapsed Time: 481.14190912246704
Learning was stopped
Learning rate eta = 0.0625
The size of local train datasets:  [1652, 1652, 1651, 1651, 1651, 1651, 1651, 1651, 1651, 1651]
Shuffling 16520 1.8 -DP local randomizers results is (eps,  1e-08 )-DP in the shuffle model for eps between 0.1263707785001379 and 0.12923354694512484
The final epsilon, delta is ( 26.93146250530808 , 1e-05 )
Iter: 0 | Train Loss: 1.062459945678711, Train Acc: 0.0, Train Grad Norm 26.872825622558594, | Test Loss: 1.2209653854370117, Test Acc: 0.0, Test Grad Norm: 37.23039245605469
Iter: 20 | Train Loss: 0.8884236812591553, Train Acc: 0.0, Train Grad Norm 22.058151245117188, | Test Loss: 1.0282764434814453, Test Acc: 0.0, Test Grad Norm: 31.015182495117188 | Elapsed Time: 21.82657790184021
Iter: 40 | Train Loss: 0.7316237688064575, Train Acc: 0.0, Train Grad Norm 17.9886474609375, | Test Loss: 0.8762402534484863, Test Acc: 0.0, Test Grad Norm: 26.5848445892334 | Elapsed Time: 43.717116832733154
Iter: 60 | Train Loss: 0.6157752275466919, Train Acc: 0.0, Train Grad Norm 14.892827987670898, | Test Loss: 0.7466632127761841, Test Acc: 0.0, Test Grad Norm: 22.385040283203125 | Elapsed Time: 65.64214491844177
Iter: 80 | Train Loss: 0.515768826007843, Train Acc: 0.0, Train Grad Norm 12.234180450439453, | Test Loss: 0.6303328275680542, Test Acc: 0.0, Test Grad Norm: 18.62105369567871 | Elapsed Time: 87.53434467315674
Iter: 100 | Train Loss: 0.42634764313697815, Train Acc: 0.0, Train Grad Norm 9.903489112854004, | Test Loss: 0.5225918292999268, Test Acc: 0.0, Test Grad Norm: 15.147765159606934 | Elapsed Time: 109.376873254776
Iter: 120 | Train Loss: 0.3718739449977875, Train Acc: 0.0, Train Grad Norm 8.43646240234375, | Test Loss: 0.45669472217559814, Test Acc: 0.0, Test Grad Norm: 12.90785026550293 | Elapsed Time: 131.3631398677826
Iter: 140 | Train Loss: 0.285847008228302, Train Acc: 0.0, Train Grad Norm 6.202966690063477, | Test Loss: 0.35622191429138184, Test Acc: 0.0, Test Grad Norm: 9.828546524047852 | Elapsed Time: 153.21834444999695
Iter: 160 | Train Loss: 0.22371548414230347, Train Acc: 0.0, Train Grad Norm 4.563810348510742, | Test Loss: 0.27801239490509033, Test Acc: 0.0, Test Grad Norm: 7.258371353149414 | Elapsed Time: 175.06198716163635
Iter: 180 | Train Loss: 0.18057721853256226, Train Acc: 0.0, Train Grad Norm 3.4431838989257812, | Test Loss: 0.22429758310317993, Test Acc: 0.0, Test Grad Norm: 5.544321060180664 | Elapsed Time: 197.01887488365173
Iter: 200 | Train Loss: 0.14278104901313782, Train Acc: 0.0, Train Grad Norm 2.4532649517059326, | Test Loss: 0.18280968070030212, Test Acc: 0.0, Test Grad Norm: 4.265573501586914 | Elapsed Time: 218.86227917671204
Iter: 220 | Train Loss: 0.11216802895069122, Train Acc: 0.0, Train Grad Norm 1.641104817390442, | Test Loss: 0.1545904129743576, Test Acc: 0.0, Test Grad Norm: 3.2522125244140625 | Elapsed Time: 240.73059606552124
Iter: 240 | Train Loss: 0.08612979203462601, Train Acc: 0.0, Train Grad Norm 1.0155266523361206, | Test Loss: 0.12811776995658875, Test Acc: 0.0, Test Grad Norm: 2.3961942195892334 | Elapsed Time: 262.65439438819885
Iter: 260 | Train Loss: 0.06817353516817093, Train Acc: 0.0, Train Grad Norm 0.5818548798561096, | Test Loss: 0.10837193578481674, Test Acc: 0.0, Test Grad Norm: 1.7545995712280273 | Elapsed Time: 284.573518037796
Iter: 280 | Train Loss: 0.05947747081518173, Train Acc: 0.0, Train Grad Norm 0.37878069281578064, | Test Loss: 0.10077357292175293, Test Acc: 0.0, Test Grad Norm: 1.4936647415161133 | Elapsed Time: 306.3742742538452
Iter: 300 | Train Loss: 0.05502670630812645, Train Acc: 0.0, Train Grad Norm 0.26468998193740845, | Test Loss: 0.09012440592050552, Test Acc: 0.0, Test Grad Norm: 1.1856169700622559 | Elapsed Time: 328.33086800575256
Iter: 320 | Train Loss: 0.05288975313305855, Train Acc: 0.0, Train Grad Norm 0.19053882360458374, | Test Loss: 0.08553874492645264, Test Acc: 0.0, Test Grad Norm: 1.0160188674926758 | Elapsed Time: 350.1709885597229
Iter: 340 | Train Loss: 0.05092062056064606, Train Acc: 0.0, Train Grad Norm 0.14001618325710297, | Test Loss: 0.08361590653657913, Test Acc: 0.0, Test Grad Norm: 0.9735792875289917 | Elapsed Time: 372.086998462677
Iter: 360 | Train Loss: 0.050533443689346313, Train Acc: 0.0, Train Grad Norm 0.11478695273399353, | Test Loss: 0.0840212032198906, Test Acc: 0.0, Test Grad Norm: 0.9266230463981628 | Elapsed Time: 394.0243401527405
Iter: 380 | Train Loss: 0.050067439675331116, Train Acc: 0.0, Train Grad Norm 0.06745046377182007, | Test Loss: 0.08894003927707672, Test Acc: 0.0, Test Grad Norm: 0.9274346232414246 | Elapsed Time: 415.9250102043152
Iter: 400 | Train Loss: 0.04812678322196007, Train Acc: 0.0, Train Grad Norm 0.04040752723813057, | Test Loss: 0.08860892057418823, Test Acc: 0.0, Test Grad Norm: 0.8710516095161438 | Elapsed Time: 437.7354459762573
Iter: 420 | Train Loss: 0.049523890018463135, Train Acc: 0.0, Train Grad Norm 0.0379369743168354, | Test Loss: 0.0943184494972229, Test Acc: 0.0, Test Grad Norm: 0.9384492039680481 | Elapsed Time: 459.5884177684784
Iter: 440 | Train Loss: 0.048949066549539566, Train Acc: 0.0, Train Grad Norm 0.04129504784941673, | Test Loss: 0.09262792021036148, Test Acc: 0.0, Test Grad Norm: 0.9519168138504028 | Elapsed Time: 481.5120327472687
Iter: 460 | Train Loss: 0.047875069081783295, Train Acc: 0.0, Train Grad Norm 0.03734438866376877, | Test Loss: 0.09104838967323303, Test Acc: 0.0, Test Grad Norm: 0.9000320434570312 | Elapsed Time: 503.3697373867035
Iter: 480 | Train Loss: 0.04314938560128212, Train Acc: 0.0, Train Grad Norm 0.023691844195127487, | Test Loss: 0.06841099262237549, Test Acc: 0.0, Test Grad Norm: 0.49476468563079834 | Elapsed Time: 525.2215840816498
Iter: 500 | Train Loss: 0.04179190844297409, Train Acc: 0.0, Train Grad Norm 0.027629917487502098, | Test Loss: 0.07107800245285034, Test Acc: 0.0, Test Grad Norm: 0.5983620285987854 | Elapsed Time: 547.123836517334
Running with c=30, seed=1
GPU Not Enabled
Learning rate eta = 1.0
The size of local train datasets:  [1652, 1652, 1651, 1651, 1651, 1651, 1651, 1651, 1651, 1651]
Shuffling 16520 1.8 -DP local randomizers results is (eps,  1e-08 )-DP in the shuffle model for eps between 0.1263707785001379 and 0.12923354694512484
The final epsilon, delta is ( 26.93146250530808 , 1e-05 )
Iter: 0 | Train Loss: 1.062459945678711, Train Acc: 0.0, Train Grad Norm 26.872825622558594, | Test Loss: 1.2209653854370117, Test Acc: 0.0, Test Grad Norm: 37.23039245605469
Iter: 20 | Train Loss: 0.09548139572143555, Train Acc: 0.0, Train Grad Norm 1.6264607906341553, | Test Loss: 0.1634787917137146, Test Acc: 0.0, Test Grad Norm: 3.4681050777435303 | Elapsed Time: 21.488821506500244
Iter: 40 | Train Loss: 0.0701325461268425, Train Acc: 0.0, Train Grad Norm 0.11160062998533249, | Test Loss: 0.09999354928731918, Test Acc: 0.0, Test Grad Norm: 0.45390698313713074 | Elapsed Time: 43.03989124298096
Iter: 60 | Train Loss: 0.06705137342214584, Train Acc: 0.0, Train Grad Norm 0.14231035113334656, | Test Loss: 0.06485006213188171, Test Acc: 0.0, Test Grad Norm: 0.13977113366127014 | Elapsed Time: 64.62378668785095
Iter: 80 | Train Loss: 0.10534368455410004, Train Acc: 0.0, Train Grad Norm 0.24134477972984314, | Test Loss: 0.1163560301065445, Test Acc: 0.0, Test Grad Norm: 0.3596247732639313 | Elapsed Time: 86.15792798995972
Patience count 1
Iter: 100 | Train Loss: 0.07749719172716141, Train Acc: 0.0, Train Grad Norm 0.21221758425235748, | Test Loss: 0.07308586686849594, Test Acc: 0.0, Test Grad Norm: 0.16582894325256348 | Elapsed Time: 107.65489673614502
Patience count 2
Iter: 120 | Train Loss: 0.1384950429201126, Train Acc: 0.0, Train Grad Norm 1.0046199560165405, | Test Loss: 0.13398346304893494, Test Acc: 0.0, Test Grad Norm: 0.8626989126205444 | Elapsed Time: 129.14325499534607
Patience count 3
Iter: 140 | Train Loss: 0.3173438012599945, Train Acc: 0.0, Train Grad Norm 1.5651535987854004, | Test Loss: 1.1858655214309692, Test Acc: 0.0, Test Grad Norm: 38.23186492919922 | Elapsed Time: 150.74649596214294
Patience count 4
Iter: 160 | Train Loss: 0.3325026035308838, Train Acc: 0.0, Train Grad Norm 2.504561185836792, | Test Loss: 1.1621679067611694, Test Acc: 0.0, Test Grad Norm: 48.94730758666992 | Elapsed Time: 172.24042677879333
Patience count 5
Iter: 180 | Train Loss: 0.14599278569221497, Train Acc: 0.0, Train Grad Norm 0.5204238891601562, | Test Loss: 0.2245367467403412, Test Acc: 0.0, Test Grad Norm: 7.7493133544921875 | Elapsed Time: 193.84766459465027
Learning was stopped
Learning rate eta = 0.5
The size of local train datasets:  [1652, 1652, 1651, 1651, 1651, 1651, 1651, 1651, 1651, 1651]
Shuffling 16520 1.8 -DP local randomizers results is (eps,  1e-08 )-DP in the shuffle model for eps between 0.1263707785001379 and 0.12923354694512484
The final epsilon, delta is ( 26.93146250530808 , 1e-05 )
Iter: 0 | Train Loss: 1.062459945678711, Train Acc: 0.0, Train Grad Norm 26.872825622558594, | Test Loss: 1.2209653854370117, Test Acc: 0.0, Test Grad Norm: 37.23039245605469
Iter: 20 | Train Loss: 0.5392475724220276, Train Acc: 0.0, Train Grad Norm 12.353377342224121, | Test Loss: 0.984027624130249, Test Acc: 0.0, Test Grad Norm: 34.19780731201172 | Elapsed Time: 21.621454000473022
Iter: 40 | Train Loss: 0.1285538375377655, Train Acc: 0.0, Train Grad Norm 1.8625309467315674, | Test Loss: 0.28238585591316223, Test Acc: 0.0, Test Grad Norm: 7.326766014099121 | Elapsed Time: 43.137033462524414
Iter: 60 | Train Loss: 0.04763269051909447, Train Acc: 0.0, Train Grad Norm 0.18410594761371613, | Test Loss: 0.058706965297460556, Test Acc: 0.0, Test Grad Norm: 0.5740018486976624 | Elapsed Time: 64.65554928779602
Iter: 80 | Train Loss: 0.04857815429568291, Train Acc: 0.0, Train Grad Norm 0.09886658191680908, | Test Loss: 0.04416768252849579, Test Acc: 0.0, Test Grad Norm: 0.08955641835927963 | Elapsed Time: 86.32620549201965
Iter: 100 | Train Loss: 0.04660632461309433, Train Acc: 0.0, Train Grad Norm 0.04320436716079712, | Test Loss: 0.11097873002290726, Test Acc: 0.0, Test Grad Norm: 1.8684256076812744 | Elapsed Time: 107.88938784599304
Iter: 120 | Train Loss: 0.042342156171798706, Train Acc: 0.0, Train Grad Norm 0.03777274861931801, | Test Loss: 0.10258634388446808, Test Acc: 0.0, Test Grad Norm: 1.3940107822418213 | Elapsed Time: 129.46432614326477
Iter: 140 | Train Loss: 0.07183406502008438, Train Acc: 0.0, Train Grad Norm 0.2569248080253601, | Test Loss: 0.2850506007671356, Test Acc: 0.0, Test Grad Norm: 6.284053325653076 | Elapsed Time: 151.07112288475037
Patience count 1
Iter: 160 | Train Loss: 0.09172000735998154, Train Acc: 0.0, Train Grad Norm 0.4433054029941559, | Test Loss: 0.4465833306312561, Test Acc: 0.0, Test Grad Norm: 13.54261302947998 | Elapsed Time: 172.5995101928711
Patience count 2
Iter: 180 | Train Loss: 0.10436226427555084, Train Acc: 0.0, Train Grad Norm 0.23679691553115845, | Test Loss: 0.5832206010818481, Test Acc: 0.0, Test Grad Norm: 19.43715476989746 | Elapsed Time: 194.21355175971985
Patience count 3
Iter: 200 | Train Loss: 0.11871618777513504, Train Acc: 0.0, Train Grad Norm 0.46655917167663574, | Test Loss: 0.6842350959777832, Test Acc: 0.0, Test Grad Norm: 26.926313400268555 | Elapsed Time: 215.84432697296143
Patience count 4
Iter: 220 | Train Loss: 0.09838210791349411, Train Acc: 0.0, Train Grad Norm 0.22578954696655273, | Test Loss: 0.5046308040618896, Test Acc: 0.0, Test Grad Norm: 15.875628471374512 | Elapsed Time: 237.46505546569824
Patience count 5
Iter: 240 | Train Loss: 0.22495849430561066, Train Acc: 0.0, Train Grad Norm 0.8573471903800964, | Test Loss: 1.4759057760238647, Test Acc: 0.0, Test Grad Norm: 53.0274658203125 | Elapsed Time: 259.0504004955292
Learning was stopped
Learning rate eta = 0.25
The size of local train datasets:  [1652, 1652, 1651, 1651, 1651, 1651, 1651, 1651, 1651, 1651]
Shuffling 16520 1.8 -DP local randomizers results is (eps,  1e-08 )-DP in the shuffle model for eps between 0.1263707785001379 and 0.12923354694512484
The final epsilon, delta is ( 26.93146250530808 , 1e-05 )
Iter: 0 | Train Loss: 1.062459945678711, Train Acc: 0.0, Train Grad Norm 26.872825622558594, | Test Loss: 1.2209653854370117, Test Acc: 0.0, Test Grad Norm: 37.23039245605469
Iter: 20 | Train Loss: 0.6255635023117065, Train Acc: 0.0, Train Grad Norm 15.93515682220459, | Test Loss: 0.7467588782310486, Test Acc: 0.0, Test Grad Norm: 23.513547897338867 | Elapsed Time: 21.660359382629395
Iter: 40 | Train Loss: 0.4150364100933075, Train Acc: 0.0, Train Grad Norm 10.159612655639648, | Test Loss: 0.5365753769874573, Test Acc: 0.0, Test Grad Norm: 16.272310256958008 | Elapsed Time: 43.164979696273804
Iter: 60 | Train Loss: 0.2537592947483063, Train Acc: 0.0, Train Grad Norm 5.792170524597168, | Test Loss: 0.35469889640808105, Test Acc: 0.0, Test Grad Norm: 10.97325325012207 | Elapsed Time: 64.74909543991089
Iter: 80 | Train Loss: 0.1647106111049652, Train Acc: 0.0, Train Grad Norm 3.2628822326660156, | Test Loss: 0.24290567636489868, Test Acc: 0.0, Test Grad Norm: 7.004570960998535 | Elapsed Time: 86.35917472839355
Iter: 100 | Train Loss: 0.08253825455904007, Train Acc: 0.0, Train Grad Norm 1.2679284811019897, | Test Loss: 0.11237199604511261, Test Acc: 0.0, Test Grad Norm: 2.7261712551116943 | Elapsed Time: 107.96092677116394
Iter: 120 | Train Loss: 0.042053427547216415, Train Acc: 0.0, Train Grad Norm 0.22850574553012848, | Test Loss: 0.04281308501958847, Test Acc: 0.0, Test Grad Norm: 0.3190326392650604 | Elapsed Time: 129.48917269706726
Iter: 140 | Train Loss: 0.03582359850406647, Train Acc: 0.0, Train Grad Norm 0.12495072931051254, | Test Loss: 0.03618830069899559, Test Acc: 0.0, Test Grad Norm: 0.0780286192893982 | Elapsed Time: 151.05053448677063
Iter: 160 | Train Loss: 0.03246251121163368, Train Acc: 0.0, Train Grad Norm 0.02227889373898506, | Test Loss: 0.03227926418185234, Test Acc: 0.0, Test Grad Norm: 0.016621796414256096 | Elapsed Time: 172.6605246067047
Iter: 180 | Train Loss: 0.03311574459075928, Train Acc: 0.0, Train Grad Norm 0.014022245071828365, | Test Loss: 0.03459874913096428, Test Acc: 0.0, Test Grad Norm: 0.08019982278347015 | Elapsed Time: 194.20012640953064
Iter: 200 | Train Loss: 0.03845306485891342, Train Acc: 0.0, Train Grad Norm 0.031910158693790436, | Test Loss: 0.047722794115543365, Test Acc: 0.0, Test Grad Norm: 0.3583570420742035 | Elapsed Time: 215.78300499916077
Patience count 1
Iter: 220 | Train Loss: 0.04003063961863518, Train Acc: 0.0, Train Grad Norm 0.034844283014535904, | Test Loss: 0.09018883109092712, Test Acc: 0.0, Test Grad Norm: 1.597643494606018 | Elapsed Time: 237.42287755012512
Patience count 2
Iter: 240 | Train Loss: 0.040350280702114105, Train Acc: 0.0, Train Grad Norm 0.1293843388557434, | Test Loss: 0.07269804924726486, Test Acc: 0.0, Test Grad Norm: 0.8553358316421509 | Elapsed Time: 259.0229787826538
Patience count 3
Iter: 260 | Train Loss: 0.0499248169362545, Train Acc: 0.0, Train Grad Norm 0.06686588376760483, | Test Loss: 0.16037951409816742, Test Acc: 0.0, Test Grad Norm: 3.5595569610595703 | Elapsed Time: 280.5491189956665
Patience count 4
Iter: 280 | Train Loss: 0.0677332654595375, Train Acc: 0.0, Train Grad Norm 0.12205047160387039, | Test Loss: 0.32550597190856934, Test Acc: 0.0, Test Grad Norm: 9.161011695861816 | Elapsed Time: 302.2253701686859
Patience count 5
Iter: 300 | Train Loss: 0.09223192185163498, Train Acc: 0.0, Train Grad Norm 0.21704961359500885, | Test Loss: 0.39881348609924316, Test Acc: 0.0, Test Grad Norm: 10.986907005310059 | Elapsed Time: 323.75238943099976
Learning was stopped
Learning rate eta = 0.125
The size of local train datasets:  [1652, 1652, 1651, 1651, 1651, 1651, 1651, 1651, 1651, 1651]
Shuffling 16520 1.8 -DP local randomizers results is (eps,  1e-08 )-DP in the shuffle model for eps between 0.1263707785001379 and 0.12923354694512484
The final epsilon, delta is ( 26.93146250530808 , 1e-05 )
Iter: 0 | Train Loss: 1.062459945678711, Train Acc: 0.0, Train Grad Norm 26.872825622558594, | Test Loss: 1.2209653854370117, Test Acc: 0.0, Test Grad Norm: 37.23039245605469
Iter: 20 | Train Loss: 0.813011109828949, Train Acc: 0.0, Train Grad Norm 20.26966094970703, | Test Loss: 0.993529736995697, Test Acc: 0.0, Test Grad Norm: 30.207134246826172 | Elapsed Time: 21.588287591934204
Iter: 40 | Train Loss: 0.6222072839736938, Train Acc: 0.0, Train Grad Norm 15.350028991699219, | Test Loss: 0.7457252144813538, Test Acc: 0.0, Test Grad Norm: 22.246017456054688 | Elapsed Time: 43.24637508392334
Iter: 60 | Train Loss: 0.4546218514442444, Train Acc: 0.0, Train Grad Norm 10.86656665802002, | Test Loss: 0.5205769538879395, Test Acc: 0.0, Test Grad Norm: 14.72426700592041 | Elapsed Time: 64.8417763710022
Iter: 80 | Train Loss: 0.3449498414993286, Train Acc: 0.0, Train Grad Norm 8.032613754272461, | Test Loss: 0.42176780104637146, Test Acc: 0.0, Test Grad Norm: 11.835993766784668 | Elapsed Time: 86.38172721862793
Iter: 100 | Train Loss: 0.25027135014533997, Train Acc: 0.0, Train Grad Norm 5.486674785614014, | Test Loss: 0.3173236548900604, Test Acc: 0.0, Test Grad Norm: 8.289688110351562 | Elapsed Time: 108.09043860435486
Iter: 120 | Train Loss: 0.19110921025276184, Train Acc: 0.0, Train Grad Norm 3.971874475479126, | Test Loss: 0.2467683106660843, Test Acc: 0.0, Test Grad Norm: 6.230347633361816 | Elapsed Time: 129.65250039100647
Iter: 140 | Train Loss: 0.13241395354270935, Train Acc: 0.0, Train Grad Norm 2.455840826034546, | Test Loss: 0.16855254769325256, Test Acc: 0.0, Test Grad Norm: 3.910767078399658 | Elapsed Time: 151.2698872089386
Iter: 160 | Train Loss: 0.09123467653989792, Train Acc: 0.0, Train Grad Norm 1.3467379808425903, | Test Loss: 0.11971823126077652, Test Acc: 0.0, Test Grad Norm: 2.4040822982788086 | Elapsed Time: 172.92889857292175
Iter: 180 | Train Loss: 0.06359703838825226, Train Acc: 0.0, Train Grad Norm 0.635599672794342, | Test Loss: 0.09522739052772522, Test Acc: 0.0, Test Grad Norm: 1.5053597688674927 | Elapsed Time: 194.4639139175415
Iter: 200 | Train Loss: 0.05219326168298721, Train Acc: 0.0, Train Grad Norm 0.3640020787715912, | Test Loss: 0.08031033724546432, Test Acc: 0.0, Test Grad Norm: 1.0663576126098633 | Elapsed Time: 216.0785310268402
Iter: 220 | Train Loss: 0.04470910504460335, Train Acc: 0.0, Train Grad Norm 0.15943977236747742, | Test Loss: 0.06327679008245468, Test Acc: 0.0, Test Grad Norm: 0.5488970875740051 | Elapsed Time: 237.63275051116943
Iter: 240 | Train Loss: 0.042018502950668335, Train Acc: 0.0, Train Grad Norm 0.1058875322341919, | Test Loss: 0.056861512362957, Test Acc: 0.0, Test Grad Norm: 0.4171229600906372 | Elapsed Time: 259.3449535369873
Iter: 260 | Train Loss: 0.042641542851924896, Train Acc: 0.0, Train Grad Norm 0.0625043660402298, | Test Loss: 0.06264926493167877, Test Acc: 0.0, Test Grad Norm: 0.43944793939590454 | Elapsed Time: 280.92405581474304
Iter: 280 | Train Loss: 0.04154406860470772, Train Acc: 0.0, Train Grad Norm 0.053423479199409485, | Test Loss: 0.053888801485300064, Test Acc: 0.0, Test Grad Norm: 0.3135625123977661 | Elapsed Time: 302.53730034828186
Iter: 300 | Train Loss: 0.04038633033633232, Train Acc: 0.0, Train Grad Norm 0.03737536072731018, | Test Loss: 0.049552071839571, Test Acc: 0.0, Test Grad Norm: 0.22544601559638977 | Elapsed Time: 324.1673707962036
Iter: 320 | Train Loss: 0.0418277345597744, Train Acc: 0.0, Train Grad Norm 0.043240901082754135, | Test Loss: 0.04596031457185745, Test Acc: 0.0, Test Grad Norm: 0.16054412722587585 | Elapsed Time: 345.81770634651184
Iter: 340 | Train Loss: 0.042656928300857544, Train Acc: 0.0, Train Grad Norm 0.07296029478311539, | Test Loss: 0.0472724549472332, Test Acc: 0.0, Test Grad Norm: 0.2200130969285965 | Elapsed Time: 367.3572196960449
Patience count 1
Iter: 360 | Train Loss: 0.0427345335483551, Train Acc: 0.0, Train Grad Norm 0.047933511435985565, | Test Loss: 0.04527929425239563, Test Acc: 0.0, Test Grad Norm: 0.14986450970172882 | Elapsed Time: 389.0804953575134
Patience count 2
Iter: 380 | Train Loss: 0.041115064173936844, Train Acc: 0.0, Train Grad Norm 0.04376011714339256, | Test Loss: 0.042342763394117355, Test Acc: 0.0, Test Grad Norm: 0.12330826371908188 | Elapsed Time: 410.6843867301941
Iter: 400 | Train Loss: 0.03866127133369446, Train Acc: 0.0, Train Grad Norm 0.04902755469083786, | Test Loss: 0.03829657658934593, Test Acc: 0.0, Test Grad Norm: 0.0914439782500267 | Elapsed Time: 432.21671533584595
Iter: 420 | Train Loss: 0.03593616187572479, Train Acc: 0.0, Train Grad Norm 0.029300231486558914, | Test Loss: 0.03512562811374664, Test Acc: 0.0, Test Grad Norm: 0.04352668300271034 | Elapsed Time: 453.8837776184082
Iter: 440 | Train Loss: 0.03622356057167053, Train Acc: 0.0, Train Grad Norm 0.034187182784080505, | Test Loss: 0.03462304174900055, Test Acc: 0.0, Test Grad Norm: 0.03157556429505348 | Elapsed Time: 475.42355585098267
Iter: 460 | Train Loss: 0.036456845700740814, Train Acc: 0.0, Train Grad Norm 0.011303463019430637, | Test Loss: 0.03561750426888466, Test Acc: 0.0, Test Grad Norm: 0.014079341664910316 | Elapsed Time: 496.9663016796112
Iter: 480 | Train Loss: 0.037700578570365906, Train Acc: 0.0, Train Grad Norm 0.015413780696690083, | Test Loss: 0.03514796122908592, Test Acc: 0.0, Test Grad Norm: 0.006617003586143255 | Elapsed Time: 518.6401312351227
Iter: 500 | Train Loss: 0.0402529239654541, Train Acc: 0.0, Train Grad Norm 0.015492778271436691, | Test Loss: 0.03787146508693695, Test Acc: 0.0, Test Grad Norm: 0.014175182208418846 | Elapsed Time: 540.2424371242523
Patience count 1
Running with c=100, seed=1
GPU Not Enabled
Learning rate eta = 1.0
The size of local train datasets:  [1652, 1652, 1651, 1651, 1651, 1651, 1651, 1651, 1651, 1651]
Shuffling 16520 1.8 -DP local randomizers results is (eps,  1e-08 )-DP in the shuffle model for eps between 0.1263707785001379 and 0.12923354694512484
The final epsilon, delta is ( 26.93146250530808 , 1e-05 )
Iter: 0 | Train Loss: 1.062459945678711, Train Acc: 0.0, Train Grad Norm 26.872825622558594, | Test Loss: 1.2209653854370117, Test Acc: 0.0, Test Grad Norm: 37.23039245605469
Iter: 20 | Train Loss: 0.1563945710659027, Train Acc: 0.0, Train Grad Norm 2.171194314956665, | Test Loss: 0.21685953438282013, Test Acc: 0.0, Test Grad Norm: 3.11429500579834 | Elapsed Time: 21.805774450302124
Iter: 40 | Train Loss: 0.05432981625199318, Train Acc: 0.0, Train Grad Norm 0.07168561220169067, | Test Loss: 0.05310015007853508, Test Acc: 0.0, Test Grad Norm: 0.04504990577697754 | Elapsed Time: 43.51798677444458
Iter: 60 | Train Loss: 0.06329788267612457, Train Acc: 0.0, Train Grad Norm 0.11519952118396759, | Test Loss: 0.10908806324005127, Test Acc: 0.0, Test Grad Norm: 1.0938451290130615 | Elapsed Time: 65.30748510360718
Patience count 1
Iter: 80 | Train Loss: 0.11728320270776749, Train Acc: 0.0, Train Grad Norm 0.7007020115852356, | Test Loss: 0.23459750413894653, Test Acc: 0.0, Test Grad Norm: 4.691802024841309 | Elapsed Time: 87.0741696357727
Patience count 2
Iter: 100 | Train Loss: 0.23902800679206848, Train Acc: 0.0, Train Grad Norm 2.0543391704559326, | Test Loss: 0.9412221312522888, Test Acc: 0.0, Test Grad Norm: 65.42195129394531 | Elapsed Time: 108.84614682197571
Patience count 3
Iter: 120 | Train Loss: 0.5425748825073242, Train Acc: 0.0, Train Grad Norm 8.05978012084961, | Test Loss: 3.634335994720459, Test Acc: 0.0, Test Grad Norm: 352.56396484375 | Elapsed Time: 130.60996508598328
Patience count 4
Iter: 140 | Train Loss: 0.6897462010383606, Train Acc: 0.0, Train Grad Norm 11.789827346801758, | Test Loss: 4.636817455291748, Test Acc: 0.0, Test Grad Norm: 575.5562133789062 | Elapsed Time: 152.41861844062805
Patience count 5
Iter: 160 | Train Loss: 0.5519421100616455, Train Acc: 0.0, Train Grad Norm 12.150144577026367, | Test Loss: 2.7550604343414307, Test Acc: 0.0, Test Grad Norm: 321.04248046875 | Elapsed Time: 174.23782968521118
Learning was stopped
Learning rate eta = 0.5
The size of local train datasets:  [1652, 1652, 1651, 1651, 1651, 1651, 1651, 1651, 1651, 1651]
Shuffling 16520 1.8 -DP local randomizers results is (eps,  1e-08 )-DP in the shuffle model for eps between 0.1263707785001379 and 0.12923354694512484
The final epsilon, delta is ( 26.93146250530808 , 1e-05 )
Iter: 0 | Train Loss: 1.062459945678711, Train Acc: 0.0, Train Grad Norm 26.872825622558594, | Test Loss: 1.2209653854370117, Test Acc: 0.0, Test Grad Norm: 37.23039245605469
Iter: 20 | Train Loss: 0.49640384316444397, Train Acc: 0.0, Train Grad Norm 12.03748893737793, | Test Loss: 0.6219924092292786, Test Acc: 0.0, Test Grad Norm: 19.164478302001953 | Elapsed Time: 21.788438320159912
Iter: 40 | Train Loss: 0.2892826199531555, Train Acc: 0.0, Train Grad Norm 5.978386878967285, | Test Loss: 0.4308966100215912, Test Acc: 0.0, Test Grad Norm: 13.438118934631348 | Elapsed Time: 43.74271559715271
Iter: 60 | Train Loss: 0.17901313304901123, Train Acc: 0.0, Train Grad Norm 2.21612811088562, | Test Loss: 0.3655621111392975, Test Acc: 0.0, Test Grad Norm: 9.508370399475098 | Elapsed Time: 65.52662825584412
Iter: 80 | Train Loss: 0.13221892714500427, Train Acc: 0.0, Train Grad Norm 0.6391088962554932, | Test Loss: 0.5506258606910706, Test Acc: 0.0, Test Grad Norm: 21.541162490844727 | Elapsed Time: 87.38522505760193
Iter: 100 | Train Loss: 0.06517106294631958, Train Acc: 0.0, Train Grad Norm 0.18777675926685333, | Test Loss: 0.12918058037757874, Test Acc: 0.0, Test Grad Norm: 3.5348801612854004 | Elapsed Time: 109.2870364189148
Iter: 120 | Train Loss: 0.07701846957206726, Train Acc: 0.0, Train Grad Norm 0.6291765570640564, | Test Loss: 0.1916549801826477, Test Acc: 0.0, Test Grad Norm: 8.652769088745117 | Elapsed Time: 131.1211519241333
Patience count 1
Iter: 140 | Train Loss: 0.0833999514579773, Train Acc: 0.0, Train Grad Norm 0.32139793038368225, | Test Loss: 0.26368021965026855, Test Acc: 0.0, Test Grad Norm: 9.766639709472656 | Elapsed Time: 152.90496444702148
Patience count 2
Iter: 160 | Train Loss: 0.052566785365343094, Train Acc: 0.0, Train Grad Norm 0.046596307307481766, | Test Loss: 0.05741920322179794, Test Acc: 0.0, Test Grad Norm: 0.4032188653945923 | Elapsed Time: 174.86117959022522
Iter: 180 | Train Loss: 0.05718059092760086, Train Acc: 0.0, Train Grad Norm 0.11035694926977158, | Test Loss: 0.06950262933969498, Test Acc: 0.0, Test Grad Norm: 1.0672672986984253 | Elapsed Time: 196.6423270702362
Patience count 1
Iter: 200 | Train Loss: 0.05115058645606041, Train Acc: 0.0, Train Grad Norm 0.3161717355251312, | Test Loss: 0.10315348207950592, Test Acc: 0.0, Test Grad Norm: 5.265927791595459 | Elapsed Time: 218.43806076049805
Iter: 220 | Train Loss: 0.04781869426369667, Train Acc: 0.0, Train Grad Norm 0.43374302983283997, | Test Loss: 0.09430604428052902, Test Acc: 0.0, Test Grad Norm: 5.621401309967041 | Elapsed Time: 240.2963263988495
Iter: 240 | Train Loss: 0.04115717485547066, Train Acc: 0.0, Train Grad Norm 0.20719248056411743, | Test Loss: 0.07280581444501877, Test Acc: 0.0, Test Grad Norm: 3.936861038208008 | Elapsed Time: 262.17521023750305
Iter: 260 | Train Loss: 0.06476880609989166, Train Acc: 0.0, Train Grad Norm 0.27534550428390503, | Test Loss: 0.24745136499404907, Test Acc: 0.0, Test Grad Norm: 18.481250762939453 | Elapsed Time: 284.06360149383545
Patience count 1
Iter: 280 | Train Loss: 0.13119858503341675, Train Acc: 0.0, Train Grad Norm 0.9920039176940918, | Test Loss: 0.8074928522109985, Test Acc: 0.0, Test Grad Norm: 74.5031509399414 | Elapsed Time: 305.8522810935974
Patience count 2
Iter: 300 | Train Loss: 0.10909054428339005, Train Acc: 0.0, Train Grad Norm 0.7610249519348145, | Test Loss: 0.4205315113067627, Test Acc: 0.0, Test Grad Norm: 34.60741424560547 | Elapsed Time: 327.77522325515747
Patience count 3
Iter: 320 | Train Loss: 0.11629306524991989, Train Acc: 0.0, Train Grad Norm 0.8878739476203918, | Test Loss: 0.6605743169784546, Test Acc: 0.0, Test Grad Norm: 67.71646118164062 | Elapsed Time: 349.5879099369049
Patience count 4
Iter: 340 | Train Loss: 0.06152849271893501, Train Acc: 0.0, Train Grad Norm 0.23455315828323364, | Test Loss: 0.1816047579050064, Test Acc: 0.0, Test Grad Norm: 15.287763595581055 | Elapsed Time: 371.46145272254944
Patience count 5
Iter: 360 | Train Loss: 0.17551837861537933, Train Acc: 0.0, Train Grad Norm 1.699621319770813, | Test Loss: 1.0494850873947144, Test Acc: 0.0, Test Grad Norm: 121.0488510131836 | Elapsed Time: 393.3573889732361
Learning was stopped
Learning rate eta = 0.25
The size of local train datasets:  [1652, 1652, 1651, 1651, 1651, 1651, 1651, 1651, 1651, 1651]
Shuffling 16520 1.8 -DP local randomizers results is (eps,  1e-08 )-DP in the shuffle model for eps between 0.1263707785001379 and 0.12923354694512484
The final epsilon, delta is ( 26.93146250530808 , 1e-05 )
Iter: 0 | Train Loss: 1.062459945678711, Train Acc: 0.0, Train Grad Norm 26.872825622558594, | Test Loss: 1.2209653854370117, Test Acc: 0.0, Test Grad Norm: 37.23039245605469
Iter: 20 | Train Loss: 0.6425550580024719, Train Acc: 0.0, Train Grad Norm 15.825994491577148, | Test Loss: 0.6825266480445862, Test Acc: 0.0, Test Grad Norm: 18.77573013305664 | Elapsed Time: 21.850125074386597
Iter: 40 | Train Loss: 0.3836040794849396, Train Acc: 0.0, Train Grad Norm 9.132493019104004, | Test Loss: 0.4105494022369385, Test Acc: 0.0, Test Grad Norm: 10.994746208190918 | Elapsed Time: 43.61278200149536
Iter: 60 | Train Loss: 0.2594318687915802, Train Acc: 0.0, Train Grad Norm 5.842527389526367, | Test Loss: 0.30822187662124634, Test Acc: 0.0, Test Grad Norm: 8.085762023925781 | Elapsed Time: 65.54387187957764
Iter: 80 | Train Loss: 0.1582200825214386, Train Acc: 0.0, Train Grad Norm 3.28226375579834, | Test Loss: 0.2067970633506775, Test Acc: 0.0, Test Grad Norm: 5.1804656982421875 | Elapsed Time: 87.3240442276001
Iter: 100 | Train Loss: 0.09014968574047089, Train Acc: 0.0, Train Grad Norm 1.4939390420913696, | Test Loss: 0.1306203454732895, Test Acc: 0.0, Test Grad Norm: 3.088240146636963 | Elapsed Time: 109.13596320152283
Iter: 120 | Train Loss: 0.05491399019956589, Train Acc: 0.0, Train Grad Norm 0.4650684595108032, | Test Loss: 0.06464333087205887, Test Acc: 0.0, Test Grad Norm: 0.8463717103004456 | Elapsed Time: 130.93590831756592
Iter: 140 | Train Loss: 0.05623581260442734, Train Acc: 0.0, Train Grad Norm 0.4073958098888397, | Test Loss: 0.06115923076868057, Test Acc: 0.0, Test Grad Norm: 0.6352670788764954 | Elapsed Time: 152.82762122154236
Iter: 160 | Train Loss: 0.04758056625723839, Train Acc: 0.0, Train Grad Norm 0.13485437631607056, | Test Loss: 0.0483272410929203, Test Acc: 0.0, Test Grad Norm: 0.2051892727613449 | Elapsed Time: 174.68159246444702
Iter: 180 | Train Loss: 0.03922406956553459, Train Acc: 0.0, Train Grad Norm 0.025313736870884895, | Test Loss: 0.03885131701827049, Test Acc: 0.0, Test Grad Norm: 0.048350125551223755 | Elapsed Time: 196.49072241783142
Iter: 200 | Train Loss: 0.041113659739494324, Train Acc: 0.0, Train Grad Norm 0.019986897706985474, | Test Loss: 0.040691111236810684, Test Acc: 0.0, Test Grad Norm: 0.04498304799199104 | Elapsed Time: 218.39115500450134
Iter: 220 | Train Loss: 0.04477522522211075, Train Acc: 0.0, Train Grad Norm 0.028509661555290222, | Test Loss: 0.04262837395071983, Test Acc: 0.0, Test Grad Norm: 0.020102662965655327 | Elapsed Time: 240.16226506233215
Patience count 1
Iter: 240 | Train Loss: 0.046236664056777954, Train Acc: 0.0, Train Grad Norm 0.024328354746103287, | Test Loss: 0.04895590618252754, Test Acc: 0.0, Test Grad Norm: 0.09695293754339218 | Elapsed Time: 262.0149471759796
Patience count 2
Iter: 260 | Train Loss: 0.040237948298454285, Train Acc: 0.0, Train Grad Norm 0.027629176154732704, | Test Loss: 0.039908137172460556, Test Acc: 0.0, Test Grad Norm: 0.0503784641623497 | Elapsed Time: 283.8811683654785
Iter: 280 | Train Loss: 0.036798324435949326, Train Acc: 0.0, Train Grad Norm 0.029894288629293442, | Test Loss: 0.040440883487463, Test Acc: 0.0, Test Grad Norm: 0.07759268581867218 | Elapsed Time: 305.70347929000854
Iter: 300 | Train Loss: 0.04642859101295471, Train Acc: 0.0, Train Grad Norm 0.056661803275346756, | Test Loss: 0.05880921706557274, Test Acc: 0.0, Test Grad Norm: 0.3593418300151825 | Elapsed Time: 327.4701850414276
Patience count 1
Iter: 320 | Train Loss: 0.04171586409211159, Train Acc: 0.0, Train Grad Norm 0.08186829835176468, | Test Loss: 0.06080286577343941, Test Acc: 0.0, Test Grad Norm: 0.6047765612602234 | Elapsed Time: 349.4104826450348
Patience count 2
Iter: 340 | Train Loss: 0.03878074139356613, Train Acc: 0.0, Train Grad Norm 0.06364671885967255, | Test Loss: 0.040024347603321075, Test Acc: 0.0, Test Grad Norm: 0.05852430313825607 | Elapsed Time: 371.1947031021118
Patience count 3
Iter: 360 | Train Loss: 0.03682272136211395, Train Acc: 0.0, Train Grad Norm 0.005281086545437574, | Test Loss: 0.03590961918234825, Test Acc: 0.0, Test Grad Norm: 0.0035454651806503534 | Elapsed Time: 393.0574824810028
Iter: 380 | Train Loss: 0.03950909897685051, Train Acc: 0.0, Train Grad Norm 0.10575954616069794, | Test Loss: 0.043181080371141434, Test Acc: 0.0, Test Grad Norm: 0.3038524389266968 | Elapsed Time: 414.93591713905334
Patience count 4
Iter: 400 | Train Loss: 0.04024718701839447, Train Acc: 0.0, Train Grad Norm 0.04500799626111984, | Test Loss: 0.038308002054691315, Test Acc: 0.0, Test Grad Norm: 0.03546174243092537 | Elapsed Time: 436.8001129627228
Patience count 5
Iter: 420 | Train Loss: 0.043026480823755264, Train Acc: 0.0, Train Grad Norm 0.03680312633514404, | Test Loss: 0.045525480061769485, Test Acc: 0.0, Test Grad Norm: 0.15848368406295776 | Elapsed Time: 458.5901699066162
Learning was stopped
Learning rate eta = 0.125
The size of local train datasets:  [1652, 1652, 1651, 1651, 1651, 1651, 1651, 1651, 1651, 1651]
Shuffling 16520 1.8 -DP local randomizers results is (eps,  1e-08 )-DP in the shuffle model for eps between 0.1263707785001379 and 0.12923354694512484
The final epsilon, delta is ( 26.93146250530808 , 1e-05 )
Iter: 0 | Train Loss: 1.062459945678711, Train Acc: 0.0, Train Grad Norm 26.872825622558594, | Test Loss: 1.2209653854370117, Test Acc: 0.0, Test Grad Norm: 37.23039245605469
Iter: 20 | Train Loss: 0.8850492835044861, Train Acc: 0.0, Train Grad Norm 22.462303161621094, | Test Loss: 1.0456373691558838, Test Acc: 0.0, Test Grad Norm: 32.40918731689453 | Elapsed Time: 21.926387786865234
Iter: 40 | Train Loss: 0.7027603387832642, Train Acc: 0.0, Train Grad Norm 17.8074893951416, | Test Loss: 0.8334589600563049, Test Acc: 0.0, Test Grad Norm: 26.15658950805664 | Elapsed Time: 43.77054572105408
Iter: 60 | Train Loss: 0.5549964308738708, Train Acc: 0.0, Train Grad Norm 13.893659591674805, | Test Loss: 0.6605783104896545, Test Acc: 0.0, Test Grad Norm: 20.617778778076172 | Elapsed Time: 65.64733552932739
Iter: 80 | Train Loss: 0.41931506991386414, Train Acc: 0.0, Train Grad Norm 10.302127838134766, | Test Loss: 0.5124244093894958, Test Acc: 0.0, Test Grad Norm: 16.024972915649414 | Elapsed Time: 87.694340467453
Iter: 100 | Train Loss: 0.30978280305862427, Train Acc: 0.0, Train Grad Norm 7.420146942138672, | Test Loss: 0.38706666231155396, Test Acc: 0.0, Test Grad Norm: 11.890466690063477 | Elapsed Time: 109.6970145702362
Iter: 120 | Train Loss: 0.21812735497951508, Train Acc: 0.0, Train Grad Norm 4.906515598297119, | Test Loss: 0.26196014881134033, Test Acc: 0.0, Test Grad Norm: 7.498744010925293 | Elapsed Time: 131.51990795135498
Iter: 140 | Train Loss: 0.16362231969833374, Train Acc: 0.0, Train Grad Norm 3.383289337158203, | Test Loss: 0.21379220485687256, Test Acc: 0.0, Test Grad Norm: 5.869311809539795 | Elapsed Time: 153.34685111045837
Iter: 160 | Train Loss: 0.11174833029508591, Train Acc: 0.0, Train Grad Norm 1.983215570449829, | Test Loss: 0.13569022715091705, Test Acc: 0.0, Test Grad Norm: 3.2598366737365723 | Elapsed Time: 175.32947039604187
Iter: 180 | Train Loss: 0.07644515484571457, Train Acc: 0.0, Train Grad Norm 0.9499463438987732, | Test Loss: 0.09243577718734741, Test Acc: 0.0, Test Grad Norm: 1.7014039754867554 | Elapsed Time: 197.1270682811737
Iter: 200 | Train Loss: 0.06004590168595314, Train Acc: 0.0, Train Grad Norm 0.5403266549110413, | Test Loss: 0.0765688344836235, Test Acc: 0.0, Test Grad Norm: 1.1393941640853882 | Elapsed Time: 218.9951720237732
Iter: 220 | Train Loss: 0.05379876121878624, Train Acc: 0.0, Train Grad Norm 0.3286978304386139, | Test Loss: 0.06533396244049072, Test Acc: 0.0, Test Grad Norm: 0.7251096963882446 | Elapsed Time: 240.86181569099426
Iter: 240 | Train Loss: 0.04717489331960678, Train Acc: 0.0, Train Grad Norm 0.11496839672327042, | Test Loss: 0.052713796496391296, Test Acc: 0.0, Test Grad Norm: 0.2940428555011749 | Elapsed Time: 262.7074558734894
Iter: 260 | Train Loss: 0.04293431341648102, Train Acc: 0.0, Train Grad Norm 0.07712922245264053, | Test Loss: 0.04624655097723007, Test Acc: 0.0, Test Grad Norm: 0.19322554767131805 | Elapsed Time: 284.5110766887665
Iter: 280 | Train Loss: 0.04510054737329483, Train Acc: 0.0, Train Grad Norm 0.09706071019172668, | Test Loss: 0.04569655656814575, Test Acc: 0.0, Test Grad Norm: 0.19208243489265442 | Elapsed Time: 306.4755494594574
Patience count 1
Iter: 300 | Train Loss: 0.04285502806305885, Train Acc: 0.0, Train Grad Norm 0.06295035034418106, | Test Loss: 0.04144487902522087, Test Acc: 0.0, Test Grad Norm: 0.08460079878568649 | Elapsed Time: 328.2622721195221
Iter: 320 | Train Loss: 0.041254475712776184, Train Acc: 0.0, Train Grad Norm 0.06931959092617035, | Test Loss: 0.04225587099790573, Test Acc: 0.0, Test Grad Norm: 0.14201323688030243 | Elapsed Time: 350.0820486545563
Iter: 340 | Train Loss: 0.04586412012577057, Train Acc: 0.0, Train Grad Norm 0.06872136145830154, | Test Loss: 0.04821433126926422, Test Acc: 0.0, Test Grad Norm: 0.17750798165798187 | Elapsed Time: 371.9687514305115
Patience count 1
Iter: 360 | Train Loss: 0.045978251844644547, Train Acc: 0.0, Train Grad Norm 0.06430043280124664, | Test Loss: 0.04710318520665169, Test Acc: 0.0, Test Grad Norm: 0.14476919174194336 | Elapsed Time: 393.7738060951233
Patience count 2
Iter: 380 | Train Loss: 0.045741498470306396, Train Acc: 0.0, Train Grad Norm 0.050021737813949585, | Test Loss: 0.055060144513845444, Test Acc: 0.0, Test Grad Norm: 0.24284499883651733 | Elapsed Time: 415.63871002197266
Patience count 3
Iter: 400 | Train Loss: 0.0437641441822052, Train Acc: 0.0, Train Grad Norm 0.037180930376052856, | Test Loss: 0.06474977731704712, Test Acc: 0.0, Test Grad Norm: 0.349571168422699 | Elapsed Time: 437.57571840286255
Patience count 4
Iter: 420 | Train Loss: 0.04429072514176369, Train Acc: 0.0, Train Grad Norm 0.05491240322589874, | Test Loss: 0.07450014352798462, Test Acc: 0.0, Test Grad Norm: 0.5498725771903992 | Elapsed Time: 459.4158248901367
Patience count 5
Iter: 440 | Train Loss: 0.03523261100053787, Train Acc: 0.0, Train Grad Norm 0.015734216198325157, | Test Loss: 0.047334738075733185, Test Acc: 0.0, Test Grad Norm: 0.19957920908927917 | Elapsed Time: 481.21505522727966
Learning was stopped
Learning rate eta = 0.0625
The size of local train datasets:  [1652, 1652, 1651, 1651, 1651, 1651, 1651, 1651, 1651, 1651]
Shuffling 16520 1.8 -DP local randomizers results is (eps,  1e-08 )-DP in the shuffle model for eps between 0.1263707785001379 and 0.12923354694512484
The final epsilon, delta is ( 26.93146250530808 , 1e-05 )
Iter: 0 | Train Loss: 1.062459945678711, Train Acc: 0.0, Train Grad Norm 26.872825622558594, | Test Loss: 1.2209653854370117, Test Acc: 0.0, Test Grad Norm: 37.23039245605469
Iter: 20 | Train Loss: 0.8887729644775391, Train Acc: 0.0, Train Grad Norm 22.450584411621094, | Test Loss: 0.9950231909751892, Test Acc: 0.0, Test Grad Norm: 29.554203033447266 | Elapsed Time: 21.790343284606934
Iter: 40 | Train Loss: 0.7202352285385132, Train Acc: 0.0, Train Grad Norm 17.937990188598633, | Test Loss: 0.8040890693664551, Test Acc: 0.0, Test Grad Norm: 23.335460662841797 | Elapsed Time: 43.68887948989868
Iter: 60 | Train Loss: 0.567801296710968, Train Acc: 0.0, Train Grad Norm 13.947790145874023, | Test Loss: 0.6416403651237488, Test Acc: 0.0, Test Grad Norm: 18.530641555786133 | Elapsed Time: 65.53124046325684
Iter: 80 | Train Loss: 0.47541987895965576, Train Acc: 0.0, Train Grad Norm 11.474020004272461, | Test Loss: 0.5557790398597717, Test Acc: 0.0, Test Grad Norm: 15.952262878417969 | Elapsed Time: 87.31143522262573
Iter: 100 | Train Loss: 0.3918737471103668, Train Acc: 0.0, Train Grad Norm 9.247599601745605, | Test Loss: 0.4586449861526489, Test Acc: 0.0, Test Grad Norm: 12.806215286254883 | Elapsed Time: 109.2661669254303
Iter: 120 | Train Loss: 0.31750136613845825, Train Acc: 0.0, Train Grad Norm 7.3215837478637695, | Test Loss: 0.36913540959358215, Test Acc: 0.0, Test Grad Norm: 10.024621963500977 | Elapsed Time: 131.05413436889648
Iter: 140 | Train Loss: 0.24908576905727386, Train Acc: 0.0, Train Grad Norm 5.499645233154297, | Test Loss: 0.29673394560813904, Test Acc: 0.0, Test Grad Norm: 7.8308587074279785 | Elapsed Time: 152.85880589485168
Iter: 160 | Train Loss: 0.20121575891971588, Train Acc: 0.0, Train Grad Norm 4.23732852935791, | Test Loss: 0.24461227655410767, Test Acc: 0.0, Test Grad Norm: 6.197539806365967 | Elapsed Time: 174.74117803573608
Iter: 180 | Train Loss: 0.15662652254104614, Train Acc: 0.0, Train Grad Norm 3.0188820362091064, | Test Loss: 0.1905197948217392, Test Acc: 0.0, Test Grad Norm: 4.4520440101623535 | Elapsed Time: 196.56000185012817
Iter: 200 | Train Loss: 0.12626908719539642, Train Acc: 0.0, Train Grad Norm 2.1672720909118652, | Test Loss: 0.15892870724201202, Test Acc: 0.0, Test Grad Norm: 3.432051658630371 | Elapsed Time: 218.34448862075806
Iter: 220 | Train Loss: 0.0952097624540329, Train Acc: 0.0, Train Grad Norm 1.346413254737854, | Test Loss: 0.11763153970241547, Test Acc: 0.0, Test Grad Norm: 2.1780285835266113 | Elapsed Time: 240.21023559570312
Iter: 240 | Train Loss: 0.07166123390197754, Train Acc: 0.0, Train Grad Norm 0.7646675109863281, | Test Loss: 0.08323641121387482, Test Acc: 0.0, Test Grad Norm: 1.2054405212402344 | Elapsed Time: 261.9938406944275
Iter: 260 | Train Loss: 0.0596935972571373, Train Acc: 0.0, Train Grad Norm 0.441505491733551, | Test Loss: 0.07101982831954956, Test Acc: 0.0, Test Grad Norm: 0.7987865209579468 | Elapsed Time: 283.78569865226746
Iter: 280 | Train Loss: 0.05380239710211754, Train Acc: 0.0, Train Grad Norm 0.3424409031867981, | Test Loss: 0.06607630848884583, Test Acc: 0.0, Test Grad Norm: 0.6696777939796448 | Elapsed Time: 305.72123312950134
Iter: 300 | Train Loss: 0.048877932131290436, Train Acc: 0.0, Train Grad Norm 0.16997544467449188, | Test Loss: 0.05568976700305939, Test Acc: 0.0, Test Grad Norm: 0.3458751142024994 | Elapsed Time: 327.49996519088745
Iter: 320 | Train Loss: 0.04627227038145065, Train Acc: 0.0, Train Grad Norm 0.11778780072927475, | Test Loss: 0.05472705140709877, Test Acc: 0.0, Test Grad Norm: 0.29362913966178894 | Elapsed Time: 349.3304817676544
Iter: 340 | Train Loss: 0.04203500598669052, Train Acc: 0.0, Train Grad Norm 0.07584533840417862, | Test Loss: 0.04580187425017357, Test Acc: 0.0, Test Grad Norm: 0.16452893614768982 | Elapsed Time: 371.19029331207275
Iter: 360 | Train Loss: 0.04143814370036125, Train Acc: 0.0, Train Grad Norm 0.0366293229162693, | Test Loss: 0.043156497180461884, Test Acc: 0.0, Test Grad Norm: 0.07603545486927032 | Elapsed Time: 393.04973578453064
Iter: 380 | Train Loss: 0.04153762385249138, Train Acc: 0.0, Train Grad Norm 0.03870973736047745, | Test Loss: 0.04282105714082718, Test Acc: 0.0, Test Grad Norm: 0.07812315970659256 | Elapsed Time: 414.86783027648926
Iter: 400 | Train Loss: 0.03956584632396698, Train Acc: 0.0, Train Grad Norm 0.027638528496026993, | Test Loss: 0.04147285223007202, Test Acc: 0.0, Test Grad Norm: 0.07207213342189789 | Elapsed Time: 436.7215220928192
Iter: 420 | Train Loss: 0.03840534761548042, Train Acc: 0.0, Train Grad Norm 0.01387985423207283, | Test Loss: 0.04032222181558609, Test Acc: 0.0, Test Grad Norm: 0.04750225320458412 | Elapsed Time: 458.6037669181824
Iter: 440 | Train Loss: 0.03791629523038864, Train Acc: 0.0, Train Grad Norm 0.01880865916609764, | Test Loss: 0.03931136056780815, Test Acc: 0.0, Test Grad Norm: 0.04763314127922058 | Elapsed Time: 480.4391977787018
Iter: 460 | Train Loss: 0.03812192752957344, Train Acc: 0.0, Train Grad Norm 0.0210152268409729, | Test Loss: 0.04087609425187111, Test Acc: 0.0, Test Grad Norm: 0.06990956515073776 | Elapsed Time: 502.2312355041504
Iter: 480 | Train Loss: 0.0363120473921299, Train Acc: 0.0, Train Grad Norm 0.013440363109111786, | Test Loss: 0.03693248704075813, Test Acc: 0.0, Test Grad Norm: 0.028302136808633804 | Elapsed Time: 524.1178314685822
Iter: 500 | Train Loss: 0.03691170737147331, Train Acc: 0.0, Train Grad Norm 0.02062336355447769, | Test Loss: 0.037702158093452454, Test Acc: 0.0, Test Grad Norm: 0.04250718280673027 | Elapsed Time: 545.9405608177185
