Running with c=1, seed=3
GPU Not Enabled
Learning rate eta = 1.0
The size of local train datasets:  [1652, 1652, 1651, 1651, 1651, 1651, 1651, 1651, 1651, 1651]
Shuffling 16520 1.2 -DP local randomizers results is (eps,  1e-08 )-DP in the shuffle model for eps between 0.06864230678113897 and 0.0693993910471074
The final epsilon, delta is ( 14.24881364270569 , 1e-05 )
Iter: 0 | Train Loss: 0.37747907638549805, Train Acc: 0.0, Train Grad Norm 6.437361717224121, | Test Loss: 0.3772118091583252, Test Acc: 0.0, Test Grad Norm: 6.719305515289307
Iter: 20 | Train Loss: 0.16780982911586761, Train Acc: 0.0, Train Grad Norm 0.716524600982666, | Test Loss: 0.4026537239551544, Test Acc: 0.0, Test Grad Norm: 10.417344093322754 | Elapsed Time: 14.441630601882935
Iter: 40 | Train Loss: 0.31089484691619873, Train Acc: 0.0, Train Grad Norm 2.5271623134613037, | Test Loss: 1.4911295175552368, Test Acc: 0.0, Test Grad Norm: 91.00125885009766 | Elapsed Time: 28.780520915985107
Patience count 1
Iter: 60 | Train Loss: 0.5201385021209717, Train Acc: 0.0, Train Grad Norm 3.3511085510253906, | Test Loss: 3.4594602584838867, Test Acc: 0.0, Test Grad Norm: 213.2103271484375 | Elapsed Time: 43.185924768447876
Patience count 2
Iter: 80 | Train Loss: 0.8666557669639587, Train Acc: 0.0, Train Grad Norm 7.857357025146484, | Test Loss: 6.1457343101501465, Test Acc: 0.0, Test Grad Norm: 571.6190185546875 | Elapsed Time: 57.676631689071655
Patience count 3
Iter: 100 | Train Loss: 0.5851007699966431, Train Acc: 0.0, Train Grad Norm 4.88106107711792, | Test Loss: 3.809100389480591, Test Acc: 0.0, Test Grad Norm: 412.4503173828125 | Elapsed Time: 72.06832933425903
Learning was stopped
Learning rate eta = 0.5
The size of local train datasets:  [1652, 1652, 1651, 1651, 1651, 1651, 1651, 1651, 1651, 1651]
Shuffling 16520 1.2 -DP local randomizers results is (eps,  1e-08 )-DP in the shuffle model for eps between 0.06864230678113897 and 0.0693993910471074
The final epsilon, delta is ( 14.24881364270569 , 1e-05 )
Iter: 0 | Train Loss: 0.37747907638549805, Train Acc: 0.0, Train Grad Norm 6.437361717224121, | Test Loss: 0.3772118091583252, Test Acc: 0.0, Test Grad Norm: 6.719305515289307
Iter: 20 | Train Loss: 0.1135774776339531, Train Acc: 0.0, Train Grad Norm 1.341973066329956, | Test Loss: 0.14135676622390747, Test Acc: 0.0, Test Grad Norm: 1.2608269453048706 | Elapsed Time: 14.357750415802002
Iter: 40 | Train Loss: 0.09392698109149933, Train Acc: 0.0, Train Grad Norm 0.9553592801094055, | Test Loss: 0.09084445983171463, Test Acc: 0.0, Test Grad Norm: 0.9958395957946777 | Elapsed Time: 28.857725620269775
Iter: 60 | Train Loss: 0.07185279577970505, Train Acc: 0.0, Train Grad Norm 0.18828615546226501, | Test Loss: 0.11761144548654556, Test Acc: 0.0, Test Grad Norm: 1.3753938674926758 | Elapsed Time: 43.37809634208679
Iter: 80 | Train Loss: 0.0796821191906929, Train Acc: 0.0, Train Grad Norm 0.15213529765605927, | Test Loss: 0.08623811602592468, Test Acc: 0.0, Test Grad Norm: 0.6411313414573669 | Elapsed Time: 57.77494168281555
Patience count 1
Iter: 100 | Train Loss: 0.06304813921451569, Train Acc: 0.0, Train Grad Norm 0.20500552654266357, | Test Loss: 0.08714313060045242, Test Acc: 0.0, Test Grad Norm: 1.0860016345977783 | Elapsed Time: 72.21263098716736
Iter: 120 | Train Loss: 0.07526542991399765, Train Acc: 0.0, Train Grad Norm 0.08246194571256638, | Test Loss: 0.06887944787740707, Test Acc: 0.0, Test Grad Norm: 0.09182780236005783 | Elapsed Time: 86.88409423828125
Patience count 1
Iter: 140 | Train Loss: 0.13251818716526031, Train Acc: 0.0, Train Grad Norm 0.4126061797142029, | Test Loss: 0.49045294523239136, Test Acc: 0.0, Test Grad Norm: 18.423234939575195 | Elapsed Time: 101.17067170143127
Patience count 2
Iter: 160 | Train Loss: 0.15579845011234283, Train Acc: 0.0, Train Grad Norm 0.44822368025779724, | Test Loss: 0.6834585666656494, Test Acc: 0.0, Test Grad Norm: 26.969635009765625 | Elapsed Time: 115.52257180213928
Patience count 3
Iter: 180 | Train Loss: 0.20570598542690277, Train Acc: 0.0, Train Grad Norm 1.1142563819885254, | Test Loss: 1.1806761026382446, Test Acc: 0.0, Test Grad Norm: 60.89116287231445 | Elapsed Time: 129.83459782600403
Learning was stopped
Learning rate eta = 0.25
The size of local train datasets:  [1652, 1652, 1651, 1651, 1651, 1651, 1651, 1651, 1651, 1651]
Shuffling 16520 1.2 -DP local randomizers results is (eps,  1e-08 )-DP in the shuffle model for eps between 0.06864230678113897 and 0.0693993910471074
The final epsilon, delta is ( 14.24881364270569 , 1e-05 )
Iter: 0 | Train Loss: 0.37747907638549805, Train Acc: 0.0, Train Grad Norm 6.437361717224121, | Test Loss: 0.3772118091583252, Test Acc: 0.0, Test Grad Norm: 6.719305515289307
Iter: 20 | Train Loss: 0.2573980391025543, Train Acc: 0.0, Train Grad Norm 3.54495906829834, | Test Loss: 0.2521921396255493, Test Acc: 0.0, Test Grad Norm: 3.6893985271453857 | Elapsed Time: 14.28888988494873
Iter: 40 | Train Loss: 0.20852532982826233, Train Acc: 0.0, Train Grad Norm 2.3323142528533936, | Test Loss: 0.20667694509029388, Test Acc: 0.0, Test Grad Norm: 2.1923041343688965 | Elapsed Time: 28.692979335784912
Iter: 60 | Train Loss: 0.129805788397789, Train Acc: 0.0, Train Grad Norm 1.0982460975646973, | Test Loss: 0.1443263739347458, Test Acc: 0.0, Test Grad Norm: 1.2517807483673096 | Elapsed Time: 43.04442548751831
Iter: 80 | Train Loss: 0.08610903471708298, Train Acc: 0.0, Train Grad Norm 0.2994769513607025, | Test Loss: 0.1521686166524887, Test Acc: 0.0, Test Grad Norm: 2.394744634628296 | Elapsed Time: 57.299439430236816
Iter: 100 | Train Loss: 0.08794928342103958, Train Acc: 0.0, Train Grad Norm 0.1607561558485031, | Test Loss: 0.4425903856754303, Test Acc: 0.0, Test Grad Norm: 14.025127410888672 | Elapsed Time: 71.54290175437927
Iter: 120 | Train Loss: 0.07994352281093597, Train Acc: 0.0, Train Grad Norm 0.10376698523759842, | Test Loss: 0.3431928753852844, Test Acc: 0.0, Test Grad Norm: 8.499763488769531 | Elapsed Time: 85.86896133422852
Iter: 140 | Train Loss: 0.07008776068687439, Train Acc: 0.0, Train Grad Norm 0.12468840181827545, | Test Loss: 0.31876835227012634, Test Acc: 0.0, Test Grad Norm: 8.846680641174316 | Elapsed Time: 100.26435375213623
Iter: 160 | Train Loss: 0.06242452189326286, Train Acc: 0.0, Train Grad Norm 0.07571803033351898, | Test Loss: 0.24897006154060364, Test Acc: 0.0, Test Grad Norm: 6.339293956756592 | Elapsed Time: 114.51749992370605
Iter: 180 | Train Loss: 0.04671848565340042, Train Acc: 0.0, Train Grad Norm 0.047834768891334534, | Test Loss: 0.1496174931526184, Test Acc: 0.0, Test Grad Norm: 4.21295166015625 | Elapsed Time: 128.9693512916565
Iter: 200 | Train Loss: 0.062457501888275146, Train Acc: 0.0, Train Grad Norm 0.09854894876480103, | Test Loss: 0.19663457572460175, Test Acc: 0.0, Test Grad Norm: 5.704476833343506 | Elapsed Time: 143.26090002059937
Patience count 1
Iter: 220 | Train Loss: 0.06051364168524742, Train Acc: 0.0, Train Grad Norm 0.08893223851919174, | Test Loss: 0.12640541791915894, Test Acc: 0.0, Test Grad Norm: 3.3527300357818604 | Elapsed Time: 157.56715869903564
Patience count 2
Iter: 240 | Train Loss: 0.05847247317433357, Train Acc: 0.0, Train Grad Norm 0.1056460440158844, | Test Loss: 0.07682745158672333, Test Acc: 0.0, Test Grad Norm: 1.089729905128479 | Elapsed Time: 171.91824746131897
Patience count 3
Iter: 260 | Train Loss: 0.045526571571826935, Train Acc: 0.0, Train Grad Norm 0.02777264267206192, | Test Loss: 0.04434753209352493, Test Acc: 0.0, Test Grad Norm: 0.10755763947963715 | Elapsed Time: 186.30614042282104
Learning was stopped
Learning rate eta = 0.125
The size of local train datasets:  [1652, 1652, 1651, 1651, 1651, 1651, 1651, 1651, 1651, 1651]
Shuffling 16520 1.2 -DP local randomizers results is (eps,  1e-08 )-DP in the shuffle model for eps between 0.06864230678113897 and 0.0693993910471074
The final epsilon, delta is ( 14.24881364270569 , 1e-05 )
Iter: 0 | Train Loss: 0.37747907638549805, Train Acc: 0.0, Train Grad Norm 6.437361717224121, | Test Loss: 0.3772118091583252, Test Acc: 0.0, Test Grad Norm: 6.719305515289307
Iter: 20 | Train Loss: 0.28343909978866577, Train Acc: 0.0, Train Grad Norm 4.45025634765625, | Test Loss: 0.282909631729126, Test Acc: 0.0, Test Grad Norm: 4.4422125816345215 | Elapsed Time: 14.32684850692749
Iter: 40 | Train Loss: 0.21496020257472992, Train Acc: 0.0, Train Grad Norm 3.0683271884918213, | Test Loss: 0.21620579063892365, Test Acc: 0.0, Test Grad Norm: 3.477781295776367 | Elapsed Time: 28.862424612045288
Iter: 60 | Train Loss: 0.16005438566207886, Train Acc: 0.0, Train Grad Norm 1.937243938446045, | Test Loss: 0.1588774174451828, Test Acc: 0.0, Test Grad Norm: 2.092968463897705 | Elapsed Time: 43.08543825149536
Iter: 80 | Train Loss: 0.12780213356018066, Train Acc: 0.0, Train Grad Norm 1.2436447143554688, | Test Loss: 0.1272977590560913, Test Acc: 0.0, Test Grad Norm: 1.451701283454895 | Elapsed Time: 57.41181755065918
Iter: 100 | Train Loss: 0.09879172593355179, Train Acc: 0.0, Train Grad Norm 0.7027145624160767, | Test Loss: 0.09702180325984955, Test Acc: 0.0, Test Grad Norm: 0.7510714530944824 | Elapsed Time: 71.78903913497925
Iter: 120 | Train Loss: 0.08437378704547882, Train Acc: 0.0, Train Grad Norm 0.38866961002349854, | Test Loss: 0.08280370384454727, Test Acc: 0.0, Test Grad Norm: 0.43893903493881226 | Elapsed Time: 86.22385573387146
Iter: 140 | Train Loss: 0.07683049887418747, Train Acc: 0.0, Train Grad Norm 0.21873310208320618, | Test Loss: 0.07483524829149246, Test Acc: 0.0, Test Grad Norm: 0.19690664112567902 | Elapsed Time: 100.48580408096313
Iter: 160 | Train Loss: 0.06836555153131485, Train Acc: 0.0, Train Grad Norm 0.12409821897745132, | Test Loss: 0.06654355674982071, Test Acc: 0.0, Test Grad Norm: 0.15490180253982544 | Elapsed Time: 114.90668106079102
Iter: 180 | Train Loss: 0.0710323303937912, Train Acc: 0.0, Train Grad Norm 0.14213819801807404, | Test Loss: 0.07141262292861938, Test Acc: 0.0, Test Grad Norm: 0.28105902671813965 | Elapsed Time: 129.21547889709473
Iter: 200 | Train Loss: 0.0716647133231163, Train Acc: 0.0, Train Grad Norm 0.11606863886117935, | Test Loss: 0.08014120161533356, Test Acc: 0.0, Test Grad Norm: 0.4654916226863861 | Elapsed Time: 143.67468810081482
Iter: 220 | Train Loss: 0.06595161557197571, Train Acc: 0.0, Train Grad Norm 0.09755301475524902, | Test Loss: 0.07706846296787262, Test Acc: 0.0, Test Grad Norm: 0.4720151126384735 | Elapsed Time: 157.96832156181335
Iter: 240 | Train Loss: 0.06625226140022278, Train Acc: 0.0, Train Grad Norm 0.05779237300157547, | Test Loss: 0.08018679171800613, Test Acc: 0.0, Test Grad Norm: 0.43013995885849 | Elapsed Time: 172.98033666610718
Iter: 260 | Train Loss: 0.0752459242939949, Train Acc: 0.0, Train Grad Norm 0.058843065053224564, | Test Loss: 0.1326298862695694, Test Acc: 0.0, Test Grad Norm: 1.154032588005066 | Elapsed Time: 188.43301105499268
Patience count 1
Iter: 280 | Train Loss: 0.07665221393108368, Train Acc: 0.0, Train Grad Norm 0.07069068402051926, | Test Loss: 0.13799168169498444, Test Acc: 0.0, Test Grad Norm: 1.170356035232544 | Elapsed Time: 204.005038022995
Patience count 2
Iter: 300 | Train Loss: 0.07175237685441971, Train Acc: 0.0, Train Grad Norm 0.047065310180187225, | Test Loss: 0.11589273065328598, Test Acc: 0.0, Test Grad Norm: 0.7269465923309326 | Elapsed Time: 218.42064595222473
Patience count 3
Iter: 320 | Train Loss: 0.06829354166984558, Train Acc: 0.0, Train Grad Norm 0.050425346940755844, | Test Loss: 0.11927002668380737, Test Acc: 0.0, Test Grad Norm: 0.7910097241401672 | Elapsed Time: 232.73350977897644
Learning was stopped
Learning rate eta = 0.0625
The size of local train datasets:  [1652, 1652, 1651, 1651, 1651, 1651, 1651, 1651, 1651, 1651]
Shuffling 16520 1.2 -DP local randomizers results is (eps,  1e-08 )-DP in the shuffle model for eps between 0.06864230678113897 and 0.0693993910471074
The final epsilon, delta is ( 14.24881364270569 , 1e-05 )
Iter: 0 | Train Loss: 0.37747907638549805, Train Acc: 0.0, Train Grad Norm 6.437361717224121, | Test Loss: 0.3772118091583252, Test Acc: 0.0, Test Grad Norm: 6.719305515289307
Iter: 20 | Train Loss: 0.3179451525211334, Train Acc: 0.0, Train Grad Norm 5.074325084686279, | Test Loss: 0.31689658761024475, Test Acc: 0.0, Test Grad Norm: 5.291249752044678 | Elapsed Time: 14.237293004989624
Iter: 40 | Train Loss: 0.2672078013420105, Train Acc: 0.0, Train Grad Norm 3.93963623046875, | Test Loss: 0.2652011811733246, Test Acc: 0.0, Test Grad Norm: 4.087850093841553 | Elapsed Time: 28.761672019958496
Iter: 60 | Train Loss: 0.2233419269323349, Train Acc: 0.0, Train Grad Norm 2.934454917907715, | Test Loss: 0.22056183218955994, Test Acc: 0.0, Test Grad Norm: 3.0127944946289062 | Elapsed Time: 42.98876905441284
Iter: 80 | Train Loss: 0.1896592676639557, Train Acc: 0.0, Train Grad Norm 2.0339200496673584, | Test Loss: 0.18646585941314697, Test Acc: 0.0, Test Grad Norm: 2.0100324153900146 | Elapsed Time: 57.23889923095703
Iter: 100 | Train Loss: 0.1676650196313858, Train Acc: 0.0, Train Grad Norm 1.479775071144104, | Test Loss: 0.1706797331571579, Test Acc: 0.0, Test Grad Norm: 1.3402724266052246 | Elapsed Time: 71.60744881629944
Iter: 120 | Train Loss: 0.14209815859794617, Train Acc: 0.0, Train Grad Norm 0.9696369171142578, | Test Loss: 0.14443790912628174, Test Acc: 0.0, Test Grad Norm: 0.8922827243804932 | Elapsed Time: 85.89593029022217
Iter: 140 | Train Loss: 0.12616324424743652, Train Acc: 0.0, Train Grad Norm 0.7093384265899658, | Test Loss: 0.1317354440689087, Test Acc: 0.0, Test Grad Norm: 0.6647056937217712 | Elapsed Time: 100.30474877357483
Iter: 160 | Train Loss: 0.11139198392629623, Train Acc: 0.0, Train Grad Norm 0.51692795753479, | Test Loss: 0.11478613317012787, Test Acc: 0.0, Test Grad Norm: 0.4904788136482239 | Elapsed Time: 114.91850209236145
Iter: 180 | Train Loss: 0.09703267365694046, Train Acc: 0.0, Train Grad Norm 0.3019307553768158, | Test Loss: 0.10061617195606232, Test Acc: 0.0, Test Grad Norm: 0.3167676031589508 | Elapsed Time: 129.22900247573853
Iter: 200 | Train Loss: 0.08815121650695801, Train Acc: 0.0, Train Grad Norm 0.2069939523935318, | Test Loss: 0.09524237364530563, Test Acc: 0.0, Test Grad Norm: 0.2916809022426605 | Elapsed Time: 143.51936197280884
Iter: 220 | Train Loss: 0.0794268250465393, Train Acc: 0.0, Train Grad Norm 0.1552441567182541, | Test Loss: 0.08458980172872543, Test Acc: 0.0, Test Grad Norm: 0.23148465156555176 | Elapsed Time: 157.90267634391785
Iter: 240 | Train Loss: 0.07282514870166779, Train Acc: 0.0, Train Grad Norm 0.12250614911317825, | Test Loss: 0.07444934546947479, Test Acc: 0.0, Test Grad Norm: 0.16482463479042053 | Elapsed Time: 172.2868173122406
Iter: 260 | Train Loss: 0.07060309499502182, Train Acc: 0.0, Train Grad Norm 0.11630235612392426, | Test Loss: 0.07279294729232788, Test Acc: 0.0, Test Grad Norm: 0.16240285336971283 | Elapsed Time: 186.5751211643219
Iter: 280 | Train Loss: 0.07065741717815399, Train Acc: 0.0, Train Grad Norm 0.08763053268194199, | Test Loss: 0.0699661448597908, Test Acc: 0.0, Test Grad Norm: 0.14389322698116302 | Elapsed Time: 200.86181235313416
Iter: 300 | Train Loss: 0.0714523196220398, Train Acc: 0.0, Train Grad Norm 0.08887261152267456, | Test Loss: 0.06769401580095291, Test Acc: 0.0, Test Grad Norm: 0.0961788147687912 | Elapsed Time: 215.38811588287354
Iter: 320 | Train Loss: 0.07138532400131226, Train Acc: 0.0, Train Grad Norm 0.10099709779024124, | Test Loss: 0.06669151037931442, Test Acc: 0.0, Test Grad Norm: 0.10182356834411621 | Elapsed Time: 229.63029742240906
Iter: 340 | Train Loss: 0.06554502993822098, Train Acc: 0.0, Train Grad Norm 0.06888965517282486, | Test Loss: 0.06278890371322632, Test Acc: 0.0, Test Grad Norm: 0.07923298329114914 | Elapsed Time: 243.90419244766235
Iter: 360 | Train Loss: 0.06496838480234146, Train Acc: 0.0, Train Grad Norm 0.07848725467920303, | Test Loss: 0.06074346601963043, Test Acc: 0.0, Test Grad Norm: 0.04693418741226196 | Elapsed Time: 258.3081889152527
Iter: 380 | Train Loss: 0.06573332846164703, Train Acc: 0.0, Train Grad Norm 0.07885006070137024, | Test Loss: 0.061277881264686584, Test Acc: 0.0, Test Grad Norm: 0.045826464891433716 | Elapsed Time: 273.35478162765503
Iter: 400 | Train Loss: 0.06341064721345901, Train Acc: 0.0, Train Grad Norm 0.05577347055077553, | Test Loss: 0.05972836911678314, Test Acc: 0.0, Test Grad Norm: 0.034464895725250244 | Elapsed Time: 288.1562387943268
Iter: 420 | Train Loss: 0.06464814394712448, Train Acc: 0.0, Train Grad Norm 0.055659957230091095, | Test Loss: 0.06081618368625641, Test Acc: 0.0, Test Grad Norm: 0.035968683660030365 | Elapsed Time: 302.48505687713623
Iter: 440 | Train Loss: 0.06651782989501953, Train Acc: 0.0, Train Grad Norm 0.06811045110225677, | Test Loss: 0.06250732392072678, Test Acc: 0.0, Test Grad Norm: 0.05407751351594925 | Elapsed Time: 316.8976092338562
Iter: 460 | Train Loss: 0.06528472900390625, Train Acc: 0.0, Train Grad Norm 0.06375449150800705, | Test Loss: 0.06196245551109314, Test Acc: 0.0, Test Grad Norm: 0.05507054179906845 | Elapsed Time: 331.3241398334503
Iter: 480 | Train Loss: 0.06311004608869553, Train Acc: 0.0, Train Grad Norm 0.05362878367304802, | Test Loss: 0.05961788445711136, Test Acc: 0.0, Test Grad Norm: 0.04135831072926521 | Elapsed Time: 345.7271728515625
Iter: 500 | Train Loss: 0.05974619835615158, Train Acc: 0.0, Train Grad Norm 0.04733513668179512, | Test Loss: 0.056519195437431335, Test Acc: 0.0, Test Grad Norm: 0.038738999515771866 | Elapsed Time: 360.030339717865
Running with c=3, seed=3
GPU Not Enabled
Learning rate eta = 1.0
The size of local train datasets:  [1652, 1652, 1651, 1651, 1651, 1651, 1651, 1651, 1651, 1651]
Shuffling 16520 1.2 -DP local randomizers results is (eps,  1e-08 )-DP in the shuffle model for eps between 0.06864230678113897 and 0.0693993910471074
The final epsilon, delta is ( 14.24881364270569 , 1e-05 )
Iter: 0 | Train Loss: 0.37747907638549805, Train Acc: 0.0, Train Grad Norm 6.437361717224121, | Test Loss: 0.3772118091583252, Test Acc: 0.0, Test Grad Norm: 6.719305515289307
Iter: 20 | Train Loss: 0.2415970414876938, Train Acc: 0.0, Train Grad Norm 1.3533430099487305, | Test Loss: 1.257014274597168, Test Acc: 0.0, Test Grad Norm: 42.244686126708984 | Elapsed Time: 14.42918086051941
Iter: 40 | Train Loss: 0.27514687180519104, Train Acc: 0.0, Train Grad Norm 1.4367681741714478, | Test Loss: 0.7438334226608276, Test Acc: 0.0, Test Grad Norm: 24.25563621520996 | Elapsed Time: 28.98878812789917
Patience count 1
Iter: 60 | Train Loss: 0.17225809395313263, Train Acc: 0.0, Train Grad Norm 0.8084374666213989, | Test Loss: 0.30364537239074707, Test Acc: 0.0, Test Grad Norm: 6.967854022979736 | Elapsed Time: 43.451887369155884
Iter: 80 | Train Loss: 0.16415086388587952, Train Acc: 0.0, Train Grad Norm 0.7323702573776245, | Test Loss: 0.1474444717168808, Test Acc: 0.0, Test Grad Norm: 0.7097782492637634 | Elapsed Time: 57.78444862365723
Iter: 100 | Train Loss: 0.07867360860109329, Train Acc: 0.0, Train Grad Norm 0.5719991326332092, | Test Loss: 0.08604814112186432, Test Acc: 0.0, Test Grad Norm: 1.1645742654800415 | Elapsed Time: 72.06057000160217
Iter: 120 | Train Loss: 0.10685111582279205, Train Acc: 0.0, Train Grad Norm 0.2705134451389313, | Test Loss: 0.3483468294143677, Test Acc: 0.0, Test Grad Norm: 10.222833633422852 | Elapsed Time: 86.53640413284302
Patience count 1
Iter: 140 | Train Loss: 0.18123364448547363, Train Acc: 0.0, Train Grad Norm 0.5152478218078613, | Test Loss: 0.1680530309677124, Test Acc: 0.0, Test Grad Norm: 0.3760193884372711 | Elapsed Time: 100.94436144828796
Patience count 2
Iter: 160 | Train Loss: 0.6039362549781799, Train Acc: 0.0, Train Grad Norm 6.413753986358643, | Test Loss: 0.44101789593696594, Test Acc: 0.0, Test Grad Norm: 2.9679365158081055 | Elapsed Time: 115.30060195922852
Patience count 3
Iter: 180 | Train Loss: 0.4159888029098511, Train Acc: 0.0, Train Grad Norm 4.323530673980713, | Test Loss: 0.6831008195877075, Test Acc: 0.0, Test Grad Norm: 33.195037841796875 | Elapsed Time: 129.6159646511078
Learning was stopped
Learning rate eta = 0.5
The size of local train datasets:  [1652, 1652, 1651, 1651, 1651, 1651, 1651, 1651, 1651, 1651]
Shuffling 16520 1.2 -DP local randomizers results is (eps,  1e-08 )-DP in the shuffle model for eps between 0.06864230678113897 and 0.0693993910471074
The final epsilon, delta is ( 14.24881364270569 , 1e-05 )
Iter: 0 | Train Loss: 0.37747907638549805, Train Acc: 0.0, Train Grad Norm 6.437361717224121, | Test Loss: 0.3772118091583252, Test Acc: 0.0, Test Grad Norm: 6.719305515289307
Iter: 20 | Train Loss: 0.12243557721376419, Train Acc: 0.0, Train Grad Norm 0.8792863488197327, | Test Loss: 0.13720357418060303, Test Acc: 0.0, Test Grad Norm: 2.0156891345977783 | Elapsed Time: 14.61188292503357
Iter: 40 | Train Loss: 0.12310786545276642, Train Acc: 0.0, Train Grad Norm 0.25089558959007263, | Test Loss: 0.11597305536270142, Test Acc: 0.0, Test Grad Norm: 0.42472904920578003 | Elapsed Time: 28.995875597000122
Iter: 60 | Train Loss: 0.08297747373580933, Train Acc: 0.0, Train Grad Norm 0.16242104768753052, | Test Loss: 0.08063111454248428, Test Acc: 0.0, Test Grad Norm: 0.23718419671058655 | Elapsed Time: 43.49229025840759
Iter: 80 | Train Loss: 0.1243472769856453, Train Acc: 0.0, Train Grad Norm 0.6330111622810364, | Test Loss: 0.49452945590019226, Test Acc: 0.0, Test Grad Norm: 18.384428024291992 | Elapsed Time: 57.998560190200806
Patience count 1
Iter: 100 | Train Loss: 0.11208677291870117, Train Acc: 0.0, Train Grad Norm 0.2635575532913208, | Test Loss: 0.54389488697052, Test Acc: 0.0, Test Grad Norm: 16.261659622192383 | Elapsed Time: 72.49610733985901
Patience count 2
Iter: 120 | Train Loss: 0.175553098320961, Train Acc: 0.0, Train Grad Norm 1.0269489288330078, | Test Loss: 0.9066806435585022, Test Acc: 0.0, Test Grad Norm: 33.29096221923828 | Elapsed Time: 86.93181896209717
Patience count 3
Iter: 140 | Train Loss: 0.3258499801158905, Train Acc: 0.0, Train Grad Norm 2.6192381381988525, | Test Loss: 2.478517532348633, Test Acc: 0.0, Test Grad Norm: 164.5374298095703 | Elapsed Time: 101.40186619758606
Learning was stopped
Learning rate eta = 0.25
The size of local train datasets:  [1652, 1652, 1651, 1651, 1651, 1651, 1651, 1651, 1651, 1651]
Shuffling 16520 1.2 -DP local randomizers results is (eps,  1e-08 )-DP in the shuffle model for eps between 0.06864230678113897 and 0.0693993910471074
The final epsilon, delta is ( 14.24881364270569 , 1e-05 )
Iter: 0 | Train Loss: 0.37747907638549805, Train Acc: 0.0, Train Grad Norm 6.437361717224121, | Test Loss: 0.3772118091583252, Test Acc: 0.0, Test Grad Norm: 6.719305515289307
Iter: 20 | Train Loss: 0.2199024260044098, Train Acc: 0.0, Train Grad Norm 2.5745768547058105, | Test Loss: 0.21766877174377441, Test Acc: 0.0, Test Grad Norm: 2.500398635864258 | Elapsed Time: 14.377291440963745
Iter: 40 | Train Loss: 0.12842893600463867, Train Acc: 0.0, Train Grad Norm 1.2473541498184204, | Test Loss: 0.12626416981220245, Test Acc: 0.0, Test Grad Norm: 1.4873167276382446 | Elapsed Time: 28.910510540008545
Iter: 60 | Train Loss: 0.08409561216831207, Train Acc: 0.0, Train Grad Norm 0.3310641050338745, | Test Loss: 0.10531897842884064, Test Acc: 0.0, Test Grad Norm: 0.49871504306793213 | Elapsed Time: 43.425161838531494
Iter: 80 | Train Loss: 0.06657133996486664, Train Acc: 0.0, Train Grad Norm 0.10749950259923935, | Test Loss: 0.07702823728322983, Test Acc: 0.0, Test Grad Norm: 0.272524893283844 | Elapsed Time: 57.77918004989624
Iter: 100 | Train Loss: 0.06904085725545883, Train Acc: 0.0, Train Grad Norm 0.05243576690554619, | Test Loss: 0.07616907358169556, Test Acc: 0.0, Test Grad Norm: 0.21820004284381866 | Elapsed Time: 72.18420243263245
Iter: 120 | Train Loss: 0.0743304193019867, Train Acc: 0.0, Train Grad Norm 0.06453413516283035, | Test Loss: 0.11645057797431946, Test Acc: 0.0, Test Grad Norm: 1.6506205797195435 | Elapsed Time: 86.5337884426117
Patience count 1
Iter: 140 | Train Loss: 0.06872138381004333, Train Acc: 0.0, Train Grad Norm 0.06219673156738281, | Test Loss: 0.13943970203399658, Test Acc: 0.0, Test Grad Norm: 2.482797622680664 | Elapsed Time: 101.14005947113037
Iter: 160 | Train Loss: 0.06664705276489258, Train Acc: 0.0, Train Grad Norm 0.05059511587023735, | Test Loss: 0.12241554260253906, Test Acc: 0.0, Test Grad Norm: 2.1278154850006104 | Elapsed Time: 115.51255488395691
Iter: 180 | Train Loss: 0.05778902769088745, Train Acc: 0.0, Train Grad Norm 0.03490201756358147, | Test Loss: 0.06830072402954102, Test Acc: 0.0, Test Grad Norm: 0.3290126919746399 | Elapsed Time: 129.89370822906494
Iter: 200 | Train Loss: 0.050999779254198074, Train Acc: 0.0, Train Grad Norm 0.03180144727230072, | Test Loss: 0.05510900914669037, Test Acc: 0.0, Test Grad Norm: 0.1774633824825287 | Elapsed Time: 144.3745768070221
Iter: 220 | Train Loss: 0.048562366515398026, Train Acc: 0.0, Train Grad Norm 0.031604330986738205, | Test Loss: 0.07173566520214081, Test Acc: 0.0, Test Grad Norm: 1.1374927759170532 | Elapsed Time: 158.85320615768433
Iter: 240 | Train Loss: 0.05260702967643738, Train Acc: 0.0, Train Grad Norm 0.048088669776916504, | Test Loss: 0.08526691049337387, Test Acc: 0.0, Test Grad Norm: 1.4812301397323608 | Elapsed Time: 173.25186681747437
Patience count 1
Iter: 260 | Train Loss: 0.05921492725610733, Train Acc: 0.0, Train Grad Norm 0.13254335522651672, | Test Loss: 0.11545998603105545, Test Acc: 0.0, Test Grad Norm: 2.7471816539764404 | Elapsed Time: 187.7710452079773
Patience count 2
Iter: 280 | Train Loss: 0.05500985309481621, Train Acc: 0.0, Train Grad Norm 0.058258481323719025, | Test Loss: 0.05501600354909897, Test Acc: 0.0, Test Grad Norm: 0.0432153157889843 | Elapsed Time: 202.12793040275574
Patience count 3
Iter: 300 | Train Loss: 0.059918928891420364, Train Acc: 0.0, Train Grad Norm 0.14076262712478638, | Test Loss: 0.06864247471094131, Test Acc: 0.0, Test Grad Norm: 0.7937246561050415 | Elapsed Time: 217.28173327445984
Learning was stopped
Learning rate eta = 0.125
The size of local train datasets:  [1652, 1652, 1651, 1651, 1651, 1651, 1651, 1651, 1651, 1651]
Shuffling 16520 1.2 -DP local randomizers results is (eps,  1e-08 )-DP in the shuffle model for eps between 0.06864230678113897 and 0.0693993910471074
The final epsilon, delta is ( 14.24881364270569 , 1e-05 )
Iter: 0 | Train Loss: 0.37747907638549805, Train Acc: 0.0, Train Grad Norm 6.437361717224121, | Test Loss: 0.3772118091583252, Test Acc: 0.0, Test Grad Norm: 6.719305515289307
Iter: 20 | Train Loss: 0.28184378147125244, Train Acc: 0.0, Train Grad Norm 4.677405834197998, | Test Loss: 0.28333377838134766, Test Acc: 0.0, Test Grad Norm: 4.485023021697998 | Elapsed Time: 15.418650150299072
Iter: 40 | Train Loss: 0.21453402936458588, Train Acc: 0.0, Train Grad Norm 3.1367909908294678, | Test Loss: 0.22478225827217102, Test Acc: 0.0, Test Grad Norm: 2.7297677993774414 | Elapsed Time: 30.814238786697388
Iter: 60 | Train Loss: 0.1893347054719925, Train Acc: 0.0, Train Grad Norm 2.330000877380371, | Test Loss: 0.20975184440612793, Test Acc: 0.0, Test Grad Norm: 1.9544742107391357 | Elapsed Time: 46.1191668510437
Iter: 80 | Train Loss: 0.15256355702877045, Train Acc: 0.0, Train Grad Norm 1.4038856029510498, | Test Loss: 0.18203119933605194, Test Acc: 0.0, Test Grad Norm: 1.2587991952896118 | Elapsed Time: 61.142504930496216
Iter: 100 | Train Loss: 0.12712953984737396, Train Acc: 0.0, Train Grad Norm 1.0237243175506592, | Test Loss: 0.15306556224822998, Test Acc: 0.0, Test Grad Norm: 0.9316761493682861 | Elapsed Time: 76.44938278198242
Iter: 120 | Train Loss: 0.11560724675655365, Train Acc: 0.0, Train Grad Norm 0.8192181587219238, | Test Loss: 0.13056305050849915, Test Acc: 0.0, Test Grad Norm: 0.72743821144104 | Elapsed Time: 92.69898557662964
Iter: 140 | Train Loss: 0.09651012718677521, Train Acc: 0.0, Train Grad Norm 0.5638794898986816, | Test Loss: 0.10563191026449203, Test Acc: 0.0, Test Grad Norm: 0.4950369894504547 | Elapsed Time: 109.41685581207275
Iter: 160 | Train Loss: 0.08001971989870071, Train Acc: 0.0, Train Grad Norm 0.3720507025718689, | Test Loss: 0.07988721877336502, Test Acc: 0.0, Test Grad Norm: 0.35648369789123535 | Elapsed Time: 125.45206809043884
Iter: 180 | Train Loss: 0.06934136152267456, Train Acc: 0.0, Train Grad Norm 0.18433918058872223, | Test Loss: 0.07127349823713303, Test Acc: 0.0, Test Grad Norm: 0.182073175907135 | Elapsed Time: 141.56602692604065
Iter: 200 | Train Loss: 0.052596185356378555, Train Acc: 0.0, Train Grad Norm 0.12165123224258423, | Test Loss: 0.05292600020766258, Test Acc: 0.0, Test Grad Norm: 0.11405482143163681 | Elapsed Time: 158.17924189567566
Iter: 220 | Train Loss: 0.041672233492136, Train Acc: 0.0, Train Grad Norm 0.07221643626689911, | Test Loss: 0.04211078956723213, Test Acc: 0.0, Test Grad Norm: 0.06940897554159164 | Elapsed Time: 174.10736083984375
Iter: 240 | Train Loss: 0.03436188027262688, Train Acc: 0.0, Train Grad Norm 0.020767677575349808, | Test Loss: 0.034542445093393326, Test Acc: 0.0, Test Grad Norm: 0.022517889738082886 | Elapsed Time: 190.99628257751465
Iter: 260 | Train Loss: 0.034576524049043655, Train Acc: 0.0, Train Grad Norm 0.03428604453802109, | Test Loss: 0.03409826010465622, Test Acc: 0.0, Test Grad Norm: 0.01557410042732954 | Elapsed Time: 207.83331084251404
Iter: 280 | Train Loss: 0.03639538213610649, Train Acc: 0.0, Train Grad Norm 0.03467349335551262, | Test Loss: 0.039315301924943924, Test Acc: 0.0, Test Grad Norm: 0.11750595271587372 | Elapsed Time: 224.5528724193573
Patience count 1
Iter: 300 | Train Loss: 0.031044047325849533, Train Acc: 0.0, Train Grad Norm 0.020282788202166557, | Test Loss: 0.031115278601646423, Test Acc: 0.0, Test Grad Norm: 0.017158454284071922 | Elapsed Time: 241.21778845787048
Iter: 320 | Train Loss: 0.0333234928548336, Train Acc: 0.0, Train Grad Norm 0.02971741557121277, | Test Loss: 0.032606154680252075, Test Acc: 0.0, Test Grad Norm: 0.013398474082350731 | Elapsed Time: 257.428049325943
Patience count 1
Iter: 340 | Train Loss: 0.037523429840803146, Train Acc: 0.0, Train Grad Norm 0.07037600129842758, | Test Loss: 0.03524331375956535, Test Acc: 0.0, Test Grad Norm: 0.05073419213294983 | Elapsed Time: 274.23727083206177
Patience count 2
Iter: 360 | Train Loss: 0.03928158059716225, Train Acc: 0.0, Train Grad Norm 0.06985034793615341, | Test Loss: 0.03985479101538658, Test Acc: 0.0, Test Grad Norm: 0.053966034203767776 | Elapsed Time: 291.1240653991699
Patience count 3
Iter: 380 | Train Loss: 0.03637758269906044, Train Acc: 0.0, Train Grad Norm 0.03111308440566063, | Test Loss: 0.04836355894804001, Test Acc: 0.0, Test Grad Norm: 0.22596292197704315 | Elapsed Time: 307.27965688705444
Learning was stopped
Learning rate eta = 0.0625
The size of local train datasets:  [1652, 1652, 1651, 1651, 1651, 1651, 1651, 1651, 1651, 1651]
Shuffling 16520 1.2 -DP local randomizers results is (eps,  1e-08 )-DP in the shuffle model for eps between 0.06864230678113897 and 0.0693993910471074
The final epsilon, delta is ( 14.24881364270569 , 1e-05 )
Iter: 0 | Train Loss: 0.37747907638549805, Train Acc: 0.0, Train Grad Norm 6.437361717224121, | Test Loss: 0.3772118091583252, Test Acc: 0.0, Test Grad Norm: 6.719305515289307
Iter: 20 | Train Loss: 0.3106638193130493, Train Acc: 0.0, Train Grad Norm 4.908466815948486, | Test Loss: 0.309587687253952, Test Acc: 0.0, Test Grad Norm: 4.967169284820557 | Elapsed Time: 16.176698446273804
Iter: 40 | Train Loss: 0.2524622082710266, Train Acc: 0.0, Train Grad Norm 3.4814512729644775, | Test Loss: 0.2515304982662201, Test Acc: 0.0, Test Grad Norm: 3.370535135269165 | Elapsed Time: 33.040600538253784
Iter: 60 | Train Loss: 0.19685451686382294, Train Acc: 0.0, Train Grad Norm 2.2699482440948486, | Test Loss: 0.20032596588134766, Test Acc: 0.0, Test Grad Norm: 2.0981903076171875 | Elapsed Time: 49.82965922355652
Iter: 80 | Train Loss: 0.16209380328655243, Train Acc: 0.0, Train Grad Norm 1.5233632326126099, | Test Loss: 0.17212577164173126, Test Acc: 0.0, Test Grad Norm: 1.382277011871338 | Elapsed Time: 66.684730052948
Iter: 100 | Train Loss: 0.1352410465478897, Train Acc: 0.0, Train Grad Norm 1.1108883619308472, | Test Loss: 0.14199711382389069, Test Acc: 0.0, Test Grad Norm: 0.9877344965934753 | Elapsed Time: 83.24052715301514
Iter: 120 | Train Loss: 0.11557810008525848, Train Acc: 0.0, Train Grad Norm 0.7966755032539368, | Test Loss: 0.12392310798168182, Test Acc: 0.0, Test Grad Norm: 0.7298470735549927 | Elapsed Time: 99.9621365070343
Iter: 140 | Train Loss: 0.09601700305938721, Train Acc: 0.0, Train Grad Norm 0.42465266585350037, | Test Loss: 0.10286491364240646, Test Acc: 0.0, Test Grad Norm: 0.4345443844795227 | Elapsed Time: 116.76788234710693
Iter: 160 | Train Loss: 0.08297145366668701, Train Acc: 0.0, Train Grad Norm 0.22745056450366974, | Test Loss: 0.10328544676303864, Test Acc: 0.0, Test Grad Norm: 0.44950276613235474 | Elapsed Time: 133.21118116378784
Iter: 180 | Train Loss: 0.07503734529018402, Train Acc: 0.0, Train Grad Norm 0.1246916800737381, | Test Loss: 0.10187641531229019, Test Acc: 0.0, Test Grad Norm: 0.5504290461540222 | Elapsed Time: 150.03870272636414
Iter: 200 | Train Loss: 0.07134296000003815, Train Acc: 0.0, Train Grad Norm 0.10391365736722946, | Test Loss: 0.11991556733846664, Test Acc: 0.0, Test Grad Norm: 0.9124854207038879 | Elapsed Time: 166.89300656318665
Iter: 220 | Train Loss: 0.06955381482839584, Train Acc: 0.0, Train Grad Norm 0.07769165933132172, | Test Loss: 0.1280079483985901, Test Acc: 0.0, Test Grad Norm: 1.188709020614624 | Elapsed Time: 183.48479509353638
Iter: 240 | Train Loss: 0.07066025584936142, Train Acc: 0.0, Train Grad Norm 0.08550615608692169, | Test Loss: 0.1337750107049942, Test Acc: 0.0, Test Grad Norm: 1.2873154878616333 | Elapsed Time: 200.1093111038208
Iter: 260 | Train Loss: 0.06947050243616104, Train Acc: 0.0, Train Grad Norm 0.08926626294851303, | Test Loss: 0.13366447389125824, Test Acc: 0.0, Test Grad Norm: 1.2424535751342773 | Elapsed Time: 216.6405849456787
Iter: 280 | Train Loss: 0.06058082357048988, Train Acc: 0.0, Train Grad Norm 0.05812087655067444, | Test Loss: 0.12280566245317459, Test Acc: 0.0, Test Grad Norm: 1.2308722734451294 | Elapsed Time: 233.62270283699036
Iter: 300 | Train Loss: 0.06136801466345787, Train Acc: 0.0, Train Grad Norm 0.06989862024784088, | Test Loss: 0.1409492939710617, Test Acc: 0.0, Test Grad Norm: 1.7158452272415161 | Elapsed Time: 248.8846161365509
Iter: 320 | Train Loss: 0.058283548802137375, Train Acc: 0.0, Train Grad Norm 0.08614155650138855, | Test Loss: 0.14912600815296173, Test Acc: 0.0, Test Grad Norm: 2.090034008026123 | Elapsed Time: 265.124618768692
Iter: 340 | Train Loss: 0.05703873187303543, Train Acc: 0.0, Train Grad Norm 0.08798302710056305, | Test Loss: 0.15428797900676727, Test Acc: 0.0, Test Grad Norm: 2.265399932861328 | Elapsed Time: 281.82907938957214
Iter: 360 | Train Loss: 0.054561324417591095, Train Acc: 0.0, Train Grad Norm 0.08151661604642868, | Test Loss: 0.1508033573627472, Test Acc: 0.0, Test Grad Norm: 2.342526435852051 | Elapsed Time: 298.48709869384766
Iter: 380 | Train Loss: 0.05552677437663078, Train Acc: 0.0, Train Grad Norm 0.07481677830219269, | Test Loss: 0.1508697122335434, Test Acc: 0.0, Test Grad Norm: 2.3554086685180664 | Elapsed Time: 315.14268732070923
Iter: 400 | Train Loss: 0.05998031422495842, Train Acc: 0.0, Train Grad Norm 0.10492575168609619, | Test Loss: 0.15711458027362823, Test Acc: 0.0, Test Grad Norm: 2.626784324645996 | Elapsed Time: 331.3431234359741
Patience count 1
Iter: 420 | Train Loss: 0.0633096992969513, Train Acc: 0.0, Train Grad Norm 0.09757861495018005, | Test Loss: 0.16130702197551727, Test Acc: 0.0, Test Grad Norm: 2.632377862930298 | Elapsed Time: 348.22797894477844
Patience count 2
Iter: 440 | Train Loss: 0.056829310953617096, Train Acc: 0.0, Train Grad Norm 0.061553142964839935, | Test Loss: 0.13336339592933655, Test Acc: 0.0, Test Grad Norm: 1.9306846857070923 | Elapsed Time: 364.5072376728058
Iter: 460 | Train Loss: 0.05337870121002197, Train Acc: 0.0, Train Grad Norm 0.057312630116939545, | Test Loss: 0.13102765381336212, Test Acc: 0.0, Test Grad Norm: 1.8784047365188599 | Elapsed Time: 381.4902911186218
Iter: 480 | Train Loss: 0.05101393535733223, Train Acc: 0.0, Train Grad Norm 0.06090020015835762, | Test Loss: 0.14810959994792938, Test Acc: 0.0, Test Grad Norm: 2.528942584991455 | Elapsed Time: 398.32373666763306
Iter: 500 | Train Loss: 0.05013390630483627, Train Acc: 0.0, Train Grad Norm 0.10192569345235825, | Test Loss: 0.13780106604099274, Test Acc: 0.0, Test Grad Norm: 2.431053400039673 | Elapsed Time: 414.3709809780121
Running with c=10, seed=3
GPU Not Enabled
Learning rate eta = 1.0
The size of local train datasets:  [1652, 1652, 1651, 1651, 1651, 1651, 1651, 1651, 1651, 1651]
Shuffling 16520 1.2 -DP local randomizers results is (eps,  1e-08 )-DP in the shuffle model for eps between 0.06864230678113897 and 0.0693993910471074
The final epsilon, delta is ( 14.24881364270569 , 1e-05 )
Iter: 0 | Train Loss: 0.37747907638549805, Train Acc: 0.0, Train Grad Norm 6.437361717224121, | Test Loss: 0.3772118091583252, Test Acc: 0.0, Test Grad Norm: 6.719305515289307
Iter: 20 | Train Loss: 0.08305779099464417, Train Acc: 0.0, Train Grad Norm 0.4740205407142639, | Test Loss: 0.13240039348602295, Test Acc: 0.0, Test Grad Norm: 2.3488900661468506 | Elapsed Time: 16.304685831069946
Iter: 40 | Train Loss: 0.14254187047481537, Train Acc: 0.0, Train Grad Norm 0.590218186378479, | Test Loss: 0.129831463098526, Test Acc: 0.0, Test Grad Norm: 1.0106217861175537 | Elapsed Time: 33.09736108779907
Patience count 1
Iter: 60 | Train Loss: 0.14451558887958527, Train Acc: 0.0, Train Grad Norm 0.840968668460846, | Test Loss: 0.14500707387924194, Test Acc: 0.0, Test Grad Norm: 1.725242257118225 | Elapsed Time: 49.23054218292236
Patience count 2
Iter: 80 | Train Loss: 0.20848292112350464, Train Acc: 0.0, Train Grad Norm 1.2613948583602905, | Test Loss: 0.18168941140174866, Test Acc: 0.0, Test Grad Norm: 0.7018415927886963 | Elapsed Time: 65.73441100120544
Patience count 3
Iter: 100 | Train Loss: 0.27583712339401245, Train Acc: 0.0, Train Grad Norm 0.9261912107467651, | Test Loss: 0.7066413164138794, Test Acc: 0.0, Test Grad Norm: 11.477030754089355 | Elapsed Time: 82.22324514389038
Learning was stopped
Learning rate eta = 0.5
The size of local train datasets:  [1652, 1652, 1651, 1651, 1651, 1651, 1651, 1651, 1651, 1651]
Shuffling 16520 1.2 -DP local randomizers results is (eps,  1e-08 )-DP in the shuffle model for eps between 0.06864230678113897 and 0.0693993910471074
The final epsilon, delta is ( 14.24881364270569 , 1e-05 )
Iter: 0 | Train Loss: 0.37747907638549805, Train Acc: 0.0, Train Grad Norm 6.437361717224121, | Test Loss: 0.3772118091583252, Test Acc: 0.0, Test Grad Norm: 6.719305515289307
Iter: 20 | Train Loss: 0.09736946225166321, Train Acc: 0.0, Train Grad Norm 0.8206176161766052, | Test Loss: 0.09605854749679565, Test Acc: 0.0, Test Grad Norm: 0.7886671423912048 | Elapsed Time: 16.55424952507019
Iter: 40 | Train Loss: 0.10305777192115784, Train Acc: 0.0, Train Grad Norm 0.7931849360466003, | Test Loss: 0.28561997413635254, Test Acc: 0.0, Test Grad Norm: 9.770727157592773 | Elapsed Time: 32.920050859451294
Patience count 1
Iter: 60 | Train Loss: 0.19741268455982208, Train Acc: 0.0, Train Grad Norm 0.9134550094604492, | Test Loss: 1.2262145280838013, Test Acc: 0.0, Test Grad Norm: 50.01694869995117 | Elapsed Time: 48.45732855796814
Patience count 2
Iter: 80 | Train Loss: 0.2492036074399948, Train Acc: 0.0, Train Grad Norm 1.951145052909851, | Test Loss: 1.2853672504425049, Test Acc: 0.0, Test Grad Norm: 68.1065902709961 | Elapsed Time: 64.41065526008606
Patience count 3
Iter: 100 | Train Loss: 0.21383994817733765, Train Acc: 0.0, Train Grad Norm 2.0309298038482666, | Test Loss: 1.2193557024002075, Test Acc: 0.0, Test Grad Norm: 68.7804946899414 | Elapsed Time: 80.40980076789856
Learning was stopped
Learning rate eta = 0.25
The size of local train datasets:  [1652, 1652, 1651, 1651, 1651, 1651, 1651, 1651, 1651, 1651]
Shuffling 16520 1.2 -DP local randomizers results is (eps,  1e-08 )-DP in the shuffle model for eps between 0.06864230678113897 and 0.0693993910471074
The final epsilon, delta is ( 14.24881364270569 , 1e-05 )
Iter: 0 | Train Loss: 0.37747907638549805, Train Acc: 0.0, Train Grad Norm 6.437361717224121, | Test Loss: 0.3772118091583252, Test Acc: 0.0, Test Grad Norm: 6.719305515289307
Iter: 20 | Train Loss: 0.22468332946300507, Train Acc: 0.0, Train Grad Norm 3.0739121437072754, | Test Loss: 0.222345232963562, Test Acc: 0.0, Test Grad Norm: 3.005154609680176 | Elapsed Time: 16.33750295639038
Iter: 40 | Train Loss: 0.16473402082920074, Train Acc: 0.0, Train Grad Norm 1.3513330221176147, | Test Loss: 0.1568237543106079, Test Acc: 0.0, Test Grad Norm: 1.2921026945114136 | Elapsed Time: 32.60716247558594
Iter: 60 | Train Loss: 0.13043420016765594, Train Acc: 0.0, Train Grad Norm 0.8515814542770386, | Test Loss: 0.12443222850561142, Test Acc: 0.0, Test Grad Norm: 1.1035422086715698 | Elapsed Time: 48.23321318626404
Iter: 80 | Train Loss: 0.08854154497385025, Train Acc: 0.0, Train Grad Norm 0.3832787871360779, | Test Loss: 0.08366091549396515, Test Acc: 0.0, Test Grad Norm: 0.3983171880245209 | Elapsed Time: 64.58820486068726
Iter: 100 | Train Loss: 0.08063579350709915, Train Acc: 0.0, Train Grad Norm 0.21707287430763245, | Test Loss: 0.09588398039340973, Test Acc: 0.0, Test Grad Norm: 0.8165416717529297 | Elapsed Time: 80.63355445861816
Iter: 120 | Train Loss: 0.06307818740606308, Train Acc: 0.0, Train Grad Norm 0.10899735242128372, | Test Loss: 0.08520050346851349, Test Acc: 0.0, Test Grad Norm: 0.8604763746261597 | Elapsed Time: 97.43200635910034
Iter: 140 | Train Loss: 0.04712437093257904, Train Acc: 0.0, Train Grad Norm 0.05640232563018799, | Test Loss: 0.047505322843790054, Test Acc: 0.0, Test Grad Norm: 0.12584970891475677 | Elapsed Time: 114.16001296043396
Iter: 160 | Train Loss: 0.03622545301914215, Train Acc: 0.0, Train Grad Norm 0.0284014493227005, | Test Loss: 0.03613172844052315, Test Acc: 0.0, Test Grad Norm: 0.02669721096754074 | Elapsed Time: 130.73217153549194
Iter: 180 | Train Loss: 0.0335024818778038, Train Acc: 0.0, Train Grad Norm 0.046947792172431946, | Test Loss: 0.047684766352176666, Test Acc: 0.0, Test Grad Norm: 0.46969783306121826 | Elapsed Time: 147.46297359466553
Iter: 200 | Train Loss: 0.03553282096982002, Train Acc: 0.0, Train Grad Norm 0.015159720554947853, | Test Loss: 0.058305006474256516, Test Acc: 0.0, Test Grad Norm: 0.6733539700508118 | Elapsed Time: 163.63757181167603
Patience count 1
Iter: 220 | Train Loss: 0.041536279022693634, Train Acc: 0.0, Train Grad Norm 0.047391921281814575, | Test Loss: 0.11912412941455841, Test Acc: 0.0, Test Grad Norm: 2.465280055999756 | Elapsed Time: 180.40751838684082
Patience count 2
Iter: 240 | Train Loss: 0.05568137764930725, Train Acc: 0.0, Train Grad Norm 0.09144417196512222, | Test Loss: 0.1448667347431183, Test Acc: 0.0, Test Grad Norm: 2.558929204940796 | Elapsed Time: 196.21911692619324
Patience count 3
Iter: 260 | Train Loss: 0.04344785213470459, Train Acc: 0.0, Train Grad Norm 0.09275302290916443, | Test Loss: 0.04901263117790222, Test Acc: 0.0, Test Grad Norm: 0.26475828886032104 | Elapsed Time: 212.7601900100708
Learning was stopped
Learning rate eta = 0.125
The size of local train datasets:  [1652, 1652, 1651, 1651, 1651, 1651, 1651, 1651, 1651, 1651]
Shuffling 16520 1.2 -DP local randomizers results is (eps,  1e-08 )-DP in the shuffle model for eps between 0.06864230678113897 and 0.0693993910471074
The final epsilon, delta is ( 14.24881364270569 , 1e-05 )
Iter: 0 | Train Loss: 0.37747907638549805, Train Acc: 0.0, Train Grad Norm 6.437361717224121, | Test Loss: 0.3772118091583252, Test Acc: 0.0, Test Grad Norm: 6.719305515289307
Iter: 20 | Train Loss: 0.2743595242500305, Train Acc: 0.0, Train Grad Norm 4.473860263824463, | Test Loss: 0.27660244703292847, Test Acc: 0.0, Test Grad Norm: 5.01759672164917 | Elapsed Time: 16.336583852767944
Iter: 40 | Train Loss: 0.1996375173330307, Train Acc: 0.0, Train Grad Norm 2.7734076976776123, | Test Loss: 0.19893845915794373, Test Acc: 0.0, Test Grad Norm: 2.999183416366577 | Elapsed Time: 31.67461895942688
Iter: 60 | Train Loss: 0.13504788279533386, Train Acc: 0.0, Train Grad Norm 1.508880376815796, | Test Loss: 0.1340634971857071, Test Acc: 0.0, Test Grad Norm: 1.6073269844055176 | Elapsed Time: 48.49918794631958
Iter: 80 | Train Loss: 0.09712494909763336, Train Acc: 0.0, Train Grad Norm 0.8037508726119995, | Test Loss: 0.09814774990081787, Test Acc: 0.0, Test Grad Norm: 0.6873915791511536 | Elapsed Time: 64.9662070274353
Iter: 100 | Train Loss: 0.07699179649353027, Train Acc: 0.0, Train Grad Norm 0.3370768427848816, | Test Loss: 0.1017393097281456, Test Acc: 0.0, Test Grad Norm: 0.438084214925766 | Elapsed Time: 81.67069435119629
Iter: 120 | Train Loss: 0.0668291226029396, Train Acc: 0.0, Train Grad Norm 0.2488481104373932, | Test Loss: 0.0788348838686943, Test Acc: 0.0, Test Grad Norm: 0.2445874959230423 | Elapsed Time: 97.84142804145813
Iter: 140 | Train Loss: 0.06097348779439926, Train Acc: 0.0, Train Grad Norm 0.1109241396188736, | Test Loss: 0.06102141737937927, Test Acc: 0.0, Test Grad Norm: 0.08496664464473724 | Elapsed Time: 114.39143133163452
Iter: 160 | Train Loss: 0.05424265190958977, Train Acc: 0.0, Train Grad Norm 0.03219516947865486, | Test Loss: 0.052770763635635376, Test Acc: 0.0, Test Grad Norm: 0.030826058238744736 | Elapsed Time: 130.9442195892334
Iter: 180 | Train Loss: 0.0482027530670166, Train Acc: 0.0, Train Grad Norm 0.026268577203154564, | Test Loss: 0.04728364944458008, Test Acc: 0.0, Test Grad Norm: 0.02751277945935726 | Elapsed Time: 146.9559690952301
Iter: 200 | Train Loss: 0.04383355379104614, Train Acc: 0.0, Train Grad Norm 0.019837455824017525, | Test Loss: 0.04664221033453941, Test Acc: 0.0, Test Grad Norm: 0.06078912690281868 | Elapsed Time: 163.24201440811157
Iter: 220 | Train Loss: 0.045613404363393784, Train Acc: 0.0, Train Grad Norm 0.026850976049900055, | Test Loss: 0.06703359633684158, Test Acc: 0.0, Test Grad Norm: 0.4690600037574768 | Elapsed Time: 179.26486158370972
Iter: 240 | Train Loss: 0.04417633265256882, Train Acc: 0.0, Train Grad Norm 0.026173867285251617, | Test Loss: 0.0636848732829094, Test Acc: 0.0, Test Grad Norm: 0.4432990252971649 | Elapsed Time: 195.98958683013916
Iter: 260 | Train Loss: 0.04274880141019821, Train Acc: 0.0, Train Grad Norm 0.017174987122416496, | Test Loss: 0.05129440873861313, Test Acc: 0.0, Test Grad Norm: 0.1408737301826477 | Elapsed Time: 212.76468420028687
Iter: 280 | Train Loss: 0.039826832711696625, Train Acc: 0.0, Train Grad Norm 0.014809752814471722, | Test Loss: 0.06456128507852554, Test Acc: 0.0, Test Grad Norm: 0.4536861479282379 | Elapsed Time: 228.48436641693115
Iter: 300 | Train Loss: 0.0396939218044281, Train Acc: 0.0, Train Grad Norm 0.028435856103897095, | Test Loss: 0.08217057585716248, Test Acc: 0.0, Test Grad Norm: 0.8558511137962341 | Elapsed Time: 243.6966314315796
Iter: 320 | Train Loss: 0.04020017758011818, Train Acc: 0.0, Train Grad Norm 0.02469661831855774, | Test Loss: 0.09903297573328018, Test Acc: 0.0, Test Grad Norm: 1.0837664604187012 | Elapsed Time: 260.35131573677063
Iter: 340 | Train Loss: 0.04597492143511772, Train Acc: 0.0, Train Grad Norm 0.03569294512271881, | Test Loss: 0.12598642706871033, Test Acc: 0.0, Test Grad Norm: 1.466744303703308 | Elapsed Time: 276.67510628700256
Patience count 1
Iter: 360 | Train Loss: 0.045594215393066406, Train Acc: 0.0, Train Grad Norm 0.04640424996614456, | Test Loss: 0.13607460260391235, Test Acc: 0.0, Test Grad Norm: 1.8731039762496948 | Elapsed Time: 293.046355009079
Patience count 2
Iter: 380 | Train Loss: 0.04941341653466225, Train Acc: 0.0, Train Grad Norm 0.04726739227771759, | Test Loss: 0.13738565146923065, Test Acc: 0.0, Test Grad Norm: 1.722089409828186 | Elapsed Time: 309.603315114975
Patience count 3
Iter: 400 | Train Loss: 0.04573696106672287, Train Acc: 0.0, Train Grad Norm 0.03926115483045578, | Test Loss: 0.13645221292972565, Test Acc: 0.0, Test Grad Norm: 1.7990912199020386 | Elapsed Time: 325.9548726081848
Learning was stopped
Learning rate eta = 0.0625
The size of local train datasets:  [1652, 1652, 1651, 1651, 1651, 1651, 1651, 1651, 1651, 1651]
Shuffling 16520 1.2 -DP local randomizers results is (eps,  1e-08 )-DP in the shuffle model for eps between 0.06864230678113897 and 0.0693993910471074
The final epsilon, delta is ( 14.24881364270569 , 1e-05 )
Iter: 0 | Train Loss: 0.37747907638549805, Train Acc: 0.0, Train Grad Norm 6.437361717224121, | Test Loss: 0.3772118091583252, Test Acc: 0.0, Test Grad Norm: 6.719305515289307
Iter: 20 | Train Loss: 0.29946330189704895, Train Acc: 0.0, Train Grad Norm 4.74862003326416, | Test Loss: 0.29895642399787903, Test Acc: 0.0, Test Grad Norm: 4.817608833312988 | Elapsed Time: 15.14319896697998
Iter: 40 | Train Loss: 0.25192105770111084, Train Acc: 0.0, Train Grad Norm 3.596545457839966, | Test Loss: 0.2512463629245758, Test Acc: 0.0, Test Grad Norm: 3.592482328414917 | Elapsed Time: 29.57291007041931
Iter: 60 | Train Loss: 0.2052103877067566, Train Acc: 0.0, Train Grad Norm 2.621941328048706, | Test Loss: 0.20613031089305878, Test Acc: 0.0, Test Grad Norm: 2.4819459915161133 | Elapsed Time: 43.9761483669281
Iter: 80 | Train Loss: 0.1645398885011673, Train Acc: 0.0, Train Grad Norm 1.8247848749160767, | Test Loss: 0.16521021723747253, Test Acc: 0.0, Test Grad Norm: 1.7061009407043457 | Elapsed Time: 58.37956261634827
Iter: 100 | Train Loss: 0.12924489378929138, Train Acc: 0.0, Train Grad Norm 1.133437156677246, | Test Loss: 0.13707265257835388, Test Acc: 0.0, Test Grad Norm: 0.9874203205108643 | Elapsed Time: 73.97196936607361
Iter: 120 | Train Loss: 0.10964662581682205, Train Acc: 0.0, Train Grad Norm 0.8330851197242737, | Test Loss: 0.12140113860368729, Test Acc: 0.0, Test Grad Norm: 0.7255902290344238 | Elapsed Time: 88.59767985343933
Iter: 140 | Train Loss: 0.10392086952924728, Train Acc: 0.0, Train Grad Norm 0.7142010927200317, | Test Loss: 0.11407579481601715, Test Acc: 0.0, Test Grad Norm: 0.6415503025054932 | Elapsed Time: 104.00859236717224
Iter: 160 | Train Loss: 0.08086170256137848, Train Acc: 0.0, Train Grad Norm 0.32601580023765564, | Test Loss: 0.09050828218460083, Test Acc: 0.0, Test Grad Norm: 0.3481823205947876 | Elapsed Time: 119.42162537574768
Iter: 180 | Train Loss: 0.07321915030479431, Train Acc: 0.0, Train Grad Norm 0.15185581147670746, | Test Loss: 0.08543691039085388, Test Acc: 0.0, Test Grad Norm: 0.30951499938964844 | Elapsed Time: 136.12620544433594
Iter: 200 | Train Loss: 0.06523416191339493, Train Acc: 0.0, Train Grad Norm 0.11342201381921768, | Test Loss: 0.07246202230453491, Test Acc: 0.0, Test Grad Norm: 0.22221100330352783 | Elapsed Time: 151.07195234298706
Iter: 220 | Train Loss: 0.05886014178395271, Train Acc: 0.0, Train Grad Norm 0.08257651329040527, | Test Loss: 0.06796104460954666, Test Acc: 0.0, Test Grad Norm: 0.229380801320076 | Elapsed Time: 167.18755531311035
Iter: 240 | Train Loss: 0.05682682245969772, Train Acc: 0.0, Train Grad Norm 0.07699590176343918, | Test Loss: 0.06173870712518692, Test Acc: 0.0, Test Grad Norm: 0.15192371606826782 | Elapsed Time: 183.15213298797607
Iter: 260 | Train Loss: 0.056731101125478745, Train Acc: 0.0, Train Grad Norm 0.07332190871238708, | Test Loss: 0.06450127065181732, Test Acc: 0.0, Test Grad Norm: 0.19448402523994446 | Elapsed Time: 199.21134161949158
Iter: 280 | Train Loss: 0.05711795389652252, Train Acc: 0.0, Train Grad Norm 0.06895244121551514, | Test Loss: 0.06423692405223846, Test Acc: 0.0, Test Grad Norm: 0.19892136752605438 | Elapsed Time: 215.50034999847412
Iter: 300 | Train Loss: 0.055627141147851944, Train Acc: 0.0, Train Grad Norm 0.06368813663721085, | Test Loss: 0.06610178202390671, Test Acc: 0.0, Test Grad Norm: 0.2810838520526886 | Elapsed Time: 231.79907655715942
Iter: 320 | Train Loss: 0.054903097450733185, Train Acc: 0.0, Train Grad Norm 0.06304512172937393, | Test Loss: 0.07208322733640671, Test Acc: 0.0, Test Grad Norm: 0.4231223464012146 | Elapsed Time: 248.45752882957458
Iter: 340 | Train Loss: 0.05147216096520424, Train Acc: 0.0, Train Grad Norm 0.04787978157401085, | Test Loss: 0.06137129291892052, Test Acc: 0.0, Test Grad Norm: 0.2616969347000122 | Elapsed Time: 264.6556079387665
Iter: 360 | Train Loss: 0.055632032454013824, Train Acc: 0.0, Train Grad Norm 0.05701933056116104, | Test Loss: 0.0636027529835701, Test Acc: 0.0, Test Grad Norm: 0.24454806745052338 | Elapsed Time: 279.39973425865173
Patience count 1
Iter: 380 | Train Loss: 0.05532446876168251, Train Acc: 0.0, Train Grad Norm 0.05826396495103836, | Test Loss: 0.060318026691675186, Test Acc: 0.0, Test Grad Norm: 0.20289002358913422 | Elapsed Time: 295.8257462978363
Patience count 2
Iter: 400 | Train Loss: 0.052726227790117264, Train Acc: 0.0, Train Grad Norm 0.07060173898935318, | Test Loss: 0.05779198557138443, Test Acc: 0.0, Test Grad Norm: 0.2571953535079956 | Elapsed Time: 312.2437038421631
Iter: 420 | Train Loss: 0.0513978973031044, Train Acc: 0.0, Train Grad Norm 0.05937321111559868, | Test Loss: 0.053859978914260864, Test Acc: 0.0, Test Grad Norm: 0.1799795925617218 | Elapsed Time: 327.8310422897339
Iter: 440 | Train Loss: 0.045148443430662155, Train Acc: 0.0, Train Grad Norm 0.03755880147218704, | Test Loss: 0.047415487468242645, Test Acc: 0.0, Test Grad Norm: 0.1176084503531456 | Elapsed Time: 342.9073004722595
Iter: 460 | Train Loss: 0.03877082094550133, Train Acc: 0.0, Train Grad Norm 0.021366726607084274, | Test Loss: 0.038100436329841614, Test Acc: 0.0, Test Grad Norm: 0.0241064615547657 | Elapsed Time: 358.65510654449463
Iter: 480 | Train Loss: 0.03619127720594406, Train Acc: 0.0, Train Grad Norm 0.015103215351700783, | Test Loss: 0.03586585074663162, Test Acc: 0.0, Test Grad Norm: 0.010851779021322727 | Elapsed Time: 373.036593914032
Iter: 500 | Train Loss: 0.03607579320669174, Train Acc: 0.0, Train Grad Norm 0.016324052587151527, | Test Loss: 0.03582075238227844, Test Acc: 0.0, Test Grad Norm: 0.014035006985068321 | Elapsed Time: 388.29124569892883
Running with c=30, seed=3
GPU Not Enabled
Learning rate eta = 1.0
The size of local train datasets:  [1652, 1652, 1651, 1651, 1651, 1651, 1651, 1651, 1651, 1651]
Shuffling 16520 1.2 -DP local randomizers results is (eps,  1e-08 )-DP in the shuffle model for eps between 0.06864230678113897 and 0.0693993910471074
The final epsilon, delta is ( 14.24881364270569 , 1e-05 )
Iter: 0 | Train Loss: 0.37747907638549805, Train Acc: 0.0, Train Grad Norm 6.437361717224121, | Test Loss: 0.3772118091583252, Test Acc: 0.0, Test Grad Norm: 6.719305515289307
Iter: 20 | Train Loss: 0.05338330566883087, Train Acc: 0.0, Train Grad Norm 0.08217427879571915, | Test Loss: 0.05212772265076637, Test Acc: 0.0, Test Grad Norm: 0.09868177026510239 | Elapsed Time: 16.834675550460815
Iter: 40 | Train Loss: 0.11817770451307297, Train Acc: 0.0, Train Grad Norm 0.3962209224700928, | Test Loss: 0.12265178561210632, Test Acc: 0.0, Test Grad Norm: 1.1352883577346802 | Elapsed Time: 32.193103551864624
Patience count 1
Iter: 60 | Train Loss: 0.2292674332857132, Train Acc: 0.0, Train Grad Norm 1.0479992628097534, | Test Loss: 0.22679072618484497, Test Acc: 0.0, Test Grad Norm: 1.1271322965621948 | Elapsed Time: 48.08701753616333
Patience count 2
Iter: 80 | Train Loss: 0.22511281073093414, Train Acc: 0.0, Train Grad Norm 0.9477008581161499, | Test Loss: 0.35118597745895386, Test Acc: 0.0, Test Grad Norm: 10.374959945678711 | Elapsed Time: 64.40155363082886
Patience count 3
Iter: 100 | Train Loss: 0.29316866397857666, Train Acc: 0.0, Train Grad Norm 0.9730275273323059, | Test Loss: 0.7798874974250793, Test Acc: 0.0, Test Grad Norm: 31.034189224243164 | Elapsed Time: 81.13434791564941
Learning was stopped
Learning rate eta = 0.5
The size of local train datasets:  [1652, 1652, 1651, 1651, 1651, 1651, 1651, 1651, 1651, 1651]
Shuffling 16520 1.2 -DP local randomizers results is (eps,  1e-08 )-DP in the shuffle model for eps between 0.06864230678113897 and 0.0693993910471074
The final epsilon, delta is ( 14.24881364270569 , 1e-05 )
Iter: 0 | Train Loss: 0.37747907638549805, Train Acc: 0.0, Train Grad Norm 6.437361717224121, | Test Loss: 0.3772118091583252, Test Acc: 0.0, Test Grad Norm: 6.719305515289307
Iter: 20 | Train Loss: 0.0949845090508461, Train Acc: 0.0, Train Grad Norm 0.7779619693756104, | Test Loss: 0.1109628826379776, Test Acc: 0.0, Test Grad Norm: 0.6858330965042114 | Elapsed Time: 16.265771865844727
Iter: 40 | Train Loss: 0.0753701776266098, Train Acc: 0.0, Train Grad Norm 0.47957563400268555, | Test Loss: 0.07636864483356476, Test Acc: 0.0, Test Grad Norm: 0.8283090591430664 | Elapsed Time: 32.65640997886658
Iter: 60 | Train Loss: 0.07522294670343399, Train Acc: 0.0, Train Grad Norm 0.8685958385467529, | Test Loss: 0.07072331011295319, Test Acc: 0.0, Test Grad Norm: 0.8729748725891113 | Elapsed Time: 48.283559799194336
Iter: 80 | Train Loss: 0.06349585205316544, Train Acc: 0.0, Train Grad Norm 0.07756948471069336, | Test Loss: 0.08611413091421127, Test Acc: 0.0, Test Grad Norm: 0.9011238813400269 | Elapsed Time: 63.12662196159363
Iter: 100 | Train Loss: 0.07401950657367706, Train Acc: 0.0, Train Grad Norm 0.08577071130275726, | Test Loss: 0.093407042324543, Test Acc: 0.0, Test Grad Norm: 0.63841712474823 | Elapsed Time: 79.3444983959198
Patience count 1
Iter: 120 | Train Loss: 0.04792805761098862, Train Acc: 0.0, Train Grad Norm 0.042551036924123764, | Test Loss: 0.06143142282962799, Test Acc: 0.0, Test Grad Norm: 0.41395303606987 | Elapsed Time: 96.02842998504639
Iter: 140 | Train Loss: 0.0771591067314148, Train Acc: 0.0, Train Grad Norm 0.11973486095666885, | Test Loss: 0.3313469886779785, Test Acc: 0.0, Test Grad Norm: 7.239980220794678 | Elapsed Time: 110.98269629478455
Patience count 1
Iter: 160 | Train Loss: 0.12309405952692032, Train Acc: 0.0, Train Grad Norm 0.2662063539028168, | Test Loss: 0.5508742928504944, Test Acc: 0.0, Test Grad Norm: 12.851286888122559 | Elapsed Time: 126.63011479377747
Patience count 2
Iter: 180 | Train Loss: 0.1176740899682045, Train Acc: 0.0, Train Grad Norm 0.23710687458515167, | Test Loss: 0.5851569175720215, Test Acc: 0.0, Test Grad Norm: 13.957940101623535 | Elapsed Time: 142.4871747493744
Patience count 3
Iter: 200 | Train Loss: 0.15622322261333466, Train Acc: 0.0, Train Grad Norm 0.697948157787323, | Test Loss: 0.40216657519340515, Test Acc: 0.0, Test Grad Norm: 6.3918304443359375 | Elapsed Time: 157.81167364120483
Learning was stopped
Learning rate eta = 0.25
The size of local train datasets:  [1652, 1652, 1651, 1651, 1651, 1651, 1651, 1651, 1651, 1651]
Shuffling 16520 1.2 -DP local randomizers results is (eps,  1e-08 )-DP in the shuffle model for eps between 0.06864230678113897 and 0.0693993910471074
The final epsilon, delta is ( 14.24881364270569 , 1e-05 )
Iter: 0 | Train Loss: 0.37747907638549805, Train Acc: 0.0, Train Grad Norm 6.437361717224121, | Test Loss: 0.3772118091583252, Test Acc: 0.0, Test Grad Norm: 6.719305515289307
Iter: 20 | Train Loss: 0.20385093986988068, Train Acc: 0.0, Train Grad Norm 3.1592841148376465, | Test Loss: 0.2044738531112671, Test Acc: 0.0, Test Grad Norm: 3.2247064113616943 | Elapsed Time: 15.554574489593506
Iter: 40 | Train Loss: 0.11258508265018463, Train Acc: 0.0, Train Grad Norm 1.2473108768463135, | Test Loss: 0.11816246062517166, Test Acc: 0.0, Test Grad Norm: 1.1107933521270752 | Elapsed Time: 31.55260944366455
Iter: 60 | Train Loss: 0.0731661394238472, Train Acc: 0.0, Train Grad Norm 0.2734643816947937, | Test Loss: 0.0806381031870842, Test Acc: 0.0, Test Grad Norm: 0.32880648970603943 | Elapsed Time: 48.41931366920471
Iter: 80 | Train Loss: 0.07016580551862717, Train Acc: 0.0, Train Grad Norm 0.08281102776527405, | Test Loss: 0.08245820552110672, Test Acc: 0.0, Test Grad Norm: 0.29603812098503113 | Elapsed Time: 63.71895217895508
Iter: 100 | Train Loss: 0.06436546891927719, Train Acc: 0.0, Train Grad Norm 0.09317311644554138, | Test Loss: 0.06687938421964645, Test Acc: 0.0, Test Grad Norm: 0.1624714732170105 | Elapsed Time: 79.51542043685913
Iter: 120 | Train Loss: 0.06353826075792313, Train Acc: 0.0, Train Grad Norm 0.0523434542119503, | Test Loss: 0.07230638712644577, Test Acc: 0.0, Test Grad Norm: 0.18007512390613556 | Elapsed Time: 95.18676114082336
Iter: 140 | Train Loss: 0.05086490139365196, Train Acc: 0.0, Train Grad Norm 0.031975600868463516, | Test Loss: 0.05819672346115112, Test Acc: 0.0, Test Grad Norm: 0.17925699055194855 | Elapsed Time: 112.24953603744507
Iter: 160 | Train Loss: 0.03490660339593887, Train Acc: 0.0, Train Grad Norm 0.015493767336010933, | Test Loss: 0.03572338446974754, Test Acc: 0.0, Test Grad Norm: 0.02501596510410309 | Elapsed Time: 128.81889247894287
Iter: 180 | Train Loss: 0.033930446952581406, Train Acc: 0.0, Train Grad Norm 0.022887306287884712, | Test Loss: 0.032327309250831604, Test Acc: 0.0, Test Grad Norm: 0.01529490202665329 | Elapsed Time: 144.35910511016846
Iter: 200 | Train Loss: 0.03110821358859539, Train Acc: 0.0, Train Grad Norm 0.0113367959856987, | Test Loss: 0.034942418336868286, Test Acc: 0.0, Test Grad Norm: 0.05964205786585808 | Elapsed Time: 158.83609652519226
Iter: 220 | Train Loss: 0.03162391856312752, Train Acc: 0.0, Train Grad Norm 0.025329843163490295, | Test Loss: 0.030886908993124962, Test Acc: 0.0, Test Grad Norm: 0.01985512487590313 | Elapsed Time: 174.36669754981995
Iter: 240 | Train Loss: 0.04205162078142166, Train Acc: 0.0, Train Grad Norm 0.08288343250751495, | Test Loss: 0.06532303243875504, Test Acc: 0.0, Test Grad Norm: 0.5526077747344971 | Elapsed Time: 190.40655946731567
Patience count 1
Iter: 260 | Train Loss: 0.053572677075862885, Train Acc: 0.0, Train Grad Norm 0.18194016814231873, | Test Loss: 0.12808527052402496, Test Acc: 0.0, Test Grad Norm: 1.8083217144012451 | Elapsed Time: 207.35430335998535
Patience count 2
Iter: 280 | Train Loss: 0.05099308490753174, Train Acc: 0.0, Train Grad Norm 0.18508167564868927, | Test Loss: 0.07125181704759598, Test Acc: 0.0, Test Grad Norm: 0.7268581986427307 | Elapsed Time: 222.95894074440002
Patience count 3
Iter: 300 | Train Loss: 0.03638492897152901, Train Acc: 0.0, Train Grad Norm 0.04870612546801567, | Test Loss: 0.06847614794969559, Test Acc: 0.0, Test Grad Norm: 0.9917799234390259 | Elapsed Time: 239.09395837783813
Learning was stopped
Learning rate eta = 0.125
The size of local train datasets:  [1652, 1652, 1651, 1651, 1651, 1651, 1651, 1651, 1651, 1651]
Shuffling 16520 1.2 -DP local randomizers results is (eps,  1e-08 )-DP in the shuffle model for eps between 0.06864230678113897 and 0.0693993910471074
The final epsilon, delta is ( 14.24881364270569 , 1e-05 )
Iter: 0 | Train Loss: 0.37747907638549805, Train Acc: 0.0, Train Grad Norm 6.437361717224121, | Test Loss: 0.3772118091583252, Test Acc: 0.0, Test Grad Norm: 6.719305515289307
Iter: 20 | Train Loss: 0.2691774368286133, Train Acc: 0.0, Train Grad Norm 4.1080241203308105, | Test Loss: 0.2698459029197693, Test Acc: 0.0, Test Grad Norm: 4.505165100097656 | Elapsed Time: 16.05782151222229
Iter: 40 | Train Loss: 0.21556496620178223, Train Acc: 0.0, Train Grad Norm 2.55141282081604, | Test Loss: 0.22181649506092072, Test Acc: 0.0, Test Grad Norm: 2.3038840293884277 | Elapsed Time: 32.26334309577942
Iter: 60 | Train Loss: 0.18054962158203125, Train Acc: 0.0, Train Grad Norm 1.775878667831421, | Test Loss: 0.20826378464698792, Test Acc: 0.0, Test Grad Norm: 1.6715145111083984 | Elapsed Time: 46.57512044906616
Iter: 80 | Train Loss: 0.1457718312740326, Train Acc: 0.0, Train Grad Norm 1.0647345781326294, | Test Loss: 0.19609926640987396, Test Acc: 0.0, Test Grad Norm: 1.3421446084976196 | Elapsed Time: 61.815935134887695
Iter: 100 | Train Loss: 0.11829257011413574, Train Acc: 0.0, Train Grad Norm 0.4315960109233856, | Test Loss: 0.15516076982021332, Test Acc: 0.0, Test Grad Norm: 0.8828698396682739 | Elapsed Time: 76.39163398742676
Iter: 120 | Train Loss: 0.09678663313388824, Train Acc: 0.0, Train Grad Norm 0.18973153829574585, | Test Loss: 0.12280910462141037, Test Acc: 0.0, Test Grad Norm: 0.6834895610809326 | Elapsed Time: 92.59672284126282
Iter: 140 | Train Loss: 0.10887079685926437, Train Acc: 0.0, Train Grad Norm 0.26113662123680115, | Test Loss: 0.1163354218006134, Test Acc: 0.0, Test Grad Norm: 0.555671215057373 | Elapsed Time: 108.10462546348572
Patience count 1
Iter: 160 | Train Loss: 0.09277093410491943, Train Acc: 0.0, Train Grad Norm 0.1719447821378708, | Test Loss: 0.0922456905245781, Test Acc: 0.0, Test Grad Norm: 0.33683642745018005 | Elapsed Time: 124.31989288330078
Iter: 180 | Train Loss: 0.09884215891361237, Train Acc: 0.0, Train Grad Norm 0.18742142617702484, | Test Loss: 0.08535312861204147, Test Acc: 0.0, Test Grad Norm: 0.18886660039424896 | Elapsed Time: 141.23147249221802
Patience count 1
Iter: 200 | Train Loss: 0.11064986884593964, Train Acc: 0.0, Train Grad Norm 0.2113739401102066, | Test Loss: 0.08994808793067932, Test Acc: 0.0, Test Grad Norm: 0.14290405809879303 | Elapsed Time: 156.27768301963806
Patience count 2
Iter: 220 | Train Loss: 0.0946345180273056, Train Acc: 0.0, Train Grad Norm 0.16558890044689178, | Test Loss: 0.08008985221385956, Test Acc: 0.0, Test Grad Norm: 0.1413387805223465 | Elapsed Time: 172.41913485527039
Iter: 240 | Train Loss: 0.09870240837335587, Train Acc: 0.0, Train Grad Norm 0.16461220383644104, | Test Loss: 0.09931179881095886, Test Acc: 0.0, Test Grad Norm: 0.4957732558250427 | Elapsed Time: 187.74461102485657
Patience count 3
Iter: 260 | Train Loss: 0.10032226890325546, Train Acc: 0.0, Train Grad Norm 0.19909895956516266, | Test Loss: 0.08516101539134979, Test Acc: 0.0, Test Grad Norm: 0.17680682241916656 | Elapsed Time: 202.62260723114014
Learning was stopped
Learning rate eta = 0.0625
The size of local train datasets:  [1652, 1652, 1651, 1651, 1651, 1651, 1651, 1651, 1651, 1651]
Shuffling 16520 1.2 -DP local randomizers results is (eps,  1e-08 )-DP in the shuffle model for eps between 0.06864230678113897 and 0.0693993910471074
The final epsilon, delta is ( 14.24881364270569 , 1e-05 )
Iter: 0 | Train Loss: 0.37747907638549805, Train Acc: 0.0, Train Grad Norm 6.437361717224121, | Test Loss: 0.3772118091583252, Test Acc: 0.0, Test Grad Norm: 6.719305515289307
Iter: 20 | Train Loss: 0.30571722984313965, Train Acc: 0.0, Train Grad Norm 4.667105197906494, | Test Loss: 0.3051571846008301, Test Acc: 0.0, Test Grad Norm: 4.601649284362793 | Elapsed Time: 15.185999155044556
Iter: 40 | Train Loss: 0.2442280799150467, Train Acc: 0.0, Train Grad Norm 3.317788600921631, | Test Loss: 0.24343521893024445, Test Acc: 0.0, Test Grad Norm: 3.234743356704712 | Elapsed Time: 31.70861530303955
Iter: 60 | Train Loss: 0.2090311348438263, Train Acc: 0.0, Train Grad Norm 2.6321678161621094, | Test Loss: 0.2081521451473236, Test Acc: 0.0, Test Grad Norm: 2.5392191410064697 | Elapsed Time: 47.9542076587677
Iter: 80 | Train Loss: 0.16485100984573364, Train Acc: 0.0, Train Grad Norm 1.6778210401535034, | Test Loss: 0.16511808335781097, Test Acc: 0.0, Test Grad Norm: 1.5529333353042603 | Elapsed Time: 63.306761503219604
Iter: 100 | Train Loss: 0.14045725762844086, Train Acc: 0.0, Train Grad Norm 1.1503901481628418, | Test Loss: 0.14101289212703705, Test Acc: 0.0, Test Grad Norm: 1.0479499101638794 | Elapsed Time: 80.11577796936035
Iter: 120 | Train Loss: 0.11816650629043579, Train Acc: 0.0, Train Grad Norm 0.736380934715271, | Test Loss: 0.12031111866235733, Test Acc: 0.0, Test Grad Norm: 0.6715446710586548 | Elapsed Time: 94.42236495018005
Iter: 140 | Train Loss: 0.10872221738100052, Train Acc: 0.0, Train Grad Norm 0.6137571930885315, | Test Loss: 0.10767906904220581, Test Acc: 0.0, Test Grad Norm: 0.5700809955596924 | Elapsed Time: 109.56132507324219
Iter: 160 | Train Loss: 0.0965462476015091, Train Acc: 0.0, Train Grad Norm 0.5338295102119446, | Test Loss: 0.09532319009304047, Test Acc: 0.0, Test Grad Norm: 0.49837011098861694 | Elapsed Time: 124.09836196899414
Iter: 180 | Train Loss: 0.07946514338254929, Train Acc: 0.0, Train Grad Norm 0.2564524710178375, | Test Loss: 0.08051327615976334, Test Acc: 0.0, Test Grad Norm: 0.23764318227767944 | Elapsed Time: 139.60019659996033
Iter: 200 | Train Loss: 0.0786365196108818, Train Acc: 0.0, Train Grad Norm 0.20930200815200806, | Test Loss: 0.07768568396568298, Test Acc: 0.0, Test Grad Norm: 0.19581574201583862 | Elapsed Time: 155.01506161689758
Iter: 220 | Train Loss: 0.07003769278526306, Train Acc: 0.0, Train Grad Norm 0.1105278730392456, | Test Loss: 0.06838548928499222, Test Acc: 0.0, Test Grad Norm: 0.10998538136482239 | Elapsed Time: 170.36029505729675
Iter: 240 | Train Loss: 0.07019324600696564, Train Acc: 0.0, Train Grad Norm 0.10905200988054276, | Test Loss: 0.06816033273935318, Test Acc: 0.0, Test Grad Norm: 0.10784925520420074 | Elapsed Time: 185.59667301177979
Iter: 260 | Train Loss: 0.06682565808296204, Train Acc: 0.0, Train Grad Norm 0.07938860356807709, | Test Loss: 0.06744423508644104, Test Acc: 0.0, Test Grad Norm: 0.11557069420814514 | Elapsed Time: 201.08829355239868
Iter: 280 | Train Loss: 0.06483978033065796, Train Acc: 0.0, Train Grad Norm 0.06640477478504181, | Test Loss: 0.06337688118219376, Test Acc: 0.0, Test Grad Norm: 0.09802957624197006 | Elapsed Time: 218.15488076210022
Iter: 300 | Train Loss: 0.06098686903715134, Train Acc: 0.0, Train Grad Norm 0.057085733860731125, | Test Loss: 0.059225138276815414, Test Acc: 0.0, Test Grad Norm: 0.0773225799202919 | Elapsed Time: 234.36627888679504
Iter: 320 | Train Loss: 0.05569962412118912, Train Acc: 0.0, Train Grad Norm 0.052986498922109604, | Test Loss: 0.05434075742959976, Test Acc: 0.0, Test Grad Norm: 0.07709749042987823 | Elapsed Time: 250.2099678516388
Iter: 340 | Train Loss: 0.055507443845272064, Train Acc: 0.0, Train Grad Norm 0.06558988243341446, | Test Loss: 0.05303268879652023, Test Acc: 0.0, Test Grad Norm: 0.07582835108041763 | Elapsed Time: 266.0589768886566
Iter: 360 | Train Loss: 0.05895126610994339, Train Acc: 0.0, Train Grad Norm 0.07379435002803802, | Test Loss: 0.0577700175344944, Test Acc: 0.0, Test Grad Norm: 0.11847978085279465 | Elapsed Time: 282.231901884079
Patience count 1
Iter: 380 | Train Loss: 0.058805543929338455, Train Acc: 0.0, Train Grad Norm 0.05961292237043381, | Test Loss: 0.05865655094385147, Test Acc: 0.0, Test Grad Norm: 0.10823693126440048 | Elapsed Time: 298.2486352920532
Patience count 2
Iter: 400 | Train Loss: 0.05890069156885147, Train Acc: 0.0, Train Grad Norm 0.06485214829444885, | Test Loss: 0.06166623532772064, Test Acc: 0.0, Test Grad Norm: 0.16020360589027405 | Elapsed Time: 312.69666051864624
Patience count 3
Iter: 420 | Train Loss: 0.06086312606930733, Train Acc: 0.0, Train Grad Norm 0.08002416789531708, | Test Loss: 0.06564872711896896, Test Acc: 0.0, Test Grad Norm: 0.21972398459911346 | Elapsed Time: 328.12575221061707
Learning was stopped
Learning rate eta = 0.03125
The size of local train datasets:  [1652, 1652, 1651, 1651, 1651, 1651, 1651, 1651, 1651, 1651]
Shuffling 16520 1.2 -DP local randomizers results is (eps,  1e-08 )-DP in the shuffle model for eps between 0.06864230678113897 and 0.0693993910471074
The final epsilon, delta is ( 14.24881364270569 , 1e-05 )
Iter: 0 | Train Loss: 0.37747907638549805, Train Acc: 0.0, Train Grad Norm 6.437361717224121, | Test Loss: 0.3772118091583252, Test Acc: 0.0, Test Grad Norm: 6.719305515289307
Iter: 20 | Train Loss: 0.33381417393684387, Train Acc: 0.0, Train Grad Norm 5.443859100341797, | Test Loss: 0.33280935883522034, Test Acc: 0.0, Test Grad Norm: 5.631429672241211 | Elapsed Time: 16.56899380683899
Iter: 40 | Train Loss: 0.28631889820098877, Train Acc: 0.0, Train Grad Norm 4.3448405265808105, | Test Loss: 0.28451699018478394, Test Acc: 0.0, Test Grad Norm: 4.395930767059326 | Elapsed Time: 32.12861633300781
Iter: 60 | Train Loss: 0.2502172589302063, Train Acc: 0.0, Train Grad Norm 3.57240629196167, | Test Loss: 0.24829810857772827, Test Acc: 0.0, Test Grad Norm: 3.582127571105957 | Elapsed Time: 46.9447066783905
Iter: 80 | Train Loss: 0.21486598253250122, Train Acc: 0.0, Train Grad Norm 2.7603840827941895, | Test Loss: 0.21261800825595856, Test Acc: 0.0, Test Grad Norm: 2.7095813751220703 | Elapsed Time: 63.38125681877136
Iter: 100 | Train Loss: 0.18369287252426147, Train Acc: 0.0, Train Grad Norm 2.1433491706848145, | Test Loss: 0.18247568607330322, Test Acc: 0.0, Test Grad Norm: 2.045135498046875 | Elapsed Time: 79.39945149421692
Iter: 120 | Train Loss: 0.15427176654338837, Train Acc: 0.0, Train Grad Norm 1.5432425737380981, | Test Loss: 0.15323755145072937, Test Acc: 0.0, Test Grad Norm: 1.4486796855926514 | Elapsed Time: 94.34514164924622
Iter: 140 | Train Loss: 0.13883118331432343, Train Acc: 0.0, Train Grad Norm 1.2258164882659912, | Test Loss: 0.13731417059898376, Test Acc: 0.0, Test Grad Norm: 1.1446093320846558 | Elapsed Time: 109.64268445968628
Iter: 160 | Train Loss: 0.12688176333904266, Train Acc: 0.0, Train Grad Norm 0.9501873254776001, | Test Loss: 0.12787218391895294, Test Acc: 0.0, Test Grad Norm: 0.8628094792366028 | Elapsed Time: 125.39928126335144
Iter: 180 | Train Loss: 0.1156415194272995, Train Acc: 0.0, Train Grad Norm 0.6701872944831848, | Test Loss: 0.11991161108016968, Test Acc: 0.0, Test Grad Norm: 0.6267229318618774 | Elapsed Time: 141.3997118473053
Iter: 200 | Train Loss: 0.10624729096889496, Train Acc: 0.0, Train Grad Norm 0.5047494769096375, | Test Loss: 0.10755676031112671, Test Acc: 0.0, Test Grad Norm: 0.4755660891532898 | Elapsed Time: 157.33710718154907
Iter: 220 | Train Loss: 0.09616227447986603, Train Acc: 0.0, Train Grad Norm 0.3726610839366913, | Test Loss: 0.09738726913928986, Test Acc: 0.0, Test Grad Norm: 0.3615485429763794 | Elapsed Time: 174.01882553100586
Iter: 240 | Train Loss: 0.08992424607276917, Train Acc: 0.0, Train Grad Norm 0.2974039912223816, | Test Loss: 0.08861397206783295, Test Acc: 0.0, Test Grad Norm: 0.27970612049102783 | Elapsed Time: 189.8436243534088
Iter: 260 | Train Loss: 0.08676686137914658, Train Acc: 0.0, Train Grad Norm 0.21598723530769348, | Test Loss: 0.08493224531412125, Test Acc: 0.0, Test Grad Norm: 0.21646974980831146 | Elapsed Time: 205.92710161209106
Iter: 280 | Train Loss: 0.0819377452135086, Train Acc: 0.0, Train Grad Norm 0.1944570094347, | Test Loss: 0.0784420371055603, Test Acc: 0.0, Test Grad Norm: 0.1827438324689865 | Elapsed Time: 221.52117371559143
Iter: 300 | Train Loss: 0.08321571350097656, Train Acc: 0.0, Train Grad Norm 0.15150783956050873, | Test Loss: 0.07911532372236252, Test Acc: 0.0, Test Grad Norm: 0.1497046798467636 | Elapsed Time: 236.70382928848267
Iter: 320 | Train Loss: 0.08096147328615189, Train Acc: 0.0, Train Grad Norm 0.11530379205942154, | Test Loss: 0.07813367992639542, Test Acc: 0.0, Test Grad Norm: 0.14616034924983978 | Elapsed Time: 252.3628635406494
Iter: 340 | Train Loss: 0.07542305439710617, Train Acc: 0.0, Train Grad Norm 0.09389963746070862, | Test Loss: 0.07350976020097733, Test Acc: 0.0, Test Grad Norm: 0.16475418210029602 | Elapsed Time: 267.9252996444702
Iter: 360 | Train Loss: 0.076316237449646, Train Acc: 0.0, Train Grad Norm 0.11192183941602707, | Test Loss: 0.07443764060735703, Test Acc: 0.0, Test Grad Norm: 0.20380516350269318 | Elapsed Time: 283.70511841773987
Iter: 380 | Train Loss: 0.0774885043501854, Train Acc: 0.0, Train Grad Norm 0.09553241729736328, | Test Loss: 0.07446744292974472, Test Acc: 0.0, Test Grad Norm: 0.14638417959213257 | Elapsed Time: 298.58161187171936
Iter: 400 | Train Loss: 0.07687417417764664, Train Acc: 0.0, Train Grad Norm 0.09234942495822906, | Test Loss: 0.07266613841056824, Test Acc: 0.0, Test Grad Norm: 0.12133817374706268 | Elapsed Time: 312.9176812171936
Iter: 420 | Train Loss: 0.0771714374423027, Train Acc: 0.0, Train Grad Norm 0.09494878351688385, | Test Loss: 0.07174037396907806, Test Acc: 0.0, Test Grad Norm: 0.10004609078168869 | Elapsed Time: 328.0647714138031
Iter: 440 | Train Loss: 0.07409320771694183, Train Acc: 0.0, Train Grad Norm 0.08748019486665726, | Test Loss: 0.06847294420003891, Test Acc: 0.0, Test Grad Norm: 0.08167317509651184 | Elapsed Time: 343.9470896720886
Iter: 460 | Train Loss: 0.07464610040187836, Train Acc: 0.0, Train Grad Norm 0.09384014457464218, | Test Loss: 0.068820059299469, Test Acc: 0.0, Test Grad Norm: 0.09870288521051407 | Elapsed Time: 359.66155314445496
Iter: 480 | Train Loss: 0.07473528385162354, Train Acc: 0.0, Train Grad Norm 0.10119021683931351, | Test Loss: 0.06941834837198257, Test Acc: 0.0, Test Grad Norm: 0.12799502909183502 | Elapsed Time: 375.9744255542755
Iter: 500 | Train Loss: 0.07019679248332977, Train Acc: 0.0, Train Grad Norm 0.08881791681051254, | Test Loss: 0.06494113057851791, Test Acc: 0.0, Test Grad Norm: 0.10143835097551346 | Elapsed Time: 391.9569926261902
Running with c=100, seed=3
GPU Not Enabled
Learning rate eta = 1.0
The size of local train datasets:  [1652, 1652, 1651, 1651, 1651, 1651, 1651, 1651, 1651, 1651]
Shuffling 16520 1.2 -DP local randomizers results is (eps,  1e-08 )-DP in the shuffle model for eps between 0.06864230678113897 and 0.0693993910471074
The final epsilon, delta is ( 14.24881364270569 , 1e-05 )
Iter: 0 | Train Loss: 0.37747907638549805, Train Acc: 0.0, Train Grad Norm 6.437361717224121, | Test Loss: 0.3772118091583252, Test Acc: 0.0, Test Grad Norm: 6.719305515289307
Iter: 20 | Train Loss: 0.11851755529642105, Train Acc: 0.0, Train Grad Norm 0.4402819573879242, | Test Loss: 0.19560092687606812, Test Acc: 0.0, Test Grad Norm: 4.2795515060424805 | Elapsed Time: 15.909744262695312
Iter: 40 | Train Loss: 0.09308107942342758, Train Acc: 0.0, Train Grad Norm 0.6914570927619934, | Test Loss: 0.13683047890663147, Test Acc: 0.0, Test Grad Norm: 3.562058687210083 | Elapsed Time: 30.414304494857788
Iter: 60 | Train Loss: 0.5551771521568298, Train Acc: 0.0, Train Grad Norm 6.8443779945373535, | Test Loss: 1.3061573505401611, Test Acc: 0.0, Test Grad Norm: 98.33807373046875 | Elapsed Time: 46.85114097595215
Patience count 1
Iter: 80 | Train Loss: 0.23872041702270508, Train Acc: 0.0, Train Grad Norm 2.1819145679473877, | Test Loss: 0.9902278780937195, Test Acc: 0.0, Test Grad Norm: 79.78434753417969 | Elapsed Time: 63.064223527908325
Patience count 2
Iter: 100 | Train Loss: 0.6219989061355591, Train Acc: 0.0, Train Grad Norm 7.201559543609619, | Test Loss: 4.542321681976318, Test Acc: 0.0, Test Grad Norm: 504.5694274902344 | Elapsed Time: 77.4558653831482
Patience count 3
Iter: 120 | Train Loss: 1.5836642980575562, Train Acc: 0.0, Train Grad Norm 23.821496963500977, | Test Loss: 11.740321159362793, Test Acc: 0.0, Test Grad Norm: 1955.2921142578125 | Elapsed Time: 93.72296833992004
Learning was stopped
Learning rate eta = 0.5
The size of local train datasets:  [1652, 1652, 1651, 1651, 1651, 1651, 1651, 1651, 1651, 1651]
Shuffling 16520 1.2 -DP local randomizers results is (eps,  1e-08 )-DP in the shuffle model for eps between 0.06864230678113897 and 0.0693993910471074
The final epsilon, delta is ( 14.24881364270569 , 1e-05 )
Iter: 0 | Train Loss: 0.37747907638549805, Train Acc: 0.0, Train Grad Norm 6.437361717224121, | Test Loss: 0.3772118091583252, Test Acc: 0.0, Test Grad Norm: 6.719305515289307
Iter: 20 | Train Loss: 0.13797184824943542, Train Acc: 0.0, Train Grad Norm 1.4072604179382324, | Test Loss: 0.13558875024318695, Test Acc: 0.0, Test Grad Norm: 1.214824914932251 | Elapsed Time: 14.357098579406738
Iter: 40 | Train Loss: 0.11057896912097931, Train Acc: 0.0, Train Grad Norm 0.623471736907959, | Test Loss: 0.1296585202217102, Test Acc: 0.0, Test Grad Norm: 1.228519320487976 | Elapsed Time: 31.062557697296143
Iter: 60 | Train Loss: 0.05655169114470482, Train Acc: 0.0, Train Grad Norm 0.06434603780508041, | Test Loss: 0.0962110161781311, Test Acc: 0.0, Test Grad Norm: 2.4764463901519775 | Elapsed Time: 47.55245351791382
Iter: 80 | Train Loss: 0.05111417546868324, Train Acc: 0.0, Train Grad Norm 0.18027043342590332, | Test Loss: 0.050409331917762756, Test Acc: 0.0, Test Grad Norm: 0.38855233788490295 | Elapsed Time: 63.47598934173584
Iter: 100 | Train Loss: 0.046839501708745956, Train Acc: 0.0, Train Grad Norm 0.10655034333467484, | Test Loss: 0.047000013291835785, Test Acc: 0.0, Test Grad Norm: 0.11857079714536667 | Elapsed Time: 78.79038667678833
Iter: 120 | Train Loss: 0.10732103139162064, Train Acc: 0.0, Train Grad Norm 1.1836116313934326, | Test Loss: 0.4150511622428894, Test Acc: 0.0, Test Grad Norm: 20.321823120117188 | Elapsed Time: 94.77334403991699
Patience count 1
Iter: 140 | Train Loss: 0.1475691944360733, Train Acc: 0.0, Train Grad Norm 1.383363962173462, | Test Loss: 0.7387535572052002, Test Acc: 0.0, Test Grad Norm: 43.35807800292969 | Elapsed Time: 110.3611330986023
Patience count 2
Iter: 160 | Train Loss: 0.1355847865343094, Train Acc: 0.0, Train Grad Norm 0.6264470815658569, | Test Loss: 0.5825693607330322, Test Acc: 0.0, Test Grad Norm: 31.84625244140625 | Elapsed Time: 125.72261095046997
Patience count 3
Iter: 180 | Train Loss: 0.10133863985538483, Train Acc: 0.0, Train Grad Norm 0.4715340733528137, | Test Loss: 0.1479319930076599, Test Acc: 0.0, Test Grad Norm: 4.459238529205322 | Elapsed Time: 140.39638376235962
Learning was stopped
Learning rate eta = 0.25
The size of local train datasets:  [1652, 1652, 1651, 1651, 1651, 1651, 1651, 1651, 1651, 1651]
Shuffling 16520 1.2 -DP local randomizers results is (eps,  1e-08 )-DP in the shuffle model for eps between 0.06864230678113897 and 0.0693993910471074
The final epsilon, delta is ( 14.24881364270569 , 1e-05 )
Iter: 0 | Train Loss: 0.37747907638549805, Train Acc: 0.0, Train Grad Norm 6.437361717224121, | Test Loss: 0.3772118091583252, Test Acc: 0.0, Test Grad Norm: 6.719305515289307
Iter: 20 | Train Loss: 0.2379242181777954, Train Acc: 0.0, Train Grad Norm 2.586665153503418, | Test Loss: 0.23634453117847443, Test Acc: 0.0, Test Grad Norm: 2.4922399520874023 | Elapsed Time: 16.09445834159851
Iter: 40 | Train Loss: 0.15181779861450195, Train Acc: 0.0, Train Grad Norm 1.2540861368179321, | Test Loss: 0.14669783413410187, Test Acc: 0.0, Test Grad Norm: 1.286732792854309 | Elapsed Time: 31.988800764083862
Iter: 60 | Train Loss: 0.10596772283315659, Train Acc: 0.0, Train Grad Norm 0.30368244647979736, | Test Loss: 0.1040392592549324, Test Acc: 0.0, Test Grad Norm: 0.2814572751522064 | Elapsed Time: 48.11761546134949
Iter: 80 | Train Loss: 0.08522837609052658, Train Acc: 0.0, Train Grad Norm 0.07698491960763931, | Test Loss: 0.09448334574699402, Test Acc: 0.0, Test Grad Norm: 0.23135128617286682 | Elapsed Time: 64.00436615943909
Iter: 100 | Train Loss: 0.07736171036958694, Train Acc: 0.0, Train Grad Norm 0.11621221154928207, | Test Loss: 0.0862707868218422, Test Acc: 0.0, Test Grad Norm: 0.33190470933914185 | Elapsed Time: 80.87853503227234
Iter: 120 | Train Loss: 0.07231265306472778, Train Acc: 0.0, Train Grad Norm 0.09246496856212616, | Test Loss: 0.0699259489774704, Test Acc: 0.0, Test Grad Norm: 0.0884874165058136 | Elapsed Time: 96.1366937160492
Iter: 140 | Train Loss: 0.07574404031038284, Train Acc: 0.0, Train Grad Norm 0.12742263078689575, | Test Loss: 0.07667966932058334, Test Acc: 0.0, Test Grad Norm: 0.1782134622335434 | Elapsed Time: 112.24214696884155
Iter: 160 | Train Loss: 0.05261122062802315, Train Acc: 0.0, Train Grad Norm 0.0706677958369255, | Test Loss: 0.12201959639787674, Test Acc: 0.0, Test Grad Norm: 1.283827304840088 | Elapsed Time: 127.76158118247986
Iter: 180 | Train Loss: 0.04619204252958298, Train Acc: 0.0, Train Grad Norm 0.030965087935328484, | Test Loss: 0.12227606773376465, Test Acc: 0.0, Test Grad Norm: 1.3692935705184937 | Elapsed Time: 143.15013027191162
Iter: 200 | Train Loss: 0.05284558981657028, Train Acc: 0.0, Train Grad Norm 0.03260434791445732, | Test Loss: 0.21384483575820923, Test Acc: 0.0, Test Grad Norm: 2.6315503120422363 | Elapsed Time: 159.30478930473328
Patience count 1
Iter: 220 | Train Loss: 0.04714728146791458, Train Acc: 0.0, Train Grad Norm 0.026090003550052643, | Test Loss: 0.15986502170562744, Test Acc: 0.0, Test Grad Norm: 1.7312990427017212 | Elapsed Time: 173.7787263393402
Iter: 240 | Train Loss: 0.04363909363746643, Train Acc: 0.0, Train Grad Norm 0.0870165079832077, | Test Loss: 0.10789113491773605, Test Acc: 0.0, Test Grad Norm: 1.1244231462478638 | Elapsed Time: 189.24664163589478
Iter: 260 | Train Loss: 0.04331023246049881, Train Acc: 0.0, Train Grad Norm 0.03100449964404106, | Test Loss: 0.09610022604465485, Test Acc: 0.0, Test Grad Norm: 1.0157979726791382 | Elapsed Time: 204.10000205039978
Iter: 280 | Train Loss: 0.03982800617814064, Train Acc: 0.0, Train Grad Norm 0.0679001435637474, | Test Loss: 0.10673359781503677, Test Acc: 0.0, Test Grad Norm: 1.419519305229187 | Elapsed Time: 219.72918677330017
Iter: 300 | Train Loss: 0.034436777234077454, Train Acc: 0.0, Train Grad Norm 0.01211338397115469, | Test Loss: 0.08531714975833893, Test Acc: 0.0, Test Grad Norm: 0.8716419339179993 | Elapsed Time: 234.88651132583618
Iter: 320 | Train Loss: 0.033481236547231674, Train Acc: 0.0, Train Grad Norm 0.07930561900138855, | Test Loss: 0.0342327356338501, Test Acc: 0.0, Test Grad Norm: 0.09123214334249496 | Elapsed Time: 250.85001969337463
Iter: 340 | Train Loss: 0.032203614711761475, Train Acc: 0.0, Train Grad Norm 0.02366635762155056, | Test Loss: 0.032567743211984634, Test Acc: 0.0, Test Grad Norm: 0.036590225994586945 | Elapsed Time: 266.5652861595154
Iter: 360 | Train Loss: 0.02798091061413288, Train Acc: 0.0, Train Grad Norm 0.02893608808517456, | Test Loss: 0.03590060770511627, Test Acc: 0.0, Test Grad Norm: 0.23586727678775787 | Elapsed Time: 282.40457010269165
Iter: 380 | Train Loss: 0.030499516054987907, Train Acc: 0.0, Train Grad Norm 0.014463190920650959, | Test Loss: 0.04895135760307312, Test Acc: 0.0, Test Grad Norm: 0.48404207825660706 | Elapsed Time: 299.0583918094635
Patience count 1
Iter: 400 | Train Loss: 0.03713398054242134, Train Acc: 0.0, Train Grad Norm 0.04114421457052231, | Test Loss: 0.05906775966286659, Test Acc: 0.0, Test Grad Norm: 0.9032208919525146 | Elapsed Time: 314.91782236099243
Patience count 2
Iter: 420 | Train Loss: 0.04209006205201149, Train Acc: 0.0, Train Grad Norm 0.08798391371965408, | Test Loss: 0.04004685580730438, Test Acc: 0.0, Test Grad Norm: 0.09099661558866501 | Elapsed Time: 329.0731375217438
Patience count 3
Iter: 440 | Train Loss: 0.037838857620954514, Train Acc: 0.0, Train Grad Norm 0.052703261375427246, | Test Loss: 0.06375518441200256, Test Acc: 0.0, Test Grad Norm: 1.009138584136963 | Elapsed Time: 343.1863193511963
Learning was stopped
Learning rate eta = 0.125
The size of local train datasets:  [1652, 1652, 1651, 1651, 1651, 1651, 1651, 1651, 1651, 1651]
Shuffling 16520 1.2 -DP local randomizers results is (eps,  1e-08 )-DP in the shuffle model for eps between 0.06864230678113897 and 0.0693993910471074
The final epsilon, delta is ( 14.24881364270569 , 1e-05 )
Iter: 0 | Train Loss: 0.37747907638549805, Train Acc: 0.0, Train Grad Norm 6.437361717224121, | Test Loss: 0.3772118091583252, Test Acc: 0.0, Test Grad Norm: 6.719305515289307
Iter: 20 | Train Loss: 0.2891034483909607, Train Acc: 0.0, Train Grad Norm 4.459090232849121, | Test Loss: 0.288293719291687, Test Acc: 0.0, Test Grad Norm: 4.407379627227783 | Elapsed Time: 14.72169041633606
Iter: 40 | Train Loss: 0.24089284241199493, Train Acc: 0.0, Train Grad Norm 3.104597568511963, | Test Loss: 0.25027206540107727, Test Acc: 0.0, Test Grad Norm: 2.7888433933258057 | Elapsed Time: 28.96461820602417
Iter: 60 | Train Loss: 0.19339685142040253, Train Acc: 0.0, Train Grad Norm 1.7556352615356445, | Test Loss: 0.23304419219493866, Test Acc: 0.0, Test Grad Norm: 1.9851276874542236 | Elapsed Time: 43.564513206481934
Iter: 80 | Train Loss: 0.14512605965137482, Train Acc: 0.0, Train Grad Norm 0.7751058340072632, | Test Loss: 0.18520620465278625, Test Acc: 0.0, Test Grad Norm: 1.4387385845184326 | Elapsed Time: 58.18618631362915
Iter: 100 | Train Loss: 0.11861466616392136, Train Acc: 0.0, Train Grad Norm 0.4041048586368561, | Test Loss: 0.1677842140197754, Test Acc: 0.0, Test Grad Norm: 1.3826550245285034 | Elapsed Time: 72.43497061729431
Iter: 120 | Train Loss: 0.11810120940208435, Train Acc: 0.0, Train Grad Norm 0.31096792221069336, | Test Loss: 0.1808471977710724, Test Acc: 0.0, Test Grad Norm: 2.0570733547210693 | Elapsed Time: 87.87660694122314
Iter: 140 | Train Loss: 0.11782828718423843, Train Acc: 0.0, Train Grad Norm 0.31159964203834534, | Test Loss: 0.19575992226600647, Test Acc: 0.0, Test Grad Norm: 2.693669557571411 | Elapsed Time: 102.56023073196411
Iter: 160 | Train Loss: 0.11169051378965378, Train Acc: 0.0, Train Grad Norm 0.31294018030166626, | Test Loss: 0.18355035781860352, Test Acc: 0.0, Test Grad Norm: 2.4086737632751465 | Elapsed Time: 116.65372276306152
Iter: 180 | Train Loss: 0.10691507905721664, Train Acc: 0.0, Train Grad Norm 0.28761789202690125, | Test Loss: 0.15575000643730164, Test Acc: 0.0, Test Grad Norm: 1.7003573179244995 | Elapsed Time: 133.0406756401062
Iter: 200 | Train Loss: 0.09083094447851181, Train Acc: 0.0, Train Grad Norm 0.24790728092193604, | Test Loss: 0.1145930141210556, Test Acc: 0.0, Test Grad Norm: 1.0513020753860474 | Elapsed Time: 148.36946511268616
Iter: 220 | Train Loss: 0.08822198957204819, Train Acc: 0.0, Train Grad Norm 0.27187660336494446, | Test Loss: 0.14079487323760986, Test Acc: 0.0, Test Grad Norm: 1.7178899049758911 | Elapsed Time: 162.66576480865479
Iter: 240 | Train Loss: 0.08585882186889648, Train Acc: 0.0, Train Grad Norm 0.27410078048706055, | Test Loss: 0.14184565842151642, Test Acc: 0.0, Test Grad Norm: 1.8081245422363281 | Elapsed Time: 177.37170433998108
Iter: 260 | Train Loss: 0.07730620354413986, Train Acc: 0.0, Train Grad Norm 0.31159543991088867, | Test Loss: 0.12800101935863495, Test Acc: 0.0, Test Grad Norm: 1.7775269746780396 | Elapsed Time: 194.288724899292
Iter: 280 | Train Loss: 0.05951058864593506, Train Acc: 0.0, Train Grad Norm 0.2134135365486145, | Test Loss: 0.07935085147619247, Test Acc: 0.0, Test Grad Norm: 0.8921353220939636 | Elapsed Time: 211.00676369667053
Iter: 300 | Train Loss: 0.05464550480246544, Train Acc: 0.0, Train Grad Norm 0.16681471467018127, | Test Loss: 0.08963949233293533, Test Acc: 0.0, Test Grad Norm: 1.2006371021270752 | Elapsed Time: 226.8724386692047
Iter: 320 | Train Loss: 0.05139034986495972, Train Acc: 0.0, Train Grad Norm 0.19166767597198486, | Test Loss: 0.08730029314756393, Test Acc: 0.0, Test Grad Norm: 1.4320602416992188 | Elapsed Time: 243.07489490509033
Iter: 340 | Train Loss: 0.04161456972360611, Train Acc: 0.0, Train Grad Norm 0.11939020454883575, | Test Loss: 0.06072037294507027, Test Acc: 0.0, Test Grad Norm: 0.8093481063842773 | Elapsed Time: 258.2725818157196
Iter: 360 | Train Loss: 0.04655513912439346, Train Acc: 0.0, Train Grad Norm 0.10893850773572922, | Test Loss: 0.06527040898799896, Test Acc: 0.0, Test Grad Norm: 0.8082789182662964 | Elapsed Time: 272.4829969406128
Patience count 1
Iter: 380 | Train Loss: 0.048363275825977325, Train Acc: 0.0, Train Grad Norm 0.09646155685186386, | Test Loss: 0.06370344758033752, Test Acc: 0.0, Test Grad Norm: 0.6465585827827454 | Elapsed Time: 286.6764738559723
Patience count 2
Iter: 400 | Train Loss: 0.04208003729581833, Train Acc: 0.0, Train Grad Norm 0.062493935227394104, | Test Loss: 0.04766390845179558, Test Acc: 0.0, Test Grad Norm: 0.3049575090408325 | Elapsed Time: 303.13063645362854
Iter: 420 | Train Loss: 0.035314518958330154, Train Acc: 0.0, Train Grad Norm 0.040838126093149185, | Test Loss: 0.03370584547519684, Test Acc: 0.0, Test Grad Norm: 0.02177106775343418 | Elapsed Time: 318.45111989974976
Iter: 440 | Train Loss: 0.038224928081035614, Train Acc: 0.0, Train Grad Norm 0.046043701469898224, | Test Loss: 0.05078577250242233, Test Acc: 0.0, Test Grad Norm: 0.4156454801559448 | Elapsed Time: 334.47805762290955
Patience count 1
Iter: 460 | Train Loss: 0.03681374713778496, Train Acc: 0.0, Train Grad Norm 0.02752271480858326, | Test Loss: 0.05172901973128319, Test Acc: 0.0, Test Grad Norm: 0.3988470733165741 | Elapsed Time: 348.9480628967285
Iter: 480 | Train Loss: 0.03363664075732231, Train Acc: 0.0, Train Grad Norm 0.04252085089683533, | Test Loss: 0.046486664563417435, Test Acc: 0.0, Test Grad Norm: 0.40093493461608887 | Elapsed Time: 364.2286822795868
Iter: 500 | Train Loss: 0.03480147197842598, Train Acc: 0.0, Train Grad Norm 0.04921277239918709, | Test Loss: 0.0363411046564579, Test Acc: 0.0, Test Grad Norm: 0.12716591358184814 | Elapsed Time: 380.23515701293945
