Running with c=1, seed=3
GPU Not Enabled
Learning rate eta = 1.0
The size of local train datasets:  [1652, 1652, 1651, 1651, 1651, 1651, 1651, 1651, 1651, 1651]
Shuffling 16520 0.6 -DP local randomizers results is (eps,  1e-08 )-DP in the shuffle model for eps between 0.026407269083900682 and 0.026630115236507435
The final epsilon, delta is ( 5.338746585095627 , 1e-05 )
Iter: 0 | Train Loss: 0.37747910618782043, Train Acc: 0.0, Train Grad Norm 6.437363624572754, | Test Loss: 0.3772118091583252, Test Acc: 0.0, Test Grad Norm: 6.719305992126465
Iter: 20 | Train Loss: 0.5779827237129211, Train Acc: 0.0, Train Grad Norm 14.452390670776367, | Test Loss: 0.6890963912010193, Test Acc: 0.0, Test Grad Norm: 14.964146614074707 | Elapsed Time: 31.63243865966797
Patience count 1
Iter: 40 | Train Loss: 0.8263311386108398, Train Acc: 0.0, Train Grad Norm 18.781322479248047, | Test Loss: 0.8014419674873352, Test Acc: 0.0, Test Grad Norm: 17.155967712402344 | Elapsed Time: 63.205164432525635
Patience count 2
Iter: 60 | Train Loss: 1.711310625076294, Train Acc: 0.0, Train Grad Norm 44.710044860839844, | Test Loss: 2.9655065536499023, Test Acc: 0.0, Test Grad Norm: 236.1238555908203 | Elapsed Time: 94.66708064079285
Patience count 3
Iter: 80 | Train Loss: 5.0356855392456055, Train Acc: 0.0, Train Grad Norm 275.18548583984375, | Test Loss: 6.049309730529785, Test Acc: 0.0, Test Grad Norm: 579.6785278320312 | Elapsed Time: 126.19297575950623
Patience count 4
Iter: 100 | Train Loss: 6.349462985992432, Train Acc: 0.0, Train Grad Norm 118.66764831542969, | Test Loss: 42.0754280090332, Test Acc: 0.0, Test Grad Norm: 7331.31982421875 | Elapsed Time: 157.79896712303162
Patience count 5
Iter: 120 | Train Loss: 6.837631702423096, Train Acc: 0.0, Train Grad Norm 171.18797302246094, | Test Loss: 37.307743072509766, Test Acc: 0.0, Test Grad Norm: 6637.25 | Elapsed Time: 189.33319759368896
Learning was stopped
Learning rate eta = 0.5
The size of local train datasets:  [1652, 1652, 1651, 1651, 1651, 1651, 1651, 1651, 1651, 1651]
Shuffling 16520 0.6 -DP local randomizers results is (eps,  1e-08 )-DP in the shuffle model for eps between 0.026407269083900682 and 0.026630115236507435
The final epsilon, delta is ( 5.338746585095627 , 1e-05 )
Iter: 0 | Train Loss: 0.37747910618782043, Train Acc: 0.0, Train Grad Norm 6.437363624572754, | Test Loss: 0.3772118091583252, Test Acc: 0.0, Test Grad Norm: 6.719305992126465
Iter: 20 | Train Loss: 0.0927610844373703, Train Acc: 0.0, Train Grad Norm 0.4416324496269226, | Test Loss: 0.16638974845409393, Test Acc: 0.0, Test Grad Norm: 3.8920822143554688 | Elapsed Time: 31.61186671257019
Iter: 40 | Train Loss: 0.08709630370140076, Train Acc: 0.0, Train Grad Norm 0.18637517094612122, | Test Loss: 0.09637382626533508, Test Acc: 0.0, Test Grad Norm: 0.7983594536781311 | Elapsed Time: 63.24292016029358
Iter: 60 | Train Loss: 0.291707843542099, Train Acc: 0.0, Train Grad Norm 3.352262496948242, | Test Loss: 1.0409958362579346, Test Acc: 0.0, Test Grad Norm: 80.61127471923828 | Elapsed Time: 94.8737256526947
Patience count 1
Iter: 80 | Train Loss: 0.3590010106563568, Train Acc: 0.0, Train Grad Norm 2.1177680492401123, | Test Loss: 1.6247749328613281, Test Acc: 0.0, Test Grad Norm: 89.50965118408203 | Elapsed Time: 126.58131194114685
Patience count 2
Iter: 100 | Train Loss: 0.40362972021102905, Train Acc: 0.0, Train Grad Norm 3.9107441902160645, | Test Loss: 1.591688871383667, Test Acc: 0.0, Test Grad Norm: 118.36396789550781 | Elapsed Time: 158.20680928230286
Patience count 3
Iter: 120 | Train Loss: 0.2651996314525604, Train Acc: 0.0, Train Grad Norm 1.3183099031448364, | Test Loss: 0.7889529466629028, Test Acc: 0.0, Test Grad Norm: 56.584590911865234 | Elapsed Time: 189.80440640449524
Patience count 4
Iter: 140 | Train Loss: 1.550912618637085, Train Acc: 0.0, Train Grad Norm 16.760467529296875, | Test Loss: 10.519294738769531, Test Acc: 0.0, Test Grad Norm: 1336.0880126953125 | Elapsed Time: 221.49889874458313
Patience count 5
Iter: 160 | Train Loss: 1.0313960313796997, Train Acc: 0.0, Train Grad Norm 15.00457763671875, | Test Loss: 5.337850093841553, Test Acc: 0.0, Test Grad Norm: 1004.6334838867188 | Elapsed Time: 253.100439786911
Learning was stopped
Learning rate eta = 0.25
The size of local train datasets:  [1652, 1652, 1651, 1651, 1651, 1651, 1651, 1651, 1651, 1651]
Shuffling 16520 0.6 -DP local randomizers results is (eps,  1e-08 )-DP in the shuffle model for eps between 0.026407269083900682 and 0.026630115236507435
The final epsilon, delta is ( 5.338746585095627 , 1e-05 )
Iter: 0 | Train Loss: 0.37747910618782043, Train Acc: 0.0, Train Grad Norm 6.437363624572754, | Test Loss: 0.3772118091583252, Test Acc: 0.0, Test Grad Norm: 6.719305992126465
Iter: 20 | Train Loss: 0.15973979234695435, Train Acc: 0.0, Train Grad Norm 2.2460532188415527, | Test Loss: 0.1605198234319687, Test Acc: 0.0, Test Grad Norm: 2.0548386573791504 | Elapsed Time: 31.60170316696167
Iter: 40 | Train Loss: 0.11325234919786453, Train Acc: 0.0, Train Grad Norm 1.1381967067718506, | Test Loss: 0.12037917971611023, Test Acc: 0.0, Test Grad Norm: 0.8483667969703674 | Elapsed Time: 63.35086250305176
Iter: 60 | Train Loss: 0.16899719834327698, Train Acc: 0.0, Train Grad Norm 0.8552509546279907, | Test Loss: 0.1563701033592224, Test Acc: 0.0, Test Grad Norm: 0.4714297354221344 | Elapsed Time: 94.99616122245789
Patience count 1
Iter: 80 | Train Loss: 0.1249428242444992, Train Acc: 0.0, Train Grad Norm 0.4914173185825348, | Test Loss: 0.24083757400512695, Test Acc: 0.0, Test Grad Norm: 2.6081008911132812 | Elapsed Time: 126.65269708633423
Patience count 2
Iter: 100 | Train Loss: 0.05591950938105583, Train Acc: 0.0, Train Grad Norm 0.10751888900995255, | Test Loss: 0.05077757313847542, Test Acc: 0.0, Test Grad Norm: 0.05560886859893799 | Elapsed Time: 158.42251920700073
Iter: 120 | Train Loss: 0.06203043460845947, Train Acc: 0.0, Train Grad Norm 0.13183526694774628, | Test Loss: 0.059610821306705475, Test Acc: 0.0, Test Grad Norm: 0.19389450550079346 | Elapsed Time: 190.07867169380188
Patience count 1
Iter: 140 | Train Loss: 0.08982652425765991, Train Acc: 0.0, Train Grad Norm 0.19384488463401794, | Test Loss: 0.09514206647872925, Test Acc: 0.0, Test Grad Norm: 0.5768609046936035 | Elapsed Time: 221.7458336353302
Patience count 2
Iter: 160 | Train Loss: 0.10353287309408188, Train Acc: 0.0, Train Grad Norm 0.2866441607475281, | Test Loss: 0.10733456909656525, Test Acc: 0.0, Test Grad Norm: 0.5661488175392151 | Elapsed Time: 253.49919390678406
Patience count 3
Iter: 180 | Train Loss: 0.12135518342256546, Train Acc: 0.0, Train Grad Norm 0.325023353099823, | Test Loss: 0.3728296756744385, Test Acc: 0.0, Test Grad Norm: 17.19794464111328 | Elapsed Time: 285.21685242652893
Patience count 4
Iter: 200 | Train Loss: 0.1717277318239212, Train Acc: 0.0, Train Grad Norm 0.6787293553352356, | Test Loss: 1.174584984779358, Test Acc: 0.0, Test Grad Norm: 65.87953186035156 | Elapsed Time: 316.8940508365631
Patience count 5
Iter: 220 | Train Loss: 0.20808692276477814, Train Acc: 0.0, Train Grad Norm 1.0024354457855225, | Test Loss: 1.3887038230895996, Test Acc: 0.0, Test Grad Norm: 83.58657836914062 | Elapsed Time: 348.65166902542114
Learning was stopped
Learning rate eta = 0.125
The size of local train datasets:  [1652, 1652, 1651, 1651, 1651, 1651, 1651, 1651, 1651, 1651]
Shuffling 16520 0.6 -DP local randomizers results is (eps,  1e-08 )-DP in the shuffle model for eps between 0.026407269083900682 and 0.026630115236507435
The final epsilon, delta is ( 5.338746585095627 , 1e-05 )
Iter: 0 | Train Loss: 0.37747910618782043, Train Acc: 0.0, Train Grad Norm 6.437363624572754, | Test Loss: 0.3772118091583252, Test Acc: 0.0, Test Grad Norm: 6.719305992126465
Iter: 20 | Train Loss: 0.2735743522644043, Train Acc: 0.0, Train Grad Norm 4.127706050872803, | Test Loss: 0.28419938683509827, Test Acc: 0.0, Test Grad Norm: 3.7540836334228516 | Elapsed Time: 31.743207693099976
Iter: 40 | Train Loss: 0.2172764092683792, Train Acc: 0.0, Train Grad Norm 2.7517266273498535, | Test Loss: 0.26337867975234985, Test Acc: 0.0, Test Grad Norm: 2.780493974685669 | Elapsed Time: 63.38805437088013
Iter: 60 | Train Loss: 0.18138185143470764, Train Acc: 0.0, Train Grad Norm 1.9970420598983765, | Test Loss: 0.2437838613986969, Test Acc: 0.0, Test Grad Norm: 2.4129087924957275 | Elapsed Time: 94.49412226676941
Iter: 80 | Train Loss: 0.11708139628171921, Train Acc: 0.0, Train Grad Norm 0.49406498670578003, | Test Loss: 0.2322060763835907, Test Acc: 0.0, Test Grad Norm: 2.802065134048462 | Elapsed Time: 126.24802899360657
Iter: 100 | Train Loss: 0.11528856307268143, Train Acc: 0.0, Train Grad Norm 0.3254639804363251, | Test Loss: 0.4245540499687195, Test Acc: 0.0, Test Grad Norm: 7.268807888031006 | Elapsed Time: 157.9020791053772
Iter: 120 | Train Loss: 0.09539178758859634, Train Acc: 0.0, Train Grad Norm 0.18477216362953186, | Test Loss: 0.38795745372772217, Test Acc: 0.0, Test Grad Norm: 6.589189529418945 | Elapsed Time: 189.55273509025574
Iter: 140 | Train Loss: 0.07041885703802109, Train Acc: 0.0, Train Grad Norm 0.1244213730096817, | Test Loss: 0.2385358214378357, Test Acc: 0.0, Test Grad Norm: 3.543149948120117 | Elapsed Time: 221.2983524799347
Iter: 160 | Train Loss: 0.07097698003053665, Train Acc: 0.0, Train Grad Norm 0.14534232020378113, | Test Loss: 0.2542049288749695, Test Acc: 0.0, Test Grad Norm: 5.157586097717285 | Elapsed Time: 252.95991349220276
Iter: 180 | Train Loss: 0.0690058097243309, Train Acc: 0.0, Train Grad Norm 0.22528193891048431, | Test Loss: 0.213094100356102, Test Acc: 0.0, Test Grad Norm: 4.226112365722656 | Elapsed Time: 284.6443245410919
Iter: 200 | Train Loss: 0.05333299562335014, Train Acc: 0.0, Train Grad Norm 0.12823700904846191, | Test Loss: 0.0932987853884697, Test Acc: 0.0, Test Grad Norm: 1.5502029657363892 | Elapsed Time: 316.4356617927551
Iter: 220 | Train Loss: 0.07322046905755997, Train Acc: 0.0, Train Grad Norm 0.18251118063926697, | Test Loss: 0.1235886737704277, Test Acc: 0.0, Test Grad Norm: 2.2558248043060303 | Elapsed Time: 348.1240601539612
Patience count 1
Iter: 240 | Train Loss: 0.06868650764226913, Train Acc: 0.0, Train Grad Norm 0.13943879306316376, | Test Loss: 0.12958841025829315, Test Acc: 0.0, Test Grad Norm: 2.640676498413086 | Elapsed Time: 379.80757427215576
Patience count 2
Iter: 260 | Train Loss: 0.09169691056013107, Train Acc: 0.0, Train Grad Norm 0.5419443845748901, | Test Loss: 0.07461578398942947, Test Acc: 0.0, Test Grad Norm: 0.25447213649749756 | Elapsed Time: 411.57712388038635
Patience count 3
Iter: 280 | Train Loss: 0.07589828222990036, Train Acc: 0.0, Train Grad Norm 0.3297269642353058, | Test Loss: 0.07590138912200928, Test Acc: 0.0, Test Grad Norm: 0.7473292350769043 | Elapsed Time: 443.2772943973541
Patience count 4
Iter: 300 | Train Loss: 0.09892426431179047, Train Acc: 0.0, Train Grad Norm 0.33139410614967346, | Test Loss: 0.08486174792051315, Test Acc: 0.0, Test Grad Norm: 0.17130734026432037 | Elapsed Time: 474.9657025337219
Patience count 5
Iter: 320 | Train Loss: 0.08260472863912582, Train Acc: 0.0, Train Grad Norm 0.15423090755939484, | Test Loss: 0.08848342299461365, Test Acc: 0.0, Test Grad Norm: 0.6087214946746826 | Elapsed Time: 506.72459864616394
Learning was stopped
Learning rate eta = 0.0625
The size of local train datasets:  [1652, 1652, 1651, 1651, 1651, 1651, 1651, 1651, 1651, 1651]
Shuffling 16520 0.6 -DP local randomizers results is (eps,  1e-08 )-DP in the shuffle model for eps between 0.026407269083900682 and 0.026630115236507435
The final epsilon, delta is ( 5.338746585095627 , 1e-05 )
Iter: 0 | Train Loss: 0.37747910618782043, Train Acc: 0.0, Train Grad Norm 6.437363624572754, | Test Loss: 0.3772118091583252, Test Acc: 0.0, Test Grad Norm: 6.719305992126465
Iter: 20 | Train Loss: 0.3072993755340576, Train Acc: 0.0, Train Grad Norm 4.646817207336426, | Test Loss: 0.30563461780548096, Test Acc: 0.0, Test Grad Norm: 4.603274345397949 | Elapsed Time: 31.75859522819519
Iter: 40 | Train Loss: 0.23952466249465942, Train Acc: 0.0, Train Grad Norm 3.2536678314208984, | Test Loss: 0.23800316452980042, Test Acc: 0.0, Test Grad Norm: 3.178879499435425 | Elapsed Time: 63.394704818725586
Iter: 60 | Train Loss: 0.20515337586402893, Train Acc: 0.0, Train Grad Norm 2.561002254486084, | Test Loss: 0.20197167992591858, Test Acc: 0.0, Test Grad Norm: 2.6004719734191895 | Elapsed Time: 95.01602268218994
Iter: 80 | Train Loss: 0.15237554907798767, Train Acc: 0.0, Train Grad Norm 1.782030701637268, | Test Loss: 0.1531793624162674, Test Acc: 0.0, Test Grad Norm: 2.066330909729004 | Elapsed Time: 126.75766634941101
Iter: 100 | Train Loss: 0.11433292925357819, Train Acc: 0.0, Train Grad Norm 0.9298149347305298, | Test Loss: 0.11110391467809677, Test Acc: 0.0, Test Grad Norm: 1.0431947708129883 | Elapsed Time: 158.4209749698639
Iter: 120 | Train Loss: 0.10284614562988281, Train Acc: 0.0, Train Grad Norm 0.5794821977615356, | Test Loss: 0.1032448410987854, Test Acc: 0.0, Test Grad Norm: 0.5617565512657166 | Elapsed Time: 190.07165360450745
Iter: 140 | Train Loss: 0.09588698297739029, Train Acc: 0.0, Train Grad Norm 0.4991072714328766, | Test Loss: 0.09090893715620041, Test Acc: 0.0, Test Grad Norm: 0.4747161269187927 | Elapsed Time: 221.8193895816803
Iter: 160 | Train Loss: 0.1064254492521286, Train Acc: 0.0, Train Grad Norm 0.5543351769447327, | Test Loss: 0.11475363373756409, Test Acc: 0.0, Test Grad Norm: 0.5867900848388672 | Elapsed Time: 253.48249101638794
Patience count 1
Iter: 180 | Train Loss: 0.09316516667604446, Train Acc: 0.0, Train Grad Norm 0.2765980064868927, | Test Loss: 0.09777384996414185, Test Acc: 0.0, Test Grad Norm: 0.34340086579322815 | Elapsed Time: 285.1439850330353
Iter: 200 | Train Loss: 0.08977426588535309, Train Acc: 0.0, Train Grad Norm 0.2483784407377243, | Test Loss: 0.1036558672785759, Test Acc: 0.0, Test Grad Norm: 0.41653698682785034 | Elapsed Time: 316.91455841064453
Iter: 220 | Train Loss: 0.08515763282775879, Train Acc: 0.0, Train Grad Norm 0.2538439631462097, | Test Loss: 0.1192261353135109, Test Acc: 0.0, Test Grad Norm: 0.6525833010673523 | Elapsed Time: 348.5674774646759
Iter: 240 | Train Loss: 0.07563410699367523, Train Acc: 0.0, Train Grad Norm 0.2064248025417328, | Test Loss: 0.12941542267799377, Test Acc: 0.0, Test Grad Norm: 1.0181890726089478 | Elapsed Time: 380.20504546165466
Iter: 260 | Train Loss: 0.07223095744848251, Train Acc: 0.0, Train Grad Norm 0.24037276208400726, | Test Loss: 0.1203143447637558, Test Acc: 0.0, Test Grad Norm: 0.8934137225151062 | Elapsed Time: 411.95822763442993
Iter: 280 | Train Loss: 0.0707794576883316, Train Acc: 0.0, Train Grad Norm 0.2014390528202057, | Test Loss: 0.11282819509506226, Test Acc: 0.0, Test Grad Norm: 0.8903941512107849 | Elapsed Time: 443.59645438194275
Iter: 300 | Train Loss: 0.06946056336164474, Train Acc: 0.0, Train Grad Norm 0.16574537754058838, | Test Loss: 0.10736988484859467, Test Acc: 0.0, Test Grad Norm: 0.8558560013771057 | Elapsed Time: 475.22972226142883
Iter: 320 | Train Loss: 0.044365059584379196, Train Acc: 0.0, Train Grad Norm 0.06696934252977371, | Test Loss: 0.07089968025684357, Test Acc: 0.0, Test Grad Norm: 0.40563833713531494 | Elapsed Time: 506.96962213516235
Iter: 340 | Train Loss: 0.049432165920734406, Train Acc: 0.0, Train Grad Norm 0.0813598483800888, | Test Loss: 0.09228088706731796, Test Acc: 0.0, Test Grad Norm: 0.7662278413772583 | Elapsed Time: 538.6203055381775
Patience count 1
Iter: 360 | Train Loss: 0.05536628141999245, Train Acc: 0.0, Train Grad Norm 0.11485402286052704, | Test Loss: 0.13395780324935913, Test Acc: 0.0, Test Grad Norm: 1.6431361436843872 | Elapsed Time: 570.2720787525177
Patience count 2
Iter: 380 | Train Loss: 0.05540949106216431, Train Acc: 0.0, Train Grad Norm 0.17951814830303192, | Test Loss: 0.11682896316051483, Test Acc: 0.0, Test Grad Norm: 1.762386679649353 | Elapsed Time: 601.9122364521027
Patience count 3
Iter: 400 | Train Loss: 0.04170563444495201, Train Acc: 0.0, Train Grad Norm 0.09198669344186783, | Test Loss: 0.06954346597194672, Test Acc: 0.0, Test Grad Norm: 0.7760449051856995 | Elapsed Time: 633.6577215194702
Iter: 420 | Train Loss: 0.04680170491337776, Train Acc: 0.0, Train Grad Norm 0.14034204185009003, | Test Loss: 0.06673333793878555, Test Acc: 0.0, Test Grad Norm: 0.6872258186340332 | Elapsed Time: 665.3206882476807
Patience count 1
Iter: 440 | Train Loss: 0.04402798414230347, Train Acc: 0.0, Train Grad Norm 0.08302488178014755, | Test Loss: 0.07175309211015701, Test Acc: 0.0, Test Grad Norm: 0.7452239990234375 | Elapsed Time: 696.9822080135345
Patience count 2
Iter: 460 | Train Loss: 0.039380405098199844, Train Acc: 0.0, Train Grad Norm 0.04634014889597893, | Test Loss: 0.06985354423522949, Test Acc: 0.0, Test Grad Norm: 0.6764931082725525 | Elapsed Time: 728.7335774898529
Iter: 480 | Train Loss: 0.036933042109012604, Train Acc: 0.0, Train Grad Norm 0.032132282853126526, | Test Loss: 0.062084347009658813, Test Acc: 0.0, Test Grad Norm: 0.5243086814880371 | Elapsed Time: 760.397643327713
Iter: 500 | Train Loss: 0.03752283751964569, Train Acc: 0.0, Train Grad Norm 0.04762473329901695, | Test Loss: 0.05581596866250038, Test Acc: 0.0, Test Grad Norm: 0.4688228666782379 | Elapsed Time: 792.0536212921143
Running with c=3, seed=3
GPU Not Enabled
Learning rate eta = 1.0
The size of local train datasets:  [1652, 1652, 1651, 1651, 1651, 1651, 1651, 1651, 1651, 1651]
Shuffling 16520 0.6 -DP local randomizers results is (eps,  1e-08 )-DP in the shuffle model for eps between 0.026407269083900682 and 0.026630115236507435
The final epsilon, delta is ( 5.338746585095627 , 1e-05 )
Iter: 0 | Train Loss: 0.37747910618782043, Train Acc: 0.0, Train Grad Norm 6.437363624572754, | Test Loss: 0.3772118091583252, Test Acc: 0.0, Test Grad Norm: 6.719305992126465
Iter: 20 | Train Loss: 0.8593257665634155, Train Acc: 0.0, Train Grad Norm 7.4126129150390625, | Test Loss: 5.39017391204834, Test Acc: 0.0, Test Grad Norm: 419.17132568359375 | Elapsed Time: 30.8913471698761
Patience count 1
Iter: 40 | Train Loss: 0.861638605594635, Train Acc: 0.0, Train Grad Norm 11.230116844177246, | Test Loss: 4.960226535797119, Test Acc: 0.0, Test Grad Norm: 555.9019165039062 | Elapsed Time: 61.78580021858215
Patience count 2
Iter: 60 | Train Loss: 4.568897724151611, Train Acc: 0.0, Train Grad Norm 66.96498107910156, | Test Loss: 8.594891548156738, Test Acc: 0.0, Test Grad Norm: 746.5987548828125 | Elapsed Time: 92.42992997169495
Patience count 3
Iter: 80 | Train Loss: 8.102921485900879, Train Acc: 0.0, Train Grad Norm 240.33493041992188, | Test Loss: 9.624878883361816, Test Acc: 0.0, Test Grad Norm: 810.9017944335938 | Elapsed Time: 123.23657846450806
Patience count 4
Iter: 100 | Train Loss: 9.437639236450195, Train Acc: 0.0, Train Grad Norm 311.46771240234375, | Test Loss: 7.6263957023620605, Test Acc: 0.0, Test Grad Norm: 349.2308349609375 | Elapsed Time: 153.45067644119263
Patience count 5
Iter: 120 | Train Loss: 10.200719833374023, Train Acc: 0.0, Train Grad Norm 463.8137512207031, | Test Loss: 16.20559310913086, Test Acc: 0.0, Test Grad Norm: 3690.33154296875 | Elapsed Time: 184.21462225914001
Learning was stopped
Learning rate eta = 0.5
The size of local train datasets:  [1652, 1652, 1651, 1651, 1651, 1651, 1651, 1651, 1651, 1651]
Shuffling 16520 0.6 -DP local randomizers results is (eps,  1e-08 )-DP in the shuffle model for eps between 0.026407269083900682 and 0.026630115236507435
The final epsilon, delta is ( 5.338746585095627 , 1e-05 )
Iter: 0 | Train Loss: 0.37747910618782043, Train Acc: 0.0, Train Grad Norm 6.437363624572754, | Test Loss: 0.3772118091583252, Test Acc: 0.0, Test Grad Norm: 6.719305992126465
Iter: 20 | Train Loss: 0.1150747612118721, Train Acc: 0.0, Train Grad Norm 0.26583680510520935, | Test Loss: 0.14038503170013428, Test Acc: 0.0, Test Grad Norm: 0.6036682724952698 | Elapsed Time: 30.814313411712646
Iter: 40 | Train Loss: 0.15427887439727783, Train Acc: 0.0, Train Grad Norm 0.5245605111122131, | Test Loss: 0.17657166719436646, Test Acc: 0.0, Test Grad Norm: 0.9471876621246338 | Elapsed Time: 61.64272952079773
Patience count 1
Iter: 60 | Train Loss: 0.09049979597330093, Train Acc: 0.0, Train Grad Norm 0.1548261046409607, | Test Loss: 0.09111375361680984, Test Acc: 0.0, Test Grad Norm: 0.2782624363899231 | Elapsed Time: 92.47845029830933
Iter: 80 | Train Loss: 0.192927286028862, Train Acc: 0.0, Train Grad Norm 0.8462870717048645, | Test Loss: 0.17776307463645935, Test Acc: 0.0, Test Grad Norm: 0.46508872509002686 | Elapsed Time: 123.40857601165771
Patience count 1
Iter: 100 | Train Loss: 0.2210361212491989, Train Acc: 0.0, Train Grad Norm 1.1773593425750732, | Test Loss: 0.1800922453403473, Test Acc: 0.0, Test Grad Norm: 0.6810832619667053 | Elapsed Time: 154.25189900398254
Patience count 2
Iter: 120 | Train Loss: 0.20934821665287018, Train Acc: 0.0, Train Grad Norm 1.0242700576782227, | Test Loss: 0.2774907052516937, Test Acc: 0.0, Test Grad Norm: 5.864878177642822 | Elapsed Time: 185.0953824520111
Patience count 3
Iter: 140 | Train Loss: 0.43036049604415894, Train Acc: 0.0, Train Grad Norm 3.3372442722320557, | Test Loss: 0.5287667512893677, Test Acc: 0.0, Test Grad Norm: 14.789406776428223 | Elapsed Time: 216.03377151489258
Patience count 4
Iter: 160 | Train Loss: 0.29112309217453003, Train Acc: 0.0, Train Grad Norm 1.5099023580551147, | Test Loss: 0.747407853603363, Test Acc: 0.0, Test Grad Norm: 36.345237731933594 | Elapsed Time: 246.89486360549927
Patience count 5
Iter: 180 | Train Loss: 0.4568101465702057, Train Acc: 0.0, Train Grad Norm 3.2494144439697266, | Test Loss: 0.6937568783760071, Test Acc: 0.0, Test Grad Norm: 35.07622528076172 | Elapsed Time: 277.7841923236847
Learning was stopped
Learning rate eta = 0.25
The size of local train datasets:  [1652, 1652, 1651, 1651, 1651, 1651, 1651, 1651, 1651, 1651]
Shuffling 16520 0.6 -DP local randomizers results is (eps,  1e-08 )-DP in the shuffle model for eps between 0.026407269083900682 and 0.026630115236507435
The final epsilon, delta is ( 5.338746585095627 , 1e-05 )
Iter: 0 | Train Loss: 0.37747910618782043, Train Acc: 0.0, Train Grad Norm 6.437363624572754, | Test Loss: 0.3772118091583252, Test Acc: 0.0, Test Grad Norm: 6.719305992126465
Iter: 20 | Train Loss: 0.09179112315177917, Train Acc: 0.0, Train Grad Norm 0.9509851932525635, | Test Loss: 0.10849358141422272, Test Acc: 0.0, Test Grad Norm: 0.8332303762435913 | Elapsed Time: 30.948431968688965
Iter: 40 | Train Loss: 0.10125790536403656, Train Acc: 0.0, Train Grad Norm 0.49067580699920654, | Test Loss: 0.0953020378947258, Test Acc: 0.0, Test Grad Norm: 0.47603994607925415 | Elapsed Time: 61.819907903671265
Patience count 1
Iter: 60 | Train Loss: 0.10063138604164124, Train Acc: 0.0, Train Grad Norm 0.24888674914836884, | Test Loss: 0.09216789901256561, Test Acc: 0.0, Test Grad Norm: 0.2024567425251007 | Elapsed Time: 92.71556282043457
Patience count 2
Iter: 80 | Train Loss: 0.09609145671129227, Train Acc: 0.0, Train Grad Norm 0.21947848796844482, | Test Loss: 0.12244238704442978, Test Acc: 0.0, Test Grad Norm: 0.7685340642929077 | Elapsed Time: 123.69436168670654
Iter: 100 | Train Loss: 0.1298280507326126, Train Acc: 0.0, Train Grad Norm 0.30015838146209717, | Test Loss: 0.3686963617801666, Test Acc: 0.0, Test Grad Norm: 9.083069801330566 | Elapsed Time: 154.5719027519226
Patience count 3
Iter: 120 | Train Loss: 0.07660944759845734, Train Acc: 0.0, Train Grad Norm 0.1100383996963501, | Test Loss: 0.11957155913114548, Test Acc: 0.0, Test Grad Norm: 0.86399906873703 | Elapsed Time: 185.44407105445862
Iter: 140 | Train Loss: 0.10879496484994888, Train Acc: 0.0, Train Grad Norm 0.2485290914773941, | Test Loss: 0.13514341413974762, Test Acc: 0.0, Test Grad Norm: 0.893195629119873 | Elapsed Time: 216.418949842453
Patience count 1
Iter: 160 | Train Loss: 0.09911014884710312, Train Acc: 0.0, Train Grad Norm 0.1730453222990036, | Test Loss: 0.17600825428962708, Test Acc: 0.0, Test Grad Norm: 3.036111354827881 | Elapsed Time: 246.6239995956421
Patience count 2
Iter: 180 | Train Loss: 0.1654263287782669, Train Acc: 0.0, Train Grad Norm 0.5231350064277649, | Test Loss: 0.49286314845085144, Test Acc: 0.0, Test Grad Norm: 13.619590759277344 | Elapsed Time: 276.37810039520264
Patience count 3
Iter: 200 | Train Loss: 0.15956251323223114, Train Acc: 0.0, Train Grad Norm 1.3512399196624756, | Test Loss: 0.6408013105392456, Test Acc: 0.0, Test Grad Norm: 20.54823112487793 | Elapsed Time: 307.39223527908325
Patience count 4
Iter: 220 | Train Loss: 0.11725053191184998, Train Acc: 0.0, Train Grad Norm 0.3912683129310608, | Test Loss: 0.4131850302219391, Test Acc: 0.0, Test Grad Norm: 9.936267852783203 | Elapsed Time: 338.3463168144226
Patience count 5
Iter: 240 | Train Loss: 0.13201852142810822, Train Acc: 0.0, Train Grad Norm 0.40769171714782715, | Test Loss: 0.26572123169898987, Test Acc: 0.0, Test Grad Norm: 3.9073326587677 | Elapsed Time: 369.305153131485
Learning was stopped
Learning rate eta = 0.125
The size of local train datasets:  [1652, 1652, 1651, 1651, 1651, 1651, 1651, 1651, 1651, 1651]
Shuffling 16520 0.6 -DP local randomizers results is (eps,  1e-08 )-DP in the shuffle model for eps between 0.026407269083900682 and 0.026630115236507435
The final epsilon, delta is ( 5.338746585095627 , 1e-05 )
Iter: 0 | Train Loss: 0.37747910618782043, Train Acc: 0.0, Train Grad Norm 6.437363624572754, | Test Loss: 0.3772118091583252, Test Acc: 0.0, Test Grad Norm: 6.719305992126465
Iter: 20 | Train Loss: 0.22557774186134338, Train Acc: 0.0, Train Grad Norm 3.0385172367095947, | Test Loss: 0.23651959002017975, Test Acc: 0.0, Test Grad Norm: 2.692746162414551 | Elapsed Time: 30.875045776367188
Iter: 40 | Train Loss: 0.1578209549188614, Train Acc: 0.0, Train Grad Norm 1.7418224811553955, | Test Loss: 0.16637718677520752, Test Acc: 0.0, Test Grad Norm: 1.4558659791946411 | Elapsed Time: 61.897589683532715
Iter: 60 | Train Loss: 0.13734185695648193, Train Acc: 0.0, Train Grad Norm 1.0635603666305542, | Test Loss: 0.13601677119731903, Test Acc: 0.0, Test Grad Norm: 1.0391772985458374 | Elapsed Time: 92.79830598831177
Iter: 80 | Train Loss: 0.10183916240930557, Train Acc: 0.0, Train Grad Norm 0.8057522773742676, | Test Loss: 0.1012437716126442, Test Acc: 0.0, Test Grad Norm: 0.9612013697624207 | Elapsed Time: 123.7171540260315
Iter: 100 | Train Loss: 0.07055971771478653, Train Acc: 0.0, Train Grad Norm 0.3224962651729584, | Test Loss: 0.09625744819641113, Test Acc: 0.0, Test Grad Norm: 1.3429723978042603 | Elapsed Time: 154.72188067436218
Iter: 120 | Train Loss: 0.06355392187833786, Train Acc: 0.0, Train Grad Norm 0.3993484675884247, | Test Loss: 0.08998192101716995, Test Acc: 0.0, Test Grad Norm: 1.441558837890625 | Elapsed Time: 185.6146800518036
Iter: 140 | Train Loss: 0.0613025426864624, Train Acc: 0.0, Train Grad Norm 0.21856072545051575, | Test Loss: 0.07051514834165573, Test Acc: 0.0, Test Grad Norm: 0.758976399898529 | Elapsed Time: 216.49215173721313
Iter: 160 | Train Loss: 0.04620414599776268, Train Acc: 0.0, Train Grad Norm 0.09790115058422089, | Test Loss: 0.053339552134275436, Test Acc: 0.0, Test Grad Norm: 0.43614432215690613 | Elapsed Time: 247.52643704414368
Iter: 180 | Train Loss: 0.03867560252547264, Train Acc: 0.0, Train Grad Norm 0.028896844014525414, | Test Loss: 0.045668087899684906, Test Acc: 0.0, Test Grad Norm: 0.2688264548778534 | Elapsed Time: 278.4353768825531
Iter: 200 | Train Loss: 0.04714147374033928, Train Acc: 0.0, Train Grad Norm 0.06470892578363419, | Test Loss: 0.04678875952959061, Test Acc: 0.0, Test Grad Norm: 0.11762885749340057 | Elapsed Time: 309.33500146865845
Patience count 1
Iter: 220 | Train Loss: 0.04692082107067108, Train Acc: 0.0, Train Grad Norm 0.13176248967647552, | Test Loss: 0.05609457939863205, Test Acc: 0.0, Test Grad Norm: 0.5281334519386292 | Elapsed Time: 340.3315670490265
Patience count 2
Iter: 240 | Train Loss: 0.04739756882190704, Train Acc: 0.0, Train Grad Norm 0.12932200729846954, | Test Loss: 0.08461008220911026, Test Acc: 0.0, Test Grad Norm: 1.5928146839141846 | Elapsed Time: 371.24367475509644
Patience count 3
Iter: 260 | Train Loss: 0.052203740924596786, Train Acc: 0.0, Train Grad Norm 0.1784733533859253, | Test Loss: 0.12382686883211136, Test Acc: 0.0, Test Grad Norm: 2.9983437061309814 | Elapsed Time: 402.13197326660156
Patience count 4
Iter: 280 | Train Loss: 0.049763791263103485, Train Acc: 0.0, Train Grad Norm 0.13804706931114197, | Test Loss: 0.1304006427526474, Test Acc: 0.0, Test Grad Norm: 3.466036081314087 | Elapsed Time: 433.0221245288849
Patience count 5
Iter: 300 | Train Loss: 0.06442337483167648, Train Acc: 0.0, Train Grad Norm 0.21800795197486877, | Test Loss: 0.1701984703540802, Test Acc: 0.0, Test Grad Norm: 5.427600383758545 | Elapsed Time: 464.00980520248413
Learning was stopped
Learning rate eta = 0.0625
The size of local train datasets:  [1652, 1652, 1651, 1651, 1651, 1651, 1651, 1651, 1651, 1651]
Shuffling 16520 0.6 -DP local randomizers results is (eps,  1e-08 )-DP in the shuffle model for eps between 0.026407269083900682 and 0.026630115236507435
The final epsilon, delta is ( 5.338746585095627 , 1e-05 )
Iter: 0 | Train Loss: 0.37747910618782043, Train Acc: 0.0, Train Grad Norm 6.437363624572754, | Test Loss: 0.3772118091583252, Test Acc: 0.0, Test Grad Norm: 6.719305992126465
Iter: 20 | Train Loss: 0.32175958156585693, Train Acc: 0.0, Train Grad Norm 4.937464237213135, | Test Loss: 0.3194490671157837, Test Acc: 0.0, Test Grad Norm: 5.142826557159424 | Elapsed Time: 30.910516500473022
Iter: 40 | Train Loss: 0.2748330533504486, Train Acc: 0.0, Train Grad Norm 3.7763671875, | Test Loss: 0.2725275456905365, Test Acc: 0.0, Test Grad Norm: 4.162386417388916 | Elapsed Time: 61.805906534194946
Iter: 60 | Train Loss: 0.22607988119125366, Train Acc: 0.0, Train Grad Norm 2.8095862865448, | Test Loss: 0.22344017028808594, Test Acc: 0.0, Test Grad Norm: 3.0403943061828613 | Elapsed Time: 92.80770587921143
Iter: 80 | Train Loss: 0.17801181972026825, Train Acc: 0.0, Train Grad Norm 1.8155452013015747, | Test Loss: 0.17546601593494415, Test Acc: 0.0, Test Grad Norm: 1.7645094394683838 | Elapsed Time: 123.69228672981262
Iter: 100 | Train Loss: 0.14340633153915405, Train Acc: 0.0, Train Grad Norm 1.4224519729614258, | Test Loss: 0.14346185326576233, Test Acc: 0.0, Test Grad Norm: 1.2854797840118408 | Elapsed Time: 154.59789514541626
Iter: 120 | Train Loss: 0.12966032326221466, Train Acc: 0.0, Train Grad Norm 1.1728997230529785, | Test Loss: 0.13349132239818573, Test Acc: 0.0, Test Grad Norm: 0.9642661809921265 | Elapsed Time: 185.58617615699768
Iter: 140 | Train Loss: 0.10187391936779022, Train Acc: 0.0, Train Grad Norm 0.8980002999305725, | Test Loss: 0.10492761433124542, Test Acc: 0.0, Test Grad Norm: 0.6845871806144714 | Elapsed Time: 216.4614818096161
Iter: 160 | Train Loss: 0.08609089255332947, Train Acc: 0.0, Train Grad Norm 0.44080650806427, | Test Loss: 0.09692136198282242, Test Acc: 0.0, Test Grad Norm: 0.3375902771949768 | Elapsed Time: 247.3532235622406
Iter: 180 | Train Loss: 0.07215485721826553, Train Acc: 0.0, Train Grad Norm 0.17866964638233185, | Test Loss: 0.08523434400558472, Test Acc: 0.0, Test Grad Norm: 0.2357555627822876 | Elapsed Time: 278.25682854652405
Iter: 200 | Train Loss: 0.06637822091579437, Train Acc: 0.0, Train Grad Norm 0.08142203837633133, | Test Loss: 0.09395162016153336, Test Acc: 0.0, Test Grad Norm: 0.450664222240448 | Elapsed Time: 309.2505691051483
Iter: 220 | Train Loss: 0.07105422019958496, Train Acc: 0.0, Train Grad Norm 0.06718289852142334, | Test Loss: 0.12403373420238495, Test Acc: 0.0, Test Grad Norm: 1.057105302810669 | Elapsed Time: 340.11595368385315
Patience count 1
Iter: 240 | Train Loss: 0.07367900013923645, Train Acc: 0.0, Train Grad Norm 0.1072358712553978, | Test Loss: 0.13306668400764465, Test Acc: 0.0, Test Grad Norm: 1.3855814933776855 | Elapsed Time: 371.0214982032776
Patience count 2
Iter: 260 | Train Loss: 0.07019536942243576, Train Acc: 0.0, Train Grad Norm 0.04920492321252823, | Test Loss: 0.11708550900220871, Test Acc: 0.0, Test Grad Norm: 0.877450704574585 | Elapsed Time: 401.9977192878723
Patience count 3
Iter: 280 | Train Loss: 0.06697358936071396, Train Acc: 0.0, Train Grad Norm 0.06343037635087967, | Test Loss: 0.10777091979980469, Test Acc: 0.0, Test Grad Norm: 0.6880459785461426 | Elapsed Time: 432.8780755996704
Iter: 300 | Train Loss: 0.06665001809597015, Train Acc: 0.0, Train Grad Norm 0.047641802579164505, | Test Loss: 0.09513106942176819, Test Acc: 0.0, Test Grad Norm: 0.49048933386802673 | Elapsed Time: 463.7649974822998
Iter: 320 | Train Loss: 0.07515321671962738, Train Acc: 0.0, Train Grad Norm 0.23788174986839294, | Test Loss: 0.08368702977895737, Test Acc: 0.0, Test Grad Norm: 0.2341282069683075 | Elapsed Time: 494.7546191215515
Patience count 4
Iter: 340 | Train Loss: 0.06931766867637634, Train Acc: 0.0, Train Grad Norm 0.140358105301857, | Test Loss: 0.08116170763969421, Test Acc: 0.0, Test Grad Norm: 0.19798333942890167 | Elapsed Time: 525.637796163559
Iter: 360 | Train Loss: 0.06348967552185059, Train Acc: 0.0, Train Grad Norm 0.11541978269815445, | Test Loss: 0.08286906778812408, Test Acc: 0.0, Test Grad Norm: 0.3618778586387634 | Elapsed Time: 556.5307011604309
Iter: 380 | Train Loss: 0.054318420588970184, Train Acc: 0.0, Train Grad Norm 0.02557525411248207, | Test Loss: 0.07305613905191422, Test Acc: 0.0, Test Grad Norm: 0.3409600853919983 | Elapsed Time: 587.4951636791229
Iter: 400 | Train Loss: 0.04998079687356949, Train Acc: 0.0, Train Grad Norm 0.02191818505525589, | Test Loss: 0.06740007549524307, Test Acc: 0.0, Test Grad Norm: 0.33648115396499634 | Elapsed Time: 618.3787884712219
Iter: 420 | Train Loss: 0.050997294485569, Train Acc: 0.0, Train Grad Norm 0.02548125572502613, | Test Loss: 0.07696320116519928, Test Acc: 0.0, Test Grad Norm: 0.47717276215553284 | Elapsed Time: 649.2640573978424
Iter: 440 | Train Loss: 0.04580852761864662, Train Acc: 0.0, Train Grad Norm 0.021329838782548904, | Test Loss: 0.07329488545656204, Test Acc: 0.0, Test Grad Norm: 0.5200955867767334 | Elapsed Time: 680.2683844566345
Iter: 460 | Train Loss: 0.04175477847456932, Train Acc: 0.0, Train Grad Norm 0.02772894687950611, | Test Loss: 0.08190648257732391, Test Acc: 0.0, Test Grad Norm: 0.8842185735702515 | Elapsed Time: 711.1523101329803
Iter: 480 | Train Loss: 0.040719158947467804, Train Acc: 0.0, Train Grad Norm 0.01741233840584755, | Test Loss: 0.0775488093495369, Test Acc: 0.0, Test Grad Norm: 0.7026256918907166 | Elapsed Time: 742.0435252189636
Iter: 500 | Train Loss: 0.04227190837264061, Train Acc: 0.0, Train Grad Norm 0.02803274802863598, | Test Loss: 0.07030979543924332, Test Acc: 0.0, Test Grad Norm: 0.5301998257637024 | Elapsed Time: 773.0299005508423
Running with c=10, seed=3
GPU Not Enabled
Learning rate eta = 1.0
The size of local train datasets:  [1652, 1652, 1651, 1651, 1651, 1651, 1651, 1651, 1651, 1651]
Shuffling 16520 0.6 -DP local randomizers results is (eps,  1e-08 )-DP in the shuffle model for eps between 0.026407269083900682 and 0.026630115236507435
The final epsilon, delta is ( 5.338746585095627 , 1e-05 )
Iter: 0 | Train Loss: 0.37747910618782043, Train Acc: 0.0, Train Grad Norm 6.437363624572754, | Test Loss: 0.3772118091583252, Test Acc: 0.0, Test Grad Norm: 6.719305992126465
Iter: 20 | Train Loss: 0.1832844316959381, Train Acc: 0.0, Train Grad Norm 1.981068730354309, | Test Loss: 0.3413573205471039, Test Acc: 0.0, Test Grad Norm: 2.650023937225342 | Elapsed Time: 31.138158082962036
Iter: 40 | Train Loss: 0.7009252905845642, Train Acc: 0.0, Train Grad Norm 5.207655906677246, | Test Loss: 1.7734925746917725, Test Acc: 0.0, Test Grad Norm: 108.51547241210938 | Elapsed Time: 62.25322365760803
Patience count 1
Iter: 60 | Train Loss: 1.153585433959961, Train Acc: 0.0, Train Grad Norm 24.271682739257812, | Test Loss: 5.784060478210449, Test Acc: 0.0, Test Grad Norm: 479.62408447265625 | Elapsed Time: 93.48522615432739
Patience count 2
Iter: 80 | Train Loss: 4.495678424835205, Train Acc: 0.0, Train Grad Norm 152.6844024658203, | Test Loss: 4.374969482421875, Test Acc: 0.0, Test Grad Norm: 74.00386810302734 | Elapsed Time: 124.65927577018738
Patience count 3
Iter: 100 | Train Loss: 1.3072482347488403, Train Acc: 0.0, Train Grad Norm 25.733003616333008, | Test Loss: 2.0431907176971436, Test Acc: 0.0, Test Grad Norm: 110.6007080078125 | Elapsed Time: 155.28790950775146
Patience count 4
Iter: 120 | Train Loss: 2.6028060913085938, Train Acc: 0.0, Train Grad Norm 183.33511352539062, | Test Loss: 2.10962176322937, Test Acc: 0.0, Test Grad Norm: 95.55464172363281 | Elapsed Time: 186.16208744049072
Patience count 5
Iter: 140 | Train Loss: 3.716719627380371, Train Acc: 0.0, Train Grad Norm 282.3371276855469, | Test Loss: 5.802731990814209, Test Acc: 0.0, Test Grad Norm: 532.45166015625 | Elapsed Time: 217.37285542488098
Learning was stopped
Learning rate eta = 0.5
The size of local train datasets:  [1652, 1652, 1651, 1651, 1651, 1651, 1651, 1651, 1651, 1651]
Shuffling 16520 0.6 -DP local randomizers results is (eps,  1e-08 )-DP in the shuffle model for eps between 0.026407269083900682 and 0.026630115236507435
The final epsilon, delta is ( 5.338746585095627 , 1e-05 )
Iter: 0 | Train Loss: 0.37747910618782043, Train Acc: 0.0, Train Grad Norm 6.437363624572754, | Test Loss: 0.3772118091583252, Test Acc: 0.0, Test Grad Norm: 6.719305992126465
Iter: 20 | Train Loss: 0.06831540167331696, Train Acc: 0.0, Train Grad Norm 0.1642833799123764, | Test Loss: 0.05942971631884575, Test Acc: 0.0, Test Grad Norm: 0.12755709886550903 | Elapsed Time: 31.13132882118225
Iter: 40 | Train Loss: 0.11969071626663208, Train Acc: 0.0, Train Grad Norm 0.5362038016319275, | Test Loss: 0.09287428855895996, Test Acc: 0.0, Test Grad Norm: 0.21500670909881592 | Elapsed Time: 62.278072118759155
Patience count 1
Iter: 60 | Train Loss: 0.1971585899591446, Train Acc: 0.0, Train Grad Norm 1.0017980337142944, | Test Loss: 0.19222135841846466, Test Acc: 0.0, Test Grad Norm: 1.3621132373809814 | Elapsed Time: 93.52403855323792
Patience count 2
Iter: 80 | Train Loss: 0.6365770101547241, Train Acc: 0.0, Train Grad Norm 12.662801742553711, | Test Loss: 0.4941774308681488, Test Acc: 0.0, Test Grad Norm: 9.92165756225586 | Elapsed Time: 124.67497730255127
Patience count 3
Iter: 100 | Train Loss: 0.2699286639690399, Train Acc: 0.0, Train Grad Norm 1.9528864622116089, | Test Loss: 1.5051413774490356, Test Acc: 0.0, Test Grad Norm: 142.2047576904297 | Elapsed Time: 155.81367659568787
Patience count 4
Iter: 120 | Train Loss: 0.6358586549758911, Train Acc: 0.0, Train Grad Norm 5.16411828994751, | Test Loss: 4.4578094482421875, Test Acc: 0.0, Test Grad Norm: 521.778076171875 | Elapsed Time: 186.94871020317078
Patience count 5
Iter: 140 | Train Loss: 0.8588098883628845, Train Acc: 0.0, Train Grad Norm 14.15268325805664, | Test Loss: 4.509775638580322, Test Acc: 0.0, Test Grad Norm: 725.38671875 | Elapsed Time: 218.17949104309082
Learning was stopped
Learning rate eta = 0.25
The size of local train datasets:  [1652, 1652, 1651, 1651, 1651, 1651, 1651, 1651, 1651, 1651]
Shuffling 16520 0.6 -DP local randomizers results is (eps,  1e-08 )-DP in the shuffle model for eps between 0.026407269083900682 and 0.026630115236507435
The final epsilon, delta is ( 5.338746585095627 , 1e-05 )
Iter: 0 | Train Loss: 0.37747910618782043, Train Acc: 0.0, Train Grad Norm 6.437363624572754, | Test Loss: 0.3772118091583252, Test Acc: 0.0, Test Grad Norm: 6.719305992126465
Iter: 20 | Train Loss: 0.2099229097366333, Train Acc: 0.0, Train Grad Norm 2.3063650131225586, | Test Loss: 0.20282752811908722, Test Acc: 0.0, Test Grad Norm: 2.39998722076416 | Elapsed Time: 31.123464107513428
Iter: 40 | Train Loss: 0.1065816730260849, Train Acc: 0.0, Train Grad Norm 0.20506253838539124, | Test Loss: 0.24632731080055237, Test Acc: 0.0, Test Grad Norm: 4.675974369049072 | Elapsed Time: 62.274802684783936
Iter: 60 | Train Loss: 0.12768994271755219, Train Acc: 0.0, Train Grad Norm 0.4247003197669983, | Test Loss: 0.6774445176124573, Test Acc: 0.0, Test Grad Norm: 17.734783172607422 | Elapsed Time: 93.50584554672241
Patience count 1
Iter: 80 | Train Loss: 0.1556960493326187, Train Acc: 0.0, Train Grad Norm 0.8462111353874207, | Test Loss: 0.9693206548690796, Test Acc: 0.0, Test Grad Norm: 34.0393180847168 | Elapsed Time: 125.29227805137634
Patience count 2
Iter: 100 | Train Loss: 0.11508592963218689, Train Acc: 0.0, Train Grad Norm 0.32840201258659363, | Test Loss: 0.6790819764137268, Test Acc: 0.0, Test Grad Norm: 18.25046157836914 | Elapsed Time: 154.25656700134277
Patience count 3
Iter: 120 | Train Loss: 0.10915414988994598, Train Acc: 0.0, Train Grad Norm 0.16372530162334442, | Test Loss: 0.5482771396636963, Test Acc: 0.0, Test Grad Norm: 11.440629959106445 | Elapsed Time: 185.59435081481934
Iter: 140 | Train Loss: 0.11070273071527481, Train Acc: 0.0, Train Grad Norm 0.155717134475708, | Test Loss: 0.5231103897094727, Test Acc: 0.0, Test Grad Norm: 9.294699668884277 | Elapsed Time: 216.7816243171692
Iter: 160 | Train Loss: 0.08133461326360703, Train Acc: 0.0, Train Grad Norm 0.10730361193418503, | Test Loss: 0.36156293749809265, Test Acc: 0.0, Test Grad Norm: 6.677902698516846 | Elapsed Time: 247.9729974269867
Iter: 180 | Train Loss: 0.15978163480758667, Train Acc: 0.0, Train Grad Norm 0.6160176992416382, | Test Loss: 0.915621280670166, Test Acc: 0.0, Test Grad Norm: 22.555065155029297 | Elapsed Time: 279.26423931121826
Patience count 1
Iter: 200 | Train Loss: 0.1810464709997177, Train Acc: 0.0, Train Grad Norm 0.8484823107719421, | Test Loss: 0.9418553709983826, Test Acc: 0.0, Test Grad Norm: 36.425907135009766 | Elapsed Time: 310.42877674102783
Patience count 2
Iter: 220 | Train Loss: 0.1430319845676422, Train Acc: 0.0, Train Grad Norm 0.5945318341255188, | Test Loss: 0.6169699430465698, Test Acc: 0.0, Test Grad Norm: 19.878076553344727 | Elapsed Time: 341.5735466480255
Patience count 3
Iter: 240 | Train Loss: 0.21298328042030334, Train Acc: 0.0, Train Grad Norm 1.5956575870513916, | Test Loss: 0.9083281755447388, Test Acc: 0.0, Test Grad Norm: 64.98433685302734 | Elapsed Time: 372.85253167152405
Patience count 4
Iter: 260 | Train Loss: 0.3833799362182617, Train Acc: 0.0, Train Grad Norm 2.06634521484375, | Test Loss: 2.062279224395752, Test Acc: 0.0, Test Grad Norm: 114.69280242919922 | Elapsed Time: 404.01374530792236
Patience count 5
Iter: 280 | Train Loss: 0.5497257709503174, Train Acc: 0.0, Train Grad Norm 4.509397983551025, | Test Loss: 3.5125184059143066, Test Acc: 0.0, Test Grad Norm: 256.4219970703125 | Elapsed Time: 435.20069766044617
Learning was stopped
Learning rate eta = 0.125
The size of local train datasets:  [1652, 1652, 1651, 1651, 1651, 1651, 1651, 1651, 1651, 1651]
Shuffling 16520 0.6 -DP local randomizers results is (eps,  1e-08 )-DP in the shuffle model for eps between 0.026407269083900682 and 0.026630115236507435
The final epsilon, delta is ( 5.338746585095627 , 1e-05 )
Iter: 0 | Train Loss: 0.37747910618782043, Train Acc: 0.0, Train Grad Norm 6.437363624572754, | Test Loss: 0.3772118091583252, Test Acc: 0.0, Test Grad Norm: 6.719305992126465
Iter: 20 | Train Loss: 0.31731006503105164, Train Acc: 0.0, Train Grad Norm 4.734975814819336, | Test Loss: 0.31833913922309875, Test Acc: 0.0, Test Grad Norm: 5.185999870300293 | Elapsed Time: 31.123786687850952
Iter: 40 | Train Loss: 0.2284867912530899, Train Acc: 0.0, Train Grad Norm 2.8684775829315186, | Test Loss: 0.22821572422981262, Test Acc: 0.0, Test Grad Norm: 2.699867010116577 | Elapsed Time: 62.363718032836914
Iter: 60 | Train Loss: 0.21619892120361328, Train Acc: 0.0, Train Grad Norm 2.4889590740203857, | Test Loss: 0.22459855675697327, Test Acc: 0.0, Test Grad Norm: 2.206615447998047 | Elapsed Time: 93.53293013572693
Iter: 80 | Train Loss: 0.22237038612365723, Train Acc: 0.0, Train Grad Norm 2.718193531036377, | Test Loss: 0.3518770635128021, Test Acc: 0.0, Test Grad Norm: 3.1035475730895996 | Elapsed Time: 124.69632148742676
Iter: 100 | Train Loss: 0.2073710560798645, Train Acc: 0.0, Train Grad Norm 2.3719120025634766, | Test Loss: 0.3742431104183197, Test Acc: 0.0, Test Grad Norm: 3.46199893951416 | Elapsed Time: 155.94916820526123
Iter: 120 | Train Loss: 0.17441263794898987, Train Acc: 0.0, Train Grad Norm 1.5015802383422852, | Test Loss: 0.558908224105835, Test Acc: 0.0, Test Grad Norm: 6.587263584136963 | Elapsed Time: 187.12370204925537
Iter: 140 | Train Loss: 0.16407176852226257, Train Acc: 0.0, Train Grad Norm 1.1179676055908203, | Test Loss: 0.6400957107543945, Test Acc: 0.0, Test Grad Norm: 12.113106727600098 | Elapsed Time: 218.29350876808167
Iter: 160 | Train Loss: 0.18292227387428284, Train Acc: 0.0, Train Grad Norm 0.5630412697792053, | Test Loss: 0.958768367767334, Test Acc: 0.0, Test Grad Norm: 19.547901153564453 | Elapsed Time: 249.55956935882568
Patience count 1
Iter: 180 | Train Loss: 0.1908799707889557, Train Acc: 0.0, Train Grad Norm 0.5368179678916931, | Test Loss: 1.0912292003631592, Test Acc: 0.0, Test Grad Norm: 26.466331481933594 | Elapsed Time: 280.7212471961975
Patience count 2
Iter: 200 | Train Loss: 0.17471785843372345, Train Acc: 0.0, Train Grad Norm 0.457440584897995, | Test Loss: 0.9947003722190857, Test Acc: 0.0, Test Grad Norm: 24.836549758911133 | Elapsed Time: 311.91293954849243
Patience count 3
Iter: 220 | Train Loss: 0.17387355864048004, Train Acc: 0.0, Train Grad Norm 0.5574570894241333, | Test Loss: 1.0867654085159302, Test Acc: 0.0, Test Grad Norm: 33.075191497802734 | Elapsed Time: 343.18999910354614
Patience count 4
Iter: 240 | Train Loss: 0.2201710194349289, Train Acc: 0.0, Train Grad Norm 1.0732914209365845, | Test Loss: 1.476078987121582, Test Acc: 0.0, Test Grad Norm: 64.71369934082031 | Elapsed Time: 374.3682005405426
Patience count 5
Iter: 260 | Train Loss: 0.20158782601356506, Train Acc: 0.0, Train Grad Norm 0.7292338609695435, | Test Loss: 1.3350000381469727, Test Acc: 0.0, Test Grad Norm: 51.591766357421875 | Elapsed Time: 405.5402457714081
Learning was stopped
Learning rate eta = 0.0625
The size of local train datasets:  [1652, 1652, 1651, 1651, 1651, 1651, 1651, 1651, 1651, 1651]
Shuffling 16520 0.6 -DP local randomizers results is (eps,  1e-08 )-DP in the shuffle model for eps between 0.026407269083900682 and 0.026630115236507435
The final epsilon, delta is ( 5.338746585095627 , 1e-05 )
Iter: 0 | Train Loss: 0.37747910618782043, Train Acc: 0.0, Train Grad Norm 6.437363624572754, | Test Loss: 0.3772118091583252, Test Acc: 0.0, Test Grad Norm: 6.719305992126465
Iter: 20 | Train Loss: 0.31779128313064575, Train Acc: 0.0, Train Grad Norm 4.903745174407959, | Test Loss: 0.3165132701396942, Test Acc: 0.0, Test Grad Norm: 4.913944721221924 | Elapsed Time: 31.22786521911621
Iter: 40 | Train Loss: 0.27356866002082825, Train Acc: 0.0, Train Grad Norm 3.7541840076446533, | Test Loss: 0.2754404544830322, Test Acc: 0.0, Test Grad Norm: 3.5794315338134766 | Elapsed Time: 62.35207939147949
Iter: 60 | Train Loss: 0.2206268161535263, Train Acc: 0.0, Train Grad Norm 2.6786084175109863, | Test Loss: 0.22699569165706635, Test Acc: 0.0, Test Grad Norm: 2.4883499145507812 | Elapsed Time: 93.4770200252533
Iter: 80 | Train Loss: 0.1784215122461319, Train Acc: 0.0, Train Grad Norm 2.056069850921631, | Test Loss: 0.18512751162052155, Test Acc: 0.0, Test Grad Norm: 1.8864318132400513 | Elapsed Time: 124.6051173210144
Iter: 100 | Train Loss: 0.1577267050743103, Train Acc: 0.0, Train Grad Norm 1.4465327262878418, | Test Loss: 0.1567661613225937, Test Acc: 0.0, Test Grad Norm: 1.4739689826965332 | Elapsed Time: 155.86334037780762
Iter: 120 | Train Loss: 0.1448650062084198, Train Acc: 0.0, Train Grad Norm 1.0381447076797485, | Test Loss: 0.14639875292778015, Test Acc: 0.0, Test Grad Norm: 0.9879099726676941 | Elapsed Time: 187.00291514396667
Iter: 140 | Train Loss: 0.1424722820520401, Train Acc: 0.0, Train Grad Norm 0.6301271319389343, | Test Loss: 0.14186906814575195, Test Acc: 0.0, Test Grad Norm: 0.622000515460968 | Elapsed Time: 218.1386523246765
Iter: 160 | Train Loss: 0.11466443538665771, Train Acc: 0.0, Train Grad Norm 0.5247578024864197, | Test Loss: 0.11118920147418976, Test Acc: 0.0, Test Grad Norm: 0.5220217704772949 | Elapsed Time: 249.3742322921753
Iter: 180 | Train Loss: 0.11520236730575562, Train Acc: 0.0, Train Grad Norm 0.3685551583766937, | Test Loss: 0.11350067704916, Test Acc: 0.0, Test Grad Norm: 0.36657094955444336 | Elapsed Time: 280.5267300605774
Iter: 200 | Train Loss: 0.11191722005605698, Train Acc: 0.0, Train Grad Norm 0.3266075849533081, | Test Loss: 0.1118834912776947, Test Acc: 0.0, Test Grad Norm: 0.5251899361610413 | Elapsed Time: 311.693288564682
Iter: 220 | Train Loss: 0.09851409494876862, Train Acc: 0.0, Train Grad Norm 0.23377394676208496, | Test Loss: 0.10543441772460938, Test Acc: 0.0, Test Grad Norm: 0.5528016686439514 | Elapsed Time: 342.9578597545624
Iter: 240 | Train Loss: 0.08470536023378372, Train Acc: 0.0, Train Grad Norm 0.150394469499588, | Test Loss: 0.10376819968223572, Test Acc: 0.0, Test Grad Norm: 0.6999285817146301 | Elapsed Time: 374.1141119003296
Iter: 260 | Train Loss: 0.0810810998082161, Train Acc: 0.0, Train Grad Norm 0.1531350165605545, | Test Loss: 0.11788595467805862, Test Acc: 0.0, Test Grad Norm: 1.153138279914856 | Elapsed Time: 405.2730767726898
Iter: 280 | Train Loss: 0.08457455784082413, Train Acc: 0.0, Train Grad Norm 0.23043328523635864, | Test Loss: 0.11521312594413757, Test Acc: 0.0, Test Grad Norm: 1.2009661197662354 | Elapsed Time: 436.53818011283875
Iter: 300 | Train Loss: 0.07353603839874268, Train Acc: 0.0, Train Grad Norm 0.17927207052707672, | Test Loss: 0.08935222774744034, Test Acc: 0.0, Test Grad Norm: 0.6626719832420349 | Elapsed Time: 467.6759614944458
Iter: 320 | Train Loss: 0.07285959273576736, Train Acc: 0.0, Train Grad Norm 0.22962549328804016, | Test Loss: 0.08419302850961685, Test Acc: 0.0, Test Grad Norm: 0.6163634657859802 | Elapsed Time: 498.8270642757416
Iter: 340 | Train Loss: 0.06406460702419281, Train Acc: 0.0, Train Grad Norm 0.0950378030538559, | Test Loss: 0.06825289875268936, Test Acc: 0.0, Test Grad Norm: 0.22955185174942017 | Elapsed Time: 530.0952084064484
Iter: 360 | Train Loss: 0.06496551632881165, Train Acc: 0.0, Train Grad Norm 0.1828882098197937, | Test Loss: 0.0719275251030922, Test Acc: 0.0, Test Grad Norm: 0.40308186411857605 | Elapsed Time: 561.2651998996735
Iter: 380 | Train Loss: 0.05344381555914879, Train Acc: 0.0, Train Grad Norm 0.06852740794420242, | Test Loss: 0.054948847740888596, Test Acc: 0.0, Test Grad Norm: 0.11130400002002716 | Elapsed Time: 592.4286262989044
Iter: 400 | Train Loss: 0.05242730304598808, Train Acc: 0.0, Train Grad Norm 0.10603933036327362, | Test Loss: 0.05200077220797539, Test Acc: 0.0, Test Grad Norm: 0.12306114286184311 | Elapsed Time: 623.7087886333466
Iter: 420 | Train Loss: 0.0482693649828434, Train Acc: 0.0, Train Grad Norm 0.06855800002813339, | Test Loss: 0.0502660870552063, Test Acc: 0.0, Test Grad Norm: 0.08487732708454132 | Elapsed Time: 654.883264541626
Iter: 440 | Train Loss: 0.04677509516477585, Train Acc: 0.0, Train Grad Norm 0.0837874710559845, | Test Loss: 0.04704557731747627, Test Acc: 0.0, Test Grad Norm: 0.07752156257629395 | Elapsed Time: 686.0485937595367
Iter: 460 | Train Loss: 0.04548811540007591, Train Acc: 0.0, Train Grad Norm 0.08271566033363342, | Test Loss: 0.048932164907455444, Test Acc: 0.0, Test Grad Norm: 0.10395247489213943 | Elapsed Time: 717.2084431648254
Iter: 480 | Train Loss: 0.060210853815078735, Train Acc: 0.0, Train Grad Norm 0.11703406274318695, | Test Loss: 0.07317188382148743, Test Acc: 0.0, Test Grad Norm: 0.27821099758148193 | Elapsed Time: 748.4792456626892
Patience count 1
Iter: 500 | Train Loss: 0.053820136934518814, Train Acc: 0.0, Train Grad Norm 0.07832623273134232, | Test Loss: 0.057599566876888275, Test Acc: 0.0, Test Grad Norm: 0.13921388983726501 | Elapsed Time: 779.6379055976868
Patience count 2
Running with c=30, seed=3
GPU Not Enabled
Learning rate eta = 1.0
The size of local train datasets:  [1652, 1652, 1651, 1651, 1651, 1651, 1651, 1651, 1651, 1651]
Shuffling 16520 0.6 -DP local randomizers results is (eps,  1e-08 )-DP in the shuffle model for eps between 0.026407269083900682 and 0.026630115236507435
The final epsilon, delta is ( 5.338746585095627 , 1e-05 )
Iter: 0 | Train Loss: 0.37747910618782043, Train Acc: 0.0, Train Grad Norm 6.437363624572754, | Test Loss: 0.3772118091583252, Test Acc: 0.0, Test Grad Norm: 6.719305992126465
Iter: 20 | Train Loss: 0.5585985779762268, Train Acc: 0.0, Train Grad Norm 5.049307823181152, | Test Loss: 1.0487573146820068, Test Acc: 0.0, Test Grad Norm: 42.6747932434082 | Elapsed Time: 31.811278581619263
Patience count 1
Iter: 40 | Train Loss: 2.1478431224823, Train Acc: 0.0, Train Grad Norm 37.939002990722656, | Test Loss: 8.65951919555664, Test Acc: 0.0, Test Grad Norm: 719.2529907226562 | Elapsed Time: 63.56132173538208
Patience count 2
Iter: 60 | Train Loss: 7.716830730438232, Train Acc: 0.0, Train Grad Norm 257.3736267089844, | Test Loss: 22.179719924926758, Test Acc: 0.0, Test Grad Norm: 2570.979248046875 | Elapsed Time: 95.43484497070312
Patience count 3
Iter: 80 | Train Loss: 3.0949065685272217, Train Acc: 0.0, Train Grad Norm 126.05120086669922, | Test Loss: 6.562323093414307, Test Acc: 0.0, Test Grad Norm: 387.71478271484375 | Elapsed Time: 126.91405487060547
Patience count 4
Iter: 100 | Train Loss: 4.362552165985107, Train Acc: 0.0, Train Grad Norm 61.7127799987793, | Test Loss: 20.476224899291992, Test Acc: 0.0, Test Grad Norm: 2274.5263671875 | Elapsed Time: 158.75964665412903
Patience count 5
Iter: 120 | Train Loss: 22.75150489807129, Train Acc: 0.0, Train Grad Norm 3343.906982421875, | Test Loss: 20.882709503173828, Test Acc: 0.0, Test Grad Norm: 2181.530029296875 | Elapsed Time: 190.38765406608582
Learning was stopped
Learning rate eta = 0.5
The size of local train datasets:  [1652, 1652, 1651, 1651, 1651, 1651, 1651, 1651, 1651, 1651]
Shuffling 16520 0.6 -DP local randomizers results is (eps,  1e-08 )-DP in the shuffle model for eps between 0.026407269083900682 and 0.026630115236507435
The final epsilon, delta is ( 5.338746585095627 , 1e-05 )
Iter: 0 | Train Loss: 0.37747910618782043, Train Acc: 0.0, Train Grad Norm 6.437363624572754, | Test Loss: 0.3772118091583252, Test Acc: 0.0, Test Grad Norm: 6.719305992126465
Iter: 20 | Train Loss: 0.13827770948410034, Train Acc: 0.0, Train Grad Norm 0.3203420639038086, | Test Loss: 0.40191370248794556, Test Acc: 0.0, Test Grad Norm: 6.543130874633789 | Elapsed Time: 31.769675254821777
Iter: 40 | Train Loss: 0.2556554079055786, Train Acc: 0.0, Train Grad Norm 1.0655015707015991, | Test Loss: 0.3071695566177368, Test Acc: 0.0, Test Grad Norm: 2.5481765270233154 | Elapsed Time: 63.53364109992981
Patience count 1
Iter: 60 | Train Loss: 0.26363611221313477, Train Acc: 0.0, Train Grad Norm 1.5843068361282349, | Test Loss: 0.8257772326469421, Test Acc: 0.0, Test Grad Norm: 23.350736618041992 | Elapsed Time: 95.3093900680542
Patience count 2
Iter: 80 | Train Loss: 0.5025138258934021, Train Acc: 0.0, Train Grad Norm 2.925086498260498, | Test Loss: 0.7703945636749268, Test Acc: 0.0, Test Grad Norm: 14.25481128692627 | Elapsed Time: 127.1804358959198
Patience count 3
Iter: 100 | Train Loss: 1.921647310256958, Train Acc: 0.0, Train Grad Norm 29.678974151611328, | Test Loss: 3.344773292541504, Test Acc: 0.0, Test Grad Norm: 154.5037384033203 | Elapsed Time: 159.02718138694763
Patience count 4
Iter: 120 | Train Loss: 0.6064482927322388, Train Acc: 0.0, Train Grad Norm 7.5213847160339355, | Test Loss: 0.5008806586265564, Test Acc: 0.0, Test Grad Norm: 6.214581489562988 | Elapsed Time: 190.80665349960327
Patience count 5
Iter: 140 | Train Loss: 0.3832245171070099, Train Acc: 0.0, Train Grad Norm 4.991965293884277, | Test Loss: 0.5654546618461609, Test Acc: 0.0, Test Grad Norm: 11.262996673583984 | Elapsed Time: 222.17905569076538
Learning was stopped
Learning rate eta = 0.25
The size of local train datasets:  [1652, 1652, 1651, 1651, 1651, 1651, 1651, 1651, 1651, 1651]
Shuffling 16520 0.6 -DP local randomizers results is (eps,  1e-08 )-DP in the shuffle model for eps between 0.026407269083900682 and 0.026630115236507435
The final epsilon, delta is ( 5.338746585095627 , 1e-05 )
Iter: 0 | Train Loss: 0.37747910618782043, Train Acc: 0.0, Train Grad Norm 6.437363624572754, | Test Loss: 0.3772118091583252, Test Acc: 0.0, Test Grad Norm: 6.719305992126465
Iter: 20 | Train Loss: 0.16307640075683594, Train Acc: 0.0, Train Grad Norm 2.6380956172943115, | Test Loss: 0.24707448482513428, Test Acc: 0.0, Test Grad Norm: 5.824081897735596 | Elapsed Time: 31.324999570846558
Iter: 40 | Train Loss: 0.06209633871912956, Train Acc: 0.0, Train Grad Norm 0.5055752992630005, | Test Loss: 0.14138443768024445, Test Acc: 0.0, Test Grad Norm: 2.422332525253296 | Elapsed Time: 63.18724727630615
Iter: 60 | Train Loss: 0.08812645822763443, Train Acc: 0.0, Train Grad Norm 0.47244271636009216, | Test Loss: 0.3767410218715668, Test Acc: 0.0, Test Grad Norm: 7.456888675689697 | Elapsed Time: 95.12763667106628
Patience count 1
Iter: 80 | Train Loss: 0.05335041880607605, Train Acc: 0.0, Train Grad Norm 0.07884611189365387, | Test Loss: 0.18992303311824799, Test Acc: 0.0, Test Grad Norm: 2.081021785736084 | Elapsed Time: 126.99130439758301
Iter: 100 | Train Loss: 0.059643689543008804, Train Acc: 0.0, Train Grad Norm 0.22464291751384735, | Test Loss: 0.10801473259925842, Test Acc: 0.0, Test Grad Norm: 1.1368995904922485 | Elapsed Time: 158.87973999977112
Patience count 1
Iter: 120 | Train Loss: 0.04237440973520279, Train Acc: 0.0, Train Grad Norm 0.03802464157342911, | Test Loss: 0.06840592622756958, Test Acc: 0.0, Test Grad Norm: 0.39609378576278687 | Elapsed Time: 190.86745166778564
Iter: 140 | Train Loss: 0.08972908556461334, Train Acc: 0.0, Train Grad Norm 0.24345889687538147, | Test Loss: 0.25229310989379883, Test Acc: 0.0, Test Grad Norm: 3.7191574573516846 | Elapsed Time: 223.04029178619385
Patience count 1
Iter: 160 | Train Loss: 0.13363605737686157, Train Acc: 0.0, Train Grad Norm 0.3630360960960388, | Test Loss: 0.27243727445602417, Test Acc: 0.0, Test Grad Norm: 4.255366325378418 | Elapsed Time: 256.413875579834
Patience count 2
Iter: 180 | Train Loss: 0.14306923747062683, Train Acc: 0.0, Train Grad Norm 0.6253929138183594, | Test Loss: 0.3701125979423523, Test Acc: 0.0, Test Grad Norm: 7.382802963256836 | Elapsed Time: 288.5567080974579
Patience count 3
Iter: 200 | Train Loss: 0.17374658584594727, Train Acc: 0.0, Train Grad Norm 0.6592868566513062, | Test Loss: 0.6567889451980591, Test Acc: 0.0, Test Grad Norm: 17.096717834472656 | Elapsed Time: 321.3142879009247
Patience count 4
Iter: 220 | Train Loss: 0.2450324296951294, Train Acc: 0.0, Train Grad Norm 0.7902010679244995, | Test Loss: 1.1339222192764282, Test Acc: 0.0, Test Grad Norm: 44.47978591918945 | Elapsed Time: 353.78326392173767
Patience count 5
Iter: 240 | Train Loss: 0.42149221897125244, Train Acc: 0.0, Train Grad Norm 3.1237189769744873, | Test Loss: 2.227308988571167, Test Acc: 0.0, Test Grad Norm: 140.11563110351562 | Elapsed Time: 385.69241428375244
Learning was stopped
Learning rate eta = 0.125
The size of local train datasets:  [1652, 1652, 1651, 1651, 1651, 1651, 1651, 1651, 1651, 1651]
Shuffling 16520 0.6 -DP local randomizers results is (eps,  1e-08 )-DP in the shuffle model for eps between 0.026407269083900682 and 0.026630115236507435
The final epsilon, delta is ( 5.338746585095627 , 1e-05 )
Iter: 0 | Train Loss: 0.37747910618782043, Train Acc: 0.0, Train Grad Norm 6.437363624572754, | Test Loss: 0.3772118091583252, Test Acc: 0.0, Test Grad Norm: 6.719305992126465
Iter: 20 | Train Loss: 0.2871564030647278, Train Acc: 0.0, Train Grad Norm 5.032373905181885, | Test Loss: 0.289383202791214, Test Acc: 0.0, Test Grad Norm: 4.804267883300781 | Elapsed Time: 31.819870948791504
Iter: 40 | Train Loss: 0.21164211630821228, Train Acc: 0.0, Train Grad Norm 3.4256248474121094, | Test Loss: 0.21161794662475586, Test Acc: 0.0, Test Grad Norm: 3.3407392501831055 | Elapsed Time: 63.64545297622681
Iter: 60 | Train Loss: 0.10264946520328522, Train Acc: 0.0, Train Grad Norm 1.3128029108047485, | Test Loss: 0.12174586951732635, Test Acc: 0.0, Test Grad Norm: 1.1547467708587646 | Elapsed Time: 95.45613408088684
Iter: 80 | Train Loss: 0.06884745508432388, Train Acc: 0.0, Train Grad Norm 0.7324907183647156, | Test Loss: 0.07395046949386597, Test Acc: 0.0, Test Grad Norm: 0.60994952917099 | Elapsed Time: 127.38242363929749
Iter: 100 | Train Loss: 0.038323234766721725, Train Acc: 0.0, Train Grad Norm 0.18977835774421692, | Test Loss: 0.04050593078136444, Test Acc: 0.0, Test Grad Norm: 0.1676076203584671 | Elapsed Time: 159.21802377700806
Iter: 120 | Train Loss: 0.030431237071752548, Train Acc: 0.0, Train Grad Norm 0.01879825070500374, | Test Loss: 0.03220368176698685, Test Acc: 0.0, Test Grad Norm: 0.06590788811445236 | Elapsed Time: 191.03713488578796
Iter: 140 | Train Loss: 0.03761906176805496, Train Acc: 0.0, Train Grad Norm 0.10541608929634094, | Test Loss: 0.03588326647877693, Test Acc: 0.0, Test Grad Norm: 0.12245995551347733 | Elapsed Time: 222.93825006484985
Patience count 1
Iter: 160 | Train Loss: 0.03615691140294075, Train Acc: 0.0, Train Grad Norm 0.022313326597213745, | Test Loss: 0.048300664871931076, Test Acc: 0.0, Test Grad Norm: 0.2403034120798111 | Elapsed Time: 254.7613422870636
Patience count 2
Iter: 180 | Train Loss: 0.04548858106136322, Train Acc: 0.0, Train Grad Norm 0.028462866321206093, | Test Loss: 0.07705068588256836, Test Acc: 0.0, Test Grad Norm: 0.5222126245498657 | Elapsed Time: 286.505126953125
Patience count 3
Iter: 200 | Train Loss: 0.044336915016174316, Train Acc: 0.0, Train Grad Norm 0.052913863211870193, | Test Loss: 0.11248759925365448, Test Acc: 0.0, Test Grad Norm: 1.0853683948516846 | Elapsed Time: 318.3181483745575
Patience count 4
Iter: 220 | Train Loss: 0.04611119627952576, Train Acc: 0.0, Train Grad Norm 0.056506816297769547, | Test Loss: 0.08150173723697662, Test Acc: 0.0, Test Grad Norm: 0.6547234654426575 | Elapsed Time: 350.05708408355713
Patience count 5
Iter: 240 | Train Loss: 0.04542136192321777, Train Acc: 0.0, Train Grad Norm 0.07352611422538757, | Test Loss: 0.10922244936227798, Test Acc: 0.0, Test Grad Norm: 1.5596132278442383 | Elapsed Time: 381.8122282028198
Learning was stopped
Learning rate eta = 0.0625
The size of local train datasets:  [1652, 1652, 1651, 1651, 1651, 1651, 1651, 1651, 1651, 1651]
Shuffling 16520 0.6 -DP local randomizers results is (eps,  1e-08 )-DP in the shuffle model for eps between 0.026407269083900682 and 0.026630115236507435
The final epsilon, delta is ( 5.338746585095627 , 1e-05 )
Iter: 0 | Train Loss: 0.37747910618782043, Train Acc: 0.0, Train Grad Norm 6.437363624572754, | Test Loss: 0.3772118091583252, Test Acc: 0.0, Test Grad Norm: 6.719305992126465
Iter: 20 | Train Loss: 0.29473915696144104, Train Acc: 0.0, Train Grad Norm 4.7606096267700195, | Test Loss: 0.29482927918434143, Test Acc: 0.0, Test Grad Norm: 5.159975528717041 | Elapsed Time: 31.7962908744812
Iter: 40 | Train Loss: 0.23902881145477295, Train Acc: 0.0, Train Grad Norm 3.4872331619262695, | Test Loss: 0.23646271228790283, Test Acc: 0.0, Test Grad Norm: 3.610445261001587 | Elapsed Time: 63.52756476402283
Iter: 60 | Train Loss: 0.21066917479038239, Train Acc: 0.0, Train Grad Norm 2.8105428218841553, | Test Loss: 0.20851893723011017, Test Acc: 0.0, Test Grad Norm: 2.6987080574035645 | Elapsed Time: 95.2542781829834
Iter: 80 | Train Loss: 0.18425104022026062, Train Acc: 0.0, Train Grad Norm 2.1063990592956543, | Test Loss: 0.18879230320453644, Test Acc: 0.0, Test Grad Norm: 1.888087511062622 | Elapsed Time: 127.10092163085938
Iter: 100 | Train Loss: 0.14215309917926788, Train Acc: 0.0, Train Grad Norm 1.1625218391418457, | Test Loss: 0.146538645029068, Test Acc: 0.0, Test Grad Norm: 1.0620322227478027 | Elapsed Time: 158.84125566482544
Iter: 120 | Train Loss: 0.11128818243741989, Train Acc: 0.0, Train Grad Norm 0.6078650951385498, | Test Loss: 0.10828057676553726, Test Acc: 0.0, Test Grad Norm: 0.5795917510986328 | Elapsed Time: 190.5800166130066
Iter: 140 | Train Loss: 0.11088916659355164, Train Acc: 0.0, Train Grad Norm 0.6712567210197449, | Test Loss: 0.10561293363571167, Test Acc: 0.0, Test Grad Norm: 0.6550338268280029 | Elapsed Time: 222.42821264266968
Iter: 160 | Train Loss: 0.1021418645977974, Train Acc: 0.0, Train Grad Norm 0.3928340673446655, | Test Loss: 0.09539346396923065, Test Acc: 0.0, Test Grad Norm: 0.37738731503486633 | Elapsed Time: 254.1880657672882
Iter: 180 | Train Loss: 0.09866398572921753, Train Acc: 0.0, Train Grad Norm 0.23293904960155487, | Test Loss: 0.0914611741900444, Test Acc: 0.0, Test Grad Norm: 0.21939213573932648 | Elapsed Time: 285.9486413002014
Iter: 200 | Train Loss: 0.08665481954813004, Train Acc: 0.0, Train Grad Norm 0.14175371825695038, | Test Loss: 0.07908214628696442, Test Acc: 0.0, Test Grad Norm: 0.13354413211345673 | Elapsed Time: 317.7075755596161
Iter: 220 | Train Loss: 0.086871437728405, Train Acc: 0.0, Train Grad Norm 0.0918397456407547, | Test Loss: 0.07793489843606949, Test Acc: 0.0, Test Grad Norm: 0.06533122807741165 | Elapsed Time: 349.5462603569031
Iter: 240 | Train Loss: 0.07689900696277618, Train Acc: 0.0, Train Grad Norm 0.08100492507219315, | Test Loss: 0.07064636796712875, Test Acc: 0.0, Test Grad Norm: 0.0685131698846817 | Elapsed Time: 381.3104441165924
Iter: 260 | Train Loss: 0.07014325261116028, Train Acc: 0.0, Train Grad Norm 0.068304643034935, | Test Loss: 0.06638418138027191, Test Acc: 0.0, Test Grad Norm: 0.08008883893489838 | Elapsed Time: 413.0387978553772
Iter: 280 | Train Loss: 0.07820119708776474, Train Acc: 0.0, Train Grad Norm 0.07755561918020248, | Test Loss: 0.08084870874881744, Test Acc: 0.0, Test Grad Norm: 0.19877491891384125 | Elapsed Time: 444.8665204048157
Patience count 1
Iter: 300 | Train Loss: 0.06630837917327881, Train Acc: 0.0, Train Grad Norm 0.07800436019897461, | Test Loss: 0.07768828421831131, Test Acc: 0.0, Test Grad Norm: 0.34623563289642334 | Elapsed Time: 476.6372003555298
Iter: 320 | Train Loss: 0.06737207621335983, Train Acc: 0.0, Train Grad Norm 0.053465284407138824, | Test Loss: 0.09562491625547409, Test Acc: 0.0, Test Grad Norm: 0.548101544380188 | Elapsed Time: 508.3876223564148
Iter: 340 | Train Loss: 0.06557774543762207, Train Acc: 0.0, Train Grad Norm 0.05420777574181557, | Test Loss: 0.10404346138238907, Test Acc: 0.0, Test Grad Norm: 0.6117269992828369 | Elapsed Time: 540.2156252861023
Iter: 360 | Train Loss: 0.06883629411458969, Train Acc: 0.0, Train Grad Norm 0.04704762622714043, | Test Loss: 0.10147140175104141, Test Acc: 0.0, Test Grad Norm: 0.5643868446350098 | Elapsed Time: 571.9674065113068
Iter: 380 | Train Loss: 0.07137130200862885, Train Acc: 0.0, Train Grad Norm 0.06974919140338898, | Test Loss: 0.0988311618566513, Test Acc: 0.0, Test Grad Norm: 0.7212883234024048 | Elapsed Time: 603.7465982437134
Patience count 1
Iter: 400 | Train Loss: 0.0752456858754158, Train Acc: 0.0, Train Grad Norm 0.06953588873147964, | Test Loss: 0.10000308603048325, Test Acc: 0.0, Test Grad Norm: 0.691595196723938 | Elapsed Time: 635.6066734790802
Patience count 2
Iter: 420 | Train Loss: 0.06717436015605927, Train Acc: 0.0, Train Grad Norm 0.08530567586421967, | Test Loss: 0.09371288865804672, Test Acc: 0.0, Test Grad Norm: 0.7928524017333984 | Elapsed Time: 667.3665461540222
Iter: 440 | Train Loss: 0.06561213731765747, Train Acc: 0.0, Train Grad Norm 0.053513385355472565, | Test Loss: 0.08860733360052109, Test Acc: 0.0, Test Grad Norm: 0.5919827818870544 | Elapsed Time: 699.1204497814178
Iter: 460 | Train Loss: 0.06664232909679413, Train Acc: 0.0, Train Grad Norm 0.05918697267770767, | Test Loss: 0.0931536927819252, Test Acc: 0.0, Test Grad Norm: 0.6974532008171082 | Elapsed Time: 731.0054953098297
Iter: 480 | Train Loss: 0.06263226270675659, Train Acc: 0.0, Train Grad Norm 0.1053193062543869, | Test Loss: 0.11179037392139435, Test Acc: 0.0, Test Grad Norm: 1.0126293897628784 | Elapsed Time: 762.7459909915924
Iter: 500 | Train Loss: 0.0588073804974556, Train Acc: 0.0, Train Grad Norm 0.10166928917169571, | Test Loss: 0.11626464128494263, Test Acc: 0.0, Test Grad Norm: 1.1789737939834595 | Elapsed Time: 794.4847781658173
Running with c=100, seed=3
