Running with c=1, seed=2
GPU Not Enabled
Learning rate eta = 1.0
The size of local train datasets:  [1652, 1652, 1651, 1651, 1651, 1651, 1651, 1651, 1651, 1651]
Shuffling 16520 0.6 -DP local randomizers results is (eps,  1e-08 )-DP in the shuffle model for eps between 0.026407269083900682 and 0.026630115236507435
The final epsilon, delta is ( 5.338746585095627 , 1e-05 )
Iter: 0 | Train Loss: 0.31991249322891235, Train Acc: 0.0, Train Grad Norm 6.385190963745117, | Test Loss: 0.3618343770503998, Test Acc: 0.0, Test Grad Norm: 9.244462966918945
Iter: 20 | Train Loss: 0.27588146924972534, Train Acc: 0.0, Train Grad Norm 2.9193711280822754, | Test Loss: 0.23263442516326904, Test Acc: 0.0, Test Grad Norm: 2.576970100402832 | Elapsed Time: 16.140586614608765
Iter: 40 | Train Loss: 0.8510169386863708, Train Acc: 0.0, Train Grad Norm 8.618086814880371, | Test Loss: 0.7386001348495483, Test Acc: 0.0, Test Grad Norm: 7.13751745223999 | Elapsed Time: 31.908036470413208
Patience count 1
Iter: 60 | Train Loss: 1.2891557216644287, Train Acc: 0.0, Train Grad Norm 11.938411712646484, | Test Loss: 1.5473434925079346, Test Acc: 0.0, Test Grad Norm: 81.72452545166016 | Elapsed Time: 47.88671922683716
Patience count 2
Iter: 80 | Train Loss: 2.021358013153076, Train Acc: 0.0, Train Grad Norm 30.109697341918945, | Test Loss: 1.840804934501648, Test Acc: 0.0, Test Grad Norm: 27.974966049194336 | Elapsed Time: 63.734562158584595
Patience count 3
Iter: 100 | Train Loss: 4.905214309692383, Train Acc: 0.0, Train Grad Norm 116.26748657226562, | Test Loss: 5.197361469268799, Test Acc: 0.0, Test Grad Norm: 263.511474609375 | Elapsed Time: 79.60020041465759
Learning was stopped
Learning rate eta = 0.5
The size of local train datasets:  [1652, 1652, 1651, 1651, 1651, 1651, 1651, 1651, 1651, 1651]
Shuffling 16520 0.6 -DP local randomizers results is (eps,  1e-08 )-DP in the shuffle model for eps between 0.026407269083900682 and 0.026630115236507435
The final epsilon, delta is ( 5.338746585095627 , 1e-05 )
Iter: 0 | Train Loss: 0.31991249322891235, Train Acc: 0.0, Train Grad Norm 6.385190963745117, | Test Loss: 0.3618343770503998, Test Acc: 0.0, Test Grad Norm: 9.244462966918945
Iter: 20 | Train Loss: 0.1390370875597, Train Acc: 0.0, Train Grad Norm 0.20329202711582184, | Test Loss: 0.13218094408512115, Test Acc: 0.0, Test Grad Norm: 0.2294723242521286 | Elapsed Time: 15.744342803955078
Iter: 40 | Train Loss: 0.14680761098861694, Train Acc: 0.0, Train Grad Norm 0.3279910087585449, | Test Loss: 0.7189094424247742, Test Acc: 0.0, Test Grad Norm: 17.71788787841797 | Elapsed Time: 31.524447441101074
Patience count 1
Iter: 60 | Train Loss: 0.32934248447418213, Train Acc: 0.0, Train Grad Norm 2.1970162391662598, | Test Loss: 2.333784580230713, Test Acc: 0.0, Test Grad Norm: 161.60157775878906 | Elapsed Time: 47.34210801124573
Patience count 2
Iter: 80 | Train Loss: 0.28022894263267517, Train Acc: 0.0, Train Grad Norm 2.8055074214935303, | Test Loss: 0.8820576071739197, Test Acc: 0.0, Test Grad Norm: 69.90119934082031 | Elapsed Time: 62.93836283683777
Patience count 3
Iter: 100 | Train Loss: 0.25064077973365784, Train Acc: 0.0, Train Grad Norm 2.0493850708007812, | Test Loss: 0.6855207085609436, Test Acc: 0.0, Test Grad Norm: 57.836788177490234 | Elapsed Time: 78.7798581123352
Learning was stopped
Learning rate eta = 0.25
The size of local train datasets:  [1652, 1652, 1651, 1651, 1651, 1651, 1651, 1651, 1651, 1651]
Shuffling 16520 0.6 -DP local randomizers results is (eps,  1e-08 )-DP in the shuffle model for eps between 0.026407269083900682 and 0.026630115236507435
The final epsilon, delta is ( 5.338746585095627 , 1e-05 )
Iter: 0 | Train Loss: 0.31991249322891235, Train Acc: 0.0, Train Grad Norm 6.385190963745117, | Test Loss: 0.3618343770503998, Test Acc: 0.0, Test Grad Norm: 9.244462966918945
Iter: 20 | Train Loss: 0.1343003660440445, Train Acc: 0.0, Train Grad Norm 1.5655878782272339, | Test Loss: 0.13260895013809204, Test Acc: 0.0, Test Grad Norm: 1.3748211860656738 | Elapsed Time: 15.782130718231201
Iter: 40 | Train Loss: 0.13477249443531036, Train Acc: 0.0, Train Grad Norm 1.483302354812622, | Test Loss: 0.24344348907470703, Test Acc: 0.0, Test Grad Norm: 1.966338872909546 | Elapsed Time: 31.578296899795532
Iter: 60 | Train Loss: 0.14831385016441345, Train Acc: 0.0, Train Grad Norm 0.2524621784687042, | Test Loss: 0.8810200095176697, Test Acc: 0.0, Test Grad Norm: 19.833112716674805 | Elapsed Time: 47.425036668777466
Patience count 1
Iter: 80 | Train Loss: 0.10740777105093002, Train Acc: 0.0, Train Grad Norm 0.26219442486763, | Test Loss: 0.5737749338150024, Test Acc: 0.0, Test Grad Norm: 15.907552719116211 | Elapsed Time: 63.13063073158264
Iter: 100 | Train Loss: 0.11296181380748749, Train Acc: 0.0, Train Grad Norm 0.6129003763198853, | Test Loss: 0.5256043076515198, Test Acc: 0.0, Test Grad Norm: 16.383617401123047 | Elapsed Time: 78.79808902740479
Patience count 1
Iter: 120 | Train Loss: 0.1017124354839325, Train Acc: 0.0, Train Grad Norm 0.3066770136356354, | Test Loss: 0.5056368112564087, Test Acc: 0.0, Test Grad Norm: 22.218189239501953 | Elapsed Time: 94.73250842094421
Iter: 140 | Train Loss: 0.14478906989097595, Train Acc: 0.0, Train Grad Norm 0.5772919058799744, | Test Loss: 0.8632363080978394, Test Acc: 0.0, Test Grad Norm: 43.12779235839844 | Elapsed Time: 110.55728125572205
Patience count 1
Iter: 160 | Train Loss: 0.3166208267211914, Train Acc: 0.0, Train Grad Norm 1.6927659511566162, | Test Loss: 1.8735861778259277, Test Acc: 0.0, Test Grad Norm: 92.97614288330078 | Elapsed Time: 126.37950015068054
Patience count 2
Iter: 180 | Train Loss: 0.2605665922164917, Train Acc: 0.0, Train Grad Norm 1.4386881589889526, | Test Loss: 0.7640290856361389, Test Acc: 0.0, Test Grad Norm: 32.70480728149414 | Elapsed Time: 142.1789481639862
Patience count 3
Iter: 200 | Train Loss: 0.12971507012844086, Train Acc: 0.0, Train Grad Norm 0.678989827632904, | Test Loss: 0.3496127724647522, Test Acc: 0.0, Test Grad Norm: 15.57984447479248 | Elapsed Time: 158.13553547859192
Learning was stopped
Learning rate eta = 0.125
The size of local train datasets:  [1652, 1652, 1651, 1651, 1651, 1651, 1651, 1651, 1651, 1651]
Shuffling 16520 0.6 -DP local randomizers results is (eps,  1e-08 )-DP in the shuffle model for eps between 0.026407269083900682 and 0.026630115236507435
The final epsilon, delta is ( 5.338746585095627 , 1e-05 )
Iter: 0 | Train Loss: 0.31991249322891235, Train Acc: 0.0, Train Grad Norm 6.385190963745117, | Test Loss: 0.3618343770503998, Test Acc: 0.0, Test Grad Norm: 9.244462966918945
Iter: 20 | Train Loss: 0.23623745143413544, Train Acc: 0.0, Train Grad Norm 4.515252113342285, | Test Loss: 0.2667086124420166, Test Acc: 0.0, Test Grad Norm: 6.732621192932129 | Elapsed Time: 15.772333145141602
Iter: 40 | Train Loss: 0.17945590615272522, Train Acc: 0.0, Train Grad Norm 3.422394275665283, | Test Loss: 0.19597913324832916, Test Acc: 0.0, Test Grad Norm: 4.735886573791504 | Elapsed Time: 31.549955129623413
Iter: 60 | Train Loss: 0.1114349514245987, Train Acc: 0.0, Train Grad Norm 1.7965407371520996, | Test Loss: 0.11275491863489151, Test Acc: 0.0, Test Grad Norm: 2.17429780960083 | Elapsed Time: 47.51763606071472
Iter: 80 | Train Loss: 0.07834099978208542, Train Acc: 0.0, Train Grad Norm 0.7347173690795898, | Test Loss: 0.07570528984069824, Test Acc: 0.0, Test Grad Norm: 0.6409004926681519 | Elapsed Time: 63.35357332229614
Iter: 100 | Train Loss: 0.0717310681939125, Train Acc: 0.0, Train Grad Norm 0.23954270780086517, | Test Loss: 0.07210890203714371, Test Acc: 0.0, Test Grad Norm: 0.18206891417503357 | Elapsed Time: 79.11589002609253
Iter: 120 | Train Loss: 0.07882612943649292, Train Acc: 0.0, Train Grad Norm 0.14828357100486755, | Test Loss: 0.08182665705680847, Test Acc: 0.0, Test Grad Norm: 0.16905292868614197 | Elapsed Time: 94.9487681388855
Patience count 1
Iter: 140 | Train Loss: 0.06723170727491379, Train Acc: 0.0, Train Grad Norm 0.05904431641101837, | Test Loss: 0.07703080773353577, Test Acc: 0.0, Test Grad Norm: 0.4098966121673584 | Elapsed Time: 110.68036270141602
Iter: 160 | Train Loss: 0.05969011411070824, Train Acc: 0.0, Train Grad Norm 0.04874853044748306, | Test Loss: 0.06958483904600143, Test Acc: 0.0, Test Grad Norm: 0.41502293944358826 | Elapsed Time: 126.42671775817871
Iter: 180 | Train Loss: 0.06034963205456734, Train Acc: 0.0, Train Grad Norm 0.05894869938492775, | Test Loss: 0.05207151919603348, Test Acc: 0.0, Test Grad Norm: 0.06889433413743973 | Elapsed Time: 142.2618579864502
Iter: 200 | Train Loss: 0.07567770779132843, Train Acc: 0.0, Train Grad Norm 0.07786931842565536, | Test Loss: 0.08032695949077606, Test Acc: 0.0, Test Grad Norm: 0.4673151969909668 | Elapsed Time: 158.14452457427979
Patience count 1
Iter: 220 | Train Loss: 0.07947923988103867, Train Acc: 0.0, Train Grad Norm 0.08602265268564224, | Test Loss: 0.1100398600101471, Test Acc: 0.0, Test Grad Norm: 1.2002055644989014 | Elapsed Time: 173.95312023162842
Patience count 2
Iter: 240 | Train Loss: 0.05899123474955559, Train Acc: 0.0, Train Grad Norm 0.0522114597260952, | Test Loss: 0.05237744376063347, Test Acc: 0.0, Test Grad Norm: 0.09053592383861542 | Elapsed Time: 189.7358980178833
Iter: 260 | Train Loss: 0.06743793934583664, Train Acc: 0.0, Train Grad Norm 0.10337193310260773, | Test Loss: 0.07500874996185303, Test Acc: 0.0, Test Grad Norm: 0.686961829662323 | Elapsed Time: 205.64779543876648
Patience count 1
Iter: 280 | Train Loss: 0.08547589927911758, Train Acc: 0.0, Train Grad Norm 0.11299575865268707, | Test Loss: 0.0710955262184143, Test Acc: 0.0, Test Grad Norm: 0.1352677196264267 | Elapsed Time: 221.38543057441711
Patience count 2
Iter: 300 | Train Loss: 0.07487676292657852, Train Acc: 0.0, Train Grad Norm 0.2632082402706146, | Test Loss: 0.061663080006837845, Test Acc: 0.0, Test Grad Norm: 0.2132633924484253 | Elapsed Time: 237.22218346595764
Patience count 3
Iter: 320 | Train Loss: 0.07789032906293869, Train Acc: 0.0, Train Grad Norm 0.1543453335762024, | Test Loss: 0.078767329454422, Test Acc: 0.0, Test Grad Norm: 0.5433273911476135 | Elapsed Time: 253.16877555847168
Learning was stopped
Learning rate eta = 0.0625
The size of local train datasets:  [1652, 1652, 1651, 1651, 1651, 1651, 1651, 1651, 1651, 1651]
Shuffling 16520 0.6 -DP local randomizers results is (eps,  1e-08 )-DP in the shuffle model for eps between 0.026407269083900682 and 0.026630115236507435
The final epsilon, delta is ( 5.338746585095627 , 1e-05 )
Iter: 0 | Train Loss: 0.31991249322891235, Train Acc: 0.0, Train Grad Norm 6.385190963745117, | Test Loss: 0.3618343770503998, Test Acc: 0.0, Test Grad Norm: 9.244462966918945
Iter: 20 | Train Loss: 0.22541043162345886, Train Acc: 0.0, Train Grad Norm 4.160279750823975, | Test Loss: 0.24951118230819702, Test Acc: 0.0, Test Grad Norm: 5.857737064361572 | Elapsed Time: 15.69170331954956
Iter: 40 | Train Loss: 0.17681066691875458, Train Acc: 0.0, Train Grad Norm 2.955019235610962, | Test Loss: 0.18269653618335724, Test Acc: 0.0, Test Grad Norm: 3.795628070831299 | Elapsed Time: 31.36214804649353
Iter: 60 | Train Loss: 0.15296955406665802, Train Acc: 0.0, Train Grad Norm 2.4291179180145264, | Test Loss: 0.16322338581085205, Test Acc: 0.0, Test Grad Norm: 3.401714563369751 | Elapsed Time: 47.24830722808838
Iter: 80 | Train Loss: 0.13885502517223358, Train Acc: 0.0, Train Grad Norm 1.8854084014892578, | Test Loss: 0.14610204100608826, Test Acc: 0.0, Test Grad Norm: 2.68527889251709 | Elapsed Time: 62.952043533325195
Iter: 100 | Train Loss: 0.09856155514717102, Train Acc: 0.0, Train Grad Norm 0.8318651914596558, | Test Loss: 0.10267534106969833, Test Acc: 0.0, Test Grad Norm: 1.3394979238510132 | Elapsed Time: 78.68550419807434
Iter: 120 | Train Loss: 0.07782504707574844, Train Acc: 0.0, Train Grad Norm 0.4361836314201355, | Test Loss: 0.07375234365463257, Test Acc: 0.0, Test Grad Norm: 0.5060430765151978 | Elapsed Time: 94.59642577171326
Iter: 140 | Train Loss: 0.06697551906108856, Train Acc: 0.0, Train Grad Norm 0.1365450620651245, | Test Loss: 0.06227169185876846, Test Acc: 0.0, Test Grad Norm: 0.16007503867149353 | Elapsed Time: 110.2887794971466
Iter: 160 | Train Loss: 0.06918543577194214, Train Acc: 0.0, Train Grad Norm 0.03993136063218117, | Test Loss: 0.06437712162733078, Test Acc: 0.0, Test Grad Norm: 0.03652281314134598 | Elapsed Time: 126.06653237342834
Iter: 180 | Train Loss: 0.06826943159103394, Train Acc: 0.0, Train Grad Norm 0.028941692784428596, | Test Loss: 0.0679163932800293, Test Acc: 0.0, Test Grad Norm: 0.1092434674501419 | Elapsed Time: 141.95538902282715
Iter: 200 | Train Loss: 0.06798554211854935, Train Acc: 0.0, Train Grad Norm 0.03448469191789627, | Test Loss: 0.06664687395095825, Test Acc: 0.0, Test Grad Norm: 0.10337145626544952 | Elapsed Time: 157.76593232154846
Iter: 220 | Train Loss: 0.07226181030273438, Train Acc: 0.0, Train Grad Norm 0.034477680921554565, | Test Loss: 0.0670044869184494, Test Acc: 0.0, Test Grad Norm: 0.027864020317792892 | Elapsed Time: 173.5447335243225
Patience count 1
Iter: 240 | Train Loss: 0.07132777571678162, Train Acc: 0.0, Train Grad Norm 0.04223698377609253, | Test Loss: 0.06951485574245453, Test Acc: 0.0, Test Grad Norm: 0.08637295663356781 | Elapsed Time: 189.2828118801117
Patience count 2
Iter: 260 | Train Loss: 0.06870444864034653, Train Acc: 0.0, Train Grad Norm 0.0673334002494812, | Test Loss: 0.06468010693788528, Test Acc: 0.0, Test Grad Norm: 0.05565847456455231 | Elapsed Time: 205.13552165031433
Iter: 280 | Train Loss: 0.06823892891407013, Train Acc: 0.0, Train Grad Norm 0.05451558902859688, | Test Loss: 0.06640595197677612, Test Acc: 0.0, Test Grad Norm: 0.07396747171878815 | Elapsed Time: 220.98598051071167
Iter: 300 | Train Loss: 0.06418103724718094, Train Acc: 0.0, Train Grad Norm 0.09758448600769043, | Test Loss: 0.06549260765314102, Test Acc: 0.0, Test Grad Norm: 0.11537183821201324 | Elapsed Time: 236.7027552127838
Iter: 320 | Train Loss: 0.059297364205121994, Train Acc: 0.0, Train Grad Norm 0.0800117626786232, | Test Loss: 0.05637245252728462, Test Acc: 0.0, Test Grad Norm: 0.06636867672204971 | Elapsed Time: 252.60013604164124
Iter: 340 | Train Loss: 0.060649216175079346, Train Acc: 0.0, Train Grad Norm 0.0666208267211914, | Test Loss: 0.06255988031625748, Test Acc: 0.0, Test Grad Norm: 0.12447245419025421 | Elapsed Time: 268.3702611923218
Iter: 360 | Train Loss: 0.0663389265537262, Train Acc: 0.0, Train Grad Norm 0.05875182896852493, | Test Loss: 0.06510758399963379, Test Acc: 0.0, Test Grad Norm: 0.09760872274637222 | Elapsed Time: 284.1540570259094
Patience count 1
Iter: 380 | Train Loss: 0.05834922194480896, Train Acc: 0.0, Train Grad Norm 0.03149086982011795, | Test Loss: 0.05655530467629433, Test Acc: 0.0, Test Grad Norm: 0.08236672729253769 | Elapsed Time: 300.0062325000763
Iter: 400 | Train Loss: 0.059809159487485886, Train Acc: 0.0, Train Grad Norm 0.05119801685214043, | Test Loss: 0.05445414409041405, Test Acc: 0.0, Test Grad Norm: 0.04138971492648125 | Elapsed Time: 315.79041504859924
Iter: 420 | Train Loss: 0.0585487075150013, Train Acc: 0.0, Train Grad Norm 0.04895075410604477, | Test Loss: 0.05789814889431, Test Acc: 0.0, Test Grad Norm: 0.20044772326946259 | Elapsed Time: 331.6650927066803
Iter: 440 | Train Loss: 0.05298123508691788, Train Acc: 0.0, Train Grad Norm 0.041381191462278366, | Test Loss: 0.04654144495725632, Test Acc: 0.0, Test Grad Norm: 0.03808485344052315 | Elapsed Time: 347.58941555023193
Iter: 460 | Train Loss: 0.060735199600458145, Train Acc: 0.0, Train Grad Norm 0.09591766446828842, | Test Loss: 0.0628141537308693, Test Acc: 0.0, Test Grad Norm: 0.4170132279396057 | Elapsed Time: 363.28275752067566
Patience count 1
Iter: 480 | Train Loss: 0.05964422598481178, Train Acc: 0.0, Train Grad Norm 0.08301045745611191, | Test Loss: 0.0654626414179802, Test Acc: 0.0, Test Grad Norm: 0.4878806173801422 | Elapsed Time: 379.05393290519714
Patience count 2
Iter: 500 | Train Loss: 0.05613906309008598, Train Acc: 0.0, Train Grad Norm 0.06059575453400612, | Test Loss: 0.05902751907706261, Test Acc: 0.0, Test Grad Norm: 0.321175754070282 | Elapsed Time: 394.97209572792053
Patience count 3
Running with c=3, seed=2
GPU Not Enabled
Learning rate eta = 1.0
The size of local train datasets:  [1652, 1652, 1651, 1651, 1651, 1651, 1651, 1651, 1651, 1651]
Shuffling 16520 0.6 -DP local randomizers results is (eps,  1e-08 )-DP in the shuffle model for eps between 0.026407269083900682 and 0.026630115236507435
The final epsilon, delta is ( 5.338746585095627 , 1e-05 )
Iter: 0 | Train Loss: 0.31991249322891235, Train Acc: 0.0, Train Grad Norm 6.385190963745117, | Test Loss: 0.3618343770503998, Test Acc: 0.0, Test Grad Norm: 9.244462966918945
Iter: 20 | Train Loss: 0.742401123046875, Train Acc: 0.0, Train Grad Norm 8.538290977478027, | Test Loss: 0.6566057205200195, Test Acc: 0.0, Test Grad Norm: 11.113232612609863 | Elapsed Time: 15.729792594909668
Patience count 1
Iter: 40 | Train Loss: 1.2360445261001587, Train Acc: 0.0, Train Grad Norm 21.210079193115234, | Test Loss: 1.5912853479385376, Test Acc: 0.0, Test Grad Norm: 28.524906158447266 | Elapsed Time: 31.40428924560547
Patience count 2
Iter: 60 | Train Loss: 0.6893115043640137, Train Acc: 0.0, Train Grad Norm 17.614910125732422, | Test Loss: 0.9609850645065308, Test Acc: 0.0, Test Grad Norm: 35.9044189453125 | Elapsed Time: 47.2024872303009
Patience count 3
Iter: 80 | Train Loss: 2.8117880821228027, Train Acc: 0.0, Train Grad Norm 63.45906066894531, | Test Loss: 15.76185131072998, Test Acc: 0.0, Test Grad Norm: 2726.5419921875 | Elapsed Time: 62.92266774177551
Learning was stopped
Learning rate eta = 0.5
The size of local train datasets:  [1652, 1652, 1651, 1651, 1651, 1651, 1651, 1651, 1651, 1651]
Shuffling 16520 0.6 -DP local randomizers results is (eps,  1e-08 )-DP in the shuffle model for eps between 0.026407269083900682 and 0.026630115236507435
The final epsilon, delta is ( 5.338746585095627 , 1e-05 )
Iter: 0 | Train Loss: 0.31991249322891235, Train Acc: 0.0, Train Grad Norm 6.385190963745117, | Test Loss: 0.3618343770503998, Test Acc: 0.0, Test Grad Norm: 9.244462966918945
Iter: 20 | Train Loss: 0.10827547311782837, Train Acc: 0.0, Train Grad Norm 0.4524283707141876, | Test Loss: 0.13597361743450165, Test Acc: 0.0, Test Grad Norm: 0.6781136989593506 | Elapsed Time: 15.83641529083252
Iter: 40 | Train Loss: 0.10479814559221268, Train Acc: 0.0, Train Grad Norm 0.36321067810058594, | Test Loss: 0.20627623796463013, Test Acc: 0.0, Test Grad Norm: 4.015718936920166 | Elapsed Time: 31.732518434524536
Iter: 60 | Train Loss: 0.19188635051250458, Train Acc: 0.0, Train Grad Norm 2.7191128730773926, | Test Loss: 0.3698105812072754, Test Acc: 0.0, Test Grad Norm: 11.622634887695312 | Elapsed Time: 47.73825263977051
Patience count 1
Iter: 80 | Train Loss: 0.12764018774032593, Train Acc: 0.0, Train Grad Norm 0.5062713027000427, | Test Loss: 0.11206328123807907, Test Acc: 0.0, Test Grad Norm: 0.34250566363334656 | Elapsed Time: 63.60943293571472
Patience count 2
Iter: 100 | Train Loss: 0.25984853506088257, Train Acc: 0.0, Train Grad Norm 1.9074691534042358, | Test Loss: 0.29604947566986084, Test Acc: 0.0, Test Grad Norm: 2.8907761573791504 | Elapsed Time: 79.44878125190735
Patience count 3
Iter: 120 | Train Loss: 0.31782060861587524, Train Acc: 0.0, Train Grad Norm 5.2970805168151855, | Test Loss: 0.3428317606449127, Test Acc: 0.0, Test Grad Norm: 7.156523704528809 | Elapsed Time: 95.46987557411194
Learning was stopped
Learning rate eta = 0.25
The size of local train datasets:  [1652, 1652, 1651, 1651, 1651, 1651, 1651, 1651, 1651, 1651]
Shuffling 16520 0.6 -DP local randomizers results is (eps,  1e-08 )-DP in the shuffle model for eps between 0.026407269083900682 and 0.026630115236507435
The final epsilon, delta is ( 5.338746585095627 , 1e-05 )
Iter: 0 | Train Loss: 0.31991249322891235, Train Acc: 0.0, Train Grad Norm 6.385190963745117, | Test Loss: 0.3618343770503998, Test Acc: 0.0, Test Grad Norm: 9.244462966918945
Iter: 20 | Train Loss: 0.11437267810106277, Train Acc: 0.0, Train Grad Norm 1.1411933898925781, | Test Loss: 0.1149214431643486, Test Acc: 0.0, Test Grad Norm: 1.4311310052871704 | Elapsed Time: 15.93157434463501
Iter: 40 | Train Loss: 0.06651642173528671, Train Acc: 0.0, Train Grad Norm 0.4757263660430908, | Test Loss: 0.07590740919113159, Test Acc: 0.0, Test Grad Norm: 1.1133170127868652 | Elapsed Time: 31.826213598251343
Iter: 60 | Train Loss: 0.06880417466163635, Train Acc: 0.0, Train Grad Norm 0.1094355434179306, | Test Loss: 0.09212497621774673, Test Acc: 0.0, Test Grad Norm: 0.5658804774284363 | Elapsed Time: 47.68816161155701
Iter: 80 | Train Loss: 0.12069719284772873, Train Acc: 0.0, Train Grad Norm 0.35601404309272766, | Test Loss: 0.15732599794864655, Test Acc: 0.0, Test Grad Norm: 1.7604740858078003 | Elapsed Time: 63.58381104469299
Patience count 1
Iter: 100 | Train Loss: 0.15006116032600403, Train Acc: 0.0, Train Grad Norm 0.3060183525085449, | Test Loss: 0.2845316231250763, Test Acc: 0.0, Test Grad Norm: 3.5934174060821533 | Elapsed Time: 79.43659400939941
Patience count 2
Iter: 120 | Train Loss: 0.16413235664367676, Train Acc: 0.0, Train Grad Norm 0.4697342813014984, | Test Loss: 0.6337550282478333, Test Acc: 0.0, Test Grad Norm: 15.453089714050293 | Elapsed Time: 95.278244972229
Patience count 3
Iter: 140 | Train Loss: 0.16243071854114532, Train Acc: 0.0, Train Grad Norm 0.5404007434844971, | Test Loss: 0.7317737936973572, Test Acc: 0.0, Test Grad Norm: 21.94898796081543 | Elapsed Time: 111.27607560157776
Learning was stopped
Learning rate eta = 0.125
The size of local train datasets:  [1652, 1652, 1651, 1651, 1651, 1651, 1651, 1651, 1651, 1651]
Shuffling 16520 0.6 -DP local randomizers results is (eps,  1e-08 )-DP in the shuffle model for eps between 0.026407269083900682 and 0.026630115236507435
The final epsilon, delta is ( 5.338746585095627 , 1e-05 )
Iter: 0 | Train Loss: 0.31991249322891235, Train Acc: 0.0, Train Grad Norm 6.385190963745117, | Test Loss: 0.3618343770503998, Test Acc: 0.0, Test Grad Norm: 9.244462966918945
Iter: 20 | Train Loss: 0.2080153077840805, Train Acc: 0.0, Train Grad Norm 3.59305739402771, | Test Loss: 0.22167833149433136, Test Acc: 0.0, Test Grad Norm: 4.943968772888184 | Elapsed Time: 15.784400939941406
Iter: 40 | Train Loss: 0.14639608561992645, Train Acc: 0.0, Train Grad Norm 1.6369708776474, | Test Loss: 0.1711106151342392, Test Acc: 0.0, Test Grad Norm: 3.3142642974853516 | Elapsed Time: 31.661022901535034
Iter: 60 | Train Loss: 0.1376895308494568, Train Acc: 0.0, Train Grad Norm 1.3783138990402222, | Test Loss: 0.16983969509601593, Test Acc: 0.0, Test Grad Norm: 3.7876741886138916 | Elapsed Time: 47.62560558319092
Iter: 80 | Train Loss: 0.14765164256095886, Train Acc: 0.0, Train Grad Norm 1.297637701034546, | Test Loss: 0.1579601913690567, Test Acc: 0.0, Test Grad Norm: 2.621089220046997 | Elapsed Time: 63.455626010894775
Patience count 1
Iter: 100 | Train Loss: 0.11147300899028778, Train Acc: 0.0, Train Grad Norm 0.22186782956123352, | Test Loss: 0.1031997948884964, Test Acc: 0.0, Test Grad Norm: 0.2042091190814972 | Elapsed Time: 79.38381052017212
Iter: 120 | Train Loss: 0.1264106035232544, Train Acc: 0.0, Train Grad Norm 0.568149745464325, | Test Loss: 0.12916798889636993, Test Acc: 0.0, Test Grad Norm: 1.6217068433761597 | Elapsed Time: 95.31976270675659
Patience count 1
Iter: 140 | Train Loss: 0.09724310040473938, Train Acc: 0.0, Train Grad Norm 0.2319413125514984, | Test Loss: 0.10130106657743454, Test Acc: 0.0, Test Grad Norm: 0.8734760880470276 | Elapsed Time: 111.14873385429382
Iter: 160 | Train Loss: 0.07494530081748962, Train Acc: 0.0, Train Grad Norm 0.045079395174980164, | Test Loss: 0.07042504847049713, Test Acc: 0.0, Test Grad Norm: 0.04353862255811691 | Elapsed Time: 126.95835208892822
Iter: 180 | Train Loss: 0.08026125282049179, Train Acc: 0.0, Train Grad Norm 0.037094369530677795, | Test Loss: 0.07491273432970047, Test Acc: 0.0, Test Grad Norm: 0.05030607432126999 | Elapsed Time: 142.85802960395813
Patience count 1
Iter: 200 | Train Loss: 0.08323422819375992, Train Acc: 0.0, Train Grad Norm 0.05910284444689751, | Test Loss: 0.07647751271724701, Test Acc: 0.0, Test Grad Norm: 0.06590522825717926 | Elapsed Time: 158.79808235168457
Patience count 2
Iter: 220 | Train Loss: 0.08276800811290741, Train Acc: 0.0, Train Grad Norm 0.043612174689769745, | Test Loss: 0.0767153725028038, Test Acc: 0.0, Test Grad Norm: 0.05391860380768776 | Elapsed Time: 174.59759378433228
Patience count 3
Iter: 240 | Train Loss: 0.08017890155315399, Train Acc: 0.0, Train Grad Norm 0.10062210261821747, | Test Loss: 0.0795048251748085, Test Acc: 0.0, Test Grad Norm: 0.32307425141334534 | Elapsed Time: 190.43573117256165
Learning was stopped
Learning rate eta = 0.0625
The size of local train datasets:  [1652, 1652, 1651, 1651, 1651, 1651, 1651, 1651, 1651, 1651]
Shuffling 16520 0.6 -DP local randomizers results is (eps,  1e-08 )-DP in the shuffle model for eps between 0.026407269083900682 and 0.026630115236507435
The final epsilon, delta is ( 5.338746585095627 , 1e-05 )
Iter: 0 | Train Loss: 0.31991249322891235, Train Acc: 0.0, Train Grad Norm 6.385190963745117, | Test Loss: 0.3618343770503998, Test Acc: 0.0, Test Grad Norm: 9.244462966918945
Iter: 20 | Train Loss: 0.26124706864356995, Train Acc: 0.0, Train Grad Norm 4.915596008300781, | Test Loss: 0.2832910418510437, Test Acc: 0.0, Test Grad Norm: 6.829953193664551 | Elapsed Time: 15.919019222259521
Iter: 40 | Train Loss: 0.20641078054904938, Train Acc: 0.0, Train Grad Norm 3.530407190322876, | Test Loss: 0.21529455482959747, Test Acc: 0.0, Test Grad Norm: 4.797004222869873 | Elapsed Time: 31.751976490020752
Iter: 60 | Train Loss: 0.1588151603937149, Train Acc: 0.0, Train Grad Norm 2.5005462169647217, | Test Loss: 0.1566499024629593, Test Acc: 0.0, Test Grad Norm: 2.850832223892212 | Elapsed Time: 47.571012020111084
Iter: 80 | Train Loss: 0.1378515660762787, Train Acc: 0.0, Train Grad Norm 1.9007236957550049, | Test Loss: 0.13292767107486725, Test Acc: 0.0, Test Grad Norm: 2.0972955226898193 | Elapsed Time: 63.56079888343811
Iter: 100 | Train Loss: 0.11209987848997116, Train Acc: 0.0, Train Grad Norm 1.1672415733337402, | Test Loss: 0.10644789040088654, Test Acc: 0.0, Test Grad Norm: 1.2559940814971924 | Elapsed Time: 79.3647780418396
Iter: 120 | Train Loss: 0.10041267424821854, Train Acc: 0.0, Train Grad Norm 0.837752103805542, | Test Loss: 0.0956135019659996, Test Acc: 0.0, Test Grad Norm: 0.6595710515975952 | Elapsed Time: 95.19485116004944
Iter: 140 | Train Loss: 0.09556613862514496, Train Acc: 0.0, Train Grad Norm 0.633088231086731, | Test Loss: 0.10806656628847122, Test Acc: 0.0, Test Grad Norm: 0.5118746757507324 | Elapsed Time: 111.06471610069275
Iter: 160 | Train Loss: 0.0911196619272232, Train Acc: 0.0, Train Grad Norm 0.5534548759460449, | Test Loss: 0.0997835099697113, Test Acc: 0.0, Test Grad Norm: 0.42124152183532715 | Elapsed Time: 126.92965316772461
Iter: 180 | Train Loss: 0.08974206447601318, Train Acc: 0.0, Train Grad Norm 0.4697817265987396, | Test Loss: 0.10743149369955063, Test Acc: 0.0, Test Grad Norm: 0.47209781408309937 | Elapsed Time: 142.65821504592896
Iter: 200 | Train Loss: 0.0853557288646698, Train Acc: 0.0, Train Grad Norm 0.38556790351867676, | Test Loss: 0.09992772340774536, Test Acc: 0.0, Test Grad Norm: 0.366463303565979 | Elapsed Time: 158.53447270393372
Iter: 220 | Train Loss: 0.07721535861492157, Train Acc: 0.0, Train Grad Norm 0.12657156586647034, | Test Loss: 0.08714956045150757, Test Acc: 0.0, Test Grad Norm: 0.2670021951198578 | Elapsed Time: 174.33566665649414
Iter: 240 | Train Loss: 0.08040648698806763, Train Acc: 0.0, Train Grad Norm 0.07157738506793976, | Test Loss: 0.08412805944681168, Test Acc: 0.0, Test Grad Norm: 0.19226063787937164 | Elapsed Time: 190.1581254005432
Iter: 260 | Train Loss: 0.07869748026132584, Train Acc: 0.0, Train Grad Norm 0.039589349180459976, | Test Loss: 0.08396808058023453, Test Acc: 0.0, Test Grad Norm: 0.22221051156520844 | Elapsed Time: 206.06085085868835
Iter: 280 | Train Loss: 0.07226735353469849, Train Acc: 0.0, Train Grad Norm 0.029853910207748413, | Test Loss: 0.07118965685367584, Test Acc: 0.0, Test Grad Norm: 0.10867451131343842 | Elapsed Time: 221.91420817375183
Iter: 300 | Train Loss: 0.07724082469940186, Train Acc: 0.0, Train Grad Norm 0.08034402877092361, | Test Loss: 0.0763893872499466, Test Acc: 0.0, Test Grad Norm: 0.1182435154914856 | Elapsed Time: 237.7920799255371
Patience count 1
Iter: 320 | Train Loss: 0.06992515921592712, Train Acc: 0.0, Train Grad Norm 0.04521974176168442, | Test Loss: 0.06776125729084015, Test Acc: 0.0, Test Grad Norm: 0.05961161106824875 | Elapsed Time: 253.90345549583435
Iter: 340 | Train Loss: 0.07256888598203659, Train Acc: 0.0, Train Grad Norm 0.03326169401407242, | Test Loss: 0.0894254818558693, Test Acc: 0.0, Test Grad Norm: 0.6098233461380005 | Elapsed Time: 269.7505476474762
Iter: 360 | Train Loss: 0.06826363503932953, Train Acc: 0.0, Train Grad Norm 0.049742747098207474, | Test Loss: 0.0921424999833107, Test Acc: 0.0, Test Grad Norm: 0.6075007319450378 | Elapsed Time: 285.6425392627716
Iter: 380 | Train Loss: 0.0675046443939209, Train Acc: 0.0, Train Grad Norm 0.041954830288887024, | Test Loss: 0.10526329278945923, Test Acc: 0.0, Test Grad Norm: 0.9792961478233337 | Elapsed Time: 301.55722069740295
Iter: 400 | Train Loss: 0.07590260356664658, Train Acc: 0.0, Train Grad Norm 0.06054450199007988, | Test Loss: 0.1812831163406372, Test Acc: 0.0, Test Grad Norm: 3.5069103240966797 | Elapsed Time: 317.62826132774353
Patience count 1
Iter: 420 | Train Loss: 0.07233420014381409, Train Acc: 0.0, Train Grad Norm 0.06167713180184364, | Test Loss: 0.16538245975971222, Test Acc: 0.0, Test Grad Norm: 3.2768943309783936 | Elapsed Time: 333.55276823043823
Patience count 2
Iter: 440 | Train Loss: 0.06669873744249344, Train Acc: 0.0, Train Grad Norm 0.10728174448013306, | Test Loss: 0.13585199415683746, Test Acc: 0.0, Test Grad Norm: 2.8924174308776855 | Elapsed Time: 349.50079703330994
Iter: 460 | Train Loss: 0.07018878310918808, Train Acc: 0.0, Train Grad Norm 0.1286085844039917, | Test Loss: 0.18668262660503387, Test Acc: 0.0, Test Grad Norm: 4.614063262939453 | Elapsed Time: 365.59370946884155
Patience count 1
Iter: 480 | Train Loss: 0.06321943551301956, Train Acc: 0.0, Train Grad Norm 0.10753894597291946, | Test Loss: 0.14110781252384186, Test Acc: 0.0, Test Grad Norm: 3.292154550552368 | Elapsed Time: 381.52783036231995
Iter: 500 | Train Loss: 0.06566881388425827, Train Acc: 0.0, Train Grad Norm 0.05323681980371475, | Test Loss: 0.12369674444198608, Test Acc: 0.0, Test Grad Norm: 2.3791608810424805 | Elapsed Time: 397.36326241493225
Running with c=10, seed=2
GPU Not Enabled
Learning rate eta = 1.0
The size of local train datasets:  [1652, 1652, 1651, 1651, 1651, 1651, 1651, 1651, 1651, 1651]
Shuffling 16520 0.6 -DP local randomizers results is (eps,  1e-08 )-DP in the shuffle model for eps between 0.026407269083900682 and 0.026630115236507435
The final epsilon, delta is ( 5.338746585095627 , 1e-05 )
Iter: 0 | Train Loss: 0.31991249322891235, Train Acc: 0.0, Train Grad Norm 6.385190963745117, | Test Loss: 0.3618343770503998, Test Acc: 0.0, Test Grad Norm: 9.244462966918945
Iter: 20 | Train Loss: 0.22166012227535248, Train Acc: 0.0, Train Grad Norm 1.235574722290039, | Test Loss: 0.6097350120544434, Test Acc: 0.0, Test Grad Norm: 42.121273040771484 | Elapsed Time: 16.04485583305359
Iter: 40 | Train Loss: 1.9920198917388916, Train Acc: 0.0, Train Grad Norm 39.923561096191406, | Test Loss: 1.2854115962982178, Test Acc: 0.0, Test Grad Norm: 17.126314163208008 | Elapsed Time: 31.990843534469604
Patience count 1
Iter: 60 | Train Loss: 2.344975471496582, Train Acc: 0.0, Train Grad Norm 59.286346435546875, | Test Loss: 4.585960388183594, Test Acc: 0.0, Test Grad Norm: 448.3625183105469 | Elapsed Time: 47.86638402938843
Patience count 2
Iter: 80 | Train Loss: 1.3634312152862549, Train Acc: 0.0, Train Grad Norm 17.635547637939453, | Test Loss: 2.00747013092041, Test Acc: 0.0, Test Grad Norm: 77.2875747680664 | Elapsed Time: 63.89080047607422
Patience count 3
Iter: 100 | Train Loss: 1.2564390897750854, Train Acc: 0.0, Train Grad Norm 17.148229598999023, | Test Loss: 1.2570810317993164, Test Acc: 0.0, Test Grad Norm: 18.329408645629883 | Elapsed Time: 79.60548877716064
Learning was stopped
Learning rate eta = 0.5
The size of local train datasets:  [1652, 1652, 1651, 1651, 1651, 1651, 1651, 1651, 1651, 1651]
Shuffling 16520 0.6 -DP local randomizers results is (eps,  1e-08 )-DP in the shuffle model for eps between 0.026407269083900682 and 0.026630115236507435
The final epsilon, delta is ( 5.338746585095627 , 1e-05 )
Iter: 0 | Train Loss: 0.31991249322891235, Train Acc: 0.0, Train Grad Norm 6.385190963745117, | Test Loss: 0.3618343770503998, Test Acc: 0.0, Test Grad Norm: 9.244462966918945
Iter: 20 | Train Loss: 0.1078585535287857, Train Acc: 0.0, Train Grad Norm 0.9467889666557312, | Test Loss: 0.2188742458820343, Test Acc: 0.0, Test Grad Norm: 4.260868549346924 | Elapsed Time: 15.6427903175354
Iter: 40 | Train Loss: 0.19310705363750458, Train Acc: 0.0, Train Grad Norm 0.6160380840301514, | Test Loss: 0.2092866152524948, Test Acc: 0.0, Test Grad Norm: 1.5825715065002441 | Elapsed Time: 31.4323787689209
Patience count 1
Iter: 60 | Train Loss: 0.2925325632095337, Train Acc: 0.0, Train Grad Norm 1.457296371459961, | Test Loss: 0.34317490458488464, Test Acc: 0.0, Test Grad Norm: 8.957500457763672 | Elapsed Time: 47.06252336502075
Patience count 2
Iter: 80 | Train Loss: 0.2881005108356476, Train Acc: 0.0, Train Grad Norm 0.9010756015777588, | Test Loss: 0.670809268951416, Test Acc: 0.0, Test Grad Norm: 31.16415023803711 | Elapsed Time: 62.740429162979126
Patience count 3
Iter: 100 | Train Loss: 0.7877275943756104, Train Acc: 0.0, Train Grad Norm 5.81974983215332, | Test Loss: 2.4077277183532715, Test Acc: 0.0, Test Grad Norm: 155.8873291015625 | Elapsed Time: 78.48314213752747
Learning was stopped
Learning rate eta = 0.25
The size of local train datasets:  [1652, 1652, 1651, 1651, 1651, 1651, 1651, 1651, 1651, 1651]
Shuffling 16520 0.6 -DP local randomizers results is (eps,  1e-08 )-DP in the shuffle model for eps between 0.026407269083900682 and 0.026630115236507435
The final epsilon, delta is ( 5.338746585095627 , 1e-05 )
Iter: 0 | Train Loss: 0.31991249322891235, Train Acc: 0.0, Train Grad Norm 6.385190963745117, | Test Loss: 0.3618343770503998, Test Acc: 0.0, Test Grad Norm: 9.244462966918945
Iter: 20 | Train Loss: 0.0983017161488533, Train Acc: 0.0, Train Grad Norm 0.3791183531284332, | Test Loss: 0.09110931307077408, Test Acc: 0.0, Test Grad Norm: 0.4178564250469208 | Elapsed Time: 15.649907350540161
Iter: 40 | Train Loss: 0.06843734532594681, Train Acc: 0.0, Train Grad Norm 0.05517718195915222, | Test Loss: 0.08167097717523575, Test Acc: 0.0, Test Grad Norm: 0.2074042111635208 | Elapsed Time: 31.43755269050598
Iter: 60 | Train Loss: 0.08586225658655167, Train Acc: 0.0, Train Grad Norm 0.6372792720794678, | Test Loss: 0.07946346700191498, Test Acc: 0.0, Test Grad Norm: 0.608910322189331 | Elapsed Time: 47.325332164764404
Patience count 1
Iter: 80 | Train Loss: 0.1284022033214569, Train Acc: 0.0, Train Grad Norm 1.0859575271606445, | Test Loss: 0.11594516038894653, Test Acc: 0.0, Test Grad Norm: 1.0264427661895752 | Elapsed Time: 62.90887999534607
Patience count 2
Iter: 100 | Train Loss: 0.1392884999513626, Train Acc: 0.0, Train Grad Norm 0.8369420766830444, | Test Loss: 0.13060496747493744, Test Acc: 0.0, Test Grad Norm: 0.8565024733543396 | Elapsed Time: 78.55730509757996
Patience count 3
Iter: 120 | Train Loss: 0.1534969061613083, Train Acc: 0.0, Train Grad Norm 1.4543312788009644, | Test Loss: 0.16122592985630035, Test Acc: 0.0, Test Grad Norm: 2.3858351707458496 | Elapsed Time: 94.27423453330994
Learning was stopped
Learning rate eta = 0.125
The size of local train datasets:  [1652, 1652, 1651, 1651, 1651, 1651, 1651, 1651, 1651, 1651]
Shuffling 16520 0.6 -DP local randomizers results is (eps,  1e-08 )-DP in the shuffle model for eps between 0.026407269083900682 and 0.026630115236507435
The final epsilon, delta is ( 5.338746585095627 , 1e-05 )
Iter: 0 | Train Loss: 0.31991249322891235, Train Acc: 0.0, Train Grad Norm 6.385190963745117, | Test Loss: 0.3618343770503998, Test Acc: 0.0, Test Grad Norm: 9.244462966918945
Iter: 20 | Train Loss: 0.1712261587381363, Train Acc: 0.0, Train Grad Norm 2.5750083923339844, | Test Loss: 0.19023947417736053, Test Acc: 0.0, Test Grad Norm: 4.007583141326904 | Elapsed Time: 15.632827043533325
Iter: 40 | Train Loss: 0.14482857286930084, Train Acc: 0.0, Train Grad Norm 1.588216781616211, | Test Loss: 0.15073812007904053, Test Acc: 0.0, Test Grad Norm: 2.7008862495422363 | Elapsed Time: 31.224985599517822
Iter: 60 | Train Loss: 0.09068413823843002, Train Acc: 0.0, Train Grad Norm 0.4080848693847656, | Test Loss: 0.08147341012954712, Test Acc: 0.0, Test Grad Norm: 0.37891310453414917 | Elapsed Time: 46.70287203788757
Iter: 80 | Train Loss: 0.09234219044446945, Train Acc: 0.0, Train Grad Norm 0.4310767650604248, | Test Loss: 0.08288250863552094, Test Acc: 0.0, Test Grad Norm: 0.3390713334083557 | Elapsed Time: 62.273715019226074
Iter: 100 | Train Loss: 0.08758032321929932, Train Acc: 0.0, Train Grad Norm 0.2020978182554245, | Test Loss: 0.07917893677949905, Test Acc: 0.0, Test Grad Norm: 0.2760249674320221 | Elapsed Time: 77.6761782169342
Iter: 120 | Train Loss: 0.08634220063686371, Train Acc: 0.0, Train Grad Norm 0.13280849158763885, | Test Loss: 0.08882270008325577, Test Acc: 0.0, Test Grad Norm: 0.42029619216918945 | Elapsed Time: 93.02536797523499
Iter: 140 | Train Loss: 0.10763251036405563, Train Acc: 0.0, Train Grad Norm 0.2085121124982834, | Test Loss: 0.13164538145065308, Test Acc: 0.0, Test Grad Norm: 1.1459726095199585 | Elapsed Time: 108.33013796806335
Patience count 1
Iter: 160 | Train Loss: 0.12643812596797943, Train Acc: 0.0, Train Grad Norm 0.32126492261886597, | Test Loss: 0.1809260994195938, Test Acc: 0.0, Test Grad Norm: 1.7820544242858887 | Elapsed Time: 123.70267510414124
Patience count 2
Iter: 180 | Train Loss: 0.12075018137693405, Train Acc: 0.0, Train Grad Norm 0.3975183963775635, | Test Loss: 0.21020087599754333, Test Acc: 0.0, Test Grad Norm: 2.5297484397888184 | Elapsed Time: 139.06771659851074
Patience count 3
Iter: 200 | Train Loss: 0.13338710367679596, Train Acc: 0.0, Train Grad Norm 0.5006818175315857, | Test Loss: 0.22408875823020935, Test Acc: 0.0, Test Grad Norm: 2.690603017807007 | Elapsed Time: 154.47703099250793
Learning was stopped
Learning rate eta = 0.0625
The size of local train datasets:  [1652, 1652, 1651, 1651, 1651, 1651, 1651, 1651, 1651, 1651]
Shuffling 16520 0.6 -DP local randomizers results is (eps,  1e-08 )-DP in the shuffle model for eps between 0.026407269083900682 and 0.026630115236507435
The final epsilon, delta is ( 5.338746585095627 , 1e-05 )
Iter: 0 | Train Loss: 0.31991249322891235, Train Acc: 0.0, Train Grad Norm 6.385190963745117, | Test Loss: 0.3618343770503998, Test Acc: 0.0, Test Grad Norm: 9.244462966918945
Iter: 20 | Train Loss: 0.26492607593536377, Train Acc: 0.0, Train Grad Norm 5.137348175048828, | Test Loss: 0.30407214164733887, Test Acc: 0.0, Test Grad Norm: 7.701877593994141 | Elapsed Time: 15.250431299209595
Iter: 40 | Train Loss: 0.23015162348747253, Train Acc: 0.0, Train Grad Norm 4.249643325805664, | Test Loss: 0.29027271270751953, Test Acc: 0.0, Test Grad Norm: 7.586696624755859 | Elapsed Time: 30.647765159606934
Iter: 60 | Train Loss: 0.1560361087322235, Train Acc: 0.0, Train Grad Norm 2.3416316509246826, | Test Loss: 0.1886921375989914, Test Acc: 0.0, Test Grad Norm: 4.165968418121338 | Elapsed Time: 45.866042613983154
Iter: 80 | Train Loss: 0.09875251352787018, Train Acc: 0.0, Train Grad Norm 0.9646809101104736, | Test Loss: 0.11076444387435913, Test Acc: 0.0, Test Grad Norm: 1.736921787261963 | Elapsed Time: 61.17163372039795
Iter: 100 | Train Loss: 0.0892968699336052, Train Acc: 0.0, Train Grad Norm 0.8227239847183228, | Test Loss: 0.10887191444635391, Test Acc: 0.0, Test Grad Norm: 1.7554620504379272 | Elapsed Time: 76.47144412994385
Iter: 120 | Train Loss: 0.08928084373474121, Train Acc: 0.0, Train Grad Norm 0.9123350977897644, | Test Loss: 0.13633236289024353, Test Acc: 0.0, Test Grad Norm: 2.8409743309020996 | Elapsed Time: 91.80094408988953
Iter: 140 | Train Loss: 0.07987291365861893, Train Acc: 0.0, Train Grad Norm 0.7117547988891602, | Test Loss: 0.14288461208343506, Test Acc: 0.0, Test Grad Norm: 3.146772861480713 | Elapsed Time: 107.18886089324951
Iter: 160 | Train Loss: 0.0689370334148407, Train Acc: 0.0, Train Grad Norm 0.4713239073753357, | Test Loss: 0.1163857951760292, Test Acc: 0.0, Test Grad Norm: 2.3205790519714355 | Elapsed Time: 122.44067573547363
Iter: 180 | Train Loss: 0.06860506534576416, Train Acc: 0.0, Train Grad Norm 0.2901107370853424, | Test Loss: 0.11758112907409668, Test Acc: 0.0, Test Grad Norm: 1.994301438331604 | Elapsed Time: 137.6499319076538
Iter: 200 | Train Loss: 0.0680927187204361, Train Acc: 0.0, Train Grad Norm 0.21194268763065338, | Test Loss: 0.10008175671100616, Test Acc: 0.0, Test Grad Norm: 1.343428134918213 | Elapsed Time: 153.10540342330933
Iter: 220 | Train Loss: 0.06590953469276428, Train Acc: 0.0, Train Grad Norm 0.27487245202064514, | Test Loss: 0.09965621680021286, Test Acc: 0.0, Test Grad Norm: 1.4189485311508179 | Elapsed Time: 168.31528425216675
Iter: 240 | Train Loss: 0.05621456727385521, Train Acc: 0.0, Train Grad Norm 0.08534640073776245, | Test Loss: 0.07471136748790741, Test Acc: 0.0, Test Grad Norm: 0.6224918961524963 | Elapsed Time: 183.67457699775696
Iter: 260 | Train Loss: 0.05624578148126602, Train Acc: 0.0, Train Grad Norm 0.037821780890226364, | Test Loss: 0.06825900077819824, Test Acc: 0.0, Test Grad Norm: 0.34411168098449707 | Elapsed Time: 199.10951566696167
Iter: 280 | Train Loss: 0.0669393315911293, Train Acc: 0.0, Train Grad Norm 0.08013519644737244, | Test Loss: 0.09426666051149368, Test Acc: 0.0, Test Grad Norm: 0.890908420085907 | Elapsed Time: 214.58533883094788
Patience count 1
Iter: 300 | Train Loss: 0.05424851179122925, Train Acc: 0.0, Train Grad Norm 0.037128008902072906, | Test Loss: 0.10599329322576523, Test Acc: 0.0, Test Grad Norm: 1.2491405010223389 | Elapsed Time: 229.8999125957489
Iter: 320 | Train Loss: 0.041375674307346344, Train Acc: 0.0, Train Grad Norm 0.04629170522093773, | Test Loss: 0.07942809909582138, Test Acc: 0.0, Test Grad Norm: 1.055965781211853 | Elapsed Time: 245.2783660888672
Iter: 340 | Train Loss: 0.04240133985877037, Train Acc: 0.0, Train Grad Norm 0.0496041513979435, | Test Loss: 0.09384685009717941, Test Acc: 0.0, Test Grad Norm: 1.3920572996139526 | Elapsed Time: 260.5932297706604
Iter: 360 | Train Loss: 0.04095480591058731, Train Acc: 0.0, Train Grad Norm 0.024493355304002762, | Test Loss: 0.0955171212553978, Test Acc: 0.0, Test Grad Norm: 1.3470432758331299 | Elapsed Time: 276.45406889915466
Iter: 380 | Train Loss: 0.04673594981431961, Train Acc: 0.0, Train Grad Norm 0.03461095690727234, | Test Loss: 0.13300776481628418, Test Acc: 0.0, Test Grad Norm: 2.180084466934204 | Elapsed Time: 291.8408145904541
Patience count 1
Iter: 400 | Train Loss: 0.043023645877838135, Train Acc: 0.0, Train Grad Norm 0.025387046858668327, | Test Loss: 0.09278514236211777, Test Acc: 0.0, Test Grad Norm: 1.2315828800201416 | Elapsed Time: 307.35952138900757
Patience count 2
Iter: 420 | Train Loss: 0.036375466734170914, Train Acc: 0.0, Train Grad Norm 0.030872952193021774, | Test Loss: 0.061562951654195786, Test Acc: 0.0, Test Grad Norm: 0.6015681624412537 | Elapsed Time: 322.7778205871582
Iter: 440 | Train Loss: 0.03928060084581375, Train Acc: 0.0, Train Grad Norm 0.02467101812362671, | Test Loss: 0.08830030262470245, Test Acc: 0.0, Test Grad Norm: 1.4014421701431274 | Elapsed Time: 338.3744897842407
Patience count 1
Iter: 460 | Train Loss: 0.04869958385825157, Train Acc: 0.0, Train Grad Norm 0.08188305795192719, | Test Loss: 0.09729234874248505, Test Acc: 0.0, Test Grad Norm: 1.4346739053726196 | Elapsed Time: 353.80968499183655
Patience count 2
Iter: 480 | Train Loss: 0.06101474538445473, Train Acc: 0.0, Train Grad Norm 0.09381775557994843, | Test Loss: 0.16976670920848846, Test Acc: 0.0, Test Grad Norm: 3.8080289363861084 | Elapsed Time: 369.24747109413147
Patience count 3
Iter: 500 | Train Loss: 0.06649746000766754, Train Acc: 0.0, Train Grad Norm 0.11379649490118027, | Test Loss: 0.2427768111228943, Test Acc: 0.0, Test Grad Norm: 6.683562278747559 | Elapsed Time: 384.5502552986145
Learning was stopped
Learning rate eta = 0.03125
The size of local train datasets:  [1652, 1652, 1651, 1651, 1651, 1651, 1651, 1651, 1651, 1651]
Shuffling 16520 0.6 -DP local randomizers results is (eps,  1e-08 )-DP in the shuffle model for eps between 0.026407269083900682 and 0.026630115236507435
The final epsilon, delta is ( 5.338746585095627 , 1e-05 )
Iter: 0 | Train Loss: 0.31991249322891235, Train Acc: 0.0, Train Grad Norm 6.385190963745117, | Test Loss: 0.3618343770503998, Test Acc: 0.0, Test Grad Norm: 9.244462966918945
Iter: 20 | Train Loss: 0.253030925989151, Train Acc: 0.0, Train Grad Norm 4.792741298675537, | Test Loss: 0.28761768341064453, Test Acc: 0.0, Test Grad Norm: 7.059997081756592 | Elapsed Time: 15.556150674819946
Iter: 40 | Train Loss: 0.22199727594852448, Train Acc: 0.0, Train Grad Norm 4.155023097991943, | Test Loss: 0.2533400058746338, Test Acc: 0.0, Test Grad Norm: 6.183243751525879 | Elapsed Time: 31.004295110702515
Iter: 60 | Train Loss: 0.17889845371246338, Train Acc: 0.0, Train Grad Norm 3.143010139465332, | Test Loss: 0.19751499593257904, Test Acc: 0.0, Test Grad Norm: 4.443388938903809 | Elapsed Time: 46.547656536102295
Iter: 80 | Train Loss: 0.14598891139030457, Train Acc: 0.0, Train Grad Norm 2.2232041358947754, | Test Loss: 0.16110101342201233, Test Acc: 0.0, Test Grad Norm: 3.2665963172912598 | Elapsed Time: 62.01160526275635
Iter: 100 | Train Loss: 0.11726606637239456, Train Acc: 0.0, Train Grad Norm 1.5144699811935425, | Test Loss: 0.11975117027759552, Test Acc: 0.0, Test Grad Norm: 1.9923861026763916 | Elapsed Time: 77.29426574707031
Iter: 120 | Train Loss: 0.10035961121320724, Train Acc: 0.0, Train Grad Norm 1.053990364074707, | Test Loss: 0.09839799255132675, Test Acc: 0.0, Test Grad Norm: 1.275464415550232 | Elapsed Time: 92.61026048660278
Iter: 140 | Train Loss: 0.08819734305143356, Train Acc: 0.0, Train Grad Norm 0.7240324020385742, | Test Loss: 0.08499732613563538, Test Acc: 0.0, Test Grad Norm: 0.8272941708564758 | Elapsed Time: 108.21515083312988
Iter: 160 | Train Loss: 0.07860484719276428, Train Acc: 0.0, Train Grad Norm 0.42651480436325073, | Test Loss: 0.07449248433113098, Test Acc: 0.0, Test Grad Norm: 0.38736847043037415 | Elapsed Time: 123.93626689910889
Iter: 180 | Train Loss: 0.07064735889434814, Train Acc: 0.0, Train Grad Norm 0.2625446319580078, | Test Loss: 0.06730953603982925, Test Acc: 0.0, Test Grad Norm: 0.22276440262794495 | Elapsed Time: 139.42425870895386
Iter: 200 | Train Loss: 0.06812723726034164, Train Acc: 0.0, Train Grad Norm 0.1495167315006256, | Test Loss: 0.06404903531074524, Test Acc: 0.0, Test Grad Norm: 0.14085853099822998 | Elapsed Time: 154.81770181655884
Iter: 220 | Train Loss: 0.06523139774799347, Train Acc: 0.0, Train Grad Norm 0.0960841029882431, | Test Loss: 0.06268475949764252, Test Acc: 0.0, Test Grad Norm: 0.0797915980219841 | Elapsed Time: 170.11998796463013
Iter: 240 | Train Loss: 0.06508531421422958, Train Acc: 0.0, Train Grad Norm 0.10347908735275269, | Test Loss: 0.06218773499131203, Test Acc: 0.0, Test Grad Norm: 0.08454761654138565 | Elapsed Time: 185.58352065086365
Iter: 260 | Train Loss: 0.062106065452098846, Train Acc: 0.0, Train Grad Norm 0.07039331644773483, | Test Loss: 0.058630939573049545, Test Acc: 0.0, Test Grad Norm: 0.05867856368422508 | Elapsed Time: 201.13557648658752
Iter: 280 | Train Loss: 0.057704899460077286, Train Acc: 0.0, Train Grad Norm 0.031250666826963425, | Test Loss: 0.05591465160250664, Test Acc: 0.0, Test Grad Norm: 0.0548231415450573 | Elapsed Time: 216.30537271499634
Iter: 300 | Train Loss: 0.05721733346581459, Train Acc: 0.0, Train Grad Norm 0.029512861743569374, | Test Loss: 0.055103182792663574, Test Acc: 0.0, Test Grad Norm: 0.04918280243873596 | Elapsed Time: 231.44106125831604
Iter: 320 | Train Loss: 0.0548359751701355, Train Acc: 0.0, Train Grad Norm 0.02618975006043911, | Test Loss: 0.05429992824792862, Test Acc: 0.0, Test Grad Norm: 0.07220098376274109 | Elapsed Time: 246.85658597946167
Iter: 340 | Train Loss: 0.0547456331551075, Train Acc: 0.0, Train Grad Norm 0.029632925987243652, | Test Loss: 0.05474930629134178, Test Acc: 0.0, Test Grad Norm: 0.09757095575332642 | Elapsed Time: 262.08462929725647
Iter: 360 | Train Loss: 0.05494622141122818, Train Acc: 0.0, Train Grad Norm 0.032657332718372345, | Test Loss: 0.05709635093808174, Test Acc: 0.0, Test Grad Norm: 0.1464034765958786 | Elapsed Time: 277.2901623249054
Iter: 380 | Train Loss: 0.057200074195861816, Train Acc: 0.0, Train Grad Norm 0.039976902306079865, | Test Loss: 0.0596601627767086, Test Acc: 0.0, Test Grad Norm: 0.1756504625082016 | Elapsed Time: 292.5855278968811
Iter: 400 | Train Loss: 0.05773543938994408, Train Acc: 0.0, Train Grad Norm 0.06128009036183357, | Test Loss: 0.06040863320231438, Test Acc: 0.0, Test Grad Norm: 0.2161284238100052 | Elapsed Time: 308.0395450592041
Patience count 1
Iter: 420 | Train Loss: 0.05520661175251007, Train Acc: 0.0, Train Grad Norm 0.033850207924842834, | Test Loss: 0.059737760573625565, Test Acc: 0.0, Test Grad Norm: 0.18934695422649384 | Elapsed Time: 323.3004789352417
Iter: 440 | Train Loss: 0.05734085664153099, Train Acc: 0.0, Train Grad Norm 0.03652588650584221, | Test Loss: 0.06185104697942734, Test Acc: 0.0, Test Grad Norm: 0.20509326457977295 | Elapsed Time: 338.51954078674316
Iter: 460 | Train Loss: 0.06084189936518669, Train Acc: 0.0, Train Grad Norm 0.03445255011320114, | Test Loss: 0.06520987302064896, Test Acc: 0.0, Test Grad Norm: 0.20308524370193481 | Elapsed Time: 353.75297236442566
Patience count 2
Iter: 480 | Train Loss: 0.06107226759195328, Train Acc: 0.0, Train Grad Norm 0.030455294996500015, | Test Loss: 0.06936673820018768, Test Acc: 0.0, Test Grad Norm: 0.28492477536201477 | Elapsed Time: 368.9748775959015
Patience count 3
Iter: 500 | Train Loss: 0.05899384990334511, Train Acc: 0.0, Train Grad Norm 0.028583019971847534, | Test Loss: 0.0625980794429779, Test Acc: 0.0, Test Grad Norm: 0.18180839717388153 | Elapsed Time: 384.204402923584
Learning was stopped
Learning rate eta = 0.015625
The size of local train datasets:  [1652, 1652, 1651, 1651, 1651, 1651, 1651, 1651, 1651, 1651]
Shuffling 16520 0.6 -DP local randomizers results is (eps,  1e-08 )-DP in the shuffle model for eps between 0.026407269083900682 and 0.026630115236507435
The final epsilon, delta is ( 5.338746585095627 , 1e-05 )
Iter: 0 | Train Loss: 0.31991249322891235, Train Acc: 0.0, Train Grad Norm 6.385190963745117, | Test Loss: 0.3618343770503998, Test Acc: 0.0, Test Grad Norm: 9.244462966918945
Iter: 20 | Train Loss: 0.26092007756233215, Train Acc: 0.0, Train Grad Norm 4.885987281799316, | Test Loss: 0.2868752181529999, Test Acc: 0.0, Test Grad Norm: 6.838735580444336 | Elapsed Time: 15.331239938735962
Iter: 40 | Train Loss: 0.2362755388021469, Train Acc: 0.0, Train Grad Norm 4.278841018676758, | Test Loss: 0.25884437561035156, Test Acc: 0.0, Test Grad Norm: 5.9688401222229 | Elapsed Time: 30.616778135299683
Iter: 60 | Train Loss: 0.21311138570308685, Train Acc: 0.0, Train Grad Norm 3.6749725341796875, | Test Loss: 0.23457467555999756, Test Acc: 0.0, Test Grad Norm: 5.2360639572143555 | Elapsed Time: 45.91058111190796
Iter: 80 | Train Loss: 0.1990983933210373, Train Acc: 0.0, Train Grad Norm 3.295405626296997, | Test Loss: 0.2218005508184433, Test Acc: 0.0, Test Grad Norm: 4.8364434242248535 | Elapsed Time: 61.286253690719604
Iter: 100 | Train Loss: 0.176482692360878, Train Acc: 0.0, Train Grad Norm 2.713376998901367, | Test Loss: 0.19376401603221893, Test Acc: 0.0, Test Grad Norm: 3.935060977935791 | Elapsed Time: 76.5585036277771
Iter: 120 | Train Loss: 0.15979482233524323, Train Acc: 0.0, Train Grad Norm 2.259533643722534, | Test Loss: 0.17213547229766846, Test Acc: 0.0, Test Grad Norm: 3.2291510105133057 | Elapsed Time: 91.73789763450623
Iter: 140 | Train Loss: 0.14433430135250092, Train Acc: 0.0, Train Grad Norm 1.8640450239181519, | Test Loss: 0.15248867869377136, Test Acc: 0.0, Test Grad Norm: 2.617887020111084 | Elapsed Time: 107.12799096107483
Iter: 160 | Train Loss: 0.13084906339645386, Train Acc: 0.0, Train Grad Norm 1.558416724205017, | Test Loss: 0.1363343894481659, Test Acc: 0.0, Test Grad Norm: 2.1525230407714844 | Elapsed Time: 122.355309009552
Iter: 180 | Train Loss: 0.12153106927871704, Train Acc: 0.0, Train Grad Norm 1.336700201034546, | Test Loss: 0.12807710468769073, Test Acc: 0.0, Test Grad Norm: 1.9397332668304443 | Elapsed Time: 137.55472350120544
Iter: 200 | Train Loss: 0.11196880787611008, Train Acc: 0.0, Train Grad Norm 1.1133787631988525, | Test Loss: 0.11869866400957108, Test Acc: 0.0, Test Grad Norm: 1.6870622634887695 | Elapsed Time: 152.86332321166992
Iter: 220 | Train Loss: 0.1001833975315094, Train Acc: 0.0, Train Grad Norm 0.7789707183837891, | Test Loss: 0.10503906011581421, Test Acc: 0.0, Test Grad Norm: 1.2306586503982544 | Elapsed Time: 168.6013162136078
Iter: 240 | Train Loss: 0.09272351115942001, Train Acc: 0.0, Train Grad Norm 0.5701782703399658, | Test Loss: 0.09471813589334488, Test Acc: 0.0, Test Grad Norm: 0.8859833478927612 | Elapsed Time: 184.05927848815918
Iter: 260 | Train Loss: 0.08623400330543518, Train Acc: 0.0, Train Grad Norm 0.3648935854434967, | Test Loss: 0.08728715777397156, Test Acc: 0.0, Test Grad Norm: 0.6139653921127319 | Elapsed Time: 199.5743932723999
Iter: 280 | Train Loss: 0.08113259822130203, Train Acc: 0.0, Train Grad Norm 0.22381997108459473, | Test Loss: 0.07997877895832062, Test Acc: 0.0, Test Grad Norm: 0.37231171131134033 | Elapsed Time: 215.06371450424194
Iter: 300 | Train Loss: 0.0757819265127182, Train Acc: 0.0, Train Grad Norm 0.13482588529586792, | Test Loss: 0.07570502907037735, Test Acc: 0.0, Test Grad Norm: 0.27795088291168213 | Elapsed Time: 230.51585960388184
Iter: 320 | Train Loss: 0.07389017939567566, Train Acc: 0.0, Train Grad Norm 0.09953277558088303, | Test Loss: 0.07341952621936798, Test Acc: 0.0, Test Grad Norm: 0.21683336794376373 | Elapsed Time: 246.2442021369934
Iter: 340 | Train Loss: 0.07461608201265335, Train Acc: 0.0, Train Grad Norm 0.12745603919029236, | Test Loss: 0.07483401894569397, Test Acc: 0.0, Test Grad Norm: 0.27107709646224976 | Elapsed Time: 262.23225688934326
Iter: 360 | Train Loss: 0.0729968398809433, Train Acc: 0.0, Train Grad Norm 0.07330723851919174, | Test Loss: 0.0721285343170166, Test Acc: 0.0, Test Grad Norm: 0.16975337266921997 | Elapsed Time: 277.9799847602844
Iter: 380 | Train Loss: 0.07181881368160248, Train Acc: 0.0, Train Grad Norm 0.07956447452306747, | Test Loss: 0.07201158255338669, Test Acc: 0.0, Test Grad Norm: 0.19943515956401825 | Elapsed Time: 293.7977514266968
Iter: 400 | Train Loss: 0.07113844901323318, Train Acc: 0.0, Train Grad Norm 0.0934956967830658, | Test Loss: 0.07060394436120987, Test Acc: 0.0, Test Grad Norm: 0.20737990736961365 | Elapsed Time: 309.7163653373718
Iter: 420 | Train Loss: 0.06915726512670517, Train Acc: 0.0, Train Grad Norm 0.06601092219352722, | Test Loss: 0.0677148625254631, Test Acc: 0.0, Test Grad Norm: 0.14624908566474915 | Elapsed Time: 325.55420684814453
Iter: 440 | Train Loss: 0.06853536516427994, Train Acc: 0.0, Train Grad Norm 0.0396072193980217, | Test Loss: 0.06638477742671967, Test Acc: 0.0, Test Grad Norm: 0.08828187733888626 | Elapsed Time: 341.51382756233215
Iter: 460 | Train Loss: 0.06734917312860489, Train Acc: 0.0, Train Grad Norm 0.02782011218369007, | Test Loss: 0.06419702619314194, Test Acc: 0.0, Test Grad Norm: 0.03922441601753235 | Elapsed Time: 357.6126790046692
Iter: 480 | Train Loss: 0.0684565082192421, Train Acc: 0.0, Train Grad Norm 0.028870921581983566, | Test Loss: 0.06493733823299408, Test Acc: 0.0, Test Grad Norm: 0.03976913541555405 | Elapsed Time: 373.5006170272827
Iter: 500 | Train Loss: 0.06806588172912598, Train Acc: 0.0, Train Grad Norm 0.029595281928777695, | Test Loss: 0.06636177003383636, Test Acc: 0.0, Test Grad Norm: 0.0677427276968956 | Elapsed Time: 389.46587014198303
Running with c=30, seed=2
GPU Not Enabled
Learning rate eta = 1.0
The size of local train datasets:  [1652, 1652, 1651, 1651, 1651, 1651, 1651, 1651, 1651, 1651]
Shuffling 16520 0.6 -DP local randomizers results is (eps,  1e-08 )-DP in the shuffle model for eps between 0.026407269083900682 and 0.026630115236507435
The final epsilon, delta is ( 5.338746585095627 , 1e-05 )
Iter: 0 | Train Loss: 0.31991249322891235, Train Acc: 0.0, Train Grad Norm 6.385190963745117, | Test Loss: 0.3618343770503998, Test Acc: 0.0, Test Grad Norm: 9.244462966918945
Iter: 20 | Train Loss: 1.3451374769210815, Train Acc: 0.0, Train Grad Norm 19.197998046875, | Test Loss: 2.8238537311553955, Test Acc: 0.0, Test Grad Norm: 159.12168884277344 | Elapsed Time: 15.926488637924194
Patience count 1
Iter: 40 | Train Loss: 3.954058885574341, Train Acc: 0.0, Train Grad Norm 113.55703735351562, | Test Loss: 7.488056182861328, Test Acc: 0.0, Test Grad Norm: 980.7446899414062 | Elapsed Time: 31.757835149765015
Patience count 2
Iter: 60 | Train Loss: 2.882664918899536, Train Acc: 0.0, Train Grad Norm 65.52912902832031, | Test Loss: 1.851203441619873, Test Acc: 0.0, Test Grad Norm: 57.34940719604492 | Elapsed Time: 47.735400915145874
Patience count 3
Iter: 80 | Train Loss: 1.8450088500976562, Train Acc: 0.0, Train Grad Norm 40.79750442504883, | Test Loss: 3.575941324234009, Test Acc: 0.0, Test Grad Norm: 502.4750061035156 | Elapsed Time: 63.59358334541321
Learning was stopped
Learning rate eta = 0.5
The size of local train datasets:  [1652, 1652, 1651, 1651, 1651, 1651, 1651, 1651, 1651, 1651]
Shuffling 16520 0.6 -DP local randomizers results is (eps,  1e-08 )-DP in the shuffle model for eps between 0.026407269083900682 and 0.026630115236507435
The final epsilon, delta is ( 5.338746585095627 , 1e-05 )
Iter: 0 | Train Loss: 0.31991249322891235, Train Acc: 0.0, Train Grad Norm 6.385190963745117, | Test Loss: 0.3618343770503998, Test Acc: 0.0, Test Grad Norm: 9.244462966918945
Iter: 20 | Train Loss: 0.22921405732631683, Train Acc: 0.0, Train Grad Norm 3.138916492462158, | Test Loss: 0.2274789810180664, Test Acc: 0.0, Test Grad Norm: 2.845430850982666 | Elapsed Time: 15.96200680732727
Iter: 40 | Train Loss: 0.18088960647583008, Train Acc: 0.0, Train Grad Norm 0.708353579044342, | Test Loss: 0.7612757086753845, Test Acc: 0.0, Test Grad Norm: 28.562849044799805 | Elapsed Time: 31.926081657409668
Iter: 60 | Train Loss: 0.3118312954902649, Train Acc: 0.0, Train Grad Norm 1.2658613920211792, | Test Loss: 0.38030892610549927, Test Acc: 0.0, Test Grad Norm: 1.6050611734390259 | Elapsed Time: 48.018486738204956
Patience count 1
Iter: 80 | Train Loss: 0.9200299978256226, Train Acc: 0.0, Train Grad Norm 7.670474529266357, | Test Loss: 1.7776830196380615, Test Acc: 0.0, Test Grad Norm: 74.78599548339844 | Elapsed Time: 64.03931069374084
Patience count 2
Iter: 100 | Train Loss: 0.955861508846283, Train Acc: 0.0, Train Grad Norm 10.428474426269531, | Test Loss: 1.1988788843154907, Test Acc: 0.0, Test Grad Norm: 37.916717529296875 | Elapsed Time: 80.01784133911133
Patience count 3
Iter: 120 | Train Loss: 1.2185754776000977, Train Acc: 0.0, Train Grad Norm 11.202303886413574, | Test Loss: 1.5730936527252197, Test Acc: 0.0, Test Grad Norm: 44.36582565307617 | Elapsed Time: 96.09288191795349
Learning was stopped
Learning rate eta = 0.25
The size of local train datasets:  [1652, 1652, 1651, 1651, 1651, 1651, 1651, 1651, 1651, 1651]
Shuffling 16520 0.6 -DP local randomizers results is (eps,  1e-08 )-DP in the shuffle model for eps between 0.026407269083900682 and 0.026630115236507435
The final epsilon, delta is ( 5.338746585095627 , 1e-05 )
Iter: 0 | Train Loss: 0.31991249322891235, Train Acc: 0.0, Train Grad Norm 6.385190963745117, | Test Loss: 0.3618343770503998, Test Acc: 0.0, Test Grad Norm: 9.244462966918945
Iter: 20 | Train Loss: 0.18370294570922852, Train Acc: 0.0, Train Grad Norm 2.9907078742980957, | Test Loss: 0.19296926259994507, Test Acc: 0.0, Test Grad Norm: 3.700892686843872 | Elapsed Time: 15.98037314414978
Iter: 40 | Train Loss: 0.1772596687078476, Train Acc: 0.0, Train Grad Norm 2.540796995162964, | Test Loss: 0.21199654042720795, Test Acc: 0.0, Test Grad Norm: 4.871038913726807 | Elapsed Time: 31.959608793258667
Iter: 60 | Train Loss: 0.1349945068359375, Train Acc: 0.0, Train Grad Norm 1.256110668182373, | Test Loss: 0.2180142104625702, Test Acc: 0.0, Test Grad Norm: 5.705638885498047 | Elapsed Time: 47.91588735580444
Iter: 80 | Train Loss: 0.11276300996541977, Train Acc: 0.0, Train Grad Norm 0.9528607130050659, | Test Loss: 0.14138421416282654, Test Acc: 0.0, Test Grad Norm: 3.1211366653442383 | Elapsed Time: 63.981568574905396
Iter: 100 | Train Loss: 0.16835445165634155, Train Acc: 0.0, Train Grad Norm 1.0439081192016602, | Test Loss: 0.1712522655725479, Test Acc: 0.0, Test Grad Norm: 2.1894044876098633 | Elapsed Time: 80.00707387924194
Patience count 1
Iter: 120 | Train Loss: 0.1593833714723587, Train Acc: 0.0, Train Grad Norm 0.5062222480773926, | Test Loss: 0.1491159051656723, Test Acc: 0.0, Test Grad Norm: 0.4621208906173706 | Elapsed Time: 95.96640396118164
Patience count 2
Iter: 140 | Train Loss: 0.1286696195602417, Train Acc: 0.0, Train Grad Norm 0.39195719361305237, | Test Loss: 0.1228802353143692, Test Acc: 0.0, Test Grad Norm: 0.30086901783943176 | Elapsed Time: 112.0365948677063
Patience count 3
Iter: 160 | Train Loss: 0.08117115497589111, Train Acc: 0.0, Train Grad Norm 0.18470442295074463, | Test Loss: 0.07756176590919495, Test Acc: 0.0, Test Grad Norm: 0.191242977976799 | Elapsed Time: 128.048894405365
Learning was stopped
Learning rate eta = 0.125
The size of local train datasets:  [1652, 1652, 1651, 1651, 1651, 1651, 1651, 1651, 1651, 1651]
Shuffling 16520 0.6 -DP local randomizers results is (eps,  1e-08 )-DP in the shuffle model for eps between 0.026407269083900682 and 0.026630115236507435
The final epsilon, delta is ( 5.338746585095627 , 1e-05 )
Iter: 0 | Train Loss: 0.31991249322891235, Train Acc: 0.0, Train Grad Norm 6.385190963745117, | Test Loss: 0.3618343770503998, Test Acc: 0.0, Test Grad Norm: 9.244462966918945
Iter: 20 | Train Loss: 0.19790782034397125, Train Acc: 0.0, Train Grad Norm 2.951096296310425, | Test Loss: 0.19885793328285217, Test Acc: 0.0, Test Grad Norm: 3.524141311645508 | Elapsed Time: 15.969058990478516
Iter: 40 | Train Loss: 0.15295246243476868, Train Acc: 0.0, Train Grad Norm 1.8494607210159302, | Test Loss: 0.150668203830719, Test Acc: 0.0, Test Grad Norm: 2.0615622997283936 | Elapsed Time: 31.996392488479614
Iter: 60 | Train Loss: 0.09750223159790039, Train Acc: 0.0, Train Grad Norm 0.4333130121231079, | Test Loss: 0.09331969171762466, Test Acc: 0.0, Test Grad Norm: 0.531950831413269 | Elapsed Time: 47.92542314529419
Iter: 80 | Train Loss: 0.08778410404920578, Train Acc: 0.0, Train Grad Norm 0.1640027016401291, | Test Loss: 0.08204885572195053, Test Acc: 0.0, Test Grad Norm: 0.14227333664894104 | Elapsed Time: 63.87251901626587
Iter: 100 | Train Loss: 0.09525975584983826, Train Acc: 0.0, Train Grad Norm 0.09167229384183884, | Test Loss: 0.08796687424182892, Test Acc: 0.0, Test Grad Norm: 0.13974562287330627 | Elapsed Time: 79.98066449165344
Patience count 1
Iter: 120 | Train Loss: 0.08599238842725754, Train Acc: 0.0, Train Grad Norm 0.19285370409488678, | Test Loss: 0.09375959634780884, Test Acc: 0.0, Test Grad Norm: 0.5427576303482056 | Elapsed Time: 95.8811104297638
Iter: 140 | Train Loss: 0.0705767497420311, Train Acc: 0.0, Train Grad Norm 0.2435113489627838, | Test Loss: 0.09205564856529236, Test Acc: 0.0, Test Grad Norm: 0.8293449282646179 | Elapsed Time: 111.81385493278503
Iter: 160 | Train Loss: 0.07529126852750778, Train Acc: 0.0, Train Grad Norm 0.08975550532341003, | Test Loss: 0.09936093538999557, Test Acc: 0.0, Test Grad Norm: 0.6215873956680298 | Elapsed Time: 127.8998122215271
Patience count 1
Iter: 180 | Train Loss: 0.08274546265602112, Train Acc: 0.0, Train Grad Norm 0.17151540517807007, | Test Loss: 0.17021848261356354, Test Acc: 0.0, Test Grad Norm: 2.0216853618621826 | Elapsed Time: 143.81512308120728
Patience count 2
Iter: 200 | Train Loss: 0.0839996337890625, Train Acc: 0.0, Train Grad Norm 0.17952853441238403, | Test Loss: 0.18726234138011932, Test Acc: 0.0, Test Grad Norm: 2.662461996078491 | Elapsed Time: 159.76667475700378
Patience count 3
Iter: 220 | Train Loss: 0.06645554304122925, Train Acc: 0.0, Train Grad Norm 0.08443325012922287, | Test Loss: 0.1067461296916008, Test Acc: 0.0, Test Grad Norm: 1.0212218761444092 | Elapsed Time: 175.79969143867493
Learning was stopped
Learning rate eta = 0.0625
The size of local train datasets:  [1652, 1652, 1651, 1651, 1651, 1651, 1651, 1651, 1651, 1651]
Shuffling 16520 0.6 -DP local randomizers results is (eps,  1e-08 )-DP in the shuffle model for eps between 0.026407269083900682 and 0.026630115236507435
The final epsilon, delta is ( 5.338746585095627 , 1e-05 )
Iter: 0 | Train Loss: 0.31991249322891235, Train Acc: 0.0, Train Grad Norm 6.385190963745117, | Test Loss: 0.3618343770503998, Test Acc: 0.0, Test Grad Norm: 9.244462966918945
Iter: 20 | Train Loss: 0.23663212358951569, Train Acc: 0.0, Train Grad Norm 4.443856239318848, | Test Loss: 0.2679918706417084, Test Acc: 0.0, Test Grad Norm: 6.6644206047058105 | Elapsed Time: 16.112523794174194
Iter: 40 | Train Loss: 0.16613392531871796, Train Acc: 0.0, Train Grad Norm 2.7133424282073975, | Test Loss: 0.21293795108795166, Test Acc: 0.0, Test Grad Norm: 4.981059551239014 | Elapsed Time: 32.09070873260498
Iter: 60 | Train Loss: 0.1045503318309784, Train Acc: 0.0, Train Grad Norm 1.2137832641601562, | Test Loss: 0.14130404591560364, Test Acc: 0.0, Test Grad Norm: 2.827186346054077 | Elapsed Time: 47.99157118797302
Iter: 80 | Train Loss: 0.07842260599136353, Train Acc: 0.0, Train Grad Norm 0.6093670129776001, | Test Loss: 0.10219484567642212, Test Acc: 0.0, Test Grad Norm: 1.650599718093872 | Elapsed Time: 64.11735320091248
Iter: 100 | Train Loss: 0.0761600211262703, Train Acc: 0.0, Train Grad Norm 0.5323523879051208, | Test Loss: 0.09018989652395248, Test Acc: 0.0, Test Grad Norm: 1.296059489250183 | Elapsed Time: 80.1383764743805
Iter: 120 | Train Loss: 0.059010233730077744, Train Acc: 0.0, Train Grad Norm 0.11170931905508041, | Test Loss: 0.06256062537431717, Test Acc: 0.0, Test Grad Norm: 0.3324218690395355 | Elapsed Time: 96.02874183654785
Iter: 140 | Train Loss: 0.049397360533475876, Train Acc: 0.0, Train Grad Norm 0.03622424229979515, | Test Loss: 0.05240989476442337, Test Acc: 0.0, Test Grad Norm: 0.16271862387657166 | Elapsed Time: 112.14639449119568
Iter: 160 | Train Loss: 0.045787181705236435, Train Acc: 0.0, Train Grad Norm 0.02559075504541397, | Test Loss: 0.044522520154714584, Test Acc: 0.0, Test Grad Norm: 0.05594012513756752 | Elapsed Time: 128.11696791648865
Iter: 180 | Train Loss: 0.04878656193614006, Train Acc: 0.0, Train Grad Norm 0.04749948903918266, | Test Loss: 0.04757647588849068, Test Acc: 0.0, Test Grad Norm: 0.0464865043759346 | Elapsed Time: 144.10249638557434
Patience count 1
Iter: 200 | Train Loss: 0.04519078508019447, Train Acc: 0.0, Train Grad Norm 0.025164583697915077, | Test Loss: 0.0567450225353241, Test Acc: 0.0, Test Grad Norm: 0.2896571457386017 | Elapsed Time: 160.20852088928223
Iter: 220 | Train Loss: 0.04615418612957001, Train Acc: 0.0, Train Grad Norm 0.03097357600927353, | Test Loss: 0.05960474908351898, Test Acc: 0.0, Test Grad Norm: 0.28865745663642883 | Elapsed Time: 176.15586233139038
Iter: 240 | Train Loss: 0.046095144003629684, Train Acc: 0.0, Train Grad Norm 0.04293842241168022, | Test Loss: 0.06884385645389557, Test Acc: 0.0, Test Grad Norm: 0.4159914553165436 | Elapsed Time: 192.09876418113708
Iter: 260 | Train Loss: 0.04838987812399864, Train Acc: 0.0, Train Grad Norm 0.058506425470113754, | Test Loss: 0.08243600279092789, Test Acc: 0.0, Test Grad Norm: 0.6053755879402161 | Elapsed Time: 208.22721362113953
Patience count 1
Iter: 280 | Train Loss: 0.04471169412136078, Train Acc: 0.0, Train Grad Norm 0.13612870872020721, | Test Loss: 0.058507759124040604, Test Acc: 0.0, Test Grad Norm: 0.21593482792377472 | Elapsed Time: 224.2137758731842
Iter: 300 | Train Loss: 0.04753505811095238, Train Acc: 0.0, Train Grad Norm 0.21649789810180664, | Test Loss: 0.06806749105453491, Test Acc: 0.0, Test Grad Norm: 0.333319753408432 | Elapsed Time: 240.1945960521698
Patience count 1
Iter: 320 | Train Loss: 0.04608600214123726, Train Acc: 0.0, Train Grad Norm 0.26070451736450195, | Test Loss: 0.058531761169433594, Test Acc: 0.0, Test Grad Norm: 0.24561309814453125 | Elapsed Time: 256.27481150627136
Iter: 340 | Train Loss: 0.04227947071194649, Train Acc: 0.0, Train Grad Norm 0.06133493781089783, | Test Loss: 0.08481384068727493, Test Acc: 0.0, Test Grad Norm: 0.8160824179649353 | Elapsed Time: 272.379430770874
Iter: 360 | Train Loss: 0.039585866034030914, Train Acc: 0.0, Train Grad Norm 0.033552344888448715, | Test Loss: 0.07030727714300156, Test Acc: 0.0, Test Grad Norm: 0.8225117325782776 | Elapsed Time: 288.3038046360016
Iter: 380 | Train Loss: 0.0417167954146862, Train Acc: 0.0, Train Grad Norm 0.03765331208705902, | Test Loss: 0.1006707027554512, Test Acc: 0.0, Test Grad Norm: 1.7021639347076416 | Elapsed Time: 304.2059280872345
Patience count 1
Iter: 400 | Train Loss: 0.04243127256631851, Train Acc: 0.0, Train Grad Norm 0.04410818964242935, | Test Loss: 0.09258101135492325, Test Acc: 0.0, Test Grad Norm: 1.592768669128418 | Elapsed Time: 320.3514657020569
Patience count 2
Iter: 420 | Train Loss: 0.041483692824840546, Train Acc: 0.0, Train Grad Norm 0.033231306821107864, | Test Loss: 0.08882272243499756, Test Acc: 0.0, Test Grad Norm: 1.5205992460250854 | Elapsed Time: 336.2612144947052
Iter: 440 | Train Loss: 0.03621397167444229, Train Acc: 0.0, Train Grad Norm 0.021078836172819138, | Test Loss: 0.05943012237548828, Test Acc: 0.0, Test Grad Norm: 0.7493661046028137 | Elapsed Time: 352.2159073352814
Iter: 460 | Train Loss: 0.04093031585216522, Train Acc: 0.0, Train Grad Norm 0.025493836030364037, | Test Loss: 0.07839680463075638, Test Acc: 0.0, Test Grad Norm: 1.2243717908859253 | Elapsed Time: 368.35095739364624
Patience count 1
Iter: 480 | Train Loss: 0.04852303862571716, Train Acc: 0.0, Train Grad Norm 0.04841145500540733, | Test Loss: 0.09480533003807068, Test Acc: 0.0, Test Grad Norm: 1.558745265007019 | Elapsed Time: 384.3526084423065
Patience count 2
Iter: 500 | Train Loss: 0.04723023623228073, Train Acc: 0.0, Train Grad Norm 0.042636796832084656, | Test Loss: 0.08376464992761612, Test Acc: 0.0, Test Grad Norm: 1.4518917798995972 | Elapsed Time: 400.3210895061493
Patience count 3
Running with c=100, seed=2
GPU Not Enabled
Learning rate eta = 1.0
The size of local train datasets:  [1652, 1652, 1651, 1651, 1651, 1651, 1651, 1651, 1651, 1651]
Shuffling 16520 0.6 -DP local randomizers results is (eps,  1e-08 )-DP in the shuffle model for eps between 0.026407269083900682 and 0.026630115236507435
The final epsilon, delta is ( 5.338746585095627 , 1e-05 )
Iter: 0 | Train Loss: 0.31991249322891235, Train Acc: 0.0, Train Grad Norm 6.385190963745117, | Test Loss: 0.3618343770503998, Test Acc: 0.0, Test Grad Norm: 9.244462966918945
Iter: 20 | Train Loss: 0.9755051136016846, Train Acc: 0.0, Train Grad Norm 21.790369033813477, | Test Loss: 4.625341892242432, Test Acc: 0.0, Test Grad Norm: 300.9659729003906 | Elapsed Time: 15.770882606506348
Patience count 1
Iter: 40 | Train Loss: 0.5083736777305603, Train Acc: 0.0, Train Grad Norm 3.7105729579925537, | Test Loss: 0.6101959347724915, Test Acc: 0.0, Test Grad Norm: 25.973371505737305 | Elapsed Time: 31.641667127609253
Patience count 2
Iter: 60 | Train Loss: 1.3814682960510254, Train Acc: 0.0, Train Grad Norm 31.101640701293945, | Test Loss: 6.021725177764893, Test Acc: 0.0, Test Grad Norm: 1156.0157470703125 | Elapsed Time: 47.50166726112366
Patience count 3
Iter: 80 | Train Loss: 2.6370456218719482, Train Acc: 0.0, Train Grad Norm 51.967350006103516, | Test Loss: 12.519828796386719, Test Acc: 0.0, Test Grad Norm: 2553.9921875 | Elapsed Time: 63.31229901313782
Learning was stopped
Learning rate eta = 0.5
The size of local train datasets:  [1652, 1652, 1651, 1651, 1651, 1651, 1651, 1651, 1651, 1651]
Shuffling 16520 0.6 -DP local randomizers results is (eps,  1e-08 )-DP in the shuffle model for eps between 0.026407269083900682 and 0.026630115236507435
The final epsilon, delta is ( 5.338746585095627 , 1e-05 )
Iter: 0 | Train Loss: 0.31991249322891235, Train Acc: 0.0, Train Grad Norm 6.385190963745117, | Test Loss: 0.3618343770503998, Test Acc: 0.0, Test Grad Norm: 9.244462966918945
Iter: 20 | Train Loss: 0.11927666515111923, Train Acc: 0.0, Train Grad Norm 0.1621478646993637, | Test Loss: 0.13484057784080505, Test Acc: 0.0, Test Grad Norm: 0.8575292229652405 | Elapsed Time: 15.725903511047363
Iter: 40 | Train Loss: 0.16542255878448486, Train Acc: 0.0, Train Grad Norm 0.6759659051895142, | Test Loss: 0.19814692437648773, Test Acc: 0.0, Test Grad Norm: 3.8244404792785645 | Elapsed Time: 31.502277135849
Patience count 1
Iter: 60 | Train Loss: 0.21466219425201416, Train Acc: 0.0, Train Grad Norm 1.0247995853424072, | Test Loss: 0.2721306085586548, Test Acc: 0.0, Test Grad Norm: 5.813723087310791 | Elapsed Time: 47.34444999694824
Patience count 2
Iter: 80 | Train Loss: 0.28908872604370117, Train Acc: 0.0, Train Grad Norm 4.6599440574646, | Test Loss: 0.9880761504173279, Test Acc: 0.0, Test Grad Norm: 81.60001373291016 | Elapsed Time: 63.100720167160034
Patience count 3
Iter: 100 | Train Loss: 0.6102120280265808, Train Acc: 0.0, Train Grad Norm 4.377886772155762, | Test Loss: 1.2654186487197876, Test Acc: 0.0, Test Grad Norm: 114.57498168945312 | Elapsed Time: 78.86430835723877
Learning was stopped
Learning rate eta = 0.25
The size of local train datasets:  [1652, 1652, 1651, 1651, 1651, 1651, 1651, 1651, 1651, 1651]
Shuffling 16520 0.6 -DP local randomizers results is (eps,  1e-08 )-DP in the shuffle model for eps between 0.026407269083900682 and 0.026630115236507435
The final epsilon, delta is ( 5.338746585095627 , 1e-05 )
Iter: 0 | Train Loss: 0.31991249322891235, Train Acc: 0.0, Train Grad Norm 6.385190963745117, | Test Loss: 0.3618343770503998, Test Acc: 0.0, Test Grad Norm: 9.244462966918945
Iter: 20 | Train Loss: 0.15236908197402954, Train Acc: 0.0, Train Grad Norm 2.0453150272369385, | Test Loss: 0.15026700496673584, Test Acc: 0.0, Test Grad Norm: 2.291487216949463 | Elapsed Time: 16.178609609603882
Iter: 40 | Train Loss: 0.1155925914645195, Train Acc: 0.0, Train Grad Norm 0.8566998839378357, | Test Loss: 0.12391465902328491, Test Acc: 0.0, Test Grad Norm: 1.7347221374511719 | Elapsed Time: 32.18839979171753
Iter: 60 | Train Loss: 0.0784490555524826, Train Acc: 0.0, Train Grad Norm 0.1962229311466217, | Test Loss: 0.17272678017616272, Test Acc: 0.0, Test Grad Norm: 3.6922378540039062 | Elapsed Time: 47.93499493598938
Iter: 80 | Train Loss: 0.10193444043397903, Train Acc: 0.0, Train Grad Norm 0.3824731707572937, | Test Loss: 0.4266693592071533, Test Acc: 0.0, Test Grad Norm: 18.4908390045166 | Elapsed Time: 63.69955110549927
Patience count 1
Iter: 100 | Train Loss: 0.16313476860523224, Train Acc: 0.0, Train Grad Norm 0.6425912380218506, | Test Loss: 0.9795730710029602, Test Acc: 0.0, Test Grad Norm: 49.10587692260742 | Elapsed Time: 79.64694309234619
Patience count 2
Iter: 120 | Train Loss: 0.14522816240787506, Train Acc: 0.0, Train Grad Norm 0.5516111850738525, | Test Loss: 0.9328082203865051, Test Acc: 0.0, Test Grad Norm: 48.373958587646484 | Elapsed Time: 95.42438054084778
Patience count 3
Iter: 140 | Train Loss: 0.11789527535438538, Train Acc: 0.0, Train Grad Norm 0.5382533669471741, | Test Loss: 0.7257017493247986, Test Acc: 0.0, Test Grad Norm: 41.112770080566406 | Elapsed Time: 111.22591042518616
Learning was stopped
Learning rate eta = 0.125
The size of local train datasets:  [1652, 1652, 1651, 1651, 1651, 1651, 1651, 1651, 1651, 1651]
Shuffling 16520 0.6 -DP local randomizers results is (eps,  1e-08 )-DP in the shuffle model for eps between 0.026407269083900682 and 0.026630115236507435
The final epsilon, delta is ( 5.338746585095627 , 1e-05 )
Iter: 0 | Train Loss: 0.31991249322891235, Train Acc: 0.0, Train Grad Norm 6.385190963745117, | Test Loss: 0.3618343770503998, Test Acc: 0.0, Test Grad Norm: 9.244462966918945
Iter: 20 | Train Loss: 0.24154745042324066, Train Acc: 0.0, Train Grad Norm 4.721879959106445, | Test Loss: 0.2795332372188568, Test Acc: 0.0, Test Grad Norm: 6.912831783294678 | Elapsed Time: 15.893491983413696
Iter: 40 | Train Loss: 0.20718729496002197, Train Acc: 0.0, Train Grad Norm 3.710937976837158, | Test Loss: 0.2611551284790039, Test Acc: 0.0, Test Grad Norm: 6.262096405029297 | Elapsed Time: 31.696014165878296
Iter: 60 | Train Loss: 0.1314304620027542, Train Acc: 0.0, Train Grad Norm 1.5087889432907104, | Test Loss: 0.19621652364730835, Test Acc: 0.0, Test Grad Norm: 3.868748426437378 | Elapsed Time: 47.39118146896362
Iter: 80 | Train Loss: 0.09929728507995605, Train Acc: 0.0, Train Grad Norm 0.6862245798110962, | Test Loss: 0.12057358026504517, Test Acc: 0.0, Test Grad Norm: 1.6759124994277954 | Elapsed Time: 63.32459831237793
Iter: 100 | Train Loss: 0.08894038200378418, Train Acc: 0.0, Train Grad Norm 0.16451051831245422, | Test Loss: 0.09607492387294769, Test Acc: 0.0, Test Grad Norm: 0.6163606643676758 | Elapsed Time: 79.10717558860779
Iter: 120 | Train Loss: 0.08094696700572968, Train Acc: 0.0, Train Grad Norm 0.10339290648698807, | Test Loss: 0.13012979924678802, Test Acc: 0.0, Test Grad Norm: 1.6161324977874756 | Elapsed Time: 94.92680835723877
Iter: 140 | Train Loss: 0.08757907152175903, Train Acc: 0.0, Train Grad Norm 0.14301303029060364, | Test Loss: 0.16676834225654602, Test Acc: 0.0, Test Grad Norm: 3.368561267852783 | Elapsed Time: 110.80195689201355
Patience count 1
Iter: 160 | Train Loss: 0.09063667804002762, Train Acc: 0.0, Train Grad Norm 0.17576967179775238, | Test Loss: 0.1116931363940239, Test Acc: 0.0, Test Grad Norm: 1.495940089225769 | Elapsed Time: 126.70811367034912
Patience count 2
Iter: 180 | Train Loss: 0.12039976567029953, Train Acc: 0.0, Train Grad Norm 0.4141119122505188, | Test Loss: 0.08840415626764297, Test Acc: 0.0, Test Grad Norm: 0.25143203139305115 | Elapsed Time: 142.44103002548218
Patience count 3
Iter: 200 | Train Loss: 0.09165937453508377, Train Acc: 0.0, Train Grad Norm 0.17702420055866241, | Test Loss: 0.07682519406080246, Test Acc: 0.0, Test Grad Norm: 0.34310874342918396 | Elapsed Time: 158.4392442703247
Learning was stopped
Learning rate eta = 0.0625
The size of local train datasets:  [1652, 1652, 1651, 1651, 1651, 1651, 1651, 1651, 1651, 1651]
Shuffling 16520 0.6 -DP local randomizers results is (eps,  1e-08 )-DP in the shuffle model for eps between 0.026407269083900682 and 0.026630115236507435
The final epsilon, delta is ( 5.338746585095627 , 1e-05 )
Iter: 0 | Train Loss: 0.31991249322891235, Train Acc: 0.0, Train Grad Norm 6.385190963745117, | Test Loss: 0.3618343770503998, Test Acc: 0.0, Test Grad Norm: 9.244462966918945
Iter: 20 | Train Loss: 0.22914846241474152, Train Acc: 0.0, Train Grad Norm 4.116151809692383, | Test Loss: 0.2561023533344269, Test Acc: 0.0, Test Grad Norm: 6.126802444458008 | Elapsed Time: 15.91201663017273
Iter: 40 | Train Loss: 0.17630134522914886, Train Acc: 0.0, Train Grad Norm 2.8798635005950928, | Test Loss: 0.2042790651321411, Test Acc: 0.0, Test Grad Norm: 4.590427875518799 | Elapsed Time: 31.76487898826599
Iter: 60 | Train Loss: 0.14421559870243073, Train Acc: 0.0, Train Grad Norm 2.0766046047210693, | Test Loss: 0.1674136072397232, Test Acc: 0.0, Test Grad Norm: 3.363166570663452 | Elapsed Time: 47.54726600646973
Iter: 80 | Train Loss: 0.14354200661182404, Train Acc: 0.0, Train Grad Norm 1.9032185077667236, | Test Loss: 0.1792069673538208, Test Acc: 0.0, Test Grad Norm: 3.598048448562622 | Elapsed Time: 63.4341881275177
Iter: 100 | Train Loss: 0.11816877126693726, Train Acc: 0.0, Train Grad Norm 1.3460360765457153, | Test Loss: 0.17049989104270935, Test Acc: 0.0, Test Grad Norm: 3.2578370571136475 | Elapsed Time: 79.1973032951355
Iter: 120 | Train Loss: 0.10886009782552719, Train Acc: 0.0, Train Grad Norm 1.134433627128601, | Test Loss: 0.17088155448436737, Test Acc: 0.0, Test Grad Norm: 3.2218565940856934 | Elapsed Time: 94.94809222221375
Iter: 140 | Train Loss: 0.09449968487024307, Train Acc: 0.0, Train Grad Norm 0.7442521452903748, | Test Loss: 0.14933089911937714, Test Acc: 0.0, Test Grad Norm: 2.451366901397705 | Elapsed Time: 110.88882565498352
Iter: 160 | Train Loss: 0.07411341369152069, Train Acc: 0.0, Train Grad Norm 0.21553575992584229, | Test Loss: 0.09552028775215149, Test Acc: 0.0, Test Grad Norm: 0.8424813747406006 | Elapsed Time: 126.61980676651001
Iter: 180 | Train Loss: 0.06787893921136856, Train Acc: 0.0, Train Grad Norm 0.061739351600408554, | Test Loss: 0.0928671807050705, Test Acc: 0.0, Test Grad Norm: 0.6153397560119629 | Elapsed Time: 142.37948513031006
Iter: 200 | Train Loss: 0.0641455203294754, Train Acc: 0.0, Train Grad Norm 0.02999977022409439, | Test Loss: 0.10102164000272751, Test Acc: 0.0, Test Grad Norm: 0.7320189476013184 | Elapsed Time: 158.30906057357788
Iter: 220 | Train Loss: 0.06043056771159172, Train Acc: 0.0, Train Grad Norm 0.04388906806707382, | Test Loss: 0.08423397690057755, Test Acc: 0.0, Test Grad Norm: 0.4730028510093689 | Elapsed Time: 174.0915379524231
Iter: 240 | Train Loss: 0.06564696133136749, Train Acc: 0.0, Train Grad Norm 0.07575837522745132, | Test Loss: 0.09655376523733139, Test Acc: 0.0, Test Grad Norm: 0.5919687747955322 | Elapsed Time: 189.89847326278687
Patience count 1
Iter: 260 | Train Loss: 0.06379979103803635, Train Acc: 0.0, Train Grad Norm 0.11923933029174805, | Test Loss: 0.08675439655780792, Test Acc: 0.0, Test Grad Norm: 0.38217225670814514 | Elapsed Time: 205.81190252304077
Patience count 2
Iter: 280 | Train Loss: 0.06363677233457565, Train Acc: 0.0, Train Grad Norm 0.10182896256446838, | Test Loss: 0.09130740910768509, Test Acc: 0.0, Test Grad Norm: 0.4441603422164917 | Elapsed Time: 221.54479360580444
Patience count 3
Iter: 300 | Train Loss: 0.06336688995361328, Train Acc: 0.0, Train Grad Norm 0.034461576491594315, | Test Loss: 0.11646443605422974, Test Acc: 0.0, Test Grad Norm: 0.9374468922615051 | Elapsed Time: 237.2690453529358
Learning was stopped
Learning rate eta = 0.03125
The size of local train datasets:  [1652, 1652, 1651, 1651, 1651, 1651, 1651, 1651, 1651, 1651]
Shuffling 16520 0.6 -DP local randomizers results is (eps,  1e-08 )-DP in the shuffle model for eps between 0.026407269083900682 and 0.026630115236507435
The final epsilon, delta is ( 5.338746585095627 , 1e-05 )
Iter: 0 | Train Loss: 0.31991249322891235, Train Acc: 0.0, Train Grad Norm 6.385190963745117, | Test Loss: 0.3618343770503998, Test Acc: 0.0, Test Grad Norm: 9.244462966918945
Iter: 20 | Train Loss: 0.2647574841976166, Train Acc: 0.0, Train Grad Norm 5.05797004699707, | Test Loss: 0.29425299167633057, Test Acc: 0.0, Test Grad Norm: 7.207430839538574 | Elapsed Time: 15.731934070587158
Iter: 40 | Train Loss: 0.19853435456752777, Train Acc: 0.0, Train Grad Norm 3.4436264038085938, | Test Loss: 0.2164061963558197, Test Acc: 0.0, Test Grad Norm: 4.8968682289123535 | Elapsed Time: 31.62965202331543
Iter: 60 | Train Loss: 0.1679755449295044, Train Acc: 0.0, Train Grad Norm 2.6666452884674072, | Test Loss: 0.1767486035823822, Test Acc: 0.0, Test Grad Norm: 3.634364604949951 | Elapsed Time: 47.38249063491821
Iter: 80 | Train Loss: 0.13091380894184113, Train Acc: 0.0, Train Grad Norm 1.766230583190918, | Test Loss: 0.13512884080410004, Test Acc: 0.0, Test Grad Norm: 2.3931891918182373 | Elapsed Time: 63.15659213066101
Iter: 100 | Train Loss: 0.11278840899467468, Train Acc: 0.0, Train Grad Norm 1.3628966808319092, | Test Loss: 0.11685095727443695, Test Acc: 0.0, Test Grad Norm: 1.8985556364059448 | Elapsed Time: 79.05093455314636
Iter: 120 | Train Loss: 0.08240734785795212, Train Acc: 0.0, Train Grad Norm 0.610031008720398, | Test Loss: 0.08189356327056885, Test Acc: 0.0, Test Grad Norm: 0.83109450340271 | Elapsed Time: 94.80179190635681
Iter: 140 | Train Loss: 0.07929632067680359, Train Acc: 0.0, Train Grad Norm 0.5039291381835938, | Test Loss: 0.08229272812604904, Test Acc: 0.0, Test Grad Norm: 0.8531765341758728 | Elapsed Time: 110.4995846748352
Iter: 160 | Train Loss: 0.07816968858242035, Train Acc: 0.0, Train Grad Norm 0.4869612455368042, | Test Loss: 0.0804421678185463, Test Acc: 0.0, Test Grad Norm: 0.8312016725540161 | Elapsed Time: 126.30017971992493
Iter: 180 | Train Loss: 0.06648220121860504, Train Acc: 0.0, Train Grad Norm 0.2069644033908844, | Test Loss: 0.06808309257030487, Test Acc: 0.0, Test Grad Norm: 0.45453906059265137 | Elapsed Time: 141.98830270767212
Iter: 200 | Train Loss: 0.059039972722530365, Train Acc: 0.0, Train Grad Norm 0.0784463882446289, | Test Loss: 0.05914096161723137, Test Acc: 0.0, Test Grad Norm: 0.1990727186203003 | Elapsed Time: 157.72999930381775
Iter: 220 | Train Loss: 0.06198641657829285, Train Acc: 0.0, Train Grad Norm 0.059870101511478424, | Test Loss: 0.06109117716550827, Test Acc: 0.0, Test Grad Norm: 0.14705654978752136 | Elapsed Time: 173.5846655368805
Iter: 240 | Train Loss: 0.06043246388435364, Train Acc: 0.0, Train Grad Norm 0.062137916684150696, | Test Loss: 0.06402372568845749, Test Acc: 0.0, Test Grad Norm: 0.2464156299829483 | Elapsed Time: 189.30051827430725
Iter: 260 | Train Loss: 0.05856693163514137, Train Acc: 0.0, Train Grad Norm 0.03671400994062424, | Test Loss: 0.05769653990864754, Test Acc: 0.0, Test Grad Norm: 0.09898384660482407 | Elapsed Time: 205.0746715068817
Iter: 280 | Train Loss: 0.05640845373272896, Train Acc: 0.0, Train Grad Norm 0.03551320731639862, | Test Loss: 0.057749778032302856, Test Acc: 0.0, Test Grad Norm: 0.13312801718711853 | Elapsed Time: 220.9735391139984
Iter: 300 | Train Loss: 0.05314520001411438, Train Acc: 0.0, Train Grad Norm 0.02621391788125038, | Test Loss: 0.052685268223285675, Test Acc: 0.0, Test Grad Norm: 0.06578187644481659 | Elapsed Time: 236.73096370697021
Iter: 320 | Train Loss: 0.05256488174200058, Train Acc: 0.0, Train Grad Norm 0.026412729173898697, | Test Loss: 0.05248822271823883, Test Acc: 0.0, Test Grad Norm: 0.059633780270814896 | Elapsed Time: 252.47262811660767
Iter: 340 | Train Loss: 0.05511748418211937, Train Acc: 0.0, Train Grad Norm 0.03081035427749157, | Test Loss: 0.05497211217880249, Test Acc: 0.0, Test Grad Norm: 0.068025603890419 | Elapsed Time: 268.4084007740021
Iter: 360 | Train Loss: 0.05376288294792175, Train Acc: 0.0, Train Grad Norm 0.02899373136460781, | Test Loss: 0.05432463809847832, Test Acc: 0.0, Test Grad Norm: 0.08228890597820282 | Elapsed Time: 284.13517904281616
Iter: 380 | Train Loss: 0.05590534955263138, Train Acc: 0.0, Train Grad Norm 0.03357137367129326, | Test Loss: 0.054334595799446106, Test Acc: 0.0, Test Grad Norm: 0.04777200147509575 | Elapsed Time: 299.906760931015
Patience count 1
Iter: 400 | Train Loss: 0.05532580614089966, Train Acc: 0.0, Train Grad Norm 0.061225540935993195, | Test Loss: 0.053420715034008026, Test Acc: 0.0, Test Grad Norm: 0.051889240741729736 | Elapsed Time: 315.68533420562744
Patience count 2
Iter: 420 | Train Loss: 0.05948546528816223, Train Acc: 0.0, Train Grad Norm 0.13395152986049652, | Test Loss: 0.05775625258684158, Test Acc: 0.0, Test Grad Norm: 0.09973510354757309 | Elapsed Time: 331.5911912918091
Patience count 3
Iter: 440 | Train Loss: 0.0585138164460659, Train Acc: 0.0, Train Grad Norm 0.15144287049770355, | Test Loss: 0.0579688586294651, Test Acc: 0.0, Test Grad Norm: 0.10979239642620087 | Elapsed Time: 347.38967752456665
Learning was stopped
Learning rate eta = 0.015625
The size of local train datasets:  [1652, 1652, 1651, 1651, 1651, 1651, 1651, 1651, 1651, 1651]
Shuffling 16520 0.6 -DP local randomizers results is (eps,  1e-08 )-DP in the shuffle model for eps between 0.026407269083900682 and 0.026630115236507435
The final epsilon, delta is ( 5.338746585095627 , 1e-05 )
Iter: 0 | Train Loss: 0.31991249322891235, Train Acc: 0.0, Train Grad Norm 6.385190963745117, | Test Loss: 0.3618343770503998, Test Acc: 0.0, Test Grad Norm: 9.244462966918945
Iter: 20 | Train Loss: 0.2867721617221832, Train Acc: 0.0, Train Grad Norm 5.501703262329102, | Test Loss: 0.3170839846134186, Test Acc: 0.0, Test Grad Norm: 7.729921817779541 | Elapsed Time: 15.753076314926147
Iter: 40 | Train Loss: 0.2484847456216812, Train Acc: 0.0, Train Grad Norm 4.538888931274414, | Test Loss: 0.26825055480003357, Test Acc: 0.0, Test Grad Norm: 6.228691101074219 | Elapsed Time: 31.593400955200195
Iter: 60 | Train Loss: 0.22198188304901123, Train Acc: 0.0, Train Grad Norm 3.858696937561035, | Test Loss: 0.23784463107585907, Test Acc: 0.0, Test Grad Norm: 5.278712272644043 | Elapsed Time: 47.3230881690979
Iter: 80 | Train Loss: 0.20042026042938232, Train Acc: 0.0, Train Grad Norm 3.222407817840576, | Test Loss: 0.21514880657196045, Test Acc: 0.0, Test Grad Norm: 4.503846168518066 | Elapsed Time: 63.03414702415466
Iter: 100 | Train Loss: 0.18539723753929138, Train Acc: 0.0, Train Grad Norm 2.8267810344696045, | Test Loss: 0.1964949369430542, Test Acc: 0.0, Test Grad Norm: 3.913029432296753 | Elapsed Time: 78.82258176803589
Iter: 120 | Train Loss: 0.1540854424238205, Train Acc: 0.0, Train Grad Norm 2.009805917739868, | Test Loss: 0.15859311819076538, Test Acc: 0.0, Test Grad Norm: 2.7096705436706543 | Elapsed Time: 94.52293586730957
Iter: 140 | Train Loss: 0.13356509804725647, Train Acc: 0.0, Train Grad Norm 1.505997657775879, | Test Loss: 0.13355740904808044, Test Acc: 0.0, Test Grad Norm: 1.9323878288269043 | Elapsed Time: 110.24031019210815
Iter: 160 | Train Loss: 0.12779250741004944, Train Acc: 0.0, Train Grad Norm 1.3716164827346802, | Test Loss: 0.12612611055374146, Test Acc: 0.0, Test Grad Norm: 1.6947952508926392 | Elapsed Time: 126.09900689125061
Iter: 180 | Train Loss: 0.11880368739366531, Train Acc: 0.0, Train Grad Norm 1.1638128757476807, | Test Loss: 0.11702422797679901, Test Acc: 0.0, Test Grad Norm: 1.4547897577285767 | Elapsed Time: 141.75660729408264
Iter: 200 | Train Loss: 0.10937125235795975, Train Acc: 0.0, Train Grad Norm 0.9147123098373413, | Test Loss: 0.10688231140375137, Test Acc: 0.0, Test Grad Norm: 1.1446466445922852 | Elapsed Time: 157.57517623901367
Iter: 220 | Train Loss: 0.10323444753885269, Train Acc: 0.0, Train Grad Norm 0.8046115636825562, | Test Loss: 0.10034877061843872, Test Acc: 0.0, Test Grad Norm: 0.9988887310028076 | Elapsed Time: 173.29430985450745
Iter: 240 | Train Loss: 0.09652655571699142, Train Acc: 0.0, Train Grad Norm 0.6491627097129822, | Test Loss: 0.09249941259622574, Test Acc: 0.0, Test Grad Norm: 0.7571069002151489 | Elapsed Time: 189.04850244522095
Iter: 260 | Train Loss: 0.09103868901729584, Train Acc: 0.0, Train Grad Norm 0.5206394195556641, | Test Loss: 0.08646658062934875, Test Acc: 0.0, Test Grad Norm: 0.5728630423545837 | Elapsed Time: 204.70809745788574
Iter: 280 | Train Loss: 0.08380026370286942, Train Acc: 0.0, Train Grad Norm 0.337181031703949, | Test Loss: 0.07894974946975708, Test Acc: 0.0, Test Grad Norm: 0.35616716742515564 | Elapsed Time: 220.61273288726807
Iter: 300 | Train Loss: 0.08142591267824173, Train Acc: 0.0, Train Grad Norm 0.2620212733745575, | Test Loss: 0.07642040401697159, Test Acc: 0.0, Test Grad Norm: 0.26554161310195923 | Elapsed Time: 236.29774570465088
Iter: 320 | Train Loss: 0.08141351491212845, Train Acc: 0.0, Train Grad Norm 0.18896125257015228, | Test Loss: 0.07651904970407486, Test Acc: 0.0, Test Grad Norm: 0.16448691487312317 | Elapsed Time: 252.0134162902832
Iter: 340 | Train Loss: 0.0789395272731781, Train Acc: 0.0, Train Grad Norm 0.1285196989774704, | Test Loss: 0.07444411516189575, Test Acc: 0.0, Test Grad Norm: 0.10412230342626572 | Elapsed Time: 267.6725203990936
Iter: 360 | Train Loss: 0.07682448625564575, Train Acc: 0.0, Train Grad Norm 0.12303201854228973, | Test Loss: 0.0723058208823204, Test Acc: 0.0, Test Grad Norm: 0.10151952505111694 | Elapsed Time: 283.51583909988403
Iter: 380 | Train Loss: 0.07575923949480057, Train Acc: 0.0, Train Grad Norm 0.09405979514122009, | Test Loss: 0.07092222571372986, Test Acc: 0.0, Test Grad Norm: 0.07949928939342499 | Elapsed Time: 299.25892090797424
Iter: 400 | Train Loss: 0.07404409348964691, Train Acc: 0.0, Train Grad Norm 0.07654643058776855, | Test Loss: 0.06955799460411072, Test Acc: 0.0, Test Grad Norm: 0.062417104840278625 | Elapsed Time: 314.93992280960083
Iter: 420 | Train Loss: 0.0748782679438591, Train Acc: 0.0, Train Grad Norm 0.09239841252565384, | Test Loss: 0.07010644674301147, Test Acc: 0.0, Test Grad Norm: 0.0775294154882431 | Elapsed Time: 330.73615860939026
Iter: 440 | Train Loss: 0.07448586821556091, Train Acc: 0.0, Train Grad Norm 0.09185516834259033, | Test Loss: 0.07002169638872147, Test Acc: 0.0, Test Grad Norm: 0.07539825141429901 | Elapsed Time: 346.4517903327942
Iter: 460 | Train Loss: 0.07388069480657578, Train Acc: 0.0, Train Grad Norm 0.07473093271255493, | Test Loss: 0.069876529276371, Test Acc: 0.0, Test Grad Norm: 0.06183008477091789 | Elapsed Time: 362.19567608833313
Iter: 480 | Train Loss: 0.07275708764791489, Train Acc: 0.0, Train Grad Norm 0.06958145648241043, | Test Loss: 0.06871186196804047, Test Acc: 0.0, Test Grad Norm: 0.05675903707742691 | Elapsed Time: 378.02896094322205
Iter: 500 | Train Loss: 0.07062753289937973, Train Acc: 0.0, Train Grad Norm 0.08314396440982819, | Test Loss: 0.06737583875656128, Test Acc: 0.0, Test Grad Norm: 0.06594090908765793 | Elapsed Time: 393.7106635570526
