Running with c=1, seed=0
GPU Not Enabled
Learning rate eta = 1.0
The size of local train datasets:  [1652, 1652, 1651, 1651, 1651, 1651, 1651, 1651, 1651, 1651]
Shuffling 16520 1.2 -DP local randomizers results is (eps,  1e-08 )-DP in the shuffle model for eps between 0.06864230678113897 and 0.0693993910471074
The final epsilon, delta is ( 14.24881364270569 , 1e-05 )
Iter: 0 | Train Loss: 0.11002689599990845, Train Acc: 0.0, Train Grad Norm 0.21645843982696533, | Test Loss: 0.1311233788728714, Test Acc: 0.0, Test Grad Norm: 0.469361811876297
Iter: 20 | Train Loss: 0.18933095037937164, Train Acc: 0.0, Train Grad Norm 1.0897732973098755, | Test Loss: 0.23761186003684998, Test Acc: 0.0, Test Grad Norm: 2.106276750564575 | Elapsed Time: 15.694812536239624
Patience count 1
Iter: 40 | Train Loss: 0.08431509137153625, Train Acc: 0.0, Train Grad Norm 0.3384118676185608, | Test Loss: 0.08122921735048294, Test Acc: 0.0, Test Grad Norm: 0.3195440471172333 | Elapsed Time: 31.28758955001831
Iter: 60 | Train Loss: 0.14058002829551697, Train Acc: 0.0, Train Grad Norm 1.3216853141784668, | Test Loss: 0.223481222987175, Test Acc: 0.0, Test Grad Norm: 4.4033660888671875 | Elapsed Time: 47.059288024902344
Patience count 1
Iter: 80 | Train Loss: 0.10390756279230118, Train Acc: 0.0, Train Grad Norm 0.24705353379249573, | Test Loss: 0.3055061995983124, Test Acc: 0.0, Test Grad Norm: 9.00115966796875 | Elapsed Time: 62.71780610084534
Patience count 2
Iter: 100 | Train Loss: 0.3273444175720215, Train Acc: 0.0, Train Grad Norm 3.0874860286712646, | Test Loss: 1.0621222257614136, Test Acc: 0.0, Test Grad Norm: 71.55500793457031 | Elapsed Time: 78.32306933403015
Patience count 3
Iter: 120 | Train Loss: 0.7819876074790955, Train Acc: 0.0, Train Grad Norm 8.95457935333252, | Test Loss: 4.273197174072266, Test Acc: 0.0, Test Grad Norm: 488.0444641113281 | Elapsed Time: 93.9104380607605
Learning was stopped
Learning rate eta = 0.5
The size of local train datasets:  [1652, 1652, 1651, 1651, 1651, 1651, 1651, 1651, 1651, 1651]
Shuffling 16520 1.2 -DP local randomizers results is (eps,  1e-08 )-DP in the shuffle model for eps between 0.06864230678113897 and 0.0693993910471074
The final epsilon, delta is ( 14.24881364270569 , 1e-05 )
Iter: 0 | Train Loss: 0.11002689599990845, Train Acc: 0.0, Train Grad Norm 0.21645843982696533, | Test Loss: 0.1311233788728714, Test Acc: 0.0, Test Grad Norm: 0.469361811876297
Iter: 20 | Train Loss: 0.0895686224102974, Train Acc: 0.0, Train Grad Norm 0.42915236949920654, | Test Loss: 0.0850767269730568, Test Acc: 0.0, Test Grad Norm: 0.41491132974624634 | Elapsed Time: 15.730524778366089
Iter: 40 | Train Loss: 0.04264935478568077, Train Acc: 0.0, Train Grad Norm 0.0466759167611599, | Test Loss: 0.04260405898094177, Test Acc: 0.0, Test Grad Norm: 0.10933361202478409 | Elapsed Time: 31.42505121231079
Iter: 60 | Train Loss: 0.042397983372211456, Train Acc: 0.0, Train Grad Norm 0.10439226031303406, | Test Loss: 0.036808669567108154, Test Acc: 0.0, Test Grad Norm: 0.0926450788974762 | Elapsed Time: 47.076961278915405
Iter: 80 | Train Loss: 0.0460263267159462, Train Acc: 0.0, Train Grad Norm 0.32082226872444153, | Test Loss: 0.04632581025362015, Test Acc: 0.0, Test Grad Norm: 0.30976781249046326 | Elapsed Time: 62.835999727249146
Patience count 1
Iter: 100 | Train Loss: 0.052755363285541534, Train Acc: 0.0, Train Grad Norm 0.15093247592449188, | Test Loss: 0.07118600606918335, Test Acc: 0.0, Test Grad Norm: 0.6729794144630432 | Elapsed Time: 78.47161436080933
Patience count 2
Iter: 120 | Train Loss: 0.07521994411945343, Train Acc: 0.0, Train Grad Norm 0.10669904947280884, | Test Loss: 0.3211992681026459, Test Acc: 0.0, Test Grad Norm: 7.839932918548584 | Elapsed Time: 94.20828557014465
Patience count 3
Iter: 140 | Train Loss: 0.08709331601858139, Train Acc: 0.0, Train Grad Norm 0.21624542772769928, | Test Loss: 0.3733069896697998, Test Acc: 0.0, Test Grad Norm: 10.405661582946777 | Elapsed Time: 110.11516666412354
Learning was stopped
Learning rate eta = 0.25
The size of local train datasets:  [1652, 1652, 1651, 1651, 1651, 1651, 1651, 1651, 1651, 1651]
Shuffling 16520 1.2 -DP local randomizers results is (eps,  1e-08 )-DP in the shuffle model for eps between 0.06864230678113897 and 0.0693993910471074
The final epsilon, delta is ( 14.24881364270569 , 1e-05 )
Iter: 0 | Train Loss: 0.11002689599990845, Train Acc: 0.0, Train Grad Norm 0.21645843982696533, | Test Loss: 0.1311233788728714, Test Acc: 0.0, Test Grad Norm: 0.469361811876297
Iter: 20 | Train Loss: 0.09681568294763565, Train Acc: 0.0, Train Grad Norm 0.06362295895814896, | Test Loss: 0.10695876181125641, Test Acc: 0.0, Test Grad Norm: 0.15357790887355804 | Elapsed Time: 15.785992622375488
Iter: 40 | Train Loss: 0.09170818328857422, Train Acc: 0.0, Train Grad Norm 0.06399501860141754, | Test Loss: 0.09695351868867874, Test Acc: 0.0, Test Grad Norm: 0.1219044104218483 | Elapsed Time: 31.58054804801941
Iter: 60 | Train Loss: 0.08942089229822159, Train Acc: 0.0, Train Grad Norm 0.08340219408273697, | Test Loss: 0.09012424945831299, Test Acc: 0.0, Test Grad Norm: 0.1137496829032898 | Elapsed Time: 47.408647298812866
Iter: 80 | Train Loss: 0.06841620057821274, Train Acc: 0.0, Train Grad Norm 0.0753914937376976, | Test Loss: 0.07126694917678833, Test Acc: 0.0, Test Grad Norm: 0.11774417757987976 | Elapsed Time: 63.16648554801941
Iter: 100 | Train Loss: 0.055460210889577866, Train Acc: 0.0, Train Grad Norm 0.030377021059393883, | Test Loss: 0.05702828988432884, Test Acc: 0.0, Test Grad Norm: 0.05677386745810509 | Elapsed Time: 78.86795592308044
Iter: 120 | Train Loss: 0.047449640929698944, Train Acc: 0.0, Train Grad Norm 0.06459984183311462, | Test Loss: 0.0496789813041687, Test Acc: 0.0, Test Grad Norm: 0.11921676248311996 | Elapsed Time: 94.80759143829346
Iter: 140 | Train Loss: 0.042907968163490295, Train Acc: 0.0, Train Grad Norm 0.08903662860393524, | Test Loss: 0.04226497560739517, Test Acc: 0.0, Test Grad Norm: 0.10564965754747391 | Elapsed Time: 110.44520211219788
Iter: 160 | Train Loss: 0.04435142129659653, Train Acc: 0.0, Train Grad Norm 0.05550563335418701, | Test Loss: 0.04678509011864662, Test Acc: 0.0, Test Grad Norm: 0.1238943412899971 | Elapsed Time: 126.18959355354309
Iter: 180 | Train Loss: 0.04388812184333801, Train Acc: 0.0, Train Grad Norm 0.051487550139427185, | Test Loss: 0.04760605841875076, Test Acc: 0.0, Test Grad Norm: 0.1280861645936966 | Elapsed Time: 142.06099128723145
Iter: 200 | Train Loss: 0.04127403348684311, Train Acc: 0.0, Train Grad Norm 0.02908618003129959, | Test Loss: 0.05020182207226753, Test Acc: 0.0, Test Grad Norm: 0.14906829595565796 | Elapsed Time: 157.8839132785797
Iter: 220 | Train Loss: 0.0471871942281723, Train Acc: 0.0, Train Grad Norm 0.025998851284384727, | Test Loss: 0.07854560017585754, Test Acc: 0.0, Test Grad Norm: 0.35498034954071045 | Elapsed Time: 173.6311628818512
Patience count 1
Iter: 240 | Train Loss: 0.044978659600019455, Train Acc: 0.0, Train Grad Norm 0.045679058879613876, | Test Loss: 0.07226462662220001, Test Acc: 0.0, Test Grad Norm: 0.37435072660446167 | Elapsed Time: 189.38057494163513
Patience count 2
Iter: 260 | Train Loss: 0.037103939801454544, Train Acc: 0.0, Train Grad Norm 0.02970333769917488, | Test Loss: 0.058020442724227905, Test Acc: 0.0, Test Grad Norm: 0.21157532930374146 | Elapsed Time: 205.1275713443756
Iter: 280 | Train Loss: 0.03523779660463333, Train Acc: 0.0, Train Grad Norm 0.023922614753246307, | Test Loss: 0.06874364614486694, Test Acc: 0.0, Test Grad Norm: 0.39952635765075684 | Elapsed Time: 220.94375443458557
Iter: 300 | Train Loss: 0.030217459425330162, Train Acc: 0.0, Train Grad Norm 0.008348380215466022, | Test Loss: 0.03466375544667244, Test Acc: 0.0, Test Grad Norm: 0.05676135793328285 | Elapsed Time: 236.72048449516296
Iter: 320 | Train Loss: 0.04024410992860794, Train Acc: 0.0, Train Grad Norm 0.034690119326114655, | Test Loss: 0.03851208835840225, Test Acc: 0.0, Test Grad Norm: 0.03545238450169563 | Elapsed Time: 252.56922388076782
Patience count 1
Iter: 340 | Train Loss: 0.03963437303900719, Train Acc: 0.0, Train Grad Norm 0.061040639877319336, | Test Loss: 0.03780089318752289, Test Acc: 0.0, Test Grad Norm: 0.06932518631219864 | Elapsed Time: 268.2877986431122
Patience count 2
Iter: 360 | Train Loss: 0.03706498071551323, Train Acc: 0.0, Train Grad Norm 0.021672217175364494, | Test Loss: 0.0354519821703434, Test Acc: 0.0, Test Grad Norm: 0.020600920543074608 | Elapsed Time: 284.0777237415314
Patience count 3
Iter: 380 | Train Loss: 0.029732489958405495, Train Acc: 0.0, Train Grad Norm 0.021875498816370964, | Test Loss: 0.029463723301887512, Test Acc: 0.0, Test Grad Norm: 0.01528466958552599 | Elapsed Time: 299.96182322502136
Learning was stopped
Learning rate eta = 0.125
The size of local train datasets:  [1652, 1652, 1651, 1651, 1651, 1651, 1651, 1651, 1651, 1651]
Shuffling 16520 1.2 -DP local randomizers results is (eps,  1e-08 )-DP in the shuffle model for eps between 0.06864230678113897 and 0.0693993910471074
The final epsilon, delta is ( 14.24881364270569 , 1e-05 )
Iter: 0 | Train Loss: 0.11002689599990845, Train Acc: 0.0, Train Grad Norm 0.21645843982696533, | Test Loss: 0.1311233788728714, Test Acc: 0.0, Test Grad Norm: 0.469361811876297
Iter: 20 | Train Loss: 0.09594745934009552, Train Acc: 0.0, Train Grad Norm 0.17664377391338348, | Test Loss: 0.10846363008022308, Test Acc: 0.0, Test Grad Norm: 0.33800530433654785 | Elapsed Time: 18.27471089363098
Iter: 40 | Train Loss: 0.08886127173900604, Train Acc: 0.0, Train Grad Norm 0.11328282952308655, | Test Loss: 0.1043061763048172, Test Acc: 0.0, Test Grad Norm: 0.29543402791023254 | Elapsed Time: 36.592145919799805
Iter: 60 | Train Loss: 0.08272624015808105, Train Acc: 0.0, Train Grad Norm 0.07311775535345078, | Test Loss: 0.08633086830377579, Test Acc: 0.0, Test Grad Norm: 0.14045046269893646 | Elapsed Time: 55.015103578567505
Iter: 80 | Train Loss: 0.0802488699555397, Train Acc: 0.0, Train Grad Norm 0.07801240682601929, | Test Loss: 0.08111155778169632, Test Acc: 0.0, Test Grad Norm: 0.13166563212871552 | Elapsed Time: 73.22164511680603
Iter: 100 | Train Loss: 0.07322771847248077, Train Acc: 0.0, Train Grad Norm 0.030766775831580162, | Test Loss: 0.07245411723852158, Test Acc: 0.0, Test Grad Norm: 0.04138520732522011 | Elapsed Time: 91.50355553627014
Iter: 120 | Train Loss: 0.07575267553329468, Train Acc: 0.0, Train Grad Norm 0.037119507789611816, | Test Loss: 0.07444874942302704, Test Acc: 0.0, Test Grad Norm: 0.043476652354002 | Elapsed Time: 109.80200552940369
Iter: 140 | Train Loss: 0.0738770142197609, Train Acc: 0.0, Train Grad Norm 0.037034060806035995, | Test Loss: 0.07341603934764862, Test Acc: 0.0, Test Grad Norm: 0.051318421959877014 | Elapsed Time: 128.19045042991638
Iter: 160 | Train Loss: 0.06902682036161423, Train Acc: 0.0, Train Grad Norm 0.0347101129591465, | Test Loss: 0.06806110590696335, Test Acc: 0.0, Test Grad Norm: 0.036668069660663605 | Elapsed Time: 146.35982036590576
Iter: 180 | Train Loss: 0.06188781559467316, Train Acc: 0.0, Train Grad Norm 0.03887670114636421, | Test Loss: 0.06162726879119873, Test Acc: 0.0, Test Grad Norm: 0.03235645219683647 | Elapsed Time: 164.69976258277893
Iter: 200 | Train Loss: 0.06124608591198921, Train Acc: 0.0, Train Grad Norm 0.021497389301657677, | Test Loss: 0.06384874135255814, Test Acc: 0.0, Test Grad Norm: 0.024487242102622986 | Elapsed Time: 182.9800624847412
Iter: 220 | Train Loss: 0.059769511222839355, Train Acc: 0.0, Train Grad Norm 0.03559337928891182, | Test Loss: 0.06517718732357025, Test Acc: 0.0, Test Grad Norm: 0.07430927455425262 | Elapsed Time: 201.28450345993042
Iter: 240 | Train Loss: 0.055544737726449966, Train Acc: 0.0, Train Grad Norm 0.032427456229925156, | Test Loss: 0.05921394005417824, Test Acc: 0.0, Test Grad Norm: 0.06025243550539017 | Elapsed Time: 219.6596462726593
Iter: 260 | Train Loss: 0.05246131122112274, Train Acc: 0.0, Train Grad Norm 0.033286917954683304, | Test Loss: 0.06479711830615997, Test Acc: 0.0, Test Grad Norm: 0.11448975652456284 | Elapsed Time: 238.03767585754395
Iter: 280 | Train Loss: 0.05031473934650421, Train Acc: 0.0, Train Grad Norm 0.04152458906173706, | Test Loss: 0.05726929381489754, Test Acc: 0.0, Test Grad Norm: 0.08927194029092789 | Elapsed Time: 256.3220932483673
Iter: 300 | Train Loss: 0.046675991266965866, Train Acc: 0.0, Train Grad Norm 0.027991419658064842, | Test Loss: 0.05515177920460701, Test Acc: 0.0, Test Grad Norm: 0.08077032119035721 | Elapsed Time: 274.66216945648193
Iter: 320 | Train Loss: 0.04439052939414978, Train Acc: 0.0, Train Grad Norm 0.021069293841719627, | Test Loss: 0.06306003034114838, Test Acc: 0.0, Test Grad Norm: 0.14170460402965546 | Elapsed Time: 293.03083205223083
Iter: 340 | Train Loss: 0.044058796018362045, Train Acc: 0.0, Train Grad Norm 0.01427976880222559, | Test Loss: 0.06285957247018814, Test Acc: 0.0, Test Grad Norm: 0.09632642567157745 | Elapsed Time: 311.24765396118164
Iter: 360 | Train Loss: 0.04473234713077545, Train Acc: 0.0, Train Grad Norm 0.01002079900354147, | Test Loss: 0.09077662974596024, Test Acc: 0.0, Test Grad Norm: 0.2852288484573364 | Elapsed Time: 329.5507459640503
Iter: 380 | Train Loss: 0.042590875178575516, Train Acc: 0.0, Train Grad Norm 0.010445103980600834, | Test Loss: 0.09029989689588547, Test Acc: 0.0, Test Grad Norm: 0.30701467394828796 | Elapsed Time: 348.0026915073395
Iter: 400 | Train Loss: 0.04201832786202431, Train Acc: 0.0, Train Grad Norm 0.00775640644133091, | Test Loss: 0.08515512198209763, Test Acc: 0.0, Test Grad Norm: 0.24421145021915436 | Elapsed Time: 366.23228573799133
Iter: 420 | Train Loss: 0.04194452241063118, Train Acc: 0.0, Train Grad Norm 0.007845049723982811, | Test Loss: 0.08131643384695053, Test Acc: 0.0, Test Grad Norm: 0.20544733107089996 | Elapsed Time: 384.4810583591461
Iter: 440 | Train Loss: 0.039735469967126846, Train Acc: 0.0, Train Grad Norm 0.01827717199921608, | Test Loss: 0.06760351359844208, Test Acc: 0.0, Test Grad Norm: 0.13066980242729187 | Elapsed Time: 402.816490650177
Iter: 460 | Train Loss: 0.03711263835430145, Train Acc: 0.0, Train Grad Norm 0.004658439662307501, | Test Loss: 0.05610782653093338, Test Acc: 0.0, Test Grad Norm: 0.0852617621421814 | Elapsed Time: 421.01297068595886
Iter: 480 | Train Loss: 0.03477126732468605, Train Acc: 0.0, Train Grad Norm 0.0060608284547924995, | Test Loss: 0.044952038675546646, Test Acc: 0.0, Test Grad Norm: 0.045616887509822845 | Elapsed Time: 439.1782133579254
Iter: 500 | Train Loss: 0.0366520956158638, Train Acc: 0.0, Train Grad Norm 0.009827723726630211, | Test Loss: 0.05269346758723259, Test Acc: 0.0, Test Grad Norm: 0.07365147769451141 | Elapsed Time: 457.5353410243988
Patience count 1
Running with c=3, seed=0
GPU Not Enabled
Learning rate eta = 1.0
The size of local train datasets:  [1652, 1652, 1651, 1651, 1651, 1651, 1651, 1651, 1651, 1651]
Shuffling 16520 1.2 -DP local randomizers results is (eps,  1e-08 )-DP in the shuffle model for eps between 0.06864230678113897 and 0.0693993910471074
The final epsilon, delta is ( 14.24881364270569 , 1e-05 )
Iter: 0 | Train Loss: 0.11002689599990845, Train Acc: 0.0, Train Grad Norm 0.21645843982696533, | Test Loss: 0.1311233788728714, Test Acc: 0.0, Test Grad Norm: 0.469361811876297
Iter: 20 | Train Loss: 0.08526217192411423, Train Acc: 0.0, Train Grad Norm 0.33486616611480713, | Test Loss: 0.15167835354804993, Test Acc: 0.0, Test Grad Norm: 1.016241192817688 | Elapsed Time: 18.210234880447388
Iter: 40 | Train Loss: 0.0812763050198555, Train Acc: 0.0, Train Grad Norm 0.1355670541524887, | Test Loss: 0.2544398009777069, Test Acc: 0.0, Test Grad Norm: 7.598503112792969 | Elapsed Time: 36.36261868476868
Iter: 60 | Train Loss: 0.12869618833065033, Train Acc: 0.0, Train Grad Norm 0.47066444158554077, | Test Loss: 0.12835298478603363, Test Acc: 0.0, Test Grad Norm: 0.8642662167549133 | Elapsed Time: 54.71637535095215
Patience count 1
Iter: 80 | Train Loss: 0.17953449487686157, Train Acc: 0.0, Train Grad Norm 1.7802464962005615, | Test Loss: 0.18347956240177155, Test Acc: 0.0, Test Grad Norm: 1.6545449495315552 | Elapsed Time: 70.44076323509216
Patience count 2
Iter: 100 | Train Loss: 0.2564249038696289, Train Acc: 0.0, Train Grad Norm 1.1344431638717651, | Test Loss: 0.26682427525520325, Test Acc: 0.0, Test Grad Norm: 3.2970995903015137 | Elapsed Time: 86.2421760559082
Patience count 3
Iter: 120 | Train Loss: 0.3943524956703186, Train Acc: 0.0, Train Grad Norm 2.26503849029541, | Test Loss: 0.3954261243343353, Test Acc: 0.0, Test Grad Norm: 4.979104518890381 | Elapsed Time: 101.98137664794922
Learning was stopped
Learning rate eta = 0.5
The size of local train datasets:  [1652, 1652, 1651, 1651, 1651, 1651, 1651, 1651, 1651, 1651]
Shuffling 16520 1.2 -DP local randomizers results is (eps,  1e-08 )-DP in the shuffle model for eps between 0.06864230678113897 and 0.0693993910471074
The final epsilon, delta is ( 14.24881364270569 , 1e-05 )
Iter: 0 | Train Loss: 0.11002689599990845, Train Acc: 0.0, Train Grad Norm 0.21645843982696533, | Test Loss: 0.1311233788728714, Test Acc: 0.0, Test Grad Norm: 0.469361811876297
Iter: 20 | Train Loss: 0.1599195897579193, Train Acc: 0.0, Train Grad Norm 0.24917475879192352, | Test Loss: 0.14815260469913483, Test Acc: 0.0, Test Grad Norm: 0.18911084532737732 | Elapsed Time: 15.862327575683594
Patience count 1
Iter: 40 | Train Loss: 0.09070874750614166, Train Acc: 0.0, Train Grad Norm 0.44403335452079773, | Test Loss: 0.09364993125200272, Test Acc: 0.0, Test Grad Norm: 0.3585394024848938 | Elapsed Time: 31.492016315460205
Iter: 60 | Train Loss: 0.117088682949543, Train Acc: 0.0, Train Grad Norm 0.6912758946418762, | Test Loss: 0.14121118187904358, Test Acc: 0.0, Test Grad Norm: 1.4895961284637451 | Elapsed Time: 47.026960611343384
Patience count 1
Iter: 80 | Train Loss: 0.08156228065490723, Train Acc: 0.0, Train Grad Norm 0.1905134618282318, | Test Loss: 0.10202865302562714, Test Acc: 0.0, Test Grad Norm: 0.6502504944801331 | Elapsed Time: 62.751402378082275
Iter: 100 | Train Loss: 0.103798508644104, Train Acc: 0.0, Train Grad Norm 0.1425754278898239, | Test Loss: 0.1047547236084938, Test Acc: 0.0, Test Grad Norm: 0.2872840464115143 | Elapsed Time: 78.30145192146301
Patience count 1
Iter: 120 | Train Loss: 0.07394404709339142, Train Acc: 0.0, Train Grad Norm 0.09367126226425171, | Test Loss: 0.07209441065788269, Test Acc: 0.0, Test Grad Norm: 0.08410857617855072 | Elapsed Time: 93.96038556098938
Iter: 140 | Train Loss: 0.05960661917924881, Train Acc: 0.0, Train Grad Norm 0.0817023366689682, | Test Loss: 0.06431014090776443, Test Acc: 0.0, Test Grad Norm: 0.17388124763965607 | Elapsed Time: 109.64603519439697
Iter: 160 | Train Loss: 0.07049450278282166, Train Acc: 0.0, Train Grad Norm 0.15759991109371185, | Test Loss: 0.2806415855884552, Test Acc: 0.0, Test Grad Norm: 5.026741981506348 | Elapsed Time: 125.32566213607788
Patience count 1
Iter: 180 | Train Loss: 0.07632769644260406, Train Acc: 0.0, Train Grad Norm 0.17991966009140015, | Test Loss: 0.1285729706287384, Test Acc: 0.0, Test Grad Norm: 1.961715579032898 | Elapsed Time: 140.92689752578735
Patience count 2
Iter: 200 | Train Loss: 0.1166810467839241, Train Acc: 0.0, Train Grad Norm 0.7512747645378113, | Test Loss: 0.3112318217754364, Test Acc: 0.0, Test Grad Norm: 9.574235916137695 | Elapsed Time: 156.57937216758728
Patience count 3
Iter: 220 | Train Loss: 0.11245045065879822, Train Acc: 0.0, Train Grad Norm 1.1771732568740845, | Test Loss: 0.27862390875816345, Test Acc: 0.0, Test Grad Norm: 9.783374786376953 | Elapsed Time: 172.22901129722595
Learning was stopped
Learning rate eta = 0.25
The size of local train datasets:  [1652, 1652, 1651, 1651, 1651, 1651, 1651, 1651, 1651, 1651]
Shuffling 16520 1.2 -DP local randomizers results is (eps,  1e-08 )-DP in the shuffle model for eps between 0.06864230678113897 and 0.0693993910471074
The final epsilon, delta is ( 14.24881364270569 , 1e-05 )
Iter: 0 | Train Loss: 0.11002689599990845, Train Acc: 0.0, Train Grad Norm 0.21645843982696533, | Test Loss: 0.1311233788728714, Test Acc: 0.0, Test Grad Norm: 0.469361811876297
Iter: 20 | Train Loss: 0.0847092717885971, Train Acc: 0.0, Train Grad Norm 0.19447597861289978, | Test Loss: 0.10377269983291626, Test Acc: 0.0, Test Grad Norm: 0.3908584415912628 | Elapsed Time: 15.592321157455444
Iter: 40 | Train Loss: 0.07302078604698181, Train Acc: 0.0, Train Grad Norm 0.045136887580156326, | Test Loss: 0.08883814513683319, Test Acc: 0.0, Test Grad Norm: 0.13849182426929474 | Elapsed Time: 31.3690447807312
Iter: 60 | Train Loss: 0.09052328765392303, Train Acc: 0.0, Train Grad Norm 0.12809498608112335, | Test Loss: 0.08690714836120605, Test Acc: 0.0, Test Grad Norm: 0.10730191320180893 | Elapsed Time: 46.96485638618469
Patience count 1
Iter: 80 | Train Loss: 0.09010691940784454, Train Acc: 0.0, Train Grad Norm 0.10532952100038528, | Test Loss: 0.08071397244930267, Test Acc: 0.0, Test Grad Norm: 0.06601125746965408 | Elapsed Time: 62.585938692092896
Patience count 2
Iter: 100 | Train Loss: 0.09090137481689453, Train Acc: 0.0, Train Grad Norm 0.0785880982875824, | Test Loss: 0.08439511060714722, Test Acc: 0.0, Test Grad Norm: 0.05684477463364601 | Elapsed Time: 78.28850269317627
Patience count 3
Iter: 120 | Train Loss: 0.08140676468610764, Train Acc: 0.0, Train Grad Norm 0.07294484227895737, | Test Loss: 0.0763368159532547, Test Acc: 0.0, Test Grad Norm: 0.06569752097129822 | Elapsed Time: 93.87159156799316
Learning was stopped
Learning rate eta = 0.125
The size of local train datasets:  [1652, 1652, 1651, 1651, 1651, 1651, 1651, 1651, 1651, 1651]
Shuffling 16520 1.2 -DP local randomizers results is (eps,  1e-08 )-DP in the shuffle model for eps between 0.06864230678113897 and 0.0693993910471074
The final epsilon, delta is ( 14.24881364270569 , 1e-05 )
Iter: 0 | Train Loss: 0.11002689599990845, Train Acc: 0.0, Train Grad Norm 0.21645843982696533, | Test Loss: 0.1311233788728714, Test Acc: 0.0, Test Grad Norm: 0.469361811876297
Iter: 20 | Train Loss: 0.100759357213974, Train Acc: 0.0, Train Grad Norm 0.16553600132465363, | Test Loss: 0.10859381407499313, Test Acc: 0.0, Test Grad Norm: 0.28408417105674744 | Elapsed Time: 15.660316467285156
Iter: 40 | Train Loss: 0.10079117119312286, Train Acc: 0.0, Train Grad Norm 0.2604890763759613, | Test Loss: 0.10682275891304016, Test Acc: 0.0, Test Grad Norm: 0.3840816617012024 | Elapsed Time: 31.341233253479004
Iter: 60 | Train Loss: 0.08913719654083252, Train Acc: 0.0, Train Grad Norm 0.20492324233055115, | Test Loss: 0.09531388431787491, Test Acc: 0.0, Test Grad Norm: 0.3132363557815552 | Elapsed Time: 47.13501167297363
Iter: 80 | Train Loss: 0.08584184944629669, Train Acc: 0.0, Train Grad Norm 0.09655950963497162, | Test Loss: 0.09662797302007675, Test Acc: 0.0, Test Grad Norm: 0.22789274156093597 | Elapsed Time: 62.96132469177246
Iter: 100 | Train Loss: 0.0869375690817833, Train Acc: 0.0, Train Grad Norm 0.14020442962646484, | Test Loss: 0.09748976677656174, Test Acc: 0.0, Test Grad Norm: 0.294347882270813 | Elapsed Time: 78.59440207481384
Iter: 120 | Train Loss: 0.0786859542131424, Train Acc: 0.0, Train Grad Norm 0.12318956851959229, | Test Loss: 0.08995014429092407, Test Acc: 0.0, Test Grad Norm: 0.3014989495277405 | Elapsed Time: 94.36567258834839
Iter: 140 | Train Loss: 0.069886714220047, Train Acc: 0.0, Train Grad Norm 0.06515368074178696, | Test Loss: 0.07656615972518921, Test Acc: 0.0, Test Grad Norm: 0.16798169910907745 | Elapsed Time: 110.03446984291077
Iter: 160 | Train Loss: 0.07331547886133194, Train Acc: 0.0, Train Grad Norm 0.11756319552659988, | Test Loss: 0.10000329464673996, Test Acc: 0.0, Test Grad Norm: 0.48682859539985657 | Elapsed Time: 125.61723136901855
Iter: 180 | Train Loss: 0.07170864194631577, Train Acc: 0.0, Train Grad Norm 0.06760973483324051, | Test Loss: 0.10905532538890839, Test Acc: 0.0, Test Grad Norm: 0.5214383602142334 | Elapsed Time: 141.41673827171326
Iter: 200 | Train Loss: 0.06450971215963364, Train Acc: 0.0, Train Grad Norm 0.052761707454919815, | Test Loss: 0.09669588506221771, Test Acc: 0.0, Test Grad Norm: 0.4658646583557129 | Elapsed Time: 157.0733118057251
Iter: 220 | Train Loss: 0.0722593143582344, Train Acc: 0.0, Train Grad Norm 0.09354806691408157, | Test Loss: 0.1389777958393097, Test Acc: 0.0, Test Grad Norm: 1.094675064086914 | Elapsed Time: 172.69458389282227
Patience count 1
Iter: 240 | Train Loss: 0.07004565745592117, Train Acc: 0.0, Train Grad Norm 0.07097058743238449, | Test Loss: 0.14926138520240784, Test Acc: 0.0, Test Grad Norm: 1.1679660081863403 | Elapsed Time: 188.41480445861816
Patience count 2
Iter: 260 | Train Loss: 0.06850968301296234, Train Acc: 0.0, Train Grad Norm 0.051437847316265106, | Test Loss: 0.17544928193092346, Test Acc: 0.0, Test Grad Norm: 1.445199728012085 | Elapsed Time: 204.05045318603516
Patience count 3
Iter: 280 | Train Loss: 0.06111397221684456, Train Acc: 0.0, Train Grad Norm 0.04437316954135895, | Test Loss: 0.13578863441944122, Test Acc: 0.0, Test Grad Norm: 0.9797379970550537 | Elapsed Time: 219.810476064682
Learning was stopped
Learning rate eta = 0.0625
The size of local train datasets:  [1652, 1652, 1651, 1651, 1651, 1651, 1651, 1651, 1651, 1651]
Shuffling 16520 1.2 -DP local randomizers results is (eps,  1e-08 )-DP in the shuffle model for eps between 0.06864230678113897 and 0.0693993910471074
The final epsilon, delta is ( 14.24881364270569 , 1e-05 )
Iter: 0 | Train Loss: 0.11002689599990845, Train Acc: 0.0, Train Grad Norm 0.21645843982696533, | Test Loss: 0.1311233788728714, Test Acc: 0.0, Test Grad Norm: 0.469361811876297
Iter: 20 | Train Loss: 0.11010079830884933, Train Acc: 0.0, Train Grad Norm 0.17247188091278076, | Test Loss: 0.13099981844425201, Test Acc: 0.0, Test Grad Norm: 0.42151594161987305 | Elapsed Time: 15.659860372543335
Iter: 40 | Train Loss: 0.10282380878925323, Train Acc: 0.0, Train Grad Norm 0.12096410989761353, | Test Loss: 0.12684747576713562, Test Acc: 0.0, Test Grad Norm: 0.37678030133247375 | Elapsed Time: 31.374346256256104
Iter: 60 | Train Loss: 0.0971556156873703, Train Acc: 0.0, Train Grad Norm 0.09772668033838272, | Test Loss: 0.11429693549871445, Test Acc: 0.0, Test Grad Norm: 0.2769480049610138 | Elapsed Time: 46.95101594924927
Iter: 80 | Train Loss: 0.09616091847419739, Train Acc: 0.0, Train Grad Norm 0.081838458776474, | Test Loss: 0.11074598878622055, Test Acc: 0.0, Test Grad Norm: 0.23427362740039825 | Elapsed Time: 62.55256748199463
Iter: 100 | Train Loss: 0.09372372925281525, Train Acc: 0.0, Train Grad Norm 0.07176673412322998, | Test Loss: 0.10766706615686417, Test Acc: 0.0, Test Grad Norm: 0.21469269692897797 | Elapsed Time: 78.28858685493469
Iter: 120 | Train Loss: 0.09209532290697098, Train Acc: 0.0, Train Grad Norm 0.09011013060808182, | Test Loss: 0.10156571120023727, Test Acc: 0.0, Test Grad Norm: 0.21089012920856476 | Elapsed Time: 93.85049366950989
Iter: 140 | Train Loss: 0.0898752361536026, Train Acc: 0.0, Train Grad Norm 0.05720264092087746, | Test Loss: 0.10027240216732025, Test Acc: 0.0, Test Grad Norm: 0.17393755912780762 | Elapsed Time: 109.49533462524414
Iter: 160 | Train Loss: 0.08399634063243866, Train Acc: 0.0, Train Grad Norm 0.06325416266918182, | Test Loss: 0.09484276175498962, Test Acc: 0.0, Test Grad Norm: 0.18458852171897888 | Elapsed Time: 125.30961513519287
Iter: 180 | Train Loss: 0.08638355135917664, Train Acc: 0.0, Train Grad Norm 0.06597635895013809, | Test Loss: 0.09606923162937164, Test Acc: 0.0, Test Grad Norm: 0.17890213429927826 | Elapsed Time: 141.01001977920532
Iter: 200 | Train Loss: 0.08117789030075073, Train Acc: 0.0, Train Grad Norm 0.047991737723350525, | Test Loss: 0.08447438478469849, Test Acc: 0.0, Test Grad Norm: 0.1083424761891365 | Elapsed Time: 157.80380272865295
Iter: 220 | Train Loss: 0.07953036576509476, Train Acc: 0.0, Train Grad Norm 0.04381689429283142, | Test Loss: 0.0817776545882225, Test Acc: 0.0, Test Grad Norm: 0.0880090519785881 | Elapsed Time: 176.25222635269165
Iter: 240 | Train Loss: 0.07388664036989212, Train Acc: 0.0, Train Grad Norm 0.04528401792049408, | Test Loss: 0.07499058544635773, Test Acc: 0.0, Test Grad Norm: 0.08670995384454727 | Elapsed Time: 194.40431356430054
Iter: 260 | Train Loss: 0.0675124004483223, Train Acc: 0.0, Train Grad Norm 0.03569822013378143, | Test Loss: 0.06594151258468628, Test Acc: 0.0, Test Grad Norm: 0.050572339445352554 | Elapsed Time: 212.5795934200287
Iter: 280 | Train Loss: 0.06602372974157333, Train Acc: 0.0, Train Grad Norm 0.0356396809220314, | Test Loss: 0.06295883655548096, Test Acc: 0.0, Test Grad Norm: 0.03600943088531494 | Elapsed Time: 230.77447175979614
Iter: 300 | Train Loss: 0.0671091377735138, Train Acc: 0.0, Train Grad Norm 0.03545011207461357, | Test Loss: 0.06331413984298706, Test Acc: 0.0, Test Grad Norm: 0.029355810955166817 | Elapsed Time: 249.1779956817627
Iter: 320 | Train Loss: 0.06091954559087753, Train Acc: 0.0, Train Grad Norm 0.02563284896314144, | Test Loss: 0.05783344432711601, Test Acc: 0.0, Test Grad Norm: 0.018751613795757294 | Elapsed Time: 267.381795167923
Iter: 340 | Train Loss: 0.06087565794587135, Train Acc: 0.0, Train Grad Norm 0.0380195789039135, | Test Loss: 0.05753114074468613, Test Acc: 0.0, Test Grad Norm: 0.02755553647875786 | Elapsed Time: 285.5813672542572
Iter: 360 | Train Loss: 0.05925769358873367, Train Acc: 0.0, Train Grad Norm 0.02563684619963169, | Test Loss: 0.05615450441837311, Test Acc: 0.0, Test Grad Norm: 0.019002171233296394 | Elapsed Time: 303.95469188690186
Iter: 380 | Train Loss: 0.05927930399775505, Train Acc: 0.0, Train Grad Norm 0.03733014687895775, | Test Loss: 0.05599595606327057, Test Acc: 0.0, Test Grad Norm: 0.02510608546435833 | Elapsed Time: 322.1704614162445
Iter: 400 | Train Loss: 0.06123216822743416, Train Acc: 0.0, Train Grad Norm 0.066374771296978, | Test Loss: 0.05767136439681053, Test Acc: 0.0, Test Grad Norm: 0.04480903223156929 | Elapsed Time: 340.2462725639343
Iter: 420 | Train Loss: 0.056109122931957245, Train Acc: 0.0, Train Grad Norm 0.03577115014195442, | Test Loss: 0.05348432436585426, Test Acc: 0.0, Test Grad Norm: 0.022509239614009857 | Elapsed Time: 358.62899112701416
Iter: 440 | Train Loss: 0.053909122943878174, Train Acc: 0.0, Train Grad Norm 0.041411299258470535, | Test Loss: 0.052047282457351685, Test Acc: 0.0, Test Grad Norm: 0.026293931528925896 | Elapsed Time: 376.7696430683136
Iter: 460 | Train Loss: 0.05306344851851463, Train Acc: 0.0, Train Grad Norm 0.042345013469457626, | Test Loss: 0.051176805049180984, Test Acc: 0.0, Test Grad Norm: 0.02615138329565525 | Elapsed Time: 394.86497235298157
Iter: 480 | Train Loss: 0.049785077571868896, Train Acc: 0.0, Train Grad Norm 0.04966077581048012, | Test Loss: 0.049081951379776, Test Acc: 0.0, Test Grad Norm: 0.03816039115190506 | Elapsed Time: 413.263386964798
Iter: 500 | Train Loss: 0.04709047079086304, Train Acc: 0.0, Train Grad Norm 0.02351388894021511, | Test Loss: 0.04826495796442032, Test Acc: 0.0, Test Grad Norm: 0.025271518155932426 | Elapsed Time: 431.36374282836914
Running with c=10, seed=0
GPU Not Enabled
Learning rate eta = 1.0
The size of local train datasets:  [1652, 1652, 1651, 1651, 1651, 1651, 1651, 1651, 1651, 1651]
Shuffling 16520 1.2 -DP local randomizers results is (eps,  1e-08 )-DP in the shuffle model for eps between 0.06864230678113897 and 0.0693993910471074
The final epsilon, delta is ( 14.24881364270569 , 1e-05 )
Iter: 0 | Train Loss: 0.11002689599990845, Train Acc: 0.0, Train Grad Norm 0.21645843982696533, | Test Loss: 0.1311233788728714, Test Acc: 0.0, Test Grad Norm: 0.469361811876297
Iter: 20 | Train Loss: 0.10458435863256454, Train Acc: 0.0, Train Grad Norm 0.3017403185367584, | Test Loss: 0.29950958490371704, Test Acc: 0.0, Test Grad Norm: 5.33935022354126 | Elapsed Time: 15.518675804138184
Iter: 40 | Train Loss: 0.19357794523239136, Train Acc: 0.0, Train Grad Norm 1.6792988777160645, | Test Loss: 0.2321862280368805, Test Acc: 0.0, Test Grad Norm: 3.4558167457580566 | Elapsed Time: 31.049542665481567
Patience count 1
Iter: 60 | Train Loss: 0.3611004650592804, Train Acc: 0.0, Train Grad Norm 3.327913284301758, | Test Loss: 0.41801124811172485, Test Acc: 0.0, Test Grad Norm: 7.906693935394287 | Elapsed Time: 46.73467969894409
Patience count 2
Iter: 80 | Train Loss: 0.32469895482063293, Train Acc: 0.0, Train Grad Norm 2.396050453186035, | Test Loss: 1.157524824142456, Test Acc: 0.0, Test Grad Norm: 62.928428649902344 | Elapsed Time: 62.298136472702026
Patience count 3
Iter: 100 | Train Loss: 0.26084691286087036, Train Acc: 0.0, Train Grad Norm 1.2711166143417358, | Test Loss: 0.5319960117340088, Test Acc: 0.0, Test Grad Norm: 18.76991844177246 | Elapsed Time: 77.89952969551086
Learning was stopped
Learning rate eta = 0.5
The size of local train datasets:  [1652, 1652, 1651, 1651, 1651, 1651, 1651, 1651, 1651, 1651]
Shuffling 16520 1.2 -DP local randomizers results is (eps,  1e-08 )-DP in the shuffle model for eps between 0.06864230678113897 and 0.0693993910471074
The final epsilon, delta is ( 14.24881364270569 , 1e-05 )
Iter: 0 | Train Loss: 0.11002689599990845, Train Acc: 0.0, Train Grad Norm 0.21645843982696533, | Test Loss: 0.1311233788728714, Test Acc: 0.0, Test Grad Norm: 0.469361811876297
Iter: 20 | Train Loss: 0.10630488395690918, Train Acc: 0.0, Train Grad Norm 0.2074112594127655, | Test Loss: 0.12429658323526382, Test Acc: 0.0, Test Grad Norm: 0.41243675351142883 | Elapsed Time: 15.670139074325562
Iter: 40 | Train Loss: 0.09614129364490509, Train Acc: 0.0, Train Grad Norm 0.12253878265619278, | Test Loss: 0.0929640680551529, Test Acc: 0.0, Test Grad Norm: 0.112954281270504 | Elapsed Time: 31.35972023010254
Iter: 60 | Train Loss: 0.10585172474384308, Train Acc: 0.0, Train Grad Norm 0.24818600714206696, | Test Loss: 0.11684286594390869, Test Acc: 0.0, Test Grad Norm: 0.664352536201477 | Elapsed Time: 46.968544721603394
Patience count 1
Iter: 80 | Train Loss: 0.06614457815885544, Train Acc: 0.0, Train Grad Norm 0.0680830255150795, | Test Loss: 0.07992091029882431, Test Acc: 0.0, Test Grad Norm: 0.629025399684906 | Elapsed Time: 62.59702706336975
Iter: 100 | Train Loss: 0.07966339588165283, Train Acc: 0.0, Train Grad Norm 0.2996561825275421, | Test Loss: 0.0753379762172699, Test Acc: 0.0, Test Grad Norm: 0.48617544770240784 | Elapsed Time: 78.42974472045898
Patience count 1
Iter: 120 | Train Loss: 0.11384759098291397, Train Acc: 0.0, Train Grad Norm 0.1926562488079071, | Test Loss: 0.19161896407604218, Test Acc: 0.0, Test Grad Norm: 3.419612169265747 | Elapsed Time: 94.0792875289917
Patience count 2
Iter: 140 | Train Loss: 0.15090809762477875, Train Acc: 0.0, Train Grad Norm 0.5703898072242737, | Test Loss: 0.1524224430322647, Test Acc: 0.0, Test Grad Norm: 1.338134527206421 | Elapsed Time: 109.66891765594482
Patience count 3
Iter: 160 | Train Loss: 0.07931078225374222, Train Acc: 0.0, Train Grad Norm 0.06759018450975418, | Test Loss: 0.08695156872272491, Test Acc: 0.0, Test Grad Norm: 0.5440948009490967 | Elapsed Time: 125.44532346725464
Learning was stopped
Learning rate eta = 0.25
The size of local train datasets:  [1652, 1652, 1651, 1651, 1651, 1651, 1651, 1651, 1651, 1651]
Shuffling 16520 1.2 -DP local randomizers results is (eps,  1e-08 )-DP in the shuffle model for eps between 0.06864230678113897 and 0.0693993910471074
The final epsilon, delta is ( 14.24881364270569 , 1e-05 )
Iter: 0 | Train Loss: 0.11002689599990845, Train Acc: 0.0, Train Grad Norm 0.21645843982696533, | Test Loss: 0.1311233788728714, Test Acc: 0.0, Test Grad Norm: 0.469361811876297
Iter: 20 | Train Loss: 0.09021314233541489, Train Acc: 0.0, Train Grad Norm 0.09870977699756622, | Test Loss: 0.08603759109973907, Test Acc: 0.0, Test Grad Norm: 0.08826883137226105 | Elapsed Time: 15.719659328460693
Iter: 40 | Train Loss: 0.07016567885875702, Train Acc: 0.0, Train Grad Norm 0.05425567179918289, | Test Loss: 0.06888948380947113, Test Acc: 0.0, Test Grad Norm: 0.05614282563328743 | Elapsed Time: 31.324928522109985
Iter: 60 | Train Loss: 0.05978305637836456, Train Acc: 0.0, Train Grad Norm 0.03625704348087311, | Test Loss: 0.05840657651424408, Test Acc: 0.0, Test Grad Norm: 0.033268146216869354 | Elapsed Time: 46.898030281066895
Iter: 80 | Train Loss: 0.04917256161570549, Train Acc: 0.0, Train Grad Norm 0.03219841793179512, | Test Loss: 0.04795464873313904, Test Acc: 0.0, Test Grad Norm: 0.025765864178538322 | Elapsed Time: 62.55649924278259
Iter: 100 | Train Loss: 0.05409583821892738, Train Acc: 0.0, Train Grad Norm 0.039906226098537445, | Test Loss: 0.05251908302307129, Test Acc: 0.0, Test Grad Norm: 0.035861674696207047 | Elapsed Time: 78.26514959335327
Patience count 1
Iter: 120 | Train Loss: 0.03894984722137451, Train Acc: 0.0, Train Grad Norm 0.02927076444029808, | Test Loss: 0.03883146494626999, Test Acc: 0.0, Test Grad Norm: 0.025293799117207527 | Elapsed Time: 94.01854515075684
Iter: 140 | Train Loss: 0.03212812542915344, Train Acc: 0.0, Train Grad Norm 0.01778862252831459, | Test Loss: 0.032737769186496735, Test Acc: 0.0, Test Grad Norm: 0.017764544114470482 | Elapsed Time: 109.63127875328064
Iter: 160 | Train Loss: 0.03071541152894497, Train Acc: 0.0, Train Grad Norm 0.007282043341547251, | Test Loss: 0.03348766267299652, Test Acc: 0.0, Test Grad Norm: 0.02032620646059513 | Elapsed Time: 125.15092921257019
Iter: 180 | Train Loss: 0.042153242975473404, Train Acc: 0.0, Train Grad Norm 0.07142676413059235, | Test Loss: 0.047592781484127045, Test Acc: 0.0, Test Grad Norm: 0.15340447425842285 | Elapsed Time: 140.91844272613525
Patience count 1
Iter: 200 | Train Loss: 0.03247593715786934, Train Acc: 0.0, Train Grad Norm 0.048019010573625565, | Test Loss: 0.035512764006853104, Test Acc: 0.0, Test Grad Norm: 0.056379757821559906 | Elapsed Time: 156.75045490264893
Patience count 2
Iter: 220 | Train Loss: 0.02809029258787632, Train Acc: 0.0, Train Grad Norm 0.01248662918806076, | Test Loss: 0.03319469094276428, Test Acc: 0.0, Test Grad Norm: 0.043067604303359985 | Elapsed Time: 172.35459637641907
Iter: 240 | Train Loss: 0.029134072363376617, Train Acc: 0.0, Train Grad Norm 0.010278739035129547, | Test Loss: 0.034813590347766876, Test Acc: 0.0, Test Grad Norm: 0.029355045408010483 | Elapsed Time: 188.04481029510498
Iter: 260 | Train Loss: 0.02679610811173916, Train Acc: 0.0, Train Grad Norm 0.008537904359400272, | Test Loss: 0.029128432273864746, Test Acc: 0.0, Test Grad Norm: 0.0069688898511230946 | Elapsed Time: 203.77441692352295
Iter: 280 | Train Loss: 0.032162297517061234, Train Acc: 0.0, Train Grad Norm 0.019924750551581383, | Test Loss: 0.032876212149858475, Test Acc: 0.0, Test Grad Norm: 0.013527145609259605 | Elapsed Time: 219.41196537017822
Patience count 1
Iter: 300 | Train Loss: 0.03144839033484459, Train Acc: 0.0, Train Grad Norm 0.0137710589915514, | Test Loss: 0.03884512558579445, Test Acc: 0.0, Test Grad Norm: 0.03350711613893509 | Elapsed Time: 235.0658142566681
Patience count 2
Iter: 320 | Train Loss: 0.039193689823150635, Train Acc: 0.0, Train Grad Norm 0.06858184933662415, | Test Loss: 0.03987127169966698, Test Acc: 0.0, Test Grad Norm: 0.03963296115398407 | Elapsed Time: 250.84679222106934
Patience count 3
Iter: 340 | Train Loss: 0.03533467277884483, Train Acc: 0.0, Train Grad Norm 0.017768515273928642, | Test Loss: 0.03721664100885391, Test Acc: 0.0, Test Grad Norm: 0.01899341307580471 | Elapsed Time: 266.4375400543213
Learning was stopped
Learning rate eta = 0.125
The size of local train datasets:  [1652, 1652, 1651, 1651, 1651, 1651, 1651, 1651, 1651, 1651]
Shuffling 16520 1.2 -DP local randomizers results is (eps,  1e-08 )-DP in the shuffle model for eps between 0.06864230678113897 and 0.0693993910471074
The final epsilon, delta is ( 14.24881364270569 , 1e-05 )
Iter: 0 | Train Loss: 0.11002689599990845, Train Acc: 0.0, Train Grad Norm 0.21645843982696533, | Test Loss: 0.1311233788728714, Test Acc: 0.0, Test Grad Norm: 0.469361811876297
Iter: 20 | Train Loss: 0.0998791828751564, Train Acc: 0.0, Train Grad Norm 0.15428313612937927, | Test Loss: 0.1206255629658699, Test Acc: 0.0, Test Grad Norm: 0.3673357367515564 | Elapsed Time: 15.594704866409302
Iter: 40 | Train Loss: 0.0949213057756424, Train Acc: 0.0, Train Grad Norm 0.11307120323181152, | Test Loss: 0.11611056327819824, Test Acc: 0.0, Test Grad Norm: 0.33341923356056213 | Elapsed Time: 31.158523321151733
Iter: 60 | Train Loss: 0.09540825337171555, Train Acc: 0.0, Train Grad Norm 0.11934477090835571, | Test Loss: 0.12082464247941971, Test Acc: 0.0, Test Grad Norm: 0.3733367919921875 | Elapsed Time: 46.85639524459839
Iter: 80 | Train Loss: 0.08951293677091599, Train Acc: 0.0, Train Grad Norm 0.050734881311655045, | Test Loss: 0.10549993067979813, Test Acc: 0.0, Test Grad Norm: 0.16915003955364227 | Elapsed Time: 62.395562410354614
Iter: 100 | Train Loss: 0.08636076748371124, Train Acc: 0.0, Train Grad Norm 0.047446977347135544, | Test Loss: 0.10512717813253403, Test Acc: 0.0, Test Grad Norm: 0.17958027124404907 | Elapsed Time: 78.00167107582092
Iter: 120 | Train Loss: 0.08330964297056198, Train Acc: 0.0, Train Grad Norm 0.05643098056316376, | Test Loss: 0.10864730179309845, Test Acc: 0.0, Test Grad Norm: 0.24113829433918 | Elapsed Time: 93.68883872032166
Iter: 140 | Train Loss: 0.08135354518890381, Train Acc: 0.0, Train Grad Norm 0.04453973099589348, | Test Loss: 0.09303924441337585, Test Acc: 0.0, Test Grad Norm: 0.12908563017845154 | Elapsed Time: 109.31882429122925
Iter: 160 | Train Loss: 0.07651466131210327, Train Acc: 0.0, Train Grad Norm 0.04527994245290756, | Test Loss: 0.09041591733694077, Test Acc: 0.0, Test Grad Norm: 0.1387946605682373 | Elapsed Time: 127.17529463768005
Iter: 180 | Train Loss: 0.07870360463857651, Train Acc: 0.0, Train Grad Norm 0.04421664774417877, | Test Loss: 0.08936455100774765, Test Acc: 0.0, Test Grad Norm: 0.11245723068714142 | Elapsed Time: 145.43110370635986
Iter: 200 | Train Loss: 0.07092689722776413, Train Acc: 0.0, Train Grad Norm 0.0353260263800621, | Test Loss: 0.07868299633264542, Test Acc: 0.0, Test Grad Norm: 0.07197504490613937 | Elapsed Time: 163.75013041496277
Iter: 220 | Train Loss: 0.07586250454187393, Train Acc: 0.0, Train Grad Norm 0.06334336847066879, | Test Loss: 0.07874970883131027, Test Acc: 0.0, Test Grad Norm: 0.09360020607709885 | Elapsed Time: 181.94348859786987
Patience count 1
Iter: 240 | Train Loss: 0.07913000136613846, Train Acc: 0.0, Train Grad Norm 0.050637759268283844, | Test Loss: 0.07895209640264511, Test Acc: 0.0, Test Grad Norm: 0.06133199483156204 | Elapsed Time: 200.19126415252686
Patience count 2
Iter: 260 | Train Loss: 0.07386747002601624, Train Acc: 0.0, Train Grad Norm 0.05269213765859604, | Test Loss: 0.07384157180786133, Test Acc: 0.0, Test Grad Norm: 0.05797530710697174 | Elapsed Time: 218.1377456188202
Iter: 280 | Train Loss: 0.06702040880918503, Train Acc: 0.0, Train Grad Norm 0.04682296887040138, | Test Loss: 0.06541163474321365, Test Acc: 0.0, Test Grad Norm: 0.04442659020423889 | Elapsed Time: 236.33594465255737
Iter: 300 | Train Loss: 0.06563270837068558, Train Acc: 0.0, Train Grad Norm 0.06086348742246628, | Test Loss: 0.0666583999991417, Test Acc: 0.0, Test Grad Norm: 0.06454265862703323 | Elapsed Time: 254.69641518592834
Iter: 320 | Train Loss: 0.06710305064916611, Train Acc: 0.0, Train Grad Norm 0.08422598242759705, | Test Loss: 0.06832486391067505, Test Acc: 0.0, Test Grad Norm: 0.08475635200738907 | Elapsed Time: 273.0113470554352
Iter: 340 | Train Loss: 0.06639602035284042, Train Acc: 0.0, Train Grad Norm 0.10116980969905853, | Test Loss: 0.06543824821710587, Test Acc: 0.0, Test Grad Norm: 0.0936184674501419 | Elapsed Time: 291.28483295440674
Iter: 360 | Train Loss: 0.06099375709891319, Train Acc: 0.0, Train Grad Norm 0.06222634017467499, | Test Loss: 0.05898691713809967, Test Acc: 0.0, Test Grad Norm: 0.05163297802209854 | Elapsed Time: 309.5907554626465
Iter: 380 | Train Loss: 0.059463270008563995, Train Acc: 0.0, Train Grad Norm 0.03820651397109032, | Test Loss: 0.061024341732263565, Test Acc: 0.0, Test Grad Norm: 0.05831575766205788 | Elapsed Time: 327.8374538421631
Iter: 400 | Train Loss: 0.05861327052116394, Train Acc: 0.0, Train Grad Norm 0.02841024659574032, | Test Loss: 0.059300653636455536, Test Acc: 0.0, Test Grad Norm: 0.032770417630672455 | Elapsed Time: 346.1109707355499
Iter: 420 | Train Loss: 0.06369245052337646, Train Acc: 0.0, Train Grad Norm 0.04490901529788971, | Test Loss: 0.06587093323469162, Test Acc: 0.0, Test Grad Norm: 0.05154597386717796 | Elapsed Time: 364.46336364746094
Patience count 1
Iter: 440 | Train Loss: 0.061654288321733475, Train Acc: 0.0, Train Grad Norm 0.03241188824176788, | Test Loss: 0.07295256853103638, Test Acc: 0.0, Test Grad Norm: 0.12292344123125076 | Elapsed Time: 382.69709634780884
Patience count 2
Iter: 460 | Train Loss: 0.05627845227718353, Train Acc: 0.0, Train Grad Norm 0.02882416732609272, | Test Loss: 0.06895841658115387, Test Acc: 0.0, Test Grad Norm: 0.1246204599738121 | Elapsed Time: 400.94602727890015
Iter: 480 | Train Loss: 0.061139464378356934, Train Acc: 0.0, Train Grad Norm 0.04003754258155823, | Test Loss: 0.08147820085287094, Test Acc: 0.0, Test Grad Norm: 0.19320954382419586 | Elapsed Time: 419.2130196094513
Patience count 1
Iter: 500 | Train Loss: 0.058954767882823944, Train Acc: 0.0, Train Grad Norm 0.0569366030395031, | Test Loss: 0.08038792759180069, Test Acc: 0.0, Test Grad Norm: 0.20425792038440704 | Elapsed Time: 437.48101782798767
Running with c=30, seed=0
GPU Not Enabled
Learning rate eta = 1.0
The size of local train datasets:  [1652, 1652, 1651, 1651, 1651, 1651, 1651, 1651, 1651, 1651]
Shuffling 16520 1.2 -DP local randomizers results is (eps,  1e-08 )-DP in the shuffle model for eps between 0.06864230678113897 and 0.0693993910471074
The final epsilon, delta is ( 14.24881364270569 , 1e-05 )
Iter: 0 | Train Loss: 0.11002689599990845, Train Acc: 0.0, Train Grad Norm 0.21645843982696533, | Test Loss: 0.1311233788728714, Test Acc: 0.0, Test Grad Norm: 0.469361811876297
Iter: 20 | Train Loss: 0.07346255332231522, Train Acc: 0.0, Train Grad Norm 0.2140827625989914, | Test Loss: 0.07541709393262863, Test Acc: 0.0, Test Grad Norm: 0.1942598521709442 | Elapsed Time: 15.687586307525635
Iter: 40 | Train Loss: 0.17750555276870728, Train Acc: 0.0, Train Grad Norm 0.6405328512191772, | Test Loss: 0.3945375382900238, Test Acc: 0.0, Test Grad Norm: 9.052041053771973 | Elapsed Time: 31.351486682891846
Patience count 1
Iter: 60 | Train Loss: 0.3055884838104248, Train Acc: 0.0, Train Grad Norm 1.177128791809082, | Test Loss: 0.28956082463264465, Test Acc: 0.0, Test Grad Norm: 1.251906394958496 | Elapsed Time: 47.168092489242554
Patience count 2
Iter: 80 | Train Loss: 0.17119133472442627, Train Acc: 0.0, Train Grad Norm 0.5824674367904663, | Test Loss: 0.4386093318462372, Test Acc: 0.0, Test Grad Norm: 4.268779754638672 | Elapsed Time: 62.82654619216919
Patience count 3
Iter: 100 | Train Loss: 0.28634878993034363, Train Acc: 0.0, Train Grad Norm 1.152539610862732, | Test Loss: 1.3620895147323608, Test Acc: 0.0, Test Grad Norm: 76.12857818603516 | Elapsed Time: 78.52051758766174
Learning was stopped
Learning rate eta = 0.5
The size of local train datasets:  [1652, 1652, 1651, 1651, 1651, 1651, 1651, 1651, 1651, 1651]
Shuffling 16520 1.2 -DP local randomizers results is (eps,  1e-08 )-DP in the shuffle model for eps between 0.06864230678113897 and 0.0693993910471074
The final epsilon, delta is ( 14.24881364270569 , 1e-05 )
Iter: 0 | Train Loss: 0.11002689599990845, Train Acc: 0.0, Train Grad Norm 0.21645843982696533, | Test Loss: 0.1311233788728714, Test Acc: 0.0, Test Grad Norm: 0.469361811876297
Iter: 20 | Train Loss: 0.10845308005809784, Train Acc: 0.0, Train Grad Norm 0.14822134375572205, | Test Loss: 0.13041731715202332, Test Acc: 0.0, Test Grad Norm: 0.6194709539413452 | Elapsed Time: 15.609494924545288
Iter: 40 | Train Loss: 0.06762008368968964, Train Acc: 0.0, Train Grad Norm 0.1008104681968689, | Test Loss: 0.06167124956846237, Test Acc: 0.0, Test Grad Norm: 0.07265304028987885 | Elapsed Time: 31.43252658843994
Iter: 60 | Train Loss: 0.060243360698223114, Train Acc: 0.0, Train Grad Norm 0.06220059096813202, | Test Loss: 0.058005958795547485, Test Acc: 0.0, Test Grad Norm: 0.0453118234872818 | Elapsed Time: 47.14225673675537
Iter: 80 | Train Loss: 0.11088378727436066, Train Acc: 0.0, Train Grad Norm 0.33569619059562683, | Test Loss: 0.11459898203611374, Test Acc: 0.0, Test Grad Norm: 0.4622918665409088 | Elapsed Time: 62.81657838821411
Patience count 1
Iter: 100 | Train Loss: 0.10230682790279388, Train Acc: 0.0, Train Grad Norm 0.4099825322628021, | Test Loss: 0.12660659849643707, Test Acc: 0.0, Test Grad Norm: 0.690014660358429 | Elapsed Time: 78.61140656471252
Patience count 2
Iter: 120 | Train Loss: 0.06668321043252945, Train Acc: 0.0, Train Grad Norm 0.2852192223072052, | Test Loss: 0.08837328851222992, Test Acc: 0.0, Test Grad Norm: 0.8809090256690979 | Elapsed Time: 94.26030898094177
Patience count 3
Iter: 140 | Train Loss: 0.0783078595995903, Train Acc: 0.0, Train Grad Norm 0.49977365136146545, | Test Loss: 0.1127149760723114, Test Acc: 0.0, Test Grad Norm: 1.597557544708252 | Elapsed Time: 110.02038812637329
Learning was stopped
Learning rate eta = 0.25
The size of local train datasets:  [1652, 1652, 1651, 1651, 1651, 1651, 1651, 1651, 1651, 1651]
Shuffling 16520 1.2 -DP local randomizers results is (eps,  1e-08 )-DP in the shuffle model for eps between 0.06864230678113897 and 0.0693993910471074
The final epsilon, delta is ( 14.24881364270569 , 1e-05 )
Iter: 0 | Train Loss: 0.11002689599990845, Train Acc: 0.0, Train Grad Norm 0.21645843982696533, | Test Loss: 0.1311233788728714, Test Acc: 0.0, Test Grad Norm: 0.469361811876297
Iter: 20 | Train Loss: 0.09725631028413773, Train Acc: 0.0, Train Grad Norm 0.06727506220340729, | Test Loss: 0.11280859261751175, Test Acc: 0.0, Test Grad Norm: 0.20233583450317383 | Elapsed Time: 15.864441633224487
Iter: 40 | Train Loss: 0.07707659900188446, Train Acc: 0.0, Train Grad Norm 0.04671298712491989, | Test Loss: 0.10060695558786392, Test Acc: 0.0, Test Grad Norm: 0.19981706142425537 | Elapsed Time: 31.543458461761475
Iter: 60 | Train Loss: 0.08292552828788757, Train Acc: 0.0, Train Grad Norm 0.05734734982252121, | Test Loss: 0.10749921947717667, Test Acc: 0.0, Test Grad Norm: 0.2528344392776489 | Elapsed Time: 47.188756227493286
Patience count 1
Iter: 80 | Train Loss: 0.08722340315580368, Train Acc: 0.0, Train Grad Norm 0.07202372699975967, | Test Loss: 0.11737233400344849, Test Acc: 0.0, Test Grad Norm: 0.3778224587440491 | Elapsed Time: 63.074726819992065
Patience count 2
Iter: 100 | Train Loss: 0.07718992978334427, Train Acc: 0.0, Train Grad Norm 0.09026598185300827, | Test Loss: 0.11063972860574722, Test Acc: 0.0, Test Grad Norm: 0.5224788784980774 | Elapsed Time: 78.84234690666199
Iter: 120 | Train Loss: 0.09128955006599426, Train Acc: 0.0, Train Grad Norm 0.11483568698167801, | Test Loss: 0.11318087577819824, Test Acc: 0.0, Test Grad Norm: 0.5102292895317078 | Elapsed Time: 94.62022233009338
Patience count 3
Iter: 140 | Train Loss: 0.08181136101484299, Train Acc: 0.0, Train Grad Norm 0.07855392247438431, | Test Loss: 0.10990011692047119, Test Acc: 0.0, Test Grad Norm: 0.5689421892166138 | Elapsed Time: 110.45071816444397
Learning was stopped
Learning rate eta = 0.125
The size of local train datasets:  [1652, 1652, 1651, 1651, 1651, 1651, 1651, 1651, 1651, 1651]
Shuffling 16520 1.2 -DP local randomizers results is (eps,  1e-08 )-DP in the shuffle model for eps between 0.06864230678113897 and 0.0693993910471074
The final epsilon, delta is ( 14.24881364270569 , 1e-05 )
Iter: 0 | Train Loss: 0.11002689599990845, Train Acc: 0.0, Train Grad Norm 0.21645843982696533, | Test Loss: 0.1311233788728714, Test Acc: 0.0, Test Grad Norm: 0.469361811876297
Iter: 20 | Train Loss: 0.1021193116903305, Train Acc: 0.0, Train Grad Norm 0.15358395874500275, | Test Loss: 0.1089581698179245, Test Acc: 0.0, Test Grad Norm: 0.24681049585342407 | Elapsed Time: 15.737560272216797
Iter: 40 | Train Loss: 0.10380680114030838, Train Acc: 0.0, Train Grad Norm 0.10849804431200027, | Test Loss: 0.11277582496404648, Test Acc: 0.0, Test Grad Norm: 0.21686258912086487 | Elapsed Time: 31.364306688308716
Iter: 60 | Train Loss: 0.09101367741823196, Train Acc: 0.0, Train Grad Norm 0.06273279339075089, | Test Loss: 0.10664123296737671, Test Acc: 0.0, Test Grad Norm: 0.19920824468135834 | Elapsed Time: 47.08173179626465
Iter: 80 | Train Loss: 0.09188874065876007, Train Acc: 0.0, Train Grad Norm 0.05968121811747551, | Test Loss: 0.1044502705335617, Test Acc: 0.0, Test Grad Norm: 0.18993881344795227 | Elapsed Time: 62.73886156082153
Iter: 100 | Train Loss: 0.09153974801301956, Train Acc: 0.0, Train Grad Norm 0.05799195542931557, | Test Loss: 0.10891223698854446, Test Acc: 0.0, Test Grad Norm: 0.2236943244934082 | Elapsed Time: 78.37871527671814
Iter: 120 | Train Loss: 0.08454626798629761, Train Acc: 0.0, Train Grad Norm 0.04725804552435875, | Test Loss: 0.10565683245658875, Test Acc: 0.0, Test Grad Norm: 0.247854545712471 | Elapsed Time: 93.83671808242798
Iter: 140 | Train Loss: 0.07893847674131393, Train Acc: 0.0, Train Grad Norm 0.04752839356660843, | Test Loss: 0.08793379366397858, Test Acc: 0.0, Test Grad Norm: 0.15109047293663025 | Elapsed Time: 109.47851848602295
Iter: 160 | Train Loss: 0.08278065919876099, Train Acc: 0.0, Train Grad Norm 0.08982362598180771, | Test Loss: 0.09312614053487778, Test Acc: 0.0, Test Grad Norm: 0.2458023726940155 | Elapsed Time: 124.97139048576355
Iter: 180 | Train Loss: 0.07246293872594833, Train Acc: 0.0, Train Grad Norm 0.031123092398047447, | Test Loss: 0.0829123854637146, Test Acc: 0.0, Test Grad Norm: 0.14075180888175964 | Elapsed Time: 140.59982824325562
Iter: 200 | Train Loss: 0.07105842232704163, Train Acc: 0.0, Train Grad Norm 0.03277938812971115, | Test Loss: 0.07987887412309647, Test Acc: 0.0, Test Grad Norm: 0.11357078701257706 | Elapsed Time: 156.26181721687317
Iter: 220 | Train Loss: 0.08173816651105881, Train Acc: 0.0, Train Grad Norm 0.05451156571507454, | Test Loss: 0.1020817905664444, Test Acc: 0.0, Test Grad Norm: 0.2485952526330948 | Elapsed Time: 171.73734760284424
Patience count 1
Iter: 240 | Train Loss: 0.09057187288999557, Train Acc: 0.0, Train Grad Norm 0.0810202956199646, | Test Loss: 0.11964475363492966, Test Acc: 0.0, Test Grad Norm: 0.3887026309967041 | Elapsed Time: 187.28521084785461
Patience count 2
Iter: 260 | Train Loss: 0.0900249034166336, Train Acc: 0.0, Train Grad Norm 0.08999600261449814, | Test Loss: 0.11814800649881363, Test Acc: 0.0, Test Grad Norm: 0.3987385034561157 | Elapsed Time: 203.09083771705627
Patience count 3
Iter: 280 | Train Loss: 0.07544467598199844, Train Acc: 0.0, Train Grad Norm 0.0466451458632946, | Test Loss: 0.09079565107822418, Test Acc: 0.0, Test Grad Norm: 0.16979658603668213 | Elapsed Time: 218.67702436447144
Learning was stopped
Learning rate eta = 0.0625
The size of local train datasets:  [1652, 1652, 1651, 1651, 1651, 1651, 1651, 1651, 1651, 1651]
Shuffling 16520 1.2 -DP local randomizers results is (eps,  1e-08 )-DP in the shuffle model for eps between 0.06864230678113897 and 0.0693993910471074
The final epsilon, delta is ( 14.24881364270569 , 1e-05 )
Iter: 0 | Train Loss: 0.11002689599990845, Train Acc: 0.0, Train Grad Norm 0.21645843982696533, | Test Loss: 0.1311233788728714, Test Acc: 0.0, Test Grad Norm: 0.469361811876297
Iter: 20 | Train Loss: 0.10543689131736755, Train Acc: 0.0, Train Grad Norm 0.1433105617761612, | Test Loss: 0.12343776971101761, Test Acc: 0.0, Test Grad Norm: 0.34396272897720337 | Elapsed Time: 15.558851957321167
Iter: 40 | Train Loss: 0.10558950155973434, Train Acc: 0.0, Train Grad Norm 0.12056586891412735, | Test Loss: 0.12297473102807999, Test Acc: 0.0, Test Grad Norm: 0.3035503625869751 | Elapsed Time: 31.115308046340942
Iter: 60 | Train Loss: 0.10615769028663635, Train Acc: 0.0, Train Grad Norm 0.15331704914569855, | Test Loss: 0.11830725520849228, Test Acc: 0.0, Test Grad Norm: 0.2954922914505005 | Elapsed Time: 46.65345740318298
Iter: 80 | Train Loss: 0.10127593576908112, Train Acc: 0.0, Train Grad Norm 0.15223649144172668, | Test Loss: 0.11043531447649002, Test Acc: 0.0, Test Grad Norm: 0.27416661381721497 | Elapsed Time: 62.12325143814087
Iter: 100 | Train Loss: 0.09624099731445312, Train Acc: 0.0, Train Grad Norm 0.15010999143123627, | Test Loss: 0.10938984155654907, Test Acc: 0.0, Test Grad Norm: 0.31491556763648987 | Elapsed Time: 77.6041784286499
Iter: 120 | Train Loss: 0.10097004473209381, Train Acc: 0.0, Train Grad Norm 0.14705534279346466, | Test Loss: 0.11842101812362671, Test Acc: 0.0, Test Grad Norm: 0.3563081622123718 | Elapsed Time: 93.23563241958618
Iter: 140 | Train Loss: 0.0970001220703125, Train Acc: 0.0, Train Grad Norm 0.13292624056339264, | Test Loss: 0.11046276241540909, Test Acc: 0.0, Test Grad Norm: 0.2985715866088867 | Elapsed Time: 108.66774988174438
Iter: 160 | Train Loss: 0.09377845376729965, Train Acc: 0.0, Train Grad Norm 0.12801414728164673, | Test Loss: 0.10879933089017868, Test Acc: 0.0, Test Grad Norm: 0.300215482711792 | Elapsed Time: 124.11680316925049
Iter: 180 | Train Loss: 0.09492159634828568, Train Acc: 0.0, Train Grad Norm 0.16589024662971497, | Test Loss: 0.11069566011428833, Test Acc: 0.0, Test Grad Norm: 0.3597479462623596 | Elapsed Time: 139.80575156211853
Iter: 200 | Train Loss: 0.09685973823070526, Train Acc: 0.0, Train Grad Norm 0.20497070252895355, | Test Loss: 0.11612564325332642, Test Acc: 0.0, Test Grad Norm: 0.4561162292957306 | Elapsed Time: 155.3889126777649
Iter: 220 | Train Loss: 0.09270749241113663, Train Acc: 0.0, Train Grad Norm 0.13987666368484497, | Test Loss: 0.11173111945390701, Test Acc: 0.0, Test Grad Norm: 0.36124953627586365 | Elapsed Time: 170.8903615474701
Iter: 240 | Train Loss: 0.09081751853227615, Train Acc: 0.0, Train Grad Norm 0.13725337386131287, | Test Loss: 0.10665196925401688, Test Acc: 0.0, Test Grad Norm: 0.3345664441585541 | Elapsed Time: 186.48320508003235
Iter: 260 | Train Loss: 0.08617085963487625, Train Acc: 0.0, Train Grad Norm 0.12248161435127258, | Test Loss: 0.10265908390283585, Test Acc: 0.0, Test Grad Norm: 0.334126740694046 | Elapsed Time: 201.94289660453796
Iter: 280 | Train Loss: 0.08461232483386993, Train Acc: 0.0, Train Grad Norm 0.08240097761154175, | Test Loss: 0.09670769423246384, Test Acc: 0.0, Test Grad Norm: 0.24010393023490906 | Elapsed Time: 217.43162322044373
Iter: 300 | Train Loss: 0.0859149768948555, Train Acc: 0.0, Train Grad Norm 0.07691863179206848, | Test Loss: 0.10486869513988495, Test Acc: 0.0, Test Grad Norm: 0.30422255396842957 | Elapsed Time: 233.1637852191925
Iter: 320 | Train Loss: 0.08467521518468857, Train Acc: 0.0, Train Grad Norm 0.0782473087310791, | Test Loss: 0.10020358115434647, Test Acc: 0.0, Test Grad Norm: 0.26169514656066895 | Elapsed Time: 248.62527775764465
Iter: 340 | Train Loss: 0.08127747476100922, Train Acc: 0.0, Train Grad Norm 0.06075742095708847, | Test Loss: 0.09478267282247543, Test Acc: 0.0, Test Grad Norm: 0.22160498797893524 | Elapsed Time: 264.1310453414917
Iter: 360 | Train Loss: 0.07973908632993698, Train Acc: 0.0, Train Grad Norm 0.04668522626161575, | Test Loss: 0.09561632573604584, Test Acc: 0.0, Test Grad Norm: 0.22148752212524414 | Elapsed Time: 279.78695607185364
Iter: 380 | Train Loss: 0.08347764611244202, Train Acc: 0.0, Train Grad Norm 0.04515707865357399, | Test Loss: 0.10447951406240463, Test Acc: 0.0, Test Grad Norm: 0.26111748814582825 | Elapsed Time: 295.35513281822205
Iter: 400 | Train Loss: 0.08196812123060226, Train Acc: 0.0, Train Grad Norm 0.04229617118835449, | Test Loss: 0.10139106214046478, Test Acc: 0.0, Test Grad Norm: 0.2358463853597641 | Elapsed Time: 310.8013300895691
Iter: 420 | Train Loss: 0.08188077062368393, Train Acc: 0.0, Train Grad Norm 0.04486176744103432, | Test Loss: 0.10068242996931076, Test Acc: 0.0, Test Grad Norm: 0.230741947889328 | Elapsed Time: 326.32756543159485
Iter: 440 | Train Loss: 0.0772249698638916, Train Acc: 0.0, Train Grad Norm 0.038439035415649414, | Test Loss: 0.0902966856956482, Test Acc: 0.0, Test Grad Norm: 0.15533693134784698 | Elapsed Time: 342.04693245887756
Iter: 460 | Train Loss: 0.07227728515863419, Train Acc: 0.0, Train Grad Norm 0.032181598246097565, | Test Loss: 0.0839594155550003, Test Acc: 0.0, Test Grad Norm: 0.13082557916641235 | Elapsed Time: 357.5419921875
Iter: 480 | Train Loss: 0.07195551693439484, Train Acc: 0.0, Train Grad Norm 0.03270513191819191, | Test Loss: 0.08071933686733246, Test Acc: 0.0, Test Grad Norm: 0.11089572310447693 | Elapsed Time: 373.0487742424011
Iter: 500 | Train Loss: 0.07001210004091263, Train Acc: 0.0, Train Grad Norm 0.030040154233574867, | Test Loss: 0.07575414329767227, Test Acc: 0.0, Test Grad Norm: 0.07680541276931763 | Elapsed Time: 388.64174795150757
Running with c=100, seed=0
GPU Not Enabled
Learning rate eta = 1.0
The size of local train datasets:  [1652, 1652, 1651, 1651, 1651, 1651, 1651, 1651, 1651, 1651]
Shuffling 16520 1.2 -DP local randomizers results is (eps,  1e-08 )-DP in the shuffle model for eps between 0.06864230678113897 and 0.0693993910471074
The final epsilon, delta is ( 14.24881364270569 , 1e-05 )
Iter: 0 | Train Loss: 0.11002689599990845, Train Acc: 0.0, Train Grad Norm 0.21645843982696533, | Test Loss: 0.1311233788728714, Test Acc: 0.0, Test Grad Norm: 0.469361811876297
Iter: 20 | Train Loss: 0.05773887410759926, Train Acc: 0.0, Train Grad Norm 0.12088104337453842, | Test Loss: 0.08759591728448868, Test Acc: 0.0, Test Grad Norm: 0.35273054242134094 | Elapsed Time: 15.637378215789795
Iter: 40 | Train Loss: 0.06542070209980011, Train Acc: 0.0, Train Grad Norm 0.13442492485046387, | Test Loss: 0.06858641654253006, Test Acc: 0.0, Test Grad Norm: 0.15697352588176727 | Elapsed Time: 31.241000413894653
Patience count 1
Iter: 60 | Train Loss: 0.1626989096403122, Train Acc: 0.0, Train Grad Norm 0.3968621492385864, | Test Loss: 0.24569225311279297, Test Acc: 0.0, Test Grad Norm: 1.4617576599121094 | Elapsed Time: 46.92939019203186
Patience count 2
Iter: 80 | Train Loss: 0.18342450261116028, Train Acc: 0.0, Train Grad Norm 0.7110179662704468, | Test Loss: 0.9975906610488892, Test Acc: 0.0, Test Grad Norm: 30.009965896606445 | Elapsed Time: 62.547173500061035
Patience count 3
Iter: 100 | Train Loss: 0.5057899951934814, Train Acc: 0.0, Train Grad Norm 3.04547381401062, | Test Loss: 3.5502028465270996, Test Acc: 0.0, Test Grad Norm: 225.66903686523438 | Elapsed Time: 78.08982276916504
Learning was stopped
Learning rate eta = 0.5
The size of local train datasets:  [1652, 1652, 1651, 1651, 1651, 1651, 1651, 1651, 1651, 1651]
Shuffling 16520 1.2 -DP local randomizers results is (eps,  1e-08 )-DP in the shuffle model for eps between 0.06864230678113897 and 0.0693993910471074
The final epsilon, delta is ( 14.24881364270569 , 1e-05 )
Iter: 0 | Train Loss: 0.11002689599990845, Train Acc: 0.0, Train Grad Norm 0.21645843982696533, | Test Loss: 0.1311233788728714, Test Acc: 0.0, Test Grad Norm: 0.469361811876297
Iter: 20 | Train Loss: 0.11804505437612534, Train Acc: 0.0, Train Grad Norm 0.1756744682788849, | Test Loss: 0.12019753456115723, Test Acc: 0.0, Test Grad Norm: 0.2110753059387207 | Elapsed Time: 15.598896980285645
Patience count 1
Iter: 40 | Train Loss: 0.11262588948011398, Train Acc: 0.0, Train Grad Norm 0.3208027184009552, | Test Loss: 0.10010822117328644, Test Acc: 0.0, Test Grad Norm: 0.25701236724853516 | Elapsed Time: 31.426143646240234
Iter: 60 | Train Loss: 0.0756198838353157, Train Acc: 0.0, Train Grad Norm 0.19771863520145416, | Test Loss: 0.07125399261713028, Test Acc: 0.0, Test Grad Norm: 0.23378285765647888 | Elapsed Time: 47.18406319618225
Iter: 80 | Train Loss: 0.08660470694303513, Train Acc: 0.0, Train Grad Norm 0.2881675362586975, | Test Loss: 0.08683198690414429, Test Acc: 0.0, Test Grad Norm: 0.3959580659866333 | Elapsed Time: 62.848010540008545
Patience count 1
Iter: 100 | Train Loss: 0.09127412736415863, Train Acc: 0.0, Train Grad Norm 0.3963615596294403, | Test Loss: 0.12843354046344757, Test Acc: 0.0, Test Grad Norm: 1.1082183122634888 | Elapsed Time: 78.66458177566528
Patience count 2
Iter: 120 | Train Loss: 0.07350350171327591, Train Acc: 0.0, Train Grad Norm 0.18226605653762817, | Test Loss: 0.07925207167863846, Test Acc: 0.0, Test Grad Norm: 0.28612637519836426 | Elapsed Time: 94.3381736278534
Iter: 140 | Train Loss: 0.08524316549301147, Train Acc: 0.0, Train Grad Norm 0.8492767214775085, | Test Loss: 0.09886158257722855, Test Acc: 0.0, Test Grad Norm: 1.2298903465270996 | Elapsed Time: 110.02492833137512
Patience count 1
Iter: 160 | Train Loss: 0.059663090854883194, Train Acc: 0.0, Train Grad Norm 0.37590670585632324, | Test Loss: 0.06069367751479149, Test Acc: 0.0, Test Grad Norm: 0.38975563645362854 | Elapsed Time: 125.80301237106323
Iter: 180 | Train Loss: 0.04261637106537819, Train Acc: 0.0, Train Grad Norm 0.04094120115041733, | Test Loss: 0.042434580624103546, Test Acc: 0.0, Test Grad Norm: 0.06369061022996902 | Elapsed Time: 141.32713103294373
Iter: 200 | Train Loss: 0.06567778438329697, Train Acc: 0.0, Train Grad Norm 0.10611453652381897, | Test Loss: 0.20724913477897644, Test Acc: 0.0, Test Grad Norm: 4.0493597984313965 | Elapsed Time: 156.97970247268677
Patience count 1
Iter: 220 | Train Loss: 0.1027764156460762, Train Acc: 0.0, Train Grad Norm 0.4853231906890869, | Test Loss: 0.43098676204681396, Test Acc: 0.0, Test Grad Norm: 13.292479515075684 | Elapsed Time: 172.79527688026428
Patience count 2
Iter: 240 | Train Loss: 0.23093649744987488, Train Acc: 0.0, Train Grad Norm 2.2308270931243896, | Test Loss: 1.4679906368255615, Test Acc: 0.0, Test Grad Norm: 59.561893463134766 | Elapsed Time: 188.4816858768463
Patience count 3
Iter: 260 | Train Loss: 0.29156693816185, Train Acc: 0.0, Train Grad Norm 1.659138798713684, | Test Loss: 1.9012547731399536, Test Acc: 0.0, Test Grad Norm: 74.55586242675781 | Elapsed Time: 204.1085708141327
Learning was stopped
Learning rate eta = 0.25
The size of local train datasets:  [1652, 1652, 1651, 1651, 1651, 1651, 1651, 1651, 1651, 1651]
Shuffling 16520 1.2 -DP local randomizers results is (eps,  1e-08 )-DP in the shuffle model for eps between 0.06864230678113897 and 0.0693993910471074
The final epsilon, delta is ( 14.24881364270569 , 1e-05 )
Iter: 0 | Train Loss: 0.11002689599990845, Train Acc: 0.0, Train Grad Norm 0.21645843982696533, | Test Loss: 0.1311233788728714, Test Acc: 0.0, Test Grad Norm: 0.469361811876297
Iter: 20 | Train Loss: 0.10540192574262619, Train Acc: 0.0, Train Grad Norm 0.07695659250020981, | Test Loss: 0.1310868114233017, Test Acc: 0.0, Test Grad Norm: 0.3038323223590851 | Elapsed Time: 15.788124322891235
Iter: 40 | Train Loss: 0.08764537423849106, Train Acc: 0.0, Train Grad Norm 0.062455374747514725, | Test Loss: 0.11363697052001953, Test Acc: 0.0, Test Grad Norm: 0.2697392702102661 | Elapsed Time: 31.420441150665283
Iter: 60 | Train Loss: 0.07898597419261932, Train Acc: 0.0, Train Grad Norm 0.0687454491853714, | Test Loss: 0.09784509241580963, Test Acc: 0.0, Test Grad Norm: 0.22996963560581207 | Elapsed Time: 47.026209592819214
Iter: 80 | Train Loss: 0.0720020979642868, Train Acc: 0.0, Train Grad Norm 0.050067238509655, | Test Loss: 0.09475749731063843, Test Acc: 0.0, Test Grad Norm: 0.2403436005115509 | Elapsed Time: 62.609132289886475
Iter: 100 | Train Loss: 0.07623232901096344, Train Acc: 0.0, Train Grad Norm 0.0692242980003357, | Test Loss: 0.10452773422002792, Test Acc: 0.0, Test Grad Norm: 0.42227721214294434 | Elapsed Time: 78.34937238693237
Patience count 1
Iter: 120 | Train Loss: 0.07598035782575607, Train Acc: 0.0, Train Grad Norm 0.11737005412578583, | Test Loss: 0.13664638996124268, Test Acc: 0.0, Test Grad Norm: 1.4874049425125122 | Elapsed Time: 93.9928138256073
Patience count 2
Iter: 140 | Train Loss: 0.08015955984592438, Train Acc: 0.0, Train Grad Norm 0.12528136372566223, | Test Loss: 0.13874995708465576, Test Acc: 0.0, Test Grad Norm: 1.4630519151687622 | Elapsed Time: 109.6662425994873
Patience count 3
Iter: 160 | Train Loss: 0.0835615023970604, Train Acc: 0.0, Train Grad Norm 0.2505119740962982, | Test Loss: 0.15605749189853668, Test Acc: 0.0, Test Grad Norm: 2.2645962238311768 | Elapsed Time: 125.47838973999023
Learning was stopped
Learning rate eta = 0.125
The size of local train datasets:  [1652, 1652, 1651, 1651, 1651, 1651, 1651, 1651, 1651, 1651]
Shuffling 16520 1.2 -DP local randomizers results is (eps,  1e-08 )-DP in the shuffle model for eps between 0.06864230678113897 and 0.0693993910471074
The final epsilon, delta is ( 14.24881364270569 , 1e-05 )
Iter: 0 | Train Loss: 0.11002689599990845, Train Acc: 0.0, Train Grad Norm 0.21645843982696533, | Test Loss: 0.1311233788728714, Test Acc: 0.0, Test Grad Norm: 0.469361811876297
Iter: 20 | Train Loss: 0.10487581044435501, Train Acc: 0.0, Train Grad Norm 0.15604661405086517, | Test Loss: 0.11870678514242172, Test Acc: 0.0, Test Grad Norm: 0.33431801199913025 | Elapsed Time: 15.738074541091919
Iter: 40 | Train Loss: 0.1024332121014595, Train Acc: 0.0, Train Grad Norm 0.09264494478702545, | Test Loss: 0.11530153453350067, Test Acc: 0.0, Test Grad Norm: 0.24094712734222412 | Elapsed Time: 31.415366172790527
Iter: 60 | Train Loss: 0.10241947323083878, Train Acc: 0.0, Train Grad Norm 0.12930640578269958, | Test Loss: 0.1350526064634323, Test Acc: 0.0, Test Grad Norm: 0.563515305519104 | Elapsed Time: 47.12729263305664
Iter: 80 | Train Loss: 0.09595537185668945, Train Acc: 0.0, Train Grad Norm 0.12867648899555206, | Test Loss: 0.1130666509270668, Test Acc: 0.0, Test Grad Norm: 0.4494628608226776 | Elapsed Time: 62.76858997344971
Iter: 100 | Train Loss: 0.0963507667183876, Train Acc: 0.0, Train Grad Norm 0.10973942279815674, | Test Loss: 0.11375529319047928, Test Acc: 0.0, Test Grad Norm: 0.4694202244281769 | Elapsed Time: 78.49164819717407
Iter: 120 | Train Loss: 0.08790242671966553, Train Acc: 0.0, Train Grad Norm 0.07809437811374664, | Test Loss: 0.10391435772180557, Test Acc: 0.0, Test Grad Norm: 0.4095348119735718 | Elapsed Time: 94.27302050590515
Iter: 140 | Train Loss: 0.0846046432852745, Train Acc: 0.0, Train Grad Norm 0.07263024151325226, | Test Loss: 0.08946951478719711, Test Acc: 0.0, Test Grad Norm: 0.2536114752292633 | Elapsed Time: 109.90457677841187
Iter: 160 | Train Loss: 0.07606591284275055, Train Acc: 0.0, Train Grad Norm 0.05170857533812523, | Test Loss: 0.07335426658391953, Test Acc: 0.0, Test Grad Norm: 0.07214657962322235 | Elapsed Time: 125.59872055053711
Iter: 180 | Train Loss: 0.07598697394132614, Train Acc: 0.0, Train Grad Norm 0.05769402161240578, | Test Loss: 0.07205872982740402, Test Acc: 0.0, Test Grad Norm: 0.04386873543262482 | Elapsed Time: 141.22947549819946
Iter: 200 | Train Loss: 0.06516050547361374, Train Acc: 0.0, Train Grad Norm 0.04488483816385269, | Test Loss: 0.06179087236523628, Test Acc: 0.0, Test Grad Norm: 0.03457866981625557 | Elapsed Time: 157.09693694114685
Iter: 220 | Train Loss: 0.0599210299551487, Train Acc: 0.0, Train Grad Norm 0.050511814653873444, | Test Loss: 0.05591822788119316, Test Acc: 0.0, Test Grad Norm: 0.03371507674455643 | Elapsed Time: 172.73523330688477
Iter: 240 | Train Loss: 0.0536915548145771, Train Acc: 0.0, Train Grad Norm 0.03682192042469978, | Test Loss: 0.051803916692733765, Test Acc: 0.0, Test Grad Norm: 0.040007319301366806 | Elapsed Time: 188.38741207122803
Iter: 260 | Train Loss: 0.05817743390798569, Train Acc: 0.0, Train Grad Norm 0.04626253619790077, | Test Loss: 0.06435029953718185, Test Acc: 0.0, Test Grad Norm: 0.14959292113780975 | Elapsed Time: 204.27600479125977
Patience count 1
Iter: 280 | Train Loss: 0.05104793608188629, Train Acc: 0.0, Train Grad Norm 0.055094871670007706, | Test Loss: 0.0510590560734272, Test Acc: 0.0, Test Grad Norm: 0.08719232678413391 | Elapsed Time: 219.96042442321777
Iter: 300 | Train Loss: 0.04294675588607788, Train Acc: 0.0, Train Grad Norm 0.024812232702970505, | Test Loss: 0.040823835879564285, Test Acc: 0.0, Test Grad Norm: 0.014048418961465359 | Elapsed Time: 235.65783047676086
Iter: 320 | Train Loss: 0.04629645496606827, Train Acc: 0.0, Train Grad Norm 0.03806599602103233, | Test Loss: 0.0463666133582592, Test Acc: 0.0, Test Grad Norm: 0.061815135180950165 | Elapsed Time: 251.48059964179993
Patience count 1
Iter: 340 | Train Loss: 0.039846159517765045, Train Acc: 0.0, Train Grad Norm 0.026063408702611923, | Test Loss: 0.03898460790514946, Test Acc: 0.0, Test Grad Norm: 0.017526499927043915 | Elapsed Time: 267.2424433231354
Iter: 360 | Train Loss: 0.04451519995927811, Train Acc: 0.0, Train Grad Norm 0.0641879066824913, | Test Loss: 0.042688194662332535, Test Acc: 0.0, Test Grad Norm: 0.04895266517996788 | Elapsed Time: 282.9106876850128
Patience count 1
Iter: 380 | Train Loss: 0.03981133922934532, Train Acc: 0.0, Train Grad Norm 0.047332681715488434, | Test Loss: 0.04089915007352829, Test Acc: 0.0, Test Grad Norm: 0.03926534950733185 | Elapsed Time: 298.7334234714508
Iter: 400 | Train Loss: 0.039399534463882446, Train Acc: 0.0, Train Grad Norm 0.02042347937822342, | Test Loss: 0.05450981855392456, Test Acc: 0.0, Test Grad Norm: 0.2543906271457672 | Elapsed Time: 314.4400043487549
Iter: 420 | Train Loss: 0.03566114231944084, Train Acc: 0.0, Train Grad Norm 0.011893930844962597, | Test Loss: 0.044805023819208145, Test Acc: 0.0, Test Grad Norm: 0.13763609528541565 | Elapsed Time: 330.1099181175232
Iter: 440 | Train Loss: 0.03204087167978287, Train Acc: 0.0, Train Grad Norm 0.01042127050459385, | Test Loss: 0.036572400480508804, Test Acc: 0.0, Test Grad Norm: 0.06595782935619354 | Elapsed Time: 345.8657808303833
Iter: 460 | Train Loss: 0.0330161526799202, Train Acc: 0.0, Train Grad Norm 0.016999665647745132, | Test Loss: 0.045033372938632965, Test Acc: 0.0, Test Grad Norm: 0.20269019901752472 | Elapsed Time: 361.5155487060547
Iter: 480 | Train Loss: 0.033484529703855515, Train Acc: 0.0, Train Grad Norm 0.016872553154826164, | Test Loss: 0.06006010249257088, Test Acc: 0.0, Test Grad Norm: 0.4090641140937805 | Elapsed Time: 377.2602756023407
Iter: 500 | Train Loss: 0.0336412638425827, Train Acc: 0.0, Train Grad Norm 0.0076829856261610985, | Test Loss: 0.05087601765990257, Test Acc: 0.0, Test Grad Norm: 0.2251460701227188 | Elapsed Time: 393.0663435459137
