Running with c=1, seed=2
GPU Not Enabled
Learning rate eta = 1.0
The size of local train datasets:  [1652, 1652, 1651, 1651, 1651, 1651, 1651, 1651, 1651, 1651]
Shuffling 16520 1.8 -DP local randomizers results is (eps,  1e-08 )-DP in the shuffle model for eps between 0.1263707785001379 and 0.12923354694512484
The final epsilon, delta is ( 26.93146250530808 , 1e-05 )
Iter: 0 | Train Loss: 0.31991249322891235, Train Acc: 0.0, Train Grad Norm 6.385190963745117, | Test Loss: 0.3618343770503998, Test Acc: 0.0, Test Grad Norm: 9.244462966918945
Iter: 20 | Train Loss: 0.09083811938762665, Train Acc: 0.0, Train Grad Norm 0.14570730924606323, | Test Loss: 0.24862591922283173, Test Acc: 0.0, Test Grad Norm: 2.389014959335327 | Elapsed Time: 15.64941930770874
Iter: 40 | Train Loss: 0.093551404774189, Train Acc: 0.0, Train Grad Norm 0.26728537678718567, | Test Loss: 0.1886807382106781, Test Acc: 0.0, Test Grad Norm: 3.7470264434814453 | Elapsed Time: 31.216827869415283
Iter: 60 | Train Loss: 0.11313477158546448, Train Acc: 0.0, Train Grad Norm 0.3827682435512543, | Test Loss: 0.0997137799859047, Test Acc: 0.0, Test Grad Norm: 0.31422683596611023 | Elapsed Time: 46.73697853088379
Patience count 1
Iter: 80 | Train Loss: 0.1748449057340622, Train Acc: 0.0, Train Grad Norm 0.7426286339759827, | Test Loss: 0.16608281433582306, Test Acc: 0.0, Test Grad Norm: 1.0138424634933472 | Elapsed Time: 62.213578939437866
Patience count 2
Iter: 100 | Train Loss: 0.11642023921012878, Train Acc: 0.0, Train Grad Norm 0.18860691785812378, | Test Loss: 0.14120902121067047, Test Acc: 0.0, Test Grad Norm: 1.044924020767212 | Elapsed Time: 77.81858968734741
Patience count 3
Iter: 120 | Train Loss: 0.19490370154380798, Train Acc: 0.0, Train Grad Norm 0.932505190372467, | Test Loss: 0.2220415621995926, Test Acc: 0.0, Test Grad Norm: 3.515145778656006 | Elapsed Time: 93.22966074943542
Learning was stopped
Learning rate eta = 0.5
The size of local train datasets:  [1652, 1652, 1651, 1651, 1651, 1651, 1651, 1651, 1651, 1651]
Shuffling 16520 1.8 -DP local randomizers results is (eps,  1e-08 )-DP in the shuffle model for eps between 0.1263707785001379 and 0.12923354694512484
The final epsilon, delta is ( 26.93146250530808 , 1e-05 )
Iter: 0 | Train Loss: 0.31991249322891235, Train Acc: 0.0, Train Grad Norm 6.385190963745117, | Test Loss: 0.3618343770503998, Test Acc: 0.0, Test Grad Norm: 9.244462966918945
Iter: 20 | Train Loss: 0.053847089409828186, Train Acc: 0.0, Train Grad Norm 0.15721085667610168, | Test Loss: 0.05130524933338165, Test Acc: 0.0, Test Grad Norm: 0.17828333377838135 | Elapsed Time: 15.449811220169067
Iter: 40 | Train Loss: 0.06062517687678337, Train Acc: 0.0, Train Grad Norm 0.09551393985748291, | Test Loss: 0.1278696209192276, Test Acc: 0.0, Test Grad Norm: 2.2436459064483643 | Elapsed Time: 30.97479820251465
Patience count 1
Iter: 60 | Train Loss: 0.09016663581132889, Train Acc: 0.0, Train Grad Norm 0.3447299897670746, | Test Loss: 0.37261107563972473, Test Acc: 0.0, Test Grad Norm: 10.305908203125 | Elapsed Time: 46.56837320327759
Patience count 2
Iter: 80 | Train Loss: 0.05876006931066513, Train Acc: 0.0, Train Grad Norm 0.089488185942173, | Test Loss: 0.1850181221961975, Test Acc: 0.0, Test Grad Norm: 4.968116760253906 | Elapsed Time: 62.17462468147278
Patience count 3
Iter: 100 | Train Loss: 0.05487408488988876, Train Acc: 0.0, Train Grad Norm 0.07893715798854828, | Test Loss: 0.1586928814649582, Test Acc: 0.0, Test Grad Norm: 5.119309902191162 | Elapsed Time: 77.51176357269287
Learning was stopped
Learning rate eta = 0.25
The size of local train datasets:  [1652, 1652, 1651, 1651, 1651, 1651, 1651, 1651, 1651, 1651]
Shuffling 16520 1.8 -DP local randomizers results is (eps,  1e-08 )-DP in the shuffle model for eps between 0.1263707785001379 and 0.12923354694512484
The final epsilon, delta is ( 26.93146250530808 , 1e-05 )
Iter: 0 | Train Loss: 0.31991249322891235, Train Acc: 0.0, Train Grad Norm 6.385190963745117, | Test Loss: 0.3618343770503998, Test Acc: 0.0, Test Grad Norm: 9.244462966918945
Iter: 20 | Train Loss: 0.1591959148645401, Train Acc: 0.0, Train Grad Norm 2.406240940093994, | Test Loss: 0.156349778175354, Test Acc: 0.0, Test Grad Norm: 2.619790554046631 | Elapsed Time: 15.345354318618774
Iter: 40 | Train Loss: 0.10363001376390457, Train Acc: 0.0, Train Grad Norm 1.163948655128479, | Test Loss: 0.10623245686292648, Test Acc: 0.0, Test Grad Norm: 0.9545670747756958 | Elapsed Time: 30.74894905090332
Iter: 60 | Train Loss: 0.06935335695743561, Train Acc: 0.0, Train Grad Norm 0.4279307425022125, | Test Loss: 0.09313712269067764, Test Acc: 0.0, Test Grad Norm: 0.35002490878105164 | Elapsed Time: 45.95730900764465
Iter: 80 | Train Loss: 0.051340460777282715, Train Acc: 0.0, Train Grad Norm 0.028220850974321365, | Test Loss: 0.07803348451852798, Test Acc: 0.0, Test Grad Norm: 0.2815415859222412 | Elapsed Time: 61.26126956939697
Iter: 100 | Train Loss: 0.04725205525755882, Train Acc: 0.0, Train Grad Norm 0.019260741770267487, | Test Loss: 0.058317311108112335, Test Acc: 0.0, Test Grad Norm: 0.18596158921718597 | Elapsed Time: 76.72883415222168
Iter: 120 | Train Loss: 0.04004259407520294, Train Acc: 0.0, Train Grad Norm 0.016226401552557945, | Test Loss: 0.043221365660429, Test Acc: 0.0, Test Grad Norm: 0.10601156204938889 | Elapsed Time: 92.18112087249756
Iter: 140 | Train Loss: 0.030911142006516457, Train Acc: 0.0, Train Grad Norm 0.010844533331692219, | Test Loss: 0.033040136098861694, Test Acc: 0.0, Test Grad Norm: 0.05633123591542244 | Elapsed Time: 107.61672353744507
Iter: 160 | Train Loss: 0.03088895045220852, Train Acc: 0.0, Train Grad Norm 0.013375606387853622, | Test Loss: 0.045617733150720596, Test Acc: 0.0, Test Grad Norm: 0.4647018015384674 | Elapsed Time: 123.25093984603882
Iter: 180 | Train Loss: 0.037251830101013184, Train Acc: 0.0, Train Grad Norm 0.04027000069618225, | Test Loss: 0.08494941145181656, Test Acc: 0.0, Test Grad Norm: 1.3779352903366089 | Elapsed Time: 138.73665857315063
Patience count 1
Iter: 200 | Train Loss: 0.03987157344818115, Train Acc: 0.0, Train Grad Norm 0.01987646147608757, | Test Loss: 0.07379911839962006, Test Acc: 0.0, Test Grad Norm: 1.0089372396469116 | Elapsed Time: 154.252676486969
Patience count 2
Iter: 220 | Train Loss: 0.03867095708847046, Train Acc: 0.0, Train Grad Norm 0.023256836459040642, | Test Loss: 0.04366515576839447, Test Acc: 0.0, Test Grad Norm: 0.17761945724487305 | Elapsed Time: 169.78357362747192
Patience count 3
Iter: 240 | Train Loss: 0.04145275801420212, Train Acc: 0.0, Train Grad Norm 0.019900023937225342, | Test Loss: 0.06320358067750931, Test Acc: 0.0, Test Grad Norm: 0.6248288750648499 | Elapsed Time: 185.0977864265442
Learning was stopped
Learning rate eta = 0.125
The size of local train datasets:  [1652, 1652, 1651, 1651, 1651, 1651, 1651, 1651, 1651, 1651]
Shuffling 16520 1.8 -DP local randomizers results is (eps,  1e-08 )-DP in the shuffle model for eps between 0.1263707785001379 and 0.12923354694512484
The final epsilon, delta is ( 26.93146250530808 , 1e-05 )
Iter: 0 | Train Loss: 0.31991249322891235, Train Acc: 0.0, Train Grad Norm 6.385190963745117, | Test Loss: 0.3618343770503998, Test Acc: 0.0, Test Grad Norm: 9.244462966918945
Iter: 20 | Train Loss: 0.22490273416042328, Train Acc: 0.0, Train Grad Norm 4.098406791687012, | Test Loss: 0.23897720873355865, Test Acc: 0.0, Test Grad Norm: 5.389565944671631 | Elapsed Time: 15.354058742523193
Iter: 40 | Train Loss: 0.1598551869392395, Train Acc: 0.0, Train Grad Norm 2.5460634231567383, | Test Loss: 0.1665244847536087, Test Acc: 0.0, Test Grad Norm: 3.313558578491211 | Elapsed Time: 30.769585609436035
Iter: 60 | Train Loss: 0.1145050898194313, Train Acc: 0.0, Train Grad Norm 1.3367122411727905, | Test Loss: 0.12222528457641602, Test Acc: 0.0, Test Grad Norm: 2.026000499725342 | Elapsed Time: 46.3903374671936
Iter: 80 | Train Loss: 0.09362613409757614, Train Acc: 0.0, Train Grad Norm 0.6373431086540222, | Test Loss: 0.10150434821844101, Test Acc: 0.0, Test Grad Norm: 1.192604899406433 | Elapsed Time: 61.850491523742676
Iter: 100 | Train Loss: 0.07965392619371414, Train Acc: 0.0, Train Grad Norm 0.2949943542480469, | Test Loss: 0.08180485665798187, Test Acc: 0.0, Test Grad Norm: 0.585127592086792 | Elapsed Time: 77.27438235282898
Iter: 120 | Train Loss: 0.07198312133550644, Train Acc: 0.0, Train Grad Norm 0.12625855207443237, | Test Loss: 0.0716036856174469, Test Acc: 0.0, Test Grad Norm: 0.2815459966659546 | Elapsed Time: 92.8356683254242
Iter: 140 | Train Loss: 0.06853548437356949, Train Acc: 0.0, Train Grad Norm 0.09135603159666061, | Test Loss: 0.06362520158290863, Test Acc: 0.0, Test Grad Norm: 0.11716621369123459 | Elapsed Time: 108.35224986076355
Iter: 160 | Train Loss: 0.0649634376168251, Train Acc: 0.0, Train Grad Norm 0.050518181174993515, | Test Loss: 0.0630553662776947, Test Acc: 0.0, Test Grad Norm: 0.12202441692352295 | Elapsed Time: 123.73716497421265
Iter: 180 | Train Loss: 0.06086210161447525, Train Acc: 0.0, Train Grad Norm 0.03557402640581131, | Test Loss: 0.06777047365903854, Test Acc: 0.0, Test Grad Norm: 0.20441865921020508 | Elapsed Time: 139.42949104309082
Iter: 200 | Train Loss: 0.05990476533770561, Train Acc: 0.0, Train Grad Norm 0.02695728838443756, | Test Loss: 0.07225029915571213, Test Acc: 0.0, Test Grad Norm: 0.23719510436058044 | Elapsed Time: 154.93385553359985
Iter: 220 | Train Loss: 0.056521009653806686, Train Acc: 0.0, Train Grad Norm 0.027346698567271233, | Test Loss: 0.08645552396774292, Test Acc: 0.0, Test Grad Norm: 0.4688561260700226 | Elapsed Time: 170.36019158363342
Iter: 240 | Train Loss: 0.054366111755371094, Train Acc: 0.0, Train Grad Norm 0.026895614340901375, | Test Loss: 0.0799066498875618, Test Acc: 0.0, Test Grad Norm: 0.39505189657211304 | Elapsed Time: 185.88710761070251
Iter: 260 | Train Loss: 0.05227315425872803, Train Acc: 0.0, Train Grad Norm 0.0410066619515419, | Test Loss: 0.08523762226104736, Test Acc: 0.0, Test Grad Norm: 0.4920554459095001 | Elapsed Time: 201.5993094444275
Iter: 280 | Train Loss: 0.05097546428442001, Train Acc: 0.0, Train Grad Norm 0.024676620960235596, | Test Loss: 0.10493741184473038, Test Acc: 0.0, Test Grad Norm: 0.7460798621177673 | Elapsed Time: 217.08099007606506
Iter: 300 | Train Loss: 0.04704584926366806, Train Acc: 0.0, Train Grad Norm 0.018827363848686218, | Test Loss: 0.10185825079679489, Test Acc: 0.0, Test Grad Norm: 0.7975478768348694 | Elapsed Time: 232.56776690483093
Iter: 320 | Train Loss: 0.04605124145746231, Train Acc: 0.0, Train Grad Norm 0.017748065292835236, | Test Loss: 0.09818491339683533, Test Acc: 0.0, Test Grad Norm: 0.7083733677864075 | Elapsed Time: 248.13037824630737
Iter: 340 | Train Loss: 0.044664353132247925, Train Acc: 0.0, Train Grad Norm 0.016795458272099495, | Test Loss: 0.11747319251298904, Test Acc: 0.0, Test Grad Norm: 0.9782635569572449 | Elapsed Time: 263.74531626701355
Iter: 360 | Train Loss: 0.045735981315374374, Train Acc: 0.0, Train Grad Norm 0.026568330824375153, | Test Loss: 0.12110916525125504, Test Acc: 0.0, Test Grad Norm: 1.1217625141143799 | Elapsed Time: 279.24812293052673
Iter: 380 | Train Loss: 0.046395882964134216, Train Acc: 0.0, Train Grad Norm 0.026926012709736824, | Test Loss: 0.12667132914066315, Test Acc: 0.0, Test Grad Norm: 1.2052247524261475 | Elapsed Time: 294.94804668426514
Iter: 400 | Train Loss: 0.04853927716612816, Train Acc: 0.0, Train Grad Norm 0.04151463136076927, | Test Loss: 0.1415911614894867, Test Acc: 0.0, Test Grad Norm: 1.4939523935317993 | Elapsed Time: 310.7047734260559
Patience count 1
Iter: 420 | Train Loss: 0.04615994915366173, Train Acc: 0.0, Train Grad Norm 0.026488477364182472, | Test Loss: 0.13196316361427307, Test Acc: 0.0, Test Grad Norm: 1.2830021381378174 | Elapsed Time: 326.53273010253906
Iter: 440 | Train Loss: 0.040925782173871994, Train Acc: 0.0, Train Grad Norm 0.018343975767493248, | Test Loss: 0.11812201887369156, Test Acc: 0.0, Test Grad Norm: 1.028346061706543 | Elapsed Time: 342.49404978752136
Iter: 460 | Train Loss: 0.0433863066136837, Train Acc: 0.0, Train Grad Norm 0.036277513951063156, | Test Loss: 0.12687966227531433, Test Acc: 0.0, Test Grad Norm: 1.4889975786209106 | Elapsed Time: 358.3182408809662
Patience count 1
Iter: 480 | Train Loss: 0.04274909198284149, Train Acc: 0.0, Train Grad Norm 0.022081531584262848, | Test Loss: 0.142139732837677, Test Acc: 0.0, Test Grad Norm: 1.6081881523132324 | Elapsed Time: 374.11392068862915
Iter: 500 | Train Loss: 0.043066490441560745, Train Acc: 0.0, Train Grad Norm 0.027867747470736504, | Test Loss: 0.15050767362117767, Test Acc: 0.0, Test Grad Norm: 1.7577095031738281 | Elapsed Time: 390.11956334114075
Patience count 2
Running with c=3, seed=2
GPU Not Enabled
Learning rate eta = 1.0
The size of local train datasets:  [1652, 1652, 1651, 1651, 1651, 1651, 1651, 1651, 1651, 1651]
Shuffling 16520 1.8 -DP local randomizers results is (eps,  1e-08 )-DP in the shuffle model for eps between 0.1263707785001379 and 0.12923354694512484
The final epsilon, delta is ( 26.93146250530808 , 1e-05 )
Iter: 0 | Train Loss: 0.31991249322891235, Train Acc: 0.0, Train Grad Norm 6.385190963745117, | Test Loss: 0.3618343770503998, Test Acc: 0.0, Test Grad Norm: 9.244462966918945
Iter: 20 | Train Loss: 0.06707270443439484, Train Acc: 0.0, Train Grad Norm 0.18634718656539917, | Test Loss: 0.13988210260868073, Test Acc: 0.0, Test Grad Norm: 3.12534499168396 | Elapsed Time: 15.837560653686523
Iter: 40 | Train Loss: 0.13310958445072174, Train Acc: 0.0, Train Grad Norm 0.4009544849395752, | Test Loss: 0.5606025457382202, Test Acc: 0.0, Test Grad Norm: 23.378992080688477 | Elapsed Time: 31.579503774642944
Patience count 1
Iter: 60 | Train Loss: 0.21790476143360138, Train Acc: 0.0, Train Grad Norm 1.7071514129638672, | Test Loss: 1.4730572700500488, Test Acc: 0.0, Test Grad Norm: 79.40840148925781 | Elapsed Time: 47.422881841659546
Patience count 2
Iter: 80 | Train Loss: 0.17114794254302979, Train Acc: 0.0, Train Grad Norm 0.9591582417488098, | Test Loss: 1.0645709037780762, Test Acc: 0.0, Test Grad Norm: 68.02530670166016 | Elapsed Time: 63.19903612136841
Patience count 3
Iter: 100 | Train Loss: 0.17321127653121948, Train Acc: 0.0, Train Grad Norm 1.3245398998260498, | Test Loss: 1.102739691734314, Test Acc: 0.0, Test Grad Norm: 86.26299285888672 | Elapsed Time: 78.94856524467468
Learning was stopped
Learning rate eta = 0.5
The size of local train datasets:  [1652, 1652, 1651, 1651, 1651, 1651, 1651, 1651, 1651, 1651]
Shuffling 16520 1.8 -DP local randomizers results is (eps,  1e-08 )-DP in the shuffle model for eps between 0.1263707785001379 and 0.12923354694512484
The final epsilon, delta is ( 26.93146250530808 , 1e-05 )
Iter: 0 | Train Loss: 0.31991249322891235, Train Acc: 0.0, Train Grad Norm 6.385190963745117, | Test Loss: 0.3618343770503998, Test Acc: 0.0, Test Grad Norm: 9.244462966918945
Iter: 20 | Train Loss: 0.08670388907194138, Train Acc: 0.0, Train Grad Norm 0.7198479771614075, | Test Loss: 0.11362884938716888, Test Acc: 0.0, Test Grad Norm: 0.7528460621833801 | Elapsed Time: 15.776213645935059
Iter: 40 | Train Loss: 0.06070996820926666, Train Acc: 0.0, Train Grad Norm 0.08287237584590912, | Test Loss: 0.05999177321791649, Test Acc: 0.0, Test Grad Norm: 0.09114436060190201 | Elapsed Time: 31.7734694480896
Iter: 60 | Train Loss: 0.056316714733839035, Train Acc: 0.0, Train Grad Norm 0.13014858961105347, | Test Loss: 0.054012469947338104, Test Acc: 0.0, Test Grad Norm: 0.2619386315345764 | Elapsed Time: 47.607550859451294
Iter: 80 | Train Loss: 0.04262019321322441, Train Acc: 0.0, Train Grad Norm 0.030396707355976105, | Test Loss: 0.0446220301091671, Test Acc: 0.0, Test Grad Norm: 0.10462671518325806 | Elapsed Time: 63.383151054382324
Iter: 100 | Train Loss: 0.04267600178718567, Train Acc: 0.0, Train Grad Norm 0.015976354479789734, | Test Loss: 0.04301787167787552, Test Acc: 0.0, Test Grad Norm: 0.07910759001970291 | Elapsed Time: 79.2585289478302
Iter: 120 | Train Loss: 0.04868604987859726, Train Acc: 0.0, Train Grad Norm 0.033519040793180466, | Test Loss: 0.047321613878011703, Test Acc: 0.0, Test Grad Norm: 0.04263647273182869 | Elapsed Time: 95.08197164535522
Patience count 1
Iter: 140 | Train Loss: 0.06161756440997124, Train Acc: 0.0, Train Grad Norm 0.17248627543449402, | Test Loss: 0.11790692061185837, Test Acc: 0.0, Test Grad Norm: 3.1906986236572266 | Elapsed Time: 110.86465549468994
Patience count 2
Iter: 160 | Train Loss: 0.060168035328388214, Train Acc: 0.0, Train Grad Norm 0.24512024223804474, | Test Loss: 0.07590534538030624, Test Acc: 0.0, Test Grad Norm: 0.7230571508407593 | Elapsed Time: 126.81628370285034
Patience count 3
Iter: 180 | Train Loss: 0.07914316654205322, Train Acc: 0.0, Train Grad Norm 0.24416685104370117, | Test Loss: 0.1768655925989151, Test Acc: 0.0, Test Grad Norm: 5.984928131103516 | Elapsed Time: 142.67203330993652
Learning was stopped
Learning rate eta = 0.25
The size of local train datasets:  [1652, 1652, 1651, 1651, 1651, 1651, 1651, 1651, 1651, 1651]
Shuffling 16520 1.8 -DP local randomizers results is (eps,  1e-08 )-DP in the shuffle model for eps between 0.1263707785001379 and 0.12923354694512484
The final epsilon, delta is ( 26.93146250530808 , 1e-05 )
Iter: 0 | Train Loss: 0.31991249322891235, Train Acc: 0.0, Train Grad Norm 6.385190963745117, | Test Loss: 0.3618343770503998, Test Acc: 0.0, Test Grad Norm: 9.244462966918945
Iter: 20 | Train Loss: 0.15840031206607819, Train Acc: 0.0, Train Grad Norm 2.705738067626953, | Test Loss: 0.1569788157939911, Test Acc: 0.0, Test Grad Norm: 2.96759033203125 | Elapsed Time: 15.826746463775635
Iter: 40 | Train Loss: 0.08554502576589584, Train Acc: 0.0, Train Grad Norm 1.1092253923416138, | Test Loss: 0.0832391157746315, Test Acc: 0.0, Test Grad Norm: 1.0502002239227295 | Elapsed Time: 31.723471641540527
Iter: 60 | Train Loss: 0.05372156575322151, Train Acc: 0.0, Train Grad Norm 0.2752656042575836, | Test Loss: 0.06299427151679993, Test Acc: 0.0, Test Grad Norm: 0.24408313632011414 | Elapsed Time: 47.51453256607056
Iter: 80 | Train Loss: 0.04330750182271004, Train Acc: 0.0, Train Grad Norm 0.020541558042168617, | Test Loss: 0.06116786599159241, Test Acc: 0.0, Test Grad Norm: 0.3791447579860687 | Elapsed Time: 63.36979269981384
Iter: 100 | Train Loss: 0.04110537841916084, Train Acc: 0.0, Train Grad Norm 0.04486206918954849, | Test Loss: 0.0642855316400528, Test Acc: 0.0, Test Grad Norm: 0.518984854221344 | Elapsed Time: 79.17044711112976
Iter: 120 | Train Loss: 0.03436190262436867, Train Acc: 0.0, Train Grad Norm 0.04158877953886986, | Test Loss: 0.050520461052656174, Test Acc: 0.0, Test Grad Norm: 0.41995131969451904 | Elapsed Time: 95.1200053691864
Iter: 140 | Train Loss: 0.03383781388401985, Train Acc: 0.0, Train Grad Norm 0.028137225657701492, | Test Loss: 0.0475623682141304, Test Acc: 0.0, Test Grad Norm: 0.22052201628684998 | Elapsed Time: 111.01519393920898
Iter: 160 | Train Loss: 0.03298458084464073, Train Acc: 0.0, Train Grad Norm 0.014681018888950348, | Test Loss: 0.03559628874063492, Test Acc: 0.0, Test Grad Norm: 0.10580314695835114 | Elapsed Time: 126.95702958106995
Iter: 180 | Train Loss: 0.028337674215435982, Train Acc: 0.0, Train Grad Norm 0.009944097138941288, | Test Loss: 0.038178738206624985, Test Acc: 0.0, Test Grad Norm: 0.2777787148952484 | Elapsed Time: 142.98086714744568
Iter: 200 | Train Loss: 0.03469650819897652, Train Acc: 0.0, Train Grad Norm 0.022576704621315002, | Test Loss: 0.08137261867523193, Test Acc: 0.0, Test Grad Norm: 1.2377073764801025 | Elapsed Time: 158.82093954086304
Patience count 1
Iter: 220 | Train Loss: 0.040647778660058975, Train Acc: 0.0, Train Grad Norm 0.039237070828676224, | Test Loss: 0.09089548885822296, Test Acc: 0.0, Test Grad Norm: 1.3512070178985596 | Elapsed Time: 174.69902086257935
Patience count 2
Iter: 240 | Train Loss: 0.04913220554590225, Train Acc: 0.0, Train Grad Norm 0.0659940168261528, | Test Loss: 0.08104629814624786, Test Acc: 0.0, Test Grad Norm: 0.8516911864280701 | Elapsed Time: 190.7360599040985
Patience count 3
Iter: 260 | Train Loss: 0.054674647748470306, Train Acc: 0.0, Train Grad Norm 0.08829670399427414, | Test Loss: 0.06709488481283188, Test Acc: 0.0, Test Grad Norm: 0.5614933371543884 | Elapsed Time: 206.58409905433655
Learning was stopped
Learning rate eta = 0.125
The size of local train datasets:  [1652, 1652, 1651, 1651, 1651, 1651, 1651, 1651, 1651, 1651]
Shuffling 16520 1.8 -DP local randomizers results is (eps,  1e-08 )-DP in the shuffle model for eps between 0.1263707785001379 and 0.12923354694512484
The final epsilon, delta is ( 26.93146250530808 , 1e-05 )
Iter: 0 | Train Loss: 0.31991249322891235, Train Acc: 0.0, Train Grad Norm 6.385190963745117, | Test Loss: 0.3618343770503998, Test Acc: 0.0, Test Grad Norm: 9.244462966918945
Iter: 20 | Train Loss: 0.24152719974517822, Train Acc: 0.0, Train Grad Norm 4.582396030426025, | Test Loss: 0.26571235060691833, Test Acc: 0.0, Test Grad Norm: 6.275725364685059 | Elapsed Time: 15.885367393493652
Iter: 40 | Train Loss: 0.17776712775230408, Train Acc: 0.0, Train Grad Norm 3.0091371536254883, | Test Loss: 0.18572773039340973, Test Acc: 0.0, Test Grad Norm: 3.8363049030303955 | Elapsed Time: 31.85269260406494
Iter: 60 | Train Loss: 0.11398383229970932, Train Acc: 0.0, Train Grad Norm 1.4961763620376587, | Test Loss: 0.11527162045240402, Test Acc: 0.0, Test Grad Norm: 1.8704193830490112 | Elapsed Time: 47.702359199523926
Iter: 80 | Train Loss: 0.0893084928393364, Train Acc: 0.0, Train Grad Norm 0.8991215229034424, | Test Loss: 0.0890330895781517, Test Acc: 0.0, Test Grad Norm: 1.1284573078155518 | Elapsed Time: 63.50804281234741
Iter: 100 | Train Loss: 0.060844287276268005, Train Acc: 0.0, Train Grad Norm 0.33457791805267334, | Test Loss: 0.06073768809437752, Test Acc: 0.0, Test Grad Norm: 0.4875665307044983 | Elapsed Time: 79.47404718399048
Iter: 120 | Train Loss: 0.05063457414507866, Train Acc: 0.0, Train Grad Norm 0.15330158174037933, | Test Loss: 0.048645421862602234, Test Acc: 0.0, Test Grad Norm: 0.16621270775794983 | Elapsed Time: 95.33204579353333
Iter: 140 | Train Loss: 0.04306013137102127, Train Acc: 0.0, Train Grad Norm 0.031108399853110313, | Test Loss: 0.043897878378629684, Test Acc: 0.0, Test Grad Norm: 0.04084093123674393 | Elapsed Time: 111.05592226982117
Iter: 160 | Train Loss: 0.040639325976371765, Train Acc: 0.0, Train Grad Norm 0.012068710289895535, | Test Loss: 0.043573614209890366, Test Acc: 0.0, Test Grad Norm: 0.06942629814147949 | Elapsed Time: 126.96743321418762
Iter: 180 | Train Loss: 0.03883011266589165, Train Acc: 0.0, Train Grad Norm 0.009170849807560444, | Test Loss: 0.04173377901315689, Test Acc: 0.0, Test Grad Norm: 0.06373129040002823 | Elapsed Time: 142.69323205947876
Iter: 200 | Train Loss: 0.04009709134697914, Train Acc: 0.0, Train Grad Norm 0.009430206380784512, | Test Loss: 0.04043986648321152, Test Acc: 0.0, Test Grad Norm: 0.030119704082608223 | Elapsed Time: 158.48391795158386
Iter: 220 | Train Loss: 0.04111432284116745, Train Acc: 0.0, Train Grad Norm 0.011001596227288246, | Test Loss: 0.04428096115589142, Test Acc: 0.0, Test Grad Norm: 0.09951987862586975 | Elapsed Time: 174.24599051475525
Patience count 1
Iter: 240 | Train Loss: 0.04053373262286186, Train Acc: 0.0, Train Grad Norm 0.009870590642094612, | Test Loss: 0.04701407998800278, Test Acc: 0.0, Test Grad Norm: 0.1615844964981079 | Elapsed Time: 190.19264435768127
Iter: 260 | Train Loss: 0.03936321288347244, Train Acc: 0.0, Train Grad Norm 0.00885586254298687, | Test Loss: 0.04483651742339134, Test Acc: 0.0, Test Grad Norm: 0.1342090368270874 | Elapsed Time: 205.90228414535522
Iter: 280 | Train Loss: 0.03981287404894829, Train Acc: 0.0, Train Grad Norm 0.009311486966907978, | Test Loss: 0.03969322144985199, Test Acc: 0.0, Test Grad Norm: 0.03014230728149414 | Elapsed Time: 221.7158591747284
Iter: 300 | Train Loss: 0.039143919944763184, Train Acc: 0.0, Train Grad Norm 0.013905162923038006, | Test Loss: 0.03799908980727196, Test Acc: 0.0, Test Grad Norm: 0.022730370983481407 | Elapsed Time: 237.6203167438507
Iter: 320 | Train Loss: 0.04095837473869324, Train Acc: 0.0, Train Grad Norm 0.01418825052678585, | Test Loss: 0.041880715638399124, Test Acc: 0.0, Test Grad Norm: 0.05864468961954117 | Elapsed Time: 253.39622020721436
Patience count 2
Iter: 340 | Train Loss: 0.04070858284831047, Train Acc: 0.0, Train Grad Norm 0.010380956344306469, | Test Loss: 0.042648106813430786, Test Acc: 0.0, Test Grad Norm: 0.10002866387367249 | Elapsed Time: 269.16607189178467
Iter: 360 | Train Loss: 0.03951103612780571, Train Acc: 0.0, Train Grad Norm 0.00957987830042839, | Test Loss: 0.04526548460125923, Test Acc: 0.0, Test Grad Norm: 0.16846390068531036 | Elapsed Time: 285.10042667388916
Iter: 380 | Train Loss: 0.03726152330636978, Train Acc: 0.0, Train Grad Norm 0.008048192597925663, | Test Loss: 0.046139925718307495, Test Acc: 0.0, Test Grad Norm: 0.2313886433839798 | Elapsed Time: 300.88037943840027
Iter: 400 | Train Loss: 0.03619280457496643, Train Acc: 0.0, Train Grad Norm 0.007209741044789553, | Test Loss: 0.03719911724328995, Test Acc: 0.0, Test Grad Norm: 0.058042045682668686 | Elapsed Time: 316.6638150215149
Iter: 420 | Train Loss: 0.03495477885007858, Train Acc: 0.0, Train Grad Norm 0.010168327018618584, | Test Loss: 0.034186843782663345, Test Acc: 0.0, Test Grad Norm: 0.01057024858891964 | Elapsed Time: 332.6468257904053
Iter: 440 | Train Loss: 0.03423837199807167, Train Acc: 0.0, Train Grad Norm 0.006085723172873259, | Test Loss: 0.033884938806295395, Test Acc: 0.0, Test Grad Norm: 0.020444711670279503 | Elapsed Time: 348.46409702301025
Iter: 460 | Train Loss: 0.03700089827179909, Train Acc: 0.0, Train Grad Norm 0.023785511031746864, | Test Loss: 0.03817945346236229, Test Acc: 0.0, Test Grad Norm: 0.09778746217489243 | Elapsed Time: 364.2643358707428
Patience count 1
Iter: 480 | Train Loss: 0.03502030670642853, Train Acc: 0.0, Train Grad Norm 0.012581437826156616, | Test Loss: 0.03534325584769249, Test Acc: 0.0, Test Grad Norm: 0.0549214705824852 | Elapsed Time: 380.0982971191406
Iter: 500 | Train Loss: 0.03601307049393654, Train Acc: 0.0, Train Grad Norm 0.015979036688804626, | Test Loss: 0.03559286147356033, Test Acc: 0.0, Test Grad Norm: 0.016546156257390976 | Elapsed Time: 395.9014012813568
Patience count 2
Running with c=10, seed=2
GPU Not Enabled
Learning rate eta = 1.0
The size of local train datasets:  [1652, 1652, 1651, 1651, 1651, 1651, 1651, 1651, 1651, 1651]
Shuffling 16520 1.8 -DP local randomizers results is (eps,  1e-08 )-DP in the shuffle model for eps between 0.1263707785001379 and 0.12923354694512484
The final epsilon, delta is ( 26.93146250530808 , 1e-05 )
Iter: 0 | Train Loss: 0.31991249322891235, Train Acc: 0.0, Train Grad Norm 6.385190963745117, | Test Loss: 0.3618343770503998, Test Acc: 0.0, Test Grad Norm: 9.244462966918945
Iter: 20 | Train Loss: 0.06788583099842072, Train Acc: 0.0, Train Grad Norm 0.09712034463882446, | Test Loss: 0.0645391047000885, Test Acc: 0.0, Test Grad Norm: 0.08649111539125443 | Elapsed Time: 15.918834924697876
Iter: 40 | Train Loss: 0.11578632146120071, Train Acc: 0.0, Train Grad Norm 0.2002471536397934, | Test Loss: 0.1124005913734436, Test Acc: 0.0, Test Grad Norm: 0.2071741372346878 | Elapsed Time: 31.780301809310913
Patience count 1
Iter: 60 | Train Loss: 0.10727722197771072, Train Acc: 0.0, Train Grad Norm 0.1381167322397232, | Test Loss: 0.09355142712593079, Test Acc: 0.0, Test Grad Norm: 0.101630300283432 | Elapsed Time: 47.79851412773132
Patience count 2
Iter: 80 | Train Loss: 0.07175758481025696, Train Acc: 0.0, Train Grad Norm 0.08909589797258377, | Test Loss: 0.06869637966156006, Test Acc: 0.0, Test Grad Norm: 0.08946069329977036 | Elapsed Time: 63.5840961933136
Patience count 3
Iter: 100 | Train Loss: 0.11678748577833176, Train Acc: 0.0, Train Grad Norm 0.5738978981971741, | Test Loss: 0.1364392340183258, Test Acc: 0.0, Test Grad Norm: 1.7748394012451172 | Elapsed Time: 79.41384649276733
Learning was stopped
Learning rate eta = 0.5
The size of local train datasets:  [1652, 1652, 1651, 1651, 1651, 1651, 1651, 1651, 1651, 1651]
Shuffling 16520 1.8 -DP local randomizers results is (eps,  1e-08 )-DP in the shuffle model for eps between 0.1263707785001379 and 0.12923354694512484
The final epsilon, delta is ( 26.93146250530808 , 1e-05 )
Iter: 0 | Train Loss: 0.31991249322891235, Train Acc: 0.0, Train Grad Norm 6.385190963745117, | Test Loss: 0.3618343770503998, Test Acc: 0.0, Test Grad Norm: 9.244462966918945
Iter: 20 | Train Loss: 0.04632646217942238, Train Acc: 0.0, Train Grad Norm 0.16233110427856445, | Test Loss: 0.04596635699272156, Test Acc: 0.0, Test Grad Norm: 0.21306383609771729 | Elapsed Time: 15.953163146972656
Iter: 40 | Train Loss: 0.0404214970767498, Train Acc: 0.0, Train Grad Norm 0.036747656762599945, | Test Loss: 0.051391348242759705, Test Acc: 0.0, Test Grad Norm: 0.4016905725002289 | Elapsed Time: 32.01030921936035
Iter: 60 | Train Loss: 0.04469318315386772, Train Acc: 0.0, Train Grad Norm 0.047222185879945755, | Test Loss: 0.08046725392341614, Test Acc: 0.0, Test Grad Norm: 0.9998493194580078 | Elapsed Time: 47.83995079994202
Patience count 1
Iter: 80 | Train Loss: 0.07241059094667435, Train Acc: 0.0, Train Grad Norm 0.14490516483783722, | Test Loss: 0.11441654711961746, Test Acc: 0.0, Test Grad Norm: 1.708193302154541 | Elapsed Time: 63.7721893787384
Patience count 2
Iter: 100 | Train Loss: 0.08978129178285599, Train Acc: 0.0, Train Grad Norm 0.27605709433555603, | Test Loss: 0.17673403024673462, Test Acc: 0.0, Test Grad Norm: 4.4182448387146 | Elapsed Time: 79.84040260314941
Patience count 3
Iter: 120 | Train Loss: 0.16299115121364594, Train Acc: 0.0, Train Grad Norm 0.6982179880142212, | Test Loss: 0.13550736010074615, Test Acc: 0.0, Test Grad Norm: 0.5263562798500061 | Elapsed Time: 95.97377896308899
Learning was stopped
Learning rate eta = 0.25
The size of local train datasets:  [1652, 1652, 1651, 1651, 1651, 1651, 1651, 1651, 1651, 1651]
Shuffling 16520 1.8 -DP local randomizers results is (eps,  1e-08 )-DP in the shuffle model for eps between 0.1263707785001379 and 0.12923354694512484
The final epsilon, delta is ( 26.93146250530808 , 1e-05 )
Iter: 0 | Train Loss: 0.31991249322891235, Train Acc: 0.0, Train Grad Norm 6.385190963745117, | Test Loss: 0.3618343770503998, Test Acc: 0.0, Test Grad Norm: 9.244462966918945
Iter: 20 | Train Loss: 0.16132156550884247, Train Acc: 0.0, Train Grad Norm 2.6950600147247314, | Test Loss: 0.1613888293504715, Test Acc: 0.0, Test Grad Norm: 3.0353822708129883 | Elapsed Time: 15.941157579421997
Iter: 40 | Train Loss: 0.11075006425380707, Train Acc: 0.0, Train Grad Norm 1.4085332155227661, | Test Loss: 0.10785673558712006, Test Acc: 0.0, Test Grad Norm: 1.561553716659546 | Elapsed Time: 32.00761079788208
Iter: 60 | Train Loss: 0.07120944559574127, Train Acc: 0.0, Train Grad Norm 0.400171160697937, | Test Loss: 0.07595758885145187, Test Acc: 0.0, Test Grad Norm: 0.27357596158981323 | Elapsed Time: 47.92034578323364
Iter: 80 | Train Loss: 0.062186188995838165, Train Acc: 0.0, Train Grad Norm 0.13627171516418457, | Test Loss: 0.06945393979549408, Test Acc: 0.0, Test Grad Norm: 0.12636595964431763 | Elapsed Time: 63.916038036346436
Iter: 100 | Train Loss: 0.06345091015100479, Train Acc: 0.0, Train Grad Norm 0.07069693505764008, | Test Loss: 0.07967611402273178, Test Acc: 0.0, Test Grad Norm: 0.23418428003787994 | Elapsed Time: 79.91812419891357
Iter: 120 | Train Loss: 0.05333712324500084, Train Acc: 0.0, Train Grad Norm 0.033049456775188446, | Test Loss: 0.05804381147027016, Test Acc: 0.0, Test Grad Norm: 0.17165058851242065 | Elapsed Time: 95.92125678062439
Iter: 140 | Train Loss: 0.05412619188427925, Train Acc: 0.0, Train Grad Norm 0.029996233060956, | Test Loss: 0.051923464983701706, Test Acc: 0.0, Test Grad Norm: 0.02816864103078842 | Elapsed Time: 111.71561098098755
Iter: 160 | Train Loss: 0.05305255949497223, Train Acc: 0.0, Train Grad Norm 0.04163019359111786, | Test Loss: 0.05350887402892113, Test Acc: 0.0, Test Grad Norm: 0.1114770919084549 | Elapsed Time: 127.43221521377563
Iter: 180 | Train Loss: 0.04981125146150589, Train Acc: 0.0, Train Grad Norm 0.01665794663131237, | Test Loss: 0.05060458928346634, Test Acc: 0.0, Test Grad Norm: 0.06257619708776474 | Elapsed Time: 143.15626001358032
Iter: 200 | Train Loss: 0.049389831721782684, Train Acc: 0.0, Train Grad Norm 0.020420260727405548, | Test Loss: 0.05294312164187431, Test Acc: 0.0, Test Grad Norm: 0.12072868645191193 | Elapsed Time: 158.87108659744263
Iter: 220 | Train Loss: 0.04681742936372757, Train Acc: 0.0, Train Grad Norm 0.03155689314007759, | Test Loss: 0.05799248814582825, Test Acc: 0.0, Test Grad Norm: 0.28920966386795044 | Elapsed Time: 174.98568415641785
Iter: 240 | Train Loss: 0.040866099298000336, Train Acc: 0.0, Train Grad Norm 0.012726041488349438, | Test Loss: 0.042632076889276505, Test Acc: 0.0, Test Grad Norm: 0.0696730762720108 | Elapsed Time: 190.9132628440857
Iter: 260 | Train Loss: 0.038854654878377914, Train Acc: 0.0, Train Grad Norm 0.021841276437044144, | Test Loss: 0.0441117100417614, Test Acc: 0.0, Test Grad Norm: 0.20454587042331696 | Elapsed Time: 206.89821481704712
Iter: 280 | Train Loss: 0.03481180593371391, Train Acc: 0.0, Train Grad Norm 0.006893234793096781, | Test Loss: 0.034204088151454926, Test Acc: 0.0, Test Grad Norm: 0.0075554391369223595 | Elapsed Time: 222.83926486968994
Iter: 300 | Train Loss: 0.03633103147149086, Train Acc: 0.0, Train Grad Norm 0.010807867161929607, | Test Loss: 0.0366177074611187, Test Acc: 0.0, Test Grad Norm: 0.03240782022476196 | Elapsed Time: 238.99681282043457
Iter: 320 | Train Loss: 0.03659198433160782, Train Acc: 0.0, Train Grad Norm 0.013308816589415073, | Test Loss: 0.04028262197971344, Test Acc: 0.0, Test Grad Norm: 0.1276426762342453 | Elapsed Time: 254.92367935180664
Patience count 1
Iter: 340 | Train Loss: 0.0418449342250824, Train Acc: 0.0, Train Grad Norm 0.11069875955581665, | Test Loss: 0.05449945852160454, Test Acc: 0.0, Test Grad Norm: 0.6384416222572327 | Elapsed Time: 270.8677098751068
Patience count 2
Iter: 360 | Train Loss: 0.04977703094482422, Train Acc: 0.0, Train Grad Norm 0.13368254899978638, | Test Loss: 0.14867040514945984, Test Acc: 0.0, Test Grad Norm: 3.460584878921509 | Elapsed Time: 286.9160420894623
Patience count 3
Iter: 380 | Train Loss: 0.052777405828237534, Train Acc: 0.0, Train Grad Norm 0.20123760402202606, | Test Loss: 0.1510256677865982, Test Acc: 0.0, Test Grad Norm: 4.048695087432861 | Elapsed Time: 302.8949987888336
Learning was stopped
Learning rate eta = 0.125
The size of local train datasets:  [1652, 1652, 1651, 1651, 1651, 1651, 1651, 1651, 1651, 1651]
Shuffling 16520 1.8 -DP local randomizers results is (eps,  1e-08 )-DP in the shuffle model for eps between 0.1263707785001379 and 0.12923354694512484
The final epsilon, delta is ( 26.93146250530808 , 1e-05 )
Iter: 0 | Train Loss: 0.31991249322891235, Train Acc: 0.0, Train Grad Norm 6.385190963745117, | Test Loss: 0.3618343770503998, Test Acc: 0.0, Test Grad Norm: 9.244462966918945
Iter: 20 | Train Loss: 0.22940519452095032, Train Acc: 0.0, Train Grad Norm 4.246430397033691, | Test Loss: 0.2566952407360077, Test Acc: 0.0, Test Grad Norm: 6.135453224182129 | Elapsed Time: 15.949763536453247
Iter: 40 | Train Loss: 0.1718892604112625, Train Acc: 0.0, Train Grad Norm 3.0092830657958984, | Test Loss: 0.18637695908546448, Test Acc: 0.0, Test Grad Norm: 4.1504225730896 | Elapsed Time: 32.04067659378052
Iter: 60 | Train Loss: 0.1110670268535614, Train Acc: 0.0, Train Grad Norm 1.554901361465454, | Test Loss: 0.1264924257993698, Test Acc: 0.0, Test Grad Norm: 2.5423080921173096 | Elapsed Time: 47.96922326087952
Iter: 80 | Train Loss: 0.08032464981079102, Train Acc: 0.0, Train Grad Norm 0.7910373210906982, | Test Loss: 0.10592061281204224, Test Acc: 0.0, Test Grad Norm: 1.8783519268035889 | Elapsed Time: 63.87841606140137
Iter: 100 | Train Loss: 0.06286493688821793, Train Acc: 0.0, Train Grad Norm 0.33949166536331177, | Test Loss: 0.07609376311302185, Test Acc: 0.0, Test Grad Norm: 0.9203701019287109 | Elapsed Time: 79.81240677833557
Iter: 120 | Train Loss: 0.05419202893972397, Train Acc: 0.0, Train Grad Norm 0.10448756068944931, | Test Loss: 0.06071781367063522, Test Acc: 0.0, Test Grad Norm: 0.38856813311576843 | Elapsed Time: 95.8727240562439
Iter: 140 | Train Loss: 0.05179249122738838, Train Acc: 0.0, Train Grad Norm 0.046807754784822464, | Test Loss: 0.055918723344802856, Test Acc: 0.0, Test Grad Norm: 0.22914032638072968 | Elapsed Time: 111.87779402732849
Iter: 160 | Train Loss: 0.053235940635204315, Train Acc: 0.0, Train Grad Norm 0.06360435485839844, | Test Loss: 0.062316060066223145, Test Acc: 0.0, Test Grad Norm: 0.39280417561531067 | Elapsed Time: 127.80322551727295
Iter: 180 | Train Loss: 0.04576333984732628, Train Acc: 0.0, Train Grad Norm 0.04432210326194763, | Test Loss: 0.05494241788983345, Test Acc: 0.0, Test Grad Norm: 0.37126675248146057 | Elapsed Time: 143.85436749458313
Iter: 200 | Train Loss: 0.042065348476171494, Train Acc: 0.0, Train Grad Norm 0.04781605675816536, | Test Loss: 0.04487241432070732, Test Acc: 0.0, Test Grad Norm: 0.22353596985340118 | Elapsed Time: 159.77667427062988
Iter: 220 | Train Loss: 0.04164024069905281, Train Acc: 0.0, Train Grad Norm 0.023974914103746414, | Test Loss: 0.05397854000329971, Test Acc: 0.0, Test Grad Norm: 0.3805049955844879 | Elapsed Time: 175.77028846740723
Iter: 240 | Train Loss: 0.0430615097284317, Train Acc: 0.0, Train Grad Norm 0.02299828641116619, | Test Loss: 0.06273356080055237, Test Acc: 0.0, Test Grad Norm: 0.5123310685157776 | Elapsed Time: 191.85305881500244
Iter: 260 | Train Loss: 0.046284742653369904, Train Acc: 0.0, Train Grad Norm 0.0340716652572155, | Test Loss: 0.08465810120105743, Test Acc: 0.0, Test Grad Norm: 0.9958723783493042 | Elapsed Time: 207.80791068077087
Patience count 1
Iter: 280 | Train Loss: 0.0432451069355011, Train Acc: 0.0, Train Grad Norm 0.03601573780179024, | Test Loss: 0.08924201130867004, Test Acc: 0.0, Test Grad Norm: 1.1645032167434692 | Elapsed Time: 223.7115716934204
Iter: 300 | Train Loss: 0.0399894192814827, Train Acc: 0.0, Train Grad Norm 0.04099467396736145, | Test Loss: 0.08793216943740845, Test Acc: 0.0, Test Grad Norm: 1.2560555934906006 | Elapsed Time: 239.82108902931213
Iter: 320 | Train Loss: 0.039645057171583176, Train Acc: 0.0, Train Grad Norm 0.03780851885676384, | Test Loss: 0.09870030730962753, Test Acc: 0.0, Test Grad Norm: 1.6355420351028442 | Elapsed Time: 255.7261860370636
Iter: 340 | Train Loss: 0.044467080384492874, Train Acc: 0.0, Train Grad Norm 0.07609880715608597, | Test Loss: 0.14577911794185638, Test Acc: 0.0, Test Grad Norm: 3.323413610458374 | Elapsed Time: 271.7045395374298
Patience count 1
Iter: 360 | Train Loss: 0.04374067485332489, Train Acc: 0.0, Train Grad Norm 0.0659552589058876, | Test Loss: 0.14990141987800598, Test Acc: 0.0, Test Grad Norm: 3.406721830368042 | Elapsed Time: 287.75881910324097
Patience count 2
Iter: 380 | Train Loss: 0.04526292160153389, Train Acc: 0.0, Train Grad Norm 0.05389610305428505, | Test Loss: 0.15664422512054443, Test Acc: 0.0, Test Grad Norm: 3.3055200576782227 | Elapsed Time: 303.72155928611755
Patience count 3
Iter: 400 | Train Loss: 0.04372291639447212, Train Acc: 0.0, Train Grad Norm 0.05495203658938408, | Test Loss: 0.14749589562416077, Test Acc: 0.0, Test Grad Norm: 3.304642677307129 | Elapsed Time: 319.61288571357727
Learning was stopped
Learning rate eta = 0.0625
The size of local train datasets:  [1652, 1652, 1651, 1651, 1651, 1651, 1651, 1651, 1651, 1651]
Shuffling 16520 1.8 -DP local randomizers results is (eps,  1e-08 )-DP in the shuffle model for eps between 0.1263707785001379 and 0.12923354694512484
The final epsilon, delta is ( 26.93146250530808 , 1e-05 )
Iter: 0 | Train Loss: 0.31991249322891235, Train Acc: 0.0, Train Grad Norm 6.385190963745117, | Test Loss: 0.3618343770503998, Test Acc: 0.0, Test Grad Norm: 9.244462966918945
Iter: 20 | Train Loss: 0.24877503514289856, Train Acc: 0.0, Train Grad Norm 4.559141635894775, | Test Loss: 0.273175448179245, Test Acc: 0.0, Test Grad Norm: 6.398718357086182 | Elapsed Time: 16.06547975540161
Iter: 40 | Train Loss: 0.1973787546157837, Train Acc: 0.0, Train Grad Norm 3.215092420578003, | Test Loss: 0.21012981235980988, Test Acc: 0.0, Test Grad Norm: 4.37931489944458 | Elapsed Time: 32.00129318237305
Iter: 60 | Train Loss: 0.15220893919467926, Train Acc: 0.0, Train Grad Norm 2.097160816192627, | Test Loss: 0.16274109482765198, Test Acc: 0.0, Test Grad Norm: 3.042271852493286 | Elapsed Time: 47.95464253425598
Iter: 80 | Train Loss: 0.12343455106019974, Train Acc: 0.0, Train Grad Norm 1.3526384830474854, | Test Loss: 0.12950333952903748, Test Acc: 0.0, Test Grad Norm: 2.0026609897613525 | Elapsed Time: 63.858991384506226
Iter: 100 | Train Loss: 0.10016222298145294, Train Acc: 0.0, Train Grad Norm 0.7961376905441284, | Test Loss: 0.10322397947311401, Test Acc: 0.0, Test Grad Norm: 1.2121031284332275 | Elapsed Time: 79.88189029693604
Iter: 120 | Train Loss: 0.08202153444290161, Train Acc: 0.0, Train Grad Norm 0.36960291862487793, | Test Loss: 0.08153346925973892, Test Acc: 0.0, Test Grad Norm: 0.5710933208465576 | Elapsed Time: 95.82760119438171
Iter: 140 | Train Loss: 0.07454787194728851, Train Acc: 0.0, Train Grad Norm 0.21161212027072906, | Test Loss: 0.07325877249240875, Test Acc: 0.0, Test Grad Norm: 0.3483370244503021 | Elapsed Time: 111.75749182701111
Iter: 160 | Train Loss: 0.07224306464195251, Train Acc: 0.0, Train Grad Norm 0.1356719732284546, | Test Loss: 0.07112948596477509, Test Acc: 0.0, Test Grad Norm: 0.26163536310195923 | Elapsed Time: 127.79740619659424
Iter: 180 | Train Loss: 0.06944293528795242, Train Acc: 0.0, Train Grad Norm 0.07739681750535965, | Test Loss: 0.06775636225938797, Test Acc: 0.0, Test Grad Norm: 0.16216105222702026 | Elapsed Time: 143.79477953910828
Iter: 200 | Train Loss: 0.06811968982219696, Train Acc: 0.0, Train Grad Norm 0.09335337579250336, | Test Loss: 0.06677128374576569, Test Acc: 0.0, Test Grad Norm: 0.18245212733745575 | Elapsed Time: 159.80414485931396
Iter: 220 | Train Loss: 0.0640929713845253, Train Acc: 0.0, Train Grad Norm 0.079355888068676, | Test Loss: 0.062114063650369644, Test Acc: 0.0, Test Grad Norm: 0.14130964875221252 | Elapsed Time: 175.88788771629333
Iter: 240 | Train Loss: 0.06125907599925995, Train Acc: 0.0, Train Grad Norm 0.05143006518483162, | Test Loss: 0.0602787509560585, Test Acc: 0.0, Test Grad Norm: 0.12047652900218964 | Elapsed Time: 191.80981469154358
Iter: 260 | Train Loss: 0.05869538336992264, Train Acc: 0.0, Train Grad Norm 0.03766034543514252, | Test Loss: 0.05841413140296936, Test Acc: 0.0, Test Grad Norm: 0.1052098274230957 | Elapsed Time: 207.80936980247498
Iter: 280 | Train Loss: 0.05519187077879906, Train Acc: 0.0, Train Grad Norm 0.028448639437556267, | Test Loss: 0.053959690034389496, Test Acc: 0.0, Test Grad Norm: 0.06754420697689056 | Elapsed Time: 223.84204864501953
Iter: 300 | Train Loss: 0.05398078262805939, Train Acc: 0.0, Train Grad Norm 0.021277982741594315, | Test Loss: 0.05327199026942253, Test Acc: 0.0, Test Grad Norm: 0.048748113214969635 | Elapsed Time: 239.70352721214294
Iter: 320 | Train Loss: 0.05276139825582504, Train Acc: 0.0, Train Grad Norm 0.020083315670490265, | Test Loss: 0.054094377905130386, Test Acc: 0.0, Test Grad Norm: 0.07400202751159668 | Elapsed Time: 255.63035702705383
Iter: 340 | Train Loss: 0.051936257630586624, Train Acc: 0.0, Train Grad Norm 0.019664915278553963, | Test Loss: 0.05222109332680702, Test Acc: 0.0, Test Grad Norm: 0.06139121949672699 | Elapsed Time: 271.62568950653076
Iter: 360 | Train Loss: 0.05160396173596382, Train Acc: 0.0, Train Grad Norm 0.021758602932095528, | Test Loss: 0.050121236592531204, Test Acc: 0.0, Test Grad Norm: 0.03487918898463249 | Elapsed Time: 287.5659210681915
Iter: 380 | Train Loss: 0.05122879147529602, Train Acc: 0.0, Train Grad Norm 0.02237851731479168, | Test Loss: 0.04946616664528847, Test Acc: 0.0, Test Grad Norm: 0.02995281293988228 | Elapsed Time: 303.44514179229736
Iter: 400 | Train Loss: 0.05246974900364876, Train Acc: 0.0, Train Grad Norm 0.02609863132238388, | Test Loss: 0.05326792225241661, Test Acc: 0.0, Test Grad Norm: 0.07474847137928009 | Elapsed Time: 319.46100425720215
Iter: 420 | Train Loss: 0.050506021827459335, Train Acc: 0.0, Train Grad Norm 0.02439294010400772, | Test Loss: 0.05250606685876846, Test Acc: 0.0, Test Grad Norm: 0.08692742884159088 | Elapsed Time: 335.40141320228577
Iter: 440 | Train Loss: 0.04723578318953514, Train Acc: 0.0, Train Grad Norm 0.037156011909246445, | Test Loss: 0.04878087341785431, Test Acc: 0.0, Test Grad Norm: 0.11623550206422806 | Elapsed Time: 351.25851941108704
Iter: 460 | Train Loss: 0.04457691311836243, Train Acc: 0.0, Train Grad Norm 0.027918830513954163, | Test Loss: 0.04494987055659294, Test Acc: 0.0, Test Grad Norm: 0.07869578152894974 | Elapsed Time: 367.22153782844543
Iter: 480 | Train Loss: 0.04449575021862984, Train Acc: 0.0, Train Grad Norm 0.02105076052248478, | Test Loss: 0.04954374209046364, Test Acc: 0.0, Test Grad Norm: 0.13591605424880981 | Elapsed Time: 383.2891962528229
Iter: 500 | Train Loss: 0.04225204512476921, Train Acc: 0.0, Train Grad Norm 0.014183389022946358, | Test Loss: 0.04661792889237404, Test Acc: 0.0, Test Grad Norm: 0.10372506827116013 | Elapsed Time: 399.2833671569824
Running with c=30, seed=2
GPU Not Enabled
Learning rate eta = 1.0
The size of local train datasets:  [1652, 1652, 1651, 1651, 1651, 1651, 1651, 1651, 1651, 1651]
Shuffling 16520 1.8 -DP local randomizers results is (eps,  1e-08 )-DP in the shuffle model for eps between 0.1263707785001379 and 0.12923354694512484
The final epsilon, delta is ( 26.93146250530808 , 1e-05 )
Iter: 0 | Train Loss: 0.31991249322891235, Train Acc: 0.0, Train Grad Norm 6.385190963745117, | Test Loss: 0.3618343770503998, Test Acc: 0.0, Test Grad Norm: 9.244462966918945
Iter: 20 | Train Loss: 0.068728007376194, Train Acc: 0.0, Train Grad Norm 0.12817296385765076, | Test Loss: 0.1762579381465912, Test Acc: 0.0, Test Grad Norm: 2.609344720840454 | Elapsed Time: 16.067140340805054
Iter: 40 | Train Loss: 0.08909709006547928, Train Acc: 0.0, Train Grad Norm 0.1908985674381256, | Test Loss: 0.2948896884918213, Test Acc: 0.0, Test Grad Norm: 5.477064609527588 | Elapsed Time: 32.03294014930725
Patience count 1
Iter: 60 | Train Loss: 0.07344932109117508, Train Acc: 0.0, Train Grad Norm 0.13134638965129852, | Test Loss: 0.2686474919319153, Test Acc: 0.0, Test Grad Norm: 7.225747585296631 | Elapsed Time: 48.00927805900574
Patience count 2
Iter: 80 | Train Loss: 0.08532171696424484, Train Acc: 0.0, Train Grad Norm 0.2042684704065323, | Test Loss: 0.1514551341533661, Test Acc: 0.0, Test Grad Norm: 2.4997334480285645 | Elapsed Time: 63.798399448394775
Patience count 3
Iter: 100 | Train Loss: 0.08052761107683182, Train Acc: 0.0, Train Grad Norm 0.3398551344871521, | Test Loss: 0.17128205299377441, Test Acc: 0.0, Test Grad Norm: 5.711475849151611 | Elapsed Time: 79.67491698265076
Learning was stopped
Learning rate eta = 0.5
The size of local train datasets:  [1652, 1652, 1651, 1651, 1651, 1651, 1651, 1651, 1651, 1651]
Shuffling 16520 1.8 -DP local randomizers results is (eps,  1e-08 )-DP in the shuffle model for eps between 0.1263707785001379 and 0.12923354694512484
The final epsilon, delta is ( 26.93146250530808 , 1e-05 )
Iter: 0 | Train Loss: 0.31991249322891235, Train Acc: 0.0, Train Grad Norm 6.385190963745117, | Test Loss: 0.3618343770503998, Test Acc: 0.0, Test Grad Norm: 9.244462966918945
Iter: 20 | Train Loss: 0.06406505405902863, Train Acc: 0.0, Train Grad Norm 0.2630363702774048, | Test Loss: 0.08986932784318924, Test Acc: 0.0, Test Grad Norm: 0.31310710310935974 | Elapsed Time: 15.875086545944214
Iter: 40 | Train Loss: 0.044181402772665024, Train Acc: 0.0, Train Grad Norm 0.020313266664743423, | Test Loss: 0.05910933017730713, Test Acc: 0.0, Test Grad Norm: 0.2600592076778412 | Elapsed Time: 31.783671379089355
Iter: 60 | Train Loss: 0.04945642501115799, Train Acc: 0.0, Train Grad Norm 0.24238798022270203, | Test Loss: 0.07191155850887299, Test Acc: 0.0, Test Grad Norm: 0.8112478852272034 | Elapsed Time: 47.479976177215576
Patience count 1
Iter: 80 | Train Loss: 0.05078660696744919, Train Acc: 0.0, Train Grad Norm 0.039264000952243805, | Test Loss: 0.06513137370347977, Test Acc: 0.0, Test Grad Norm: 0.23990070819854736 | Elapsed Time: 63.17877006530762
Patience count 2
Iter: 100 | Train Loss: 0.05270078405737877, Train Acc: 0.0, Train Grad Norm 0.04435049742460251, | Test Loss: 0.05542268231511116, Test Acc: 0.0, Test Grad Norm: 0.1381376087665558 | Elapsed Time: 79.17141461372375
Patience count 3
Iter: 120 | Train Loss: 0.05964715778827667, Train Acc: 0.0, Train Grad Norm 0.22478556632995605, | Test Loss: 0.055375441908836365, Test Acc: 0.0, Test Grad Norm: 0.14748024940490723 | Elapsed Time: 94.86586594581604
Learning was stopped
Learning rate eta = 0.25
The size of local train datasets:  [1652, 1652, 1651, 1651, 1651, 1651, 1651, 1651, 1651, 1651]
Shuffling 16520 1.8 -DP local randomizers results is (eps,  1e-08 )-DP in the shuffle model for eps between 0.1263707785001379 and 0.12923354694512484
The final epsilon, delta is ( 26.93146250530808 , 1e-05 )
Iter: 0 | Train Loss: 0.31991249322891235, Train Acc: 0.0, Train Grad Norm 6.385190963745117, | Test Loss: 0.3618343770503998, Test Acc: 0.0, Test Grad Norm: 9.244462966918945
Iter: 20 | Train Loss: 0.21346192061901093, Train Acc: 0.0, Train Grad Norm 3.8079752922058105, | Test Loss: 0.24954639375209808, Test Acc: 0.0, Test Grad Norm: 5.781846046447754 | Elapsed Time: 15.961348056793213
Iter: 40 | Train Loss: 0.13375888764858246, Train Acc: 0.0, Train Grad Norm 2.0378081798553467, | Test Loss: 0.18624429404735565, Test Acc: 0.0, Test Grad Norm: 4.055981159210205 | Elapsed Time: 31.979893445968628
Iter: 60 | Train Loss: 0.08528318256139755, Train Acc: 0.0, Train Grad Norm 0.9491382837295532, | Test Loss: 0.16231979429721832, Test Acc: 0.0, Test Grad Norm: 3.355116128921509 | Elapsed Time: 47.98408269882202
Iter: 80 | Train Loss: 0.05766403302550316, Train Acc: 0.0, Train Grad Norm 0.22569268941879272, | Test Loss: 0.09254153072834015, Test Acc: 0.0, Test Grad Norm: 1.147217035293579 | Elapsed Time: 63.942779541015625
Iter: 100 | Train Loss: 0.05338966101408005, Train Acc: 0.0, Train Grad Norm 0.09733764827251434, | Test Loss: 0.09208348393440247, Test Acc: 0.0, Test Grad Norm: 1.0127413272857666 | Elapsed Time: 80.01437973976135
Iter: 120 | Train Loss: 0.04569010064005852, Train Acc: 0.0, Train Grad Norm 0.05643046274781227, | Test Loss: 0.09452784061431885, Test Acc: 0.0, Test Grad Norm: 1.102112889289856 | Elapsed Time: 95.89355659484863
Iter: 140 | Train Loss: 0.03693576157093048, Train Acc: 0.0, Train Grad Norm 0.010771838948130608, | Test Loss: 0.056531451642513275, Test Acc: 0.0, Test Grad Norm: 0.4361615478992462 | Elapsed Time: 111.92717957496643
Iter: 160 | Train Loss: 0.03601254150271416, Train Acc: 0.0, Train Grad Norm 0.04091973602771759, | Test Loss: 0.04980073124170303, Test Acc: 0.0, Test Grad Norm: 0.44330665469169617 | Elapsed Time: 127.96438312530518
Iter: 180 | Train Loss: 0.03325240686535835, Train Acc: 0.0, Train Grad Norm 0.02989106997847557, | Test Loss: 0.05926815792918205, Test Acc: 0.0, Test Grad Norm: 0.6064454317092896 | Elapsed Time: 143.95041489601135
Iter: 200 | Train Loss: 0.033986471593379974, Train Acc: 0.0, Train Grad Norm 0.013000991195440292, | Test Loss: 0.05261172726750374, Test Acc: 0.0, Test Grad Norm: 0.3913341760635376 | Elapsed Time: 159.9190878868103
Iter: 220 | Train Loss: 0.03625217452645302, Train Acc: 0.0, Train Grad Norm 0.06882317364215851, | Test Loss: 0.10309828817844391, Test Acc: 0.0, Test Grad Norm: 1.944263219833374 | Elapsed Time: 176.07064056396484
Patience count 1
Iter: 240 | Train Loss: 0.029976069927215576, Train Acc: 0.0, Train Grad Norm 0.01165860891342163, | Test Loss: 0.05357621610164642, Test Acc: 0.0, Test Grad Norm: 0.6663158535957336 | Elapsed Time: 192.02315497398376
Iter: 260 | Train Loss: 0.028444865718483925, Train Acc: 0.0, Train Grad Norm 0.0035174493677914143, | Test Loss: 0.03154681250452995, Test Acc: 0.0, Test Grad Norm: 0.10741598159074783 | Elapsed Time: 207.97519445419312
Iter: 280 | Train Loss: 0.029514217749238014, Train Acc: 0.0, Train Grad Norm 0.0049553848803043365, | Test Loss: 0.02914266660809517, Test Acc: 0.0, Test Grad Norm: 0.009704697877168655 | Elapsed Time: 224.00399446487427
Iter: 300 | Train Loss: 0.031833045184612274, Train Acc: 0.0, Train Grad Norm 0.01025303639471531, | Test Loss: 0.031069548800587654, Test Acc: 0.0, Test Grad Norm: 0.02491426281630993 | Elapsed Time: 240.10767126083374
Patience count 1
Iter: 320 | Train Loss: 0.032254524528980255, Train Acc: 0.0, Train Grad Norm 0.006762385368347168, | Test Loss: 0.03845784440636635, Test Acc: 0.0, Test Grad Norm: 0.21497254073619843 | Elapsed Time: 256.11452460289
Patience count 2
Iter: 340 | Train Loss: 0.03417674079537392, Train Acc: 0.0, Train Grad Norm 0.011866884306073189, | Test Loss: 0.050163816660642624, Test Acc: 0.0, Test Grad Norm: 0.5062054395675659 | Elapsed Time: 272.0845501422882
Patience count 3
Iter: 360 | Train Loss: 0.03617389127612114, Train Acc: 0.0, Train Grad Norm 0.018029309809207916, | Test Loss: 0.0498223677277565, Test Acc: 0.0, Test Grad Norm: 0.4691935181617737 | Elapsed Time: 288.3545880317688
Learning was stopped
Learning rate eta = 0.125
The size of local train datasets:  [1652, 1652, 1651, 1651, 1651, 1651, 1651, 1651, 1651, 1651]
Shuffling 16520 1.8 -DP local randomizers results is (eps,  1e-08 )-DP in the shuffle model for eps between 0.1263707785001379 and 0.12923354694512484
The final epsilon, delta is ( 26.93146250530808 , 1e-05 )
Iter: 0 | Train Loss: 0.31991249322891235, Train Acc: 0.0, Train Grad Norm 6.385190963745117, | Test Loss: 0.3618343770503998, Test Acc: 0.0, Test Grad Norm: 9.244462966918945
Iter: 20 | Train Loss: 0.22437644004821777, Train Acc: 0.0, Train Grad Norm 4.031082630157471, | Test Loss: 0.23095488548278809, Test Acc: 0.0, Test Grad Norm: 4.982392311096191 | Elapsed Time: 15.992361545562744
Iter: 40 | Train Loss: 0.16643568873405457, Train Acc: 0.0, Train Grad Norm 2.6962246894836426, | Test Loss: 0.16772359609603882, Test Acc: 0.0, Test Grad Norm: 3.1980865001678467 | Elapsed Time: 31.89557719230652
Iter: 60 | Train Loss: 0.11148923635482788, Train Acc: 0.0, Train Grad Norm 1.4369622468948364, | Test Loss: 0.11042209714651108, Test Acc: 0.0, Test Grad Norm: 1.6786636114120483 | Elapsed Time: 47.94641041755676
Iter: 80 | Train Loss: 0.08603110164403915, Train Acc: 0.0, Train Grad Norm 0.804553210735321, | Test Loss: 0.08341486006975174, Test Acc: 0.0, Test Grad Norm: 0.8277304768562317 | Elapsed Time: 63.952391386032104
Iter: 100 | Train Loss: 0.07439789175987244, Train Acc: 0.0, Train Grad Norm 0.41916900873184204, | Test Loss: 0.0718575119972229, Test Acc: 0.0, Test Grad Norm: 0.3688628375530243 | Elapsed Time: 79.85866284370422
Iter: 120 | Train Loss: 0.06284685432910919, Train Acc: 0.0, Train Grad Norm 0.21739444136619568, | Test Loss: 0.06099964678287506, Test Acc: 0.0, Test Grad Norm: 0.16966646909713745 | Elapsed Time: 95.96391558647156
Iter: 140 | Train Loss: 0.05405443161725998, Train Acc: 0.0, Train Grad Norm 0.05870772898197174, | Test Loss: 0.051933515816926956, Test Acc: 0.0, Test Grad Norm: 0.04249796271324158 | Elapsed Time: 111.91591596603394
Iter: 160 | Train Loss: 0.04822225123643875, Train Acc: 0.0, Train Grad Norm 0.01369310263544321, | Test Loss: 0.04669167101383209, Test Acc: 0.0, Test Grad Norm: 0.017553772777318954 | Elapsed Time: 127.81482410430908
Iter: 180 | Train Loss: 0.048121389001607895, Train Acc: 0.0, Train Grad Norm 0.01290101371705532, | Test Loss: 0.04761628434062004, Test Acc: 0.0, Test Grad Norm: 0.033797867596149445 | Elapsed Time: 143.98766684532166
Iter: 200 | Train Loss: 0.048279426991939545, Train Acc: 0.0, Train Grad Norm 0.0171276293694973, | Test Loss: 0.048699695616960526, Test Acc: 0.0, Test Grad Norm: 0.033535148948431015 | Elapsed Time: 160.01869201660156
Iter: 220 | Train Loss: 0.0529811829328537, Train Acc: 0.0, Train Grad Norm 0.024270515888929367, | Test Loss: 0.05260206013917923, Test Acc: 0.0, Test Grad Norm: 0.03500278666615486 | Elapsed Time: 176.0563292503357
Patience count 1
Iter: 240 | Train Loss: 0.050157640129327774, Train Acc: 0.0, Train Grad Norm 0.022358549758791924, | Test Loss: 0.04852377250790596, Test Acc: 0.0, Test Grad Norm: 0.020690422505140305 | Elapsed Time: 192.03252172470093
Iter: 260 | Train Loss: 0.04847562313079834, Train Acc: 0.0, Train Grad Norm 0.02049747109413147, | Test Loss: 0.04590240865945816, Test Acc: 0.0, Test Grad Norm: 0.016791051253676414 | Elapsed Time: 207.98828101158142
Iter: 280 | Train Loss: 0.043486956506967545, Train Acc: 0.0, Train Grad Norm 0.011362332850694656, | Test Loss: 0.04216083884239197, Test Acc: 0.0, Test Grad Norm: 0.017329439520835876 | Elapsed Time: 223.8929159641266
Iter: 300 | Train Loss: 0.04628169909119606, Train Acc: 0.0, Train Grad Norm 0.01347852498292923, | Test Loss: 0.044629812240600586, Test Acc: 0.0, Test Grad Norm: 0.02366527169942856 | Elapsed Time: 239.89444541931152
Patience count 1
Iter: 320 | Train Loss: 0.04726466163992882, Train Acc: 0.0, Train Grad Norm 0.026770908385515213, | Test Loss: 0.047889918088912964, Test Acc: 0.0, Test Grad Norm: 0.04349266737699509 | Elapsed Time: 255.94600582122803
Patience count 2
Iter: 340 | Train Loss: 0.048216938972473145, Train Acc: 0.0, Train Grad Norm 0.019589614123106003, | Test Loss: 0.05029119923710823, Test Acc: 0.0, Test Grad Norm: 0.07857462763786316 | Elapsed Time: 271.8796045780182
Patience count 3
Iter: 360 | Train Loss: 0.04600333794951439, Train Acc: 0.0, Train Grad Norm 0.015250463038682938, | Test Loss: 0.04532935470342636, Test Acc: 0.0, Test Grad Norm: 0.03874242305755615 | Elapsed Time: 287.7824511528015
Learning was stopped
Learning rate eta = 0.0625
The size of local train datasets:  [1652, 1652, 1651, 1651, 1651, 1651, 1651, 1651, 1651, 1651]
Shuffling 16520 1.8 -DP local randomizers results is (eps,  1e-08 )-DP in the shuffle model for eps between 0.1263707785001379 and 0.12923354694512484
The final epsilon, delta is ( 26.93146250530808 , 1e-05 )
Iter: 0 | Train Loss: 0.31991249322891235, Train Acc: 0.0, Train Grad Norm 6.385190963745117, | Test Loss: 0.3618343770503998, Test Acc: 0.0, Test Grad Norm: 9.244462966918945
Iter: 20 | Train Loss: 0.2441706508398056, Train Acc: 0.0, Train Grad Norm 4.478917121887207, | Test Loss: 0.26170429587364197, Test Acc: 0.0, Test Grad Norm: 6.023654937744141 | Elapsed Time: 16.029155492782593
Iter: 40 | Train Loss: 0.19950619339942932, Train Acc: 0.0, Train Grad Norm 3.4052553176879883, | Test Loss: 0.21289792656898499, Test Acc: 0.0, Test Grad Norm: 4.624983310699463 | Elapsed Time: 31.911900997161865
Iter: 60 | Train Loss: 0.1609899401664734, Train Acc: 0.0, Train Grad Norm 2.41418719291687, | Test Loss: 0.17161230742931366, Test Acc: 0.0, Test Grad Norm: 3.3946897983551025 | Elapsed Time: 47.795344829559326
Iter: 80 | Train Loss: 0.12589381635189056, Train Acc: 0.0, Train Grad Norm 1.5606415271759033, | Test Loss: 0.1345890313386917, Test Acc: 0.0, Test Grad Norm: 2.295520305633545 | Elapsed Time: 63.825520753860474
Iter: 100 | Train Loss: 0.09387670457363129, Train Acc: 0.0, Train Grad Norm 0.7875568866729736, | Test Loss: 0.09434705972671509, Test Acc: 0.0, Test Grad Norm: 1.083565354347229 | Elapsed Time: 79.67310047149658
Iter: 120 | Train Loss: 0.07851452380418777, Train Acc: 0.0, Train Grad Norm 0.45065969228744507, | Test Loss: 0.0759744644165039, Test Acc: 0.0, Test Grad Norm: 0.5708879828453064 | Elapsed Time: 95.5996208190918
Iter: 140 | Train Loss: 0.07145132124423981, Train Acc: 0.0, Train Grad Norm 0.3175460696220398, | Test Loss: 0.06887741386890411, Test Acc: 0.0, Test Grad Norm: 0.41425836086273193 | Elapsed Time: 111.58607935905457
Iter: 160 | Train Loss: 0.06645569950342178, Train Acc: 0.0, Train Grad Norm 0.18817420303821564, | Test Loss: 0.0627099946141243, Test Acc: 0.0, Test Grad Norm: 0.21258525550365448 | Elapsed Time: 127.41765666007996
Iter: 180 | Train Loss: 0.06123125180602074, Train Acc: 0.0, Train Grad Norm 0.09893007576465607, | Test Loss: 0.05741593986749649, Test Acc: 0.0, Test Grad Norm: 0.10818367451429367 | Elapsed Time: 143.2846393585205
Iter: 200 | Train Loss: 0.05907565727829933, Train Acc: 0.0, Train Grad Norm 0.055498600006103516, | Test Loss: 0.05515732988715172, Test Acc: 0.0, Test Grad Norm: 0.04977681487798691 | Elapsed Time: 159.27593302726746
Iter: 220 | Train Loss: 0.058362673968076706, Train Acc: 0.0, Train Grad Norm 0.040771838277578354, | Test Loss: 0.054986175149679184, Test Acc: 0.0, Test Grad Norm: 0.03360439091920853 | Elapsed Time: 175.13472771644592
Iter: 240 | Train Loss: 0.0547117218375206, Train Acc: 0.0, Train Grad Norm 0.033633988350629807, | Test Loss: 0.053806569427251816, Test Acc: 0.0, Test Grad Norm: 0.047905731946229935 | Elapsed Time: 191.0868434906006
Iter: 260 | Train Loss: 0.053218774497509, Train Acc: 0.0, Train Grad Norm 0.03716089949011803, | Test Loss: 0.052448030561208725, Test Acc: 0.0, Test Grad Norm: 0.04541802778840065 | Elapsed Time: 206.95435118675232
Iter: 280 | Train Loss: 0.05212893709540367, Train Acc: 0.0, Train Grad Norm 0.03327464684844017, | Test Loss: 0.05325634777545929, Test Acc: 0.0, Test Grad Norm: 0.07023464888334274 | Elapsed Time: 222.99287295341492
Iter: 300 | Train Loss: 0.04892443120479584, Train Acc: 0.0, Train Grad Norm 0.02252771519124508, | Test Loss: 0.05329050123691559, Test Acc: 0.0, Test Grad Norm: 0.11459895223379135 | Elapsed Time: 238.8533272743225
Iter: 320 | Train Loss: 0.04733141139149666, Train Acc: 0.0, Train Grad Norm 0.01884436421096325, | Test Loss: 0.053421907126903534, Test Acc: 0.0, Test Grad Norm: 0.16613204777240753 | Elapsed Time: 254.7242043018341
Iter: 340 | Train Loss: 0.04593076556921005, Train Acc: 0.0, Train Grad Norm 0.016659125685691833, | Test Loss: 0.05033985152840614, Test Acc: 0.0, Test Grad Norm: 0.12466274201869965 | Elapsed Time: 270.6875066757202
Iter: 360 | Train Loss: 0.04561345651745796, Train Acc: 0.0, Train Grad Norm 0.017500722780823708, | Test Loss: 0.054988451302051544, Test Acc: 0.0, Test Grad Norm: 0.20758242905139923 | Elapsed Time: 286.5101099014282
Iter: 380 | Train Loss: 0.04416707158088684, Train Acc: 0.0, Train Grad Norm 0.015784835442900658, | Test Loss: 0.05090676620602608, Test Acc: 0.0, Test Grad Norm: 0.16114303469657898 | Elapsed Time: 302.4519205093384
Iter: 400 | Train Loss: 0.04228119179606438, Train Acc: 0.0, Train Grad Norm 0.01653280109167099, | Test Loss: 0.049065425992012024, Test Acc: 0.0, Test Grad Norm: 0.14220818877220154 | Elapsed Time: 318.5246865749359
Iter: 420 | Train Loss: 0.04150211438536644, Train Acc: 0.0, Train Grad Norm 0.013143527321517467, | Test Loss: 0.0523846372961998, Test Acc: 0.0, Test Grad Norm: 0.22867868840694427 | Elapsed Time: 334.3961718082428
Iter: 440 | Train Loss: 0.04217992350459099, Train Acc: 0.0, Train Grad Norm 0.016959691420197487, | Test Loss: 0.06020423769950867, Test Acc: 0.0, Test Grad Norm: 0.412047415971756 | Elapsed Time: 350.25992465019226
Iter: 460 | Train Loss: 0.041925106197595596, Train Acc: 0.0, Train Grad Norm 0.018602527678012848, | Test Loss: 0.05984809994697571, Test Acc: 0.0, Test Grad Norm: 0.42296919226646423 | Elapsed Time: 366.325909614563
Iter: 480 | Train Loss: 0.040980737656354904, Train Acc: 0.0, Train Grad Norm 0.01550649106502533, | Test Loss: 0.053990501910448074, Test Acc: 0.0, Test Grad Norm: 0.29962438344955444 | Elapsed Time: 382.22553730010986
Iter: 500 | Train Loss: 0.03901970386505127, Train Acc: 0.0, Train Grad Norm 0.01932431384921074, | Test Loss: 0.05192990228533745, Test Acc: 0.0, Test Grad Norm: 0.34266534447669983 | Elapsed Time: 398.0657470226288
Running with c=100, seed=2
GPU Not Enabled
Learning rate eta = 1.0
The size of local train datasets:  [1652, 1652, 1651, 1651, 1651, 1651, 1651, 1651, 1651, 1651]
Shuffling 16520 1.8 -DP local randomizers results is (eps,  1e-08 )-DP in the shuffle model for eps between 0.1263707785001379 and 0.12923354694512484
The final epsilon, delta is ( 26.93146250530808 , 1e-05 )
Iter: 0 | Train Loss: 0.31991249322891235, Train Acc: 0.0, Train Grad Norm 6.385190963745117, | Test Loss: 0.3618343770503998, Test Acc: 0.0, Test Grad Norm: 9.244462966918945
Iter: 20 | Train Loss: 0.04873909056186676, Train Acc: 0.0, Train Grad Norm 0.03143131732940674, | Test Loss: 0.053098633885383606, Test Acc: 0.0, Test Grad Norm: 0.07898976653814316 | Elapsed Time: 15.71610403060913
Iter: 40 | Train Loss: 0.08649048209190369, Train Acc: 0.0, Train Grad Norm 0.17067259550094604, | Test Loss: 0.4284186363220215, Test Acc: 0.0, Test Grad Norm: 9.448590278625488 | Elapsed Time: 31.472673416137695
Patience count 1
Iter: 60 | Train Loss: 0.11867357790470123, Train Acc: 0.0, Train Grad Norm 0.5092167854309082, | Test Loss: 0.21483507752418518, Test Acc: 0.0, Test Grad Norm: 7.510087490081787 | Elapsed Time: 47.29787540435791
Patience count 2
Iter: 80 | Train Loss: 0.20590288937091827, Train Acc: 0.0, Train Grad Norm 1.1080918312072754, | Test Loss: 0.72676682472229, Test Acc: 0.0, Test Grad Norm: 39.710960388183594 | Elapsed Time: 62.86871910095215
Patience count 3
Iter: 100 | Train Loss: 0.27115219831466675, Train Acc: 0.0, Train Grad Norm 0.8078789114952087, | Test Loss: 1.1095978021621704, Test Acc: 0.0, Test Grad Norm: 49.65889358520508 | Elapsed Time: 78.58148956298828
Learning was stopped
Learning rate eta = 0.5
The size of local train datasets:  [1652, 1652, 1651, 1651, 1651, 1651, 1651, 1651, 1651, 1651]
Shuffling 16520 1.8 -DP local randomizers results is (eps,  1e-08 )-DP in the shuffle model for eps between 0.1263707785001379 and 0.12923354694512484
The final epsilon, delta is ( 26.93146250530808 , 1e-05 )
Iter: 0 | Train Loss: 0.31991249322891235, Train Acc: 0.0, Train Grad Norm 6.385190963745117, | Test Loss: 0.3618343770503998, Test Acc: 0.0, Test Grad Norm: 9.244462966918945
Iter: 20 | Train Loss: 0.09818286448717117, Train Acc: 0.0, Train Grad Norm 0.8724146485328674, | Test Loss: 0.09576889872550964, Test Acc: 0.0, Test Grad Norm: 1.1167185306549072 | Elapsed Time: 15.711660861968994
Iter: 40 | Train Loss: 0.07117054611444473, Train Acc: 0.0, Train Grad Norm 0.14180152118206024, | Test Loss: 0.06481633335351944, Test Acc: 0.0, Test Grad Norm: 0.0857628807425499 | Elapsed Time: 31.576844453811646
Iter: 60 | Train Loss: 0.07360581308603287, Train Acc: 0.0, Train Grad Norm 0.15937407314777374, | Test Loss: 0.07880660891532898, Test Acc: 0.0, Test Grad Norm: 0.26812243461608887 | Elapsed Time: 47.340474128723145
Iter: 80 | Train Loss: 0.05641981586813927, Train Acc: 0.0, Train Grad Norm 0.07390816509723663, | Test Loss: 0.08083350956439972, Test Acc: 0.0, Test Grad Norm: 1.083060383796692 | Elapsed Time: 63.26854705810547
Iter: 100 | Train Loss: 0.0543043352663517, Train Acc: 0.0, Train Grad Norm 0.08843935281038284, | Test Loss: 0.06314371526241302, Test Acc: 0.0, Test Grad Norm: 0.5149797797203064 | Elapsed Time: 79.14018607139587
Iter: 120 | Train Loss: 0.04862456023693085, Train Acc: 0.0, Train Grad Norm 0.08438459783792496, | Test Loss: 0.04599544405937195, Test Acc: 0.0, Test Grad Norm: 0.0551634281873703 | Elapsed Time: 94.91153621673584
Iter: 140 | Train Loss: 0.04609491303563118, Train Acc: 0.0, Train Grad Norm 0.05801914632320404, | Test Loss: 0.04552464932203293, Test Acc: 0.0, Test Grad Norm: 0.07001583278179169 | Elapsed Time: 110.7063479423523
Iter: 160 | Train Loss: 0.03972815349698067, Train Acc: 0.0, Train Grad Norm 0.04281889274716377, | Test Loss: 0.063307985663414, Test Acc: 0.0, Test Grad Norm: 0.5911900401115417 | Elapsed Time: 126.44409918785095
Iter: 180 | Train Loss: 0.05511120334267616, Train Acc: 0.0, Train Grad Norm 0.06868113577365875, | Test Loss: 0.24401527643203735, Test Acc: 0.0, Test Grad Norm: 6.897558212280273 | Elapsed Time: 142.0900366306305
Patience count 1
Iter: 200 | Train Loss: 0.05210172384977341, Train Acc: 0.0, Train Grad Norm 0.16230826079845428, | Test Loss: 0.18957357108592987, Test Acc: 0.0, Test Grad Norm: 5.7553534507751465 | Elapsed Time: 157.7541115283966
Patience count 2
Iter: 220 | Train Loss: 0.04843343794345856, Train Acc: 0.0, Train Grad Norm 0.04422646388411522, | Test Loss: 0.1305728256702423, Test Acc: 0.0, Test Grad Norm: 2.9773266315460205 | Elapsed Time: 173.52123641967773
Patience count 3
Iter: 240 | Train Loss: 0.052667561918497086, Train Acc: 0.0, Train Grad Norm 0.1071598008275032, | Test Loss: 0.08713008463382721, Test Acc: 0.0, Test Grad Norm: 1.155094027519226 | Elapsed Time: 189.2730746269226
Learning was stopped
Learning rate eta = 0.25
The size of local train datasets:  [1652, 1652, 1651, 1651, 1651, 1651, 1651, 1651, 1651, 1651]
Shuffling 16520 1.8 -DP local randomizers results is (eps,  1e-08 )-DP in the shuffle model for eps between 0.1263707785001379 and 0.12923354694512484
The final epsilon, delta is ( 26.93146250530808 , 1e-05 )
Iter: 0 | Train Loss: 0.31991249322891235, Train Acc: 0.0, Train Grad Norm 6.385190963745117, | Test Loss: 0.3618343770503998, Test Acc: 0.0, Test Grad Norm: 9.244462966918945
Iter: 20 | Train Loss: 0.15772360563278198, Train Acc: 0.0, Train Grad Norm 2.6240601539611816, | Test Loss: 0.15944349765777588, Test Acc: 0.0, Test Grad Norm: 3.0876972675323486 | Elapsed Time: 15.747721672058105
Iter: 40 | Train Loss: 0.08744952827692032, Train Acc: 0.0, Train Grad Norm 0.8023756742477417, | Test Loss: 0.08478724956512451, Test Acc: 0.0, Test Grad Norm: 0.9093419313430786 | Elapsed Time: 31.465312957763672
Iter: 60 | Train Loss: 0.0654226765036583, Train Acc: 0.0, Train Grad Norm 0.2258502095937729, | Test Loss: 0.06192437931895256, Test Acc: 0.0, Test Grad Norm: 0.28645002841949463 | Elapsed Time: 47.37280631065369
Iter: 80 | Train Loss: 0.06763693690299988, Train Acc: 0.0, Train Grad Norm 0.04815487191081047, | Test Loss: 0.06253082305192947, Test Acc: 0.0, Test Grad Norm: 0.07060101628303528 | Elapsed Time: 63.05201721191406
Iter: 100 | Train Loss: 0.06862687319517136, Train Acc: 0.0, Train Grad Norm 0.03540242835879326, | Test Loss: 0.06850185990333557, Test Acc: 0.0, Test Grad Norm: 0.1302676945924759 | Elapsed Time: 78.7353630065918
Iter: 120 | Train Loss: 0.06625214964151382, Train Acc: 0.0, Train Grad Norm 0.06964224576950073, | Test Loss: 0.06580160558223724, Test Acc: 0.0, Test Grad Norm: 0.10053077340126038 | Elapsed Time: 94.5245304107666
Iter: 140 | Train Loss: 0.07023599743843079, Train Acc: 0.0, Train Grad Norm 0.07434896379709244, | Test Loss: 0.08283117413520813, Test Acc: 0.0, Test Grad Norm: 0.7101345658302307 | Elapsed Time: 110.27955317497253
Patience count 1
Iter: 160 | Train Loss: 0.0669432058930397, Train Acc: 0.0, Train Grad Norm 0.050413861870765686, | Test Loss: 0.0637805312871933, Test Acc: 0.0, Test Grad Norm: 0.18181973695755005 | Elapsed Time: 126.00478625297546
Iter: 180 | Train Loss: 0.06764568388462067, Train Acc: 0.0, Train Grad Norm 0.051308806985616684, | Test Loss: 0.05710456520318985, Test Acc: 0.0, Test Grad Norm: 0.02838560938835144 | Elapsed Time: 141.78092789649963
Iter: 200 | Train Loss: 0.07481551915407181, Train Acc: 0.0, Train Grad Norm 0.09853307157754898, | Test Loss: 0.07398179173469543, Test Acc: 0.0, Test Grad Norm: 0.404632568359375 | Elapsed Time: 157.4904248714447
Patience count 2
Iter: 220 | Train Loss: 0.0780978724360466, Train Acc: 0.0, Train Grad Norm 0.11439132690429688, | Test Loss: 0.11481255292892456, Test Acc: 0.0, Test Grad Norm: 1.739881992340088 | Elapsed Time: 173.25513410568237
Patience count 3
Iter: 240 | Train Loss: 0.06171761453151703, Train Acc: 0.0, Train Grad Norm 0.0598311610519886, | Test Loss: 0.07390543818473816, Test Acc: 0.0, Test Grad Norm: 0.7906356453895569 | Elapsed Time: 189.16673612594604
Learning was stopped
Learning rate eta = 0.125
The size of local train datasets:  [1652, 1652, 1651, 1651, 1651, 1651, 1651, 1651, 1651, 1651]
Shuffling 16520 1.8 -DP local randomizers results is (eps,  1e-08 )-DP in the shuffle model for eps between 0.1263707785001379 and 0.12923354694512484
The final epsilon, delta is ( 26.93146250530808 , 1e-05 )
Iter: 0 | Train Loss: 0.31991249322891235, Train Acc: 0.0, Train Grad Norm 6.385190963745117, | Test Loss: 0.3618343770503998, Test Acc: 0.0, Test Grad Norm: 9.244462966918945
Iter: 20 | Train Loss: 0.1993415653705597, Train Acc: 0.0, Train Grad Norm 3.448575019836426, | Test Loss: 0.21905052661895752, Test Acc: 0.0, Test Grad Norm: 4.8249688148498535 | Elapsed Time: 15.766003608703613
Iter: 40 | Train Loss: 0.14001832902431488, Train Acc: 0.0, Train Grad Norm 2.0014283657073975, | Test Loss: 0.15720346570014954, Test Acc: 0.0, Test Grad Norm: 2.991687059402466 | Elapsed Time: 31.526054620742798
Iter: 60 | Train Loss: 0.10041961073875427, Train Acc: 0.0, Train Grad Norm 1.0935217142105103, | Test Loss: 0.11292833089828491, Test Acc: 0.0, Test Grad Norm: 1.7951772212982178 | Elapsed Time: 47.33469080924988
Iter: 80 | Train Loss: 0.07416103035211563, Train Acc: 0.0, Train Grad Norm 0.49691200256347656, | Test Loss: 0.07823557406663895, Test Acc: 0.0, Test Grad Norm: 0.8329752683639526 | Elapsed Time: 63.083898305892944
Iter: 100 | Train Loss: 0.06269814819097519, Train Acc: 0.0, Train Grad Norm 0.21137239038944244, | Test Loss: 0.0703180655837059, Test Acc: 0.0, Test Grad Norm: 0.5584986209869385 | Elapsed Time: 78.81648755073547
Iter: 120 | Train Loss: 0.05706779658794403, Train Acc: 0.0, Train Grad Norm 0.13282938301563263, | Test Loss: 0.06434760242700577, Test Acc: 0.0, Test Grad Norm: 0.4135270118713379 | Elapsed Time: 94.59046006202698
Iter: 140 | Train Loss: 0.0508103184401989, Train Acc: 0.0, Train Grad Norm 0.03815484046936035, | Test Loss: 0.049445006996393204, Test Acc: 0.0, Test Grad Norm: 0.08884894847869873 | Elapsed Time: 110.41943788528442
Iter: 160 | Train Loss: 0.05127589404582977, Train Acc: 0.0, Train Grad Norm 0.020765157416462898, | Test Loss: 0.048470210283994675, Test Acc: 0.0, Test Grad Norm: 0.02909529209136963 | Elapsed Time: 126.1225893497467
Iter: 180 | Train Loss: 0.05013090372085571, Train Acc: 0.0, Train Grad Norm 0.01639731228351593, | Test Loss: 0.04688325524330139, Test Acc: 0.0, Test Grad Norm: 0.017789136618375778 | Elapsed Time: 141.84786915779114
Iter: 200 | Train Loss: 0.04616665095090866, Train Acc: 0.0, Train Grad Norm 0.014782979153096676, | Test Loss: 0.04686157777905464, Test Acc: 0.0, Test Grad Norm: 0.06042196974158287 | Elapsed Time: 157.68366622924805
Iter: 220 | Train Loss: 0.04521132633090019, Train Acc: 0.0, Train Grad Norm 0.01355278305709362, | Test Loss: 0.0488109290599823, Test Acc: 0.0, Test Grad Norm: 0.11306065320968628 | Elapsed Time: 173.45098066329956
Iter: 240 | Train Loss: 0.042747411876916885, Train Acc: 0.0, Train Grad Norm 0.014304683543741703, | Test Loss: 0.04030627757310867, Test Acc: 0.0, Test Grad Norm: 0.011766736395657063 | Elapsed Time: 189.20841765403748
Iter: 260 | Train Loss: 0.041659165173769, Train Acc: 0.0, Train Grad Norm 0.013658895157277584, | Test Loss: 0.04244479164481163, Test Acc: 0.0, Test Grad Norm: 0.07639333605766296 | Elapsed Time: 204.97448778152466
Iter: 280 | Train Loss: 0.040075886994600296, Train Acc: 0.0, Train Grad Norm 0.014557430520653725, | Test Loss: 0.03748900070786476, Test Acc: 0.0, Test Grad Norm: 0.01927006058394909 | Elapsed Time: 220.71370100975037
Iter: 300 | Train Loss: 0.03988059610128403, Train Acc: 0.0, Train Grad Norm 0.027207456529140472, | Test Loss: 0.04016391560435295, Test Acc: 0.0, Test Grad Norm: 0.11859986186027527 | Elapsed Time: 236.44259071350098
Iter: 320 | Train Loss: 0.035939689725637436, Train Acc: 0.0, Train Grad Norm 0.012693628668785095, | Test Loss: 0.03357205167412758, Test Acc: 0.0, Test Grad Norm: 0.01054693665355444 | Elapsed Time: 252.28839921951294
Iter: 340 | Train Loss: 0.03404805809259415, Train Acc: 0.0, Train Grad Norm 0.010150310583412647, | Test Loss: 0.037495583295822144, Test Acc: 0.0, Test Grad Norm: 0.11895409226417542 | Elapsed Time: 268.0784361362457
Iter: 360 | Train Loss: 0.03573683276772499, Train Acc: 0.0, Train Grad Norm 0.012842612341046333, | Test Loss: 0.06017313152551651, Test Acc: 0.0, Test Grad Norm: 0.6171182990074158 | Elapsed Time: 283.844651222229
Iter: 380 | Train Loss: 0.032794807106256485, Train Acc: 0.0, Train Grad Norm 0.019307205453515053, | Test Loss: 0.045369312167167664, Test Acc: 0.0, Test Grad Norm: 0.4189431071281433 | Elapsed Time: 299.5957372188568
Iter: 400 | Train Loss: 0.03432625159621239, Train Acc: 0.0, Train Grad Norm 0.012858777306973934, | Test Loss: 0.04529324546456337, Test Acc: 0.0, Test Grad Norm: 0.3522142469882965 | Elapsed Time: 315.43172240257263
Iter: 420 | Train Loss: 0.036733485758304596, Train Acc: 0.0, Train Grad Norm 0.025389771908521652, | Test Loss: 0.045346640050411224, Test Acc: 0.0, Test Grad Norm: 0.24373972415924072 | Elapsed Time: 331.2005660533905
Patience count 1
Iter: 440 | Train Loss: 0.03524629399180412, Train Acc: 0.0, Train Grad Norm 0.027040651068091393, | Test Loss: 0.03685014322400093, Test Acc: 0.0, Test Grad Norm: 0.08351045846939087 | Elapsed Time: 347.0277349948883
Patience count 2
Iter: 460 | Train Loss: 0.03657809644937515, Train Acc: 0.0, Train Grad Norm 0.03932420536875725, | Test Loss: 0.04152616858482361, Test Acc: 0.0, Test Grad Norm: 0.1593274027109146 | Elapsed Time: 362.88329887390137
Patience count 3
Iter: 480 | Train Loss: 0.03786845877766609, Train Acc: 0.0, Train Grad Norm 0.02141890488564968, | Test Loss: 0.05786220356822014, Test Acc: 0.0, Test Grad Norm: 0.5446087121963501 | Elapsed Time: 378.5848608016968
Learning was stopped
Learning rate eta = 0.0625
The size of local train datasets:  [1652, 1652, 1651, 1651, 1651, 1651, 1651, 1651, 1651, 1651]
Shuffling 16520 1.8 -DP local randomizers results is (eps,  1e-08 )-DP in the shuffle model for eps between 0.1263707785001379 and 0.12923354694512484
The final epsilon, delta is ( 26.93146250530808 , 1e-05 )
Iter: 0 | Train Loss: 0.31991249322891235, Train Acc: 0.0, Train Grad Norm 6.385190963745117, | Test Loss: 0.3618343770503998, Test Acc: 0.0, Test Grad Norm: 9.244462966918945
Iter: 20 | Train Loss: 0.25444045662879944, Train Acc: 0.0, Train Grad Norm 4.749902725219727, | Test Loss: 0.2841324508190155, Test Acc: 0.0, Test Grad Norm: 6.7706522941589355 | Elapsed Time: 15.70780611038208
Iter: 40 | Train Loss: 0.20018720626831055, Train Acc: 0.0, Train Grad Norm 3.3859524726867676, | Test Loss: 0.22419419884681702, Test Acc: 0.0, Test Grad Norm: 4.971291542053223 | Elapsed Time: 31.55728244781494
Iter: 60 | Train Loss: 0.14857715368270874, Train Acc: 0.0, Train Grad Norm 2.0095415115356445, | Test Loss: 0.1628013700246811, Test Acc: 0.0, Test Grad Norm: 2.979193687438965 | Elapsed Time: 47.22624635696411
Iter: 80 | Train Loss: 0.12606164813041687, Train Acc: 0.0, Train Grad Norm 1.4497689008712769, | Test Loss: 0.13738501071929932, Test Acc: 0.0, Test Grad Norm: 2.234304428100586 | Elapsed Time: 62.959107398986816
Iter: 100 | Train Loss: 0.10585832595825195, Train Acc: 0.0, Train Grad Norm 0.8873168230056763, | Test Loss: 0.11127575486898422, Test Acc: 0.0, Test Grad Norm: 1.3818844556808472 | Elapsed Time: 78.9859926700592
Iter: 120 | Train Loss: 0.08981894701719284, Train Acc: 0.0, Train Grad Norm 0.5641663670539856, | Test Loss: 0.09255777299404144, Test Acc: 0.0, Test Grad Norm: 0.8877858519554138 | Elapsed Time: 94.74327540397644
Iter: 140 | Train Loss: 0.07555978000164032, Train Acc: 0.0, Train Grad Norm 0.30273380875587463, | Test Loss: 0.07523977011442184, Test Acc: 0.0, Test Grad Norm: 0.4721078872680664 | Elapsed Time: 110.44857883453369
Iter: 160 | Train Loss: 0.06775212287902832, Train Acc: 0.0, Train Grad Norm 0.142119899392128, | Test Loss: 0.0699084997177124, Test Acc: 0.0, Test Grad Norm: 0.32119429111480713 | Elapsed Time: 126.17007493972778
Iter: 180 | Train Loss: 0.06452296674251556, Train Acc: 0.0, Train Grad Norm 0.08606857061386108, | Test Loss: 0.06687293201684952, Test Acc: 0.0, Test Grad Norm: 0.23662671446800232 | Elapsed Time: 142.05090379714966
Iter: 200 | Train Loss: 0.06489892303943634, Train Acc: 0.0, Train Grad Norm 0.08830265700817108, | Test Loss: 0.07217574119567871, Test Acc: 0.0, Test Grad Norm: 0.32588276267051697 | Elapsed Time: 157.71484351158142
Iter: 220 | Train Loss: 0.06011342629790306, Train Acc: 0.0, Train Grad Norm 0.03936384245753288, | Test Loss: 0.07111594080924988, Test Acc: 0.0, Test Grad Norm: 0.27384766936302185 | Elapsed Time: 173.47172379493713
Iter: 240 | Train Loss: 0.057701073586940765, Train Acc: 0.0, Train Grad Norm 0.027342040091753006, | Test Loss: 0.06659150123596191, Test Acc: 0.0, Test Grad Norm: 0.2107277810573578 | Elapsed Time: 189.30765295028687
Iter: 260 | Train Loss: 0.05523150414228439, Train Acc: 0.0, Train Grad Norm 0.01862207055091858, | Test Loss: 0.06373482942581177, Test Acc: 0.0, Test Grad Norm: 0.17431233823299408 | Elapsed Time: 205.10428309440613
Iter: 280 | Train Loss: 0.05188361182808876, Train Acc: 0.0, Train Grad Norm 0.015261954627931118, | Test Loss: 0.06269951164722443, Test Acc: 0.0, Test Grad Norm: 0.19813448190689087 | Elapsed Time: 220.82615613937378
Iter: 300 | Train Loss: 0.050454434007406235, Train Acc: 0.0, Train Grad Norm 0.019349299371242523, | Test Loss: 0.06982599198818207, Test Acc: 0.0, Test Grad Norm: 0.349063515663147 | Elapsed Time: 236.68429017066956
Iter: 320 | Train Loss: 0.04606883227825165, Train Acc: 0.0, Train Grad Norm 0.014672823250293732, | Test Loss: 0.06411989033222198, Test Acc: 0.0, Test Grad Norm: 0.32837429642677307 | Elapsed Time: 252.4207832813263
Iter: 340 | Train Loss: 0.043968360871076584, Train Acc: 0.0, Train Grad Norm 0.013012693263590336, | Test Loss: 0.06902027130126953, Test Acc: 0.0, Test Grad Norm: 0.48516741394996643 | Elapsed Time: 268.21723675727844
Iter: 360 | Train Loss: 0.045631930232048035, Train Acc: 0.0, Train Grad Norm 0.01532013714313507, | Test Loss: 0.07125601172447205, Test Acc: 0.0, Test Grad Norm: 0.4341452419757843 | Elapsed Time: 284.0281460285187
Iter: 380 | Train Loss: 0.046085722744464874, Train Acc: 0.0, Train Grad Norm 0.012427370995283127, | Test Loss: 0.07336102426052094, Test Acc: 0.0, Test Grad Norm: 0.4089142382144928 | Elapsed Time: 299.7038016319275
Iter: 400 | Train Loss: 0.04474702849984169, Train Acc: 0.0, Train Grad Norm 0.013398151844739914, | Test Loss: 0.06941960006952286, Test Acc: 0.0, Test Grad Norm: 0.40355536341667175 | Elapsed Time: 315.4434115886688
Iter: 420 | Train Loss: 0.046410415321588516, Train Acc: 0.0, Train Grad Norm 0.014767084270715714, | Test Loss: 0.07398916780948639, Test Acc: 0.0, Test Grad Norm: 0.3884459435939789 | Elapsed Time: 331.30587005615234
Patience count 1
Iter: 440 | Train Loss: 0.045298848301172256, Train Acc: 0.0, Train Grad Norm 0.014686067588627338, | Test Loss: 0.07429525256156921, Test Acc: 0.0, Test Grad Norm: 0.5274143815040588 | Elapsed Time: 346.98516941070557
Iter: 460 | Train Loss: 0.045331571251153946, Train Acc: 0.0, Train Grad Norm 0.01743387244641781, | Test Loss: 0.0778680145740509, Test Acc: 0.0, Test Grad Norm: 0.6311671733856201 | Elapsed Time: 362.6250946521759
Iter: 480 | Train Loss: 0.046120427548885345, Train Acc: 0.0, Train Grad Norm 0.023777315393090248, | Test Loss: 0.08144018799066544, Test Acc: 0.0, Test Grad Norm: 0.7392598986625671 | Elapsed Time: 378.56194519996643
Iter: 500 | Train Loss: 0.04626261442899704, Train Acc: 0.0, Train Grad Norm 0.03622810170054436, | Test Loss: 0.09001357853412628, Test Acc: 0.0, Test Grad Norm: 1.0086044073104858 | Elapsed Time: 394.3375623226166
Patience count 2
